#
# There is insufficient memory for the Java Runtime Environment to continue.
# Native memory allocation (malloc) failed to allocate 1082496 bytes for Chunk::new
# Possible reasons:
#   The system is out of physical RAM or swap space
#   In 32 bit mode, the process size limit was hit
# Possible solutions:
#   Reduce memory load on the system
#   Increase physical memory or swap space
#   Check if swap backing store is full
#   Use 64 bit Java on a 64 bit OS
#   Decrease Java heap size (-Xmx/-Xms)
#   Decrease number of Java threads
#   Decrease Java thread stack sizes (-Xss)
#   Set larger code cache with -XX:ReservedCodeCacheSize=
# This output file may be truncated or incomplete.
#
#  Out of Memory Error (allocation.cpp:388), pid=5948, tid=8204
#
# JRE version: Java(TM) SE Runtime Environment (8.0_05-b13) (build 1.8.0_05-b13)
# Java VM: Java HotSpot(TM) 64-Bit Server VM (25.5-b02 mixed mode windows-amd64 compressed oops)
# Failed to write core dump. Minidumps are not enabled by default on client versions of Windows
#

---------------  T H R E A D  ---------------

Current thread (0x000000001498e800):  JavaThread "C2 CompilerThread0" daemon [_thread_in_native, id=8204, stack(0x0000000015860000,0x0000000015960000)]

Stack: [0x0000000015860000,0x0000000015960000]
Native frames: (J=compiled Java code, j=interpreted, Vv=VM code, C=native code)
V  [jvm.dll+0x308dea]
V  [jvm.dll+0x25def1]
V  [jvm.dll+0x25eb0f]
V  [jvm.dll+0x2564e5]
V  [jvm.dll+0xbcfc5]
V  [jvm.dll+0xbd45c]
V  [jvm.dll+0x44d422]
V  [jvm.dll+0x48e13f]
V  [jvm.dll+0x442075]
V  [jvm.dll+0x44366b]
V  [jvm.dll+0x427532]
V  [jvm.dll+0x96702]
V  [jvm.dll+0x96ef3]
V  [jvm.dll+0x2232c4]
V  [jvm.dll+0x27baca]
C  [msvcr100.dll+0x21d9f]
C  [msvcr100.dll+0x21e3b]
C  [KERNEL32.DLL+0x18102]
C  [ntdll.dll+0x5c5b4]


Current CompileTask:
C2:   4254 1433       4       com.android.dx.ssa.SsaRenamer$1::visitBlock (16 bytes)


---------------  P R O C E S S  ---------------

Java Threads: ( => current thread )
  0x0000000015df7800 JavaThread "pool-1-thread-4" [_thread_blocked, id=5504, stack(0x0000000016460000,0x0000000016560000)]
  0x0000000015df6000 JavaThread "pool-1-thread-3" [_thread_in_vm, id=6456, stack(0x0000000016360000,0x0000000016460000)]
  0x0000000015df5800 JavaThread "pool-1-thread-2" [_thread_blocked, id=8276, stack(0x0000000016260000,0x0000000016360000)]
  0x0000000015df3000 JavaThread "pool-2-thread-1" [_thread_blocked, id=7572, stack(0x0000000016160000,0x0000000016260000)]
  0x0000000015def800 JavaThread "pool-1-thread-1" [_thread_blocked, id=3420, stack(0x0000000016060000,0x0000000016160000)]
  0x0000000015a76000 JavaThread "Service Thread" daemon [_thread_blocked, id=4536, stack(0x0000000015e60000,0x0000000015f60000)]
  0x0000000014990800 JavaThread "C1 CompilerThread1" daemon [_thread_blocked, id=8224, stack(0x0000000015960000,0x0000000015a60000)]
=>0x000000001498e800 JavaThread "C2 CompilerThread0" daemon [_thread_in_native, id=8204, stack(0x0000000015860000,0x0000000015960000)]
  0x000000001498c800 JavaThread "Attach Listener" daemon [_thread_blocked, id=4380, stack(0x0000000015760000,0x0000000015860000)]
  0x000000001493e800 JavaThread "Signal Dispatcher" daemon [_thread_blocked, id=8208, stack(0x0000000015660000,0x0000000015760000)]
  0x00000000148e3800 JavaThread "Finalizer" daemon [_thread_blocked, id=8024, stack(0x0000000015560000,0x0000000015660000)]
  0x00000000148de800 JavaThread "Reference Handler" daemon [_thread_blocked, id=3900, stack(0x0000000015460000,0x0000000015560000)]
  0x00000000023a0800 JavaThread "main" [_thread_blocked, id=3012, stack(0x0000000001f30000,0x0000000002030000)]

Other Threads:
  0x00000000148da800 VMThread [stack: 0x0000000015360000,0x0000000015460000] [id=6452]
  0x0000000015a77000 WatcherThread [stack: 0x0000000015f60000,0x0000000016060000] [id=6976]

VM state:not at safepoint (normal execution)

VM Mutex/Monitor currently owned by a thread: None

Heap:
 PSYoungGen      total 14848K, used 1829K [0x00000000eab00000, 0x00000000ec380000, 0x0000000100000000)
  eden space 11776K, 1% used [0x00000000eab00000,0x00000000eab31518,0x00000000eb680000)
  from space 3072K, 53% used [0x00000000eb680000,0x00000000eb818000,0x00000000eb980000)
  to   space 3072K, 0% used [0x00000000ec080000,0x00000000ec080000,0x00000000ec380000)
 ParOldGen       total 129536K, used 4773K [0x00000000c0000000, 0x00000000c7e80000, 0x00000000eab00000)
  object space 129536K, 3% used [0x00000000c0000000,0x00000000c04a9538,0x00000000c7e80000)
 Metaspace       used 5875K, capacity 6832K, committed 7040K, reserved 1056768K
  class space    used 587K, capacity 616K, committed 640K, reserved 1048576K

Card table byte_map: [0x0000000011860000,0x0000000011a70000] byte_map_base: 0x0000000011260000

Marking Bits: (ParMarkBitMap*) 0x0000000063e713b0
 Begin Bits: [0x0000000011dd0000, 0x0000000012dd0000)
 End Bits:   [0x0000000012dd0000, 0x0000000013dd0000)

Polling page: 0x0000000000410000

CodeCache: size=245760Kb used=5618Kb max_used=5631Kb free=240141Kb
 bounds [0x00000000024a0000, 0x0000000002a30000, 0x00000000114a0000]
 total_blobs=1698 nmethods=1432 adapters=180
 compilation: enabled

Compilation events (10 events):
Event: 4.196 Thread 0x0000000014990800 nmethod 1428 0x0000000002a1ed10 code [0x0000000002a1ee60, 0x0000000002a1f030]
Event: 4.196 Thread 0x0000000014990800 1429       3       com.android.dx.ssa.back.IdenticalBlockCombiner::<init> (32 bytes)
Event: 4.196 Thread 0x0000000014990800 nmethod 1429 0x0000000002a1e550 code [0x0000000002a1e6e0, 0x0000000002a1eb48]
Event: 4.196 Thread 0x0000000014990800 1430       3       com.android.dx.rop.code.BasicBlockList::getMutableCopy (9 bytes)
Event: 4.197 Thread 0x0000000014990800 nmethod 1430 0x0000000002a1e090 code [0x0000000002a1e200, 0x0000000002a1e468]
Event: 4.197 Thread 0x000000001498e800 1431   !   4       com.android.dx.ssa.LocalVariableInfo::setStarts (40 bytes)
Event: 4.198 Thread 0x000000001498e800 nmethod 1431 0x0000000002a1dd10 code [0x0000000002a1de60, 0x0000000002a1df58]
Event: 4.199 Thread 0x000000001498e800 1432       4       com.android.dx.ssa.Dominators$DfsWalker::visitBlock (59 bytes)
Event: 4.203 Thread 0x000000001498e800 nmethod 1432 0x0000000002a1d0d0 code [0x0000000002a1d260, 0x0000000002a1d7c8]
Event: 4.204 Thread 0x000000001498e800 1433       4       com.android.dx.ssa.SsaRenamer$1::visitBlock (16 bytes)

GC Heap History (10 events):
Event: 2.674 GC heap before
{Heap before GC invocations=7 (full 0):
 PSYoungGen      total 5120K, used 4632K [0x00000000eab00000, 0x00000000eb100000, 0x0000000100000000)
  eden space 4096K, 100% used [0x00000000eab00000,0x00000000eaf00000,0x00000000eaf00000)
  from space 1024K, 52% used [0x00000000eb000000,0x00000000eb086030,0x00000000eb100000)
  to   space 1024K, 0% used [0x00000000eaf00000,0x00000000eaf00000,0x00000000eb000000)
 ParOldGen       total 129536K, used 636K [0x00000000c0000000, 0x00000000c7e80000, 0x00000000eab00000)
  object space 129536K, 0% used [0x00000000c0000000,0x00000000c009f100,0x00000000c7e80000)
 Metaspace       used 4467K, capacity 5648K, committed 6016K, reserved 1056768K
  class space    used 489K, capacity 520K, committed 640K, reserved 1048576K
Event: 2.676 GC heap after
Heap after GC invocations=7 (full 0):
 PSYoungGen      total 5120K, used 996K [0x00000000eab00000, 0x00000000eb600000, 0x0000000100000000)
  eden space 4096K, 0% used [0x00000000eab00000,0x00000000eab00000,0x00000000eaf00000)
  from space 1024K, 97% used [0x00000000eaf00000,0x00000000eaff9268,0x00000000eb000000)
  to   space 1536K, 0% used [0x00000000eb480000,0x00000000eb480000,0x00000000eb600000)
 ParOldGen       total 129536K, used 1311K [0x00000000c0000000, 0x00000000c7e80000, 0x00000000eab00000)
  object space 129536K, 1% used [0x00000000c0000000,0x00000000c0147e98,0x00000000c7e80000)
 Metaspace       used 4467K, capacity 5648K, committed 6016K, reserved 1056768K
  class space    used 489K, capacity 520K, committed 640K, reserved 1048576K
}
Event: 3.053 GC heap before
{Heap before GC invocations=8 (full 0):
 PSYoungGen      total 5120K, used 5092K [0x00000000eab00000, 0x00000000eb600000, 0x0000000100000000)
  eden space 4096K, 100% used [0x00000000eab00000,0x00000000eaf00000,0x00000000eaf00000)
  from space 1024K, 97% used [0x00000000eaf00000,0x00000000eaff9268,0x00000000eb000000)
  to   space 1536K, 0% used [0x00000000eb480000,0x00000000eb480000,0x00000000eb600000)
 ParOldGen       total 129536K, used 1311K [0x00000000c0000000, 0x00000000c7e80000, 0x00000000eab00000)
  object space 129536K, 1% used [0x00000000c0000000,0x00000000c0147e98,0x00000000c7e80000)
 Metaspace       used 5376K, capacity 6384K, committed 6528K, reserved 1056768K
  class space    used 584K, capacity 616K, committed 640K, reserved 1048576K
Event: 3.216 GC heap after
Heap after GC invocations=8 (full 0):
 PSYoungGen      total 9216K, used 1517K [0x00000000eab00000, 0x00000000eb700000, 0x0000000100000000)
  eden space 7680K, 0% used [0x00000000eab00000,0x00000000eab00000,0x00000000eb280000)
  from space 1536K, 98% used [0x00000000eb480000,0x00000000eb5fb780,0x00000000eb600000)
  to   space 2048K, 0% used [0x00000000eb280000,0x00000000eb280000,0x00000000eb480000)
 ParOldGen       total 129536K, used 1591K [0x00000000c0000000, 0x00000000c7e80000, 0x00000000eab00000)
  object space 129536K, 1% used [0x00000000c0000000,0x00000000c018df38,0x00000000c7e80000)
 Metaspace       used 5376K, capacity 6384K, committed 6528K, reserved 1056768K
  class space    used 584K, capacity 616K, committed 640K, reserved 1048576K
}
Event: 3.711 GC heap before
{Heap before GC invocations=9 (full 0):
 PSYoungGen      total 9216K, used 9197K [0x00000000eab00000, 0x00000000eb700000, 0x0000000100000000)
  eden space 7680K, 100% used [0x00000000eab00000,0x00000000eb280000,0x00000000eb280000)
  from space 1536K, 98% used [0x00000000eb480000,0x00000000eb5fb780,0x00000000eb600000)
  to   space 2048K, 0% used [0x00000000eb280000,0x00000000eb280000,0x00000000eb480000)
 ParOldGen       total 129536K, used 1591K [0x00000000c0000000, 0x00000000c7e80000, 0x00000000eab00000)
  object space 129536K, 1% used [0x00000000c0000000,0x00000000c018df38,0x00000000c7e80000)
 Metaspace       used 5731K, capacity 6704K, committed 6784K, reserved 1056768K
  class space    used 586K, capacity 616K, committed 640K, reserved 1048576K
Event: 3.715 GC heap after
Heap after GC invocations=9 (full 0):
 PSYoungGen      total 9728K, used 2039K [0x00000000eab00000, 0x00000000ebc00000, 0x0000000100000000)
  eden space 7680K, 0% used [0x00000000eab00000,0x00000000eab00000,0x00000000eb280000)
  from space 2048K, 99% used [0x00000000eb280000,0x00000000eb47dc78,0x00000000eb480000)
  to   space 2560K, 0% used [0x00000000eb980000,0x00000000eb980000,0x00000000ebc00000)
 ParOldGen       total 129536K, used 1748K [0x00000000c0000000, 0x00000000c7e80000, 0x00000000eab00000)
  object space 129536K, 1% used [0x00000000c0000000,0x00000000c01b53d0,0x00000000c7e80000)
 Metaspace       used 5731K, capacity 6704K, committed 6784K, reserved 1056768K
  class space    used 586K, capacity 616K, committed 640K, reserved 1048576K
}
Event: 3.817 GC heap before
{Heap before GC invocations=10 (full 0):
 PSYoungGen      total 9728K, used 9719K [0x00000000eab00000, 0x00000000ebc00000, 0x0000000100000000)
  eden space 7680K, 100% used [0x00000000eab00000,0x00000000eb280000,0x00000000eb280000)
  from space 2048K, 99% used [0x00000000eb280000,0x00000000eb47dc78,0x00000000eb480000)
  to   space 2560K, 0% used [0x00000000eb980000,0x00000000eb980000,0x00000000ebc00000)
 ParOldGen       total 129536K, used 1748K [0x00000000c0000000, 0x00000000c7e80000, 0x00000000eab00000)
  object space 129536K, 1% used [0x00000000c0000000,0x00000000c01b53d0,0x00000000c7e80000)
 Metaspace       used 5810K, capacity 6768K, committed 7040K, reserved 1056768K
  class space    used 587K, capacity 616K, committed 640K, reserved 1048576K
Event: 3.822 GC heap after
Heap after GC invocations=10 (full 0):
 PSYoungGen      total 14336K, used 2464K [0x00000000eab00000, 0x00000000ebd00000, 0x0000000100000000)
  eden space 11776K, 0% used [0x00000000eab00000,0x00000000eab00000,0x00000000eb680000)
  from space 2560K, 96% used [0x00000000eb980000,0x00000000ebbe8010,0x00000000ebc00000)
  to   space 3072K, 0% used [0x00000000eb680000,0x00000000eb680000,0x00000000eb980000)
 ParOldGen       total 129536K, used 2548K [0x00000000c0000000, 0x00000000c7e80000, 0x00000000eab00000)
  object space 129536K, 1% used [0x00000000c0000000,0x00000000c027d220,0x00000000c7e80000)
 Metaspace       used 5810K, capacity 6768K, committed 7040K, reserved 1056768K
  class space    used 587K, capacity 616K, committed 640K, reserved 1048576K
}
Event: 4.117 GC heap before
{Heap before GC invocations=11 (full 0):
 PSYoungGen      total 14336K, used 14240K [0x00000000eab00000, 0x00000000ebd00000, 0x0000000100000000)
  eden space 11776K, 100% used [0x00000000eab00000,0x00000000eb680000,0x00000000eb680000)
  from space 2560K, 96% used [0x00000000eb980000,0x00000000ebbe8010,0x00000000ebc00000)
  to   space 3072K, 0% used [0x00000000eb680000,0x00000000eb680000,0x00000000eb980000)
 ParOldGen       total 129536K, used 2548K [0x00000000c0000000, 0x00000000c7e80000, 0x00000000eab00000)
  object space 129536K, 1% used [0x00000000c0000000,0x00000000c027d220,0x00000000c7e80000)
 Metaspace       used 5858K, capacity 6832K, committed 7040K, reserved 1056768K
  class space    used 587K, capacity 616K, committed 640K, reserved 1048576K
Event: 4.180 GC heap after
Heap after GC invocations=11 (full 0):
 PSYoungGen      total 14848K, used 1632K [0x00000000eab00000, 0x00000000ec380000, 0x0000000100000000)
  eden space 11776K, 0% used [0x00000000eab00000,0x00000000eab00000,0x00000000eb680000)
  from space 3072K, 53% used [0x00000000eb680000,0x00000000eb818000,0x00000000eb980000)
  to   space 3072K, 0% used [0x00000000ec080000,0x00000000ec080000,0x00000000ec380000)
 ParOldGen       total 129536K, used 4773K [0x00000000c0000000, 0x00000000c7e80000, 0x00000000eab00000)
  object space 129536K, 3% used [0x00000000c0000000,0x00000000c04a9538,0x00000000c7e80000)
 Metaspace       used 5858K, capacity 6832K, committed 7040K, reserved 1056768K
  class space    used 587K, capacity 616K, committed 640K, reserved 1048576K
}

Deoptimization events (3 events):
Event: 3.262 Thread 0x00000000023a0800 Uncommon trap: reason=class_check action=maybe_recompile pc=0x00000000026f9ab0 method=com.android.dx.ssa.NormalSsaInsn.accept(Lcom/android/dx/ssa/SsaInsn$Visitor;)V @ 9
Event: 3.324 Thread 0x00000000023a0800 Uncommon trap: reason=class_check action=maybe_recompile pc=0x00000000026f9ab0 method=com.android.dx.ssa.NormalSsaInsn.accept(Lcom/android/dx/ssa/SsaInsn$Visitor;)V @ 9
Event: 3.529 Thread 0x0000000015df6000 Uncommon trap: reason=unreached action=reinterpret pc=0x0000000002891d1c method=com.android.dx.rop.cst.Constant.compareTo(Lcom/android/dx/rop/cst/Constant;)I @ 12

Internal exceptions (10 events):
Event: 2.776 Thread 0x00000000023a0800 Exception <a 'java/security/PrivilegedActionException'> (0x00000000eadebe08) thrown at [D:\re\workspace\8-2-build-windows-amd64-cygwin\jdk8u5\2488\hotspot\src\share\vm\prims\jvm.cpp, line 1248]
Event: 2.779 Thread 0x00000000023a0800 Exception <a 'java/security/PrivilegedActionException'> (0x00000000eadf8808) thrown at [D:\re\workspace\8-2-build-windows-amd64-cygwin\jdk8u5\2488\hotspot\src\share\vm\prims\jvm.cpp, line 1248]
Event: 2.780 Thread 0x00000000023a0800 Exception <a 'java/security/PrivilegedActionException'> (0x00000000eadfeff0) thrown at [D:\re\workspace\8-2-build-windows-amd64-cygwin\jdk8u5\2488\hotspot\src\share\vm\prims\jvm.cpp, line 1248]
Event: 2.780 Thread 0x00000000023a0800 Exception <a 'java/security/PrivilegedActionException'> (0x00000000eae038c0) thrown at [D:\re\workspace\8-2-build-windows-amd64-cygwin\jdk8u5\2488\hotspot\src\share\vm\prims\jvm.cpp, line 1248]
Event: 2.782 Thread 0x00000000023a0800 Exception <a 'java/security/PrivilegedActionException'> (0x00000000eae0e408) thrown at [D:\re\workspace\8-2-build-windows-amd64-cygwin\jdk8u5\2488\hotspot\src\share\vm\prims\jvm.cpp, line 1248]
Event: 2.786 Thread 0x0000000015df6000 Exception <a 'java/security/PrivilegedActionException'> (0x00000000eae245f0) thrown at [D:\re\workspace\8-2-build-windows-amd64-cygwin\jdk8u5\2488\hotspot\src\share\vm\prims\jvm.cpp, line 1248]
Event: 2.789 Thread 0x0000000015df6000 Exception <a 'java/security/PrivilegedActionException'> (0x00000000eae2c3f0) thrown at [D:\re\workspace\8-2-build-windows-amd64-cygwin\jdk8u5\2488\hotspot\src\share\vm\prims\jvm.cpp, line 1248]
Event: 2.795 Thread 0x0000000015df7800 Exception <a 'java/security/PrivilegedActionException'> (0x00000000eae541e8) thrown at [D:\re\workspace\8-2-build-windows-amd64-cygwin\jdk8u5\2488\hotspot\src\share\vm\prims\jvm.cpp, line 1248]
Event: 3.400 Thread 0x00000000023a0800 Exception <a 'java/security/PrivilegedActionException'> (0x00000000eae25d00) thrown at [D:\re\workspace\8-2-build-windows-amd64-cygwin\jdk8u5\2488\hotspot\src\share\vm\prims\jvm.cpp, line 1248]
Event: 3.404 Thread 0x0000000015df7800 Exception <a 'java/security/PrivilegedActionException'> (0x00000000eadda180) thrown at [D:\re\workspace\8-2-build-windows-amd64-cygwin\jdk8u5\2488\hotspot\src\share\vm\prims\jvm.cpp, line 1248]

Events (10 events):
Event: 3.715 loading class java/util/TreeMap$EntrySet
Event: 3.715 loading class java/util/TreeMap$EntrySet done
Event: 3.715 loading class java/util/TreeMap$EntryIterator
Event: 3.715 loading class java/util/TreeMap$EntryIterator done
Event: 3.715 Executing VM operation: Deoptimize
Event: 3.715 Executing VM operation: Deoptimize done
Event: 3.817 Executing VM operation: ParallelGCFailedAllocation
Event: 3.822 Executing VM operation: ParallelGCFailedAllocation done
Event: 3.968 Executing VM operation: ParallelGCFailedAllocation
Event: 4.180 Executing VM operation: ParallelGCFailedAllocation done


Dynamic libraries:
0x00007ff6d0080000 - 0x00007ff6d00b4000 	D:\ProgramFiles\Java\jdk1.8.0_05\bin\java.exe
0x00007ffacf870000 - 0x00007ffacfa31000 	C:\WINDOWS\SYSTEM32\ntdll.dll
0x00007ffacdbf0000 - 0x00007ffacdc9d000 	C:\WINDOWS\system32\KERNEL32.DLL
0x00007ffacc9d0000 - 0x00007ffaccbb8000 	C:\WINDOWS\system32\KERNELBASE.dll
0x00007ffacd650000 - 0x00007ffacd6f7000 	C:\WINDOWS\system32\ADVAPI32.dll
0x00007ffacf270000 - 0x00007ffacf30d000 	C:\WINDOWS\system32\msvcrt.dll
0x00007ffaccc70000 - 0x00007ffaccccb000 	C:\WINDOWS\system32\sechost.dll
0x00007ffacdad0000 - 0x00007ffacdbec000 	C:\WINDOWS\system32\RPCRT4.dll
0x00007ffaccf50000 - 0x00007ffacd0a6000 	C:\WINDOWS\system32\USER32.dll
0x00007ffaccdc0000 - 0x00007ffaccf46000 	C:\WINDOWS\system32\GDI32.dll
0x00007ffac0380000 - 0x00007ffac05f4000 	C:\WINDOWS\WinSxS\amd64_microsoft.windows.common-controls_6595b64144ccf1df_6.0.10586.0_none_8c15ae12515e1c22\COMCTL32.dll
0x00007ffacf430000 - 0x00007ffacf6ad000 	C:\WINDOWS\system32\combase.dll
0x00007ffacbf80000 - 0x00007ffacbfea000 	C:\WINDOWS\system32\bcryptPrimitives.dll
0x00007ffacf320000 - 0x00007ffacf35b000 	C:\WINDOWS\system32\IMM32.DLL
0x0000000063150000 - 0x0000000063222000 	D:\ProgramFiles\Java\jdk1.8.0_05\jre\bin\msvcr100.dll
0x00000000636c0000 - 0x0000000063eea000 	D:\ProgramFiles\Java\jdk1.8.0_05\jre\bin\server\jvm.dll
0x00007ffacd4e0000 - 0x00007ffacd4e8000 	C:\WINDOWS\system32\PSAPI.DLL
0x00007ffac19e0000 - 0x00007ffac19e9000 	C:\WINDOWS\SYSTEM32\WSOCK32.dll
0x00007ffacdca0000 - 0x00007ffacdd0b000 	C:\WINDOWS\system32\WS2_32.dll
0x00007ffaca120000 - 0x00007ffaca143000 	C:\WINDOWS\SYSTEM32\WINMM.dll
0x00007ffaca0c0000 - 0x00007ffaca0ec000 	C:\WINDOWS\SYSTEM32\WINMMBASE.dll
0x00007ffacc980000 - 0x00007ffacc9c3000 	C:\WINDOWS\system32\cfgmgr32.dll
0x00000000635d0000 - 0x00000000635df000 	D:\ProgramFiles\Java\jdk1.8.0_05\jre\bin\verify.dll
0x00000000635a0000 - 0x00000000635c8000 	D:\ProgramFiles\Java\jdk1.8.0_05\jre\bin\java.dll
0x0000000063580000 - 0x0000000063596000 	D:\ProgramFiles\Java\jdk1.8.0_05\jre\bin\zip.dll
0x00007ffacdd10000 - 0x00007ffacf26c000 	C:\WINDOWS\system32\SHELL32.dll
0x00007ffacc310000 - 0x00007ffacc955000 	C:\WINDOWS\system32\windows.storage.dll
0x00007ffacf3d0000 - 0x00007ffacf422000 	C:\WINDOWS\system32\shlwapi.dll
0x00007ffacbe90000 - 0x00007ffacbe9f000 	C:\WINDOWS\system32\kernel.appcore.dll
0x00007ffacbff0000 - 0x00007ffacc0a5000 	C:\WINDOWS\system32\shcore.dll
0x00007ffacbeb0000 - 0x00007ffacbefb000 	C:\WINDOWS\system32\powrprof.dll
0x00007ffacbf00000 - 0x00007ffacbf14000 	C:\WINDOWS\system32\profapi.dll
0x00007ffab2e10000 - 0x00007ffab2f9c000 	C:\WINDOWS\SYSTEM32\dbghelp.dll

VM Arguments:
jvm_args: -Djava.awt.headless=true -Xmx1024M -Dfile.encoding=GBK -Duser.country=CN -Duser.language=zh -Duser.variant 
java_command: com.android.dx.command.Main --dex --force-jumbo --num-threads=4 --output D:\java\StudioProjects\HolleKeiTi\app\build\intermediates\pre-dexed\debug\internal_impl-23.3.0_dd6815699e0e3c018bbab6ac5e51d046ba1c4f01.jar D:\java\StudioProjects\HolleKeiTi\app\build\intermediates\exploded-aar\com.android.support\support-v4\23.3.0\jars\libs\internal_impl-23.3.0.jar
java_class_path (initial): D:\ProgramFiles\Android\jdk\build-tools\23.0.3\lib\dx.jar
Launcher Type: SUN_STANDARD

Environment Variables:
JAVA_HOME=D:\ProgramFiles\Java\jdk1.8.0_05
PATH=C:\WINDOWS\system32;C:\WINDOWS;C:\WINDOWS\System32\Wbem;C:\WINDOWS\System32\WindowsPowerShell\v1.0\;D:\ProgramFiles\TortoiseSVN\bin;D:\ProgramFiles\Java\jdk1.8.0_05\bin
USERNAME=Administrator
OS=Windows_NT
PROCESSOR_IDENTIFIER=Intel64 Family 6 Model 60 Stepping 3, GenuineIntel



---------------  S Y S T E M  ---------------

OS: Windows 8.1 , 64 bit Build 9600 

CPU:total 2 (2 cores per cpu, 1 threads per core) family 6 model 60 stepping 3, cmov, cx8, fxsr, mmx, sse, sse2, sse3, ssse3, sse4.1, sse4.2, popcnt, clmul, erms, tsc, tscinvbit

Memory: 4k page, physical 8286416k(1713360k free), swap 8286416k(5392k free)

vm_info: Java HotSpot(TM) 64-Bit Server VM (25.5-b02) for windows-amd64 JRE (1.8.0_05-b13), built on Mar 18 2014 01:08:39 by "java_re" with MS VC++ 10.0 (VS2010)

time: Wed May 11 19:01:42 2016
elapsed time: 4 seconds

