#
# There is insufficient memory for the Java Runtime Environment to continue.
# Native memory allocation (malloc) failed to allocate 2135936 bytes for Chunk::new
# Possible reasons:
#   The system is out of physical RAM or swap space
#   In 32 bit mode, the process size limit was hit
# Possible solutions:
#   Reduce memory load on the system
#   Increase physical memory or swap space
#   Check if swap backing store is full
#   Use 64 bit Java on a 64 bit OS
#   Decrease Java heap size (-Xmx/-Xms)
#   Decrease number of Java threads
#   Decrease Java thread stack sizes (-Xss)
#   Set larger code cache with -XX:ReservedCodeCacheSize=
# This output file may be truncated or incomplete.
#
#  Out of Memory Error (allocation.cpp:388), pid=24568, tid=24116
#
# JRE version: Java(TM) SE Runtime Environment (8.0_05-b13) (build 1.8.0_05-b13)
# Java VM: Java HotSpot(TM) 64-Bit Server VM (25.5-b02 mixed mode windows-amd64 compressed oops)
# Failed to write core dump. Minidumps are not enabled by default on client versions of Windows
#

---------------  T H R E A D  ---------------

Current thread (0x0000000014b3e800):  JavaThread "C2 CompilerThread0" daemon [_thread_in_native, id=24116, stack(0x0000000015a20000,0x0000000015b20000)]

Stack: [0x0000000015a20000,0x0000000015b20000]
Native frames: (J=compiled Java code, j=interpreted, Vv=VM code, C=native code)
V  [jvm.dll+0x308dea]
V  [jvm.dll+0x25def1]
V  [jvm.dll+0x25eb0f]
V  [jvm.dll+0x2564e5]
V  [jvm.dll+0xbcfc5]
V  [jvm.dll+0xbd45c]
V  [jvm.dll+0x44d422]
V  [jvm.dll+0x48e13f]
V  [jvm.dll+0x44293e]
V  [jvm.dll+0x44366b]
V  [jvm.dll+0x427532]
V  [jvm.dll+0x96702]
V  [jvm.dll+0x96ef3]
V  [jvm.dll+0x2232c4]
V  [jvm.dll+0x27baca]
C  [msvcr100.dll+0x21d9f]
C  [msvcr100.dll+0x21e3b]
C  [KERNEL32.DLL+0x18102]
C  [ntdll.dll+0x5c5b4]


Current CompileTask:
C2:   1709 1636   !   4       com.android.dx.cf.code.BytecodeArray::parseInstruction (2764 bytes)


---------------  P R O C E S S  ---------------

Java Threads: ( => current thread )
  0x0000000015ed0800 JavaThread "pool-2-thread-4" [_thread_in_Java, id=22652, stack(0x0000000016620000,0x0000000016720000)]
  0x0000000015ecb800 JavaThread "pool-2-thread-3" [_thread_in_Java, id=22156, stack(0x0000000016520000,0x0000000016620000)]
  0x0000000015e42000 JavaThread "pool-2-thread-2" [_thread_in_vm, id=23048, stack(0x0000000016420000,0x0000000016520000)]
  0x0000000015e41000 JavaThread "pool-3-thread-1" [_thread_blocked, id=24548, stack(0x0000000016320000,0x0000000016420000)]
  0x0000000015e40000 JavaThread "pool-2-thread-1" [_thread_in_vm, id=24404, stack(0x0000000016220000,0x0000000016320000)]
  0x0000000015c50800 JavaThread "Service Thread" daemon [_thread_blocked, id=22384, stack(0x0000000016020000,0x0000000016120000)]
  0x0000000014b40800 JavaThread "C1 CompilerThread1" daemon [_thread_blocked, id=23616, stack(0x0000000015b20000,0x0000000015c20000)]
=>0x0000000014b3e800 JavaThread "C2 CompilerThread0" daemon [_thread_in_native, id=24116, stack(0x0000000015a20000,0x0000000015b20000)]
  0x0000000014b3c800 JavaThread "Attach Listener" daemon [_thread_blocked, id=7108, stack(0x0000000015920000,0x0000000015a20000)]
  0x0000000014af0800 JavaThread "Signal Dispatcher" daemon [_thread_blocked, id=24496, stack(0x0000000015820000,0x0000000015920000)]
  0x0000000014a99000 JavaThread "Finalizer" daemon [_thread_blocked, id=23920, stack(0x0000000015720000,0x0000000015820000)]
  0x0000000014a8f800 JavaThread "Reference Handler" daemon [_thread_blocked, id=22784, stack(0x0000000015620000,0x0000000015720000)]
  0x0000000002550800 JavaThread "main" [_thread_blocked, id=24212, stack(0x00000000022c0000,0x00000000023c0000)]

Other Threads:
  0x0000000014a8a800 VMThread [stack: 0x0000000015520000,0x0000000015620000] [id=23748]
  0x0000000014b7e800 WatcherThread [stack: 0x0000000016120000,0x0000000016220000] [id=24176]

VM state:synchronizing (normal execution)

VM Mutex/Monitor currently owned by a thread:  ([mutex/lock_event])
[0x000000000244ba80] Safepoint_lock - owner thread: 0x0000000014a8a800
[0x000000000244c700] Threads_lock - owner thread: 0x0000000014a8a800
[0x000000000244c280] Heap_lock - owner thread: 0x0000000015e40000

Heap:
 PSYoungGen      total 22016K, used 21920K [0x00000000eab00000, 0x00000000ec380000, 0x0000000100000000)
  eden space 18944K, 100% used [0x00000000eab00000,0x00000000ebd80000,0x00000000ebd80000)
  from space 3072K, 96% used [0x00000000ec080000,0x00000000ec368000,0x00000000ec380000)
  to   space 3072K, 0% used [0x00000000ebd80000,0x00000000ebd80000,0x00000000ec080000)
 ParOldGen       total 129536K, used 11460K [0x00000000c0000000, 0x00000000c7e80000, 0x00000000eab00000)
  object space 129536K, 8% used [0x00000000c0000000,0x00000000c0b311e8,0x00000000c7e80000)
 Metaspace       used 6051K, capacity 7024K, committed 7296K, reserved 1056768K
  class space    used 594K, capacity 616K, committed 640K, reserved 1048576K

Card table byte_map: [0x0000000011a10000,0x0000000011c20000] byte_map_base: 0x0000000011410000

Marking Bits: (ParMarkBitMap*) 0x00000000581f13b0
 Begin Bits: [0x0000000011f80000, 0x0000000012f80000)
 End Bits:   [0x0000000012f80000, 0x0000000013f80000)

Polling page: 0x00000000001f0000

CodeCache: size=245760Kb used=6513Kb max_used=6513Kb free=239246Kb
 bounds [0x0000000002650000, 0x0000000002cc0000, 0x0000000011650000]
 total_blobs=2002 nmethods=1736 adapters=180
 compilation: enabled

Compilation events (10 events):
Event: 1.582 Thread 0x0000000014b40800 1744   !   2       com.android.dx.cf.direct.DirectClassFile::parse (75 bytes)
Event: 1.583 Thread 0x0000000014b40800 nmethod 1744 0x0000000002cab5d0 code [0x0000000002cab7c0, 0x0000000002cabe38]
Event: 1.587 Thread 0x0000000014b40800 1745   !   2       java.util.concurrent.ArrayBlockingQueue::take (46 bytes)
Event: 1.587 Thread 0x0000000014b40800 nmethod 1745 0x0000000002cac210 code [0x0000000002cac3e0, 0x0000000002cac818]
Event: 1.591 Thread 0x0000000014b40800 1746   !   2       java.util.concurrent.locks.AbstractQueuedSynchronizer::doAcquireInterruptibly (97 bytes)
Event: 1.592 Thread 0x0000000014b40800 nmethod 1746 0x0000000002caccd0 code [0x0000000002cacec0, 0x0000000002cad478]
Event: 1.617 Thread 0x0000000014b40800 1747       2       com.android.dx.cf.direct.StdAttributeFactory::sourceFile (94 bytes)
Event: 1.618 Thread 0x0000000014b40800 nmethod 1747 0x0000000002cad990 code [0x0000000002cadc60, 0x0000000002caeb08]
Event: 1.671 Thread 0x0000000014b40800 1749       2       com.android.dx.cf.attrib.RawAttribute::<init> (17 bytes)
Event: 1.671 Thread 0x0000000014b40800 nmethod 1749 0x0000000002cafe10 code [0x0000000002caffa0, 0x0000000002cb02e8]

GC Heap History (10 events):
Event: 0.828 GC heap before
{Heap before GC invocations=10 (full 0):
 PSYoungGen      total 9728K, used 9706K [0x00000000eab00000, 0x00000000ebc00000, 0x0000000100000000)
  eden space 7680K, 100% used [0x00000000eab00000,0x00000000eb280000,0x00000000eb280000)
  from space 2048K, 98% used [0x00000000eb280000,0x00000000eb47aaa8,0x00000000eb480000)
  to   space 2560K, 0% used [0x00000000eb980000,0x00000000eb980000,0x00000000ebc00000)
 ParOldGen       total 129536K, used 1698K [0x00000000c0000000, 0x00000000c7e80000, 0x00000000eab00000)
  object space 129536K, 1% used [0x00000000c0000000,0x00000000c01a8b08,0x00000000c7e80000)
 Metaspace       used 5798K, capacity 6768K, committed 7040K, reserved 1056768K
  class space    used 588K, capacity 616K, committed 640K, reserved 1048576K
Event: 0.833 GC heap after
Heap after GC invocations=10 (full 0):
 PSYoungGen      total 14336K, used 2528K [0x00000000eab00000, 0x00000000ebd00000, 0x0000000100000000)
  eden space 11776K, 0% used [0x00000000eab00000,0x00000000eab00000,0x00000000eb680000)
  from space 2560K, 98% used [0x00000000eb980000,0x00000000ebbf8010,0x00000000ebc00000)
  to   space 3072K, 0% used [0x00000000eb680000,0x00000000eb680000,0x00000000eb980000)
 ParOldGen       total 129536K, used 2490K [0x00000000c0000000, 0x00000000c7e80000, 0x00000000eab00000)
  object space 129536K, 1% used [0x00000000c0000000,0x00000000c026e938,0x00000000c7e80000)
 Metaspace       used 5798K, capacity 6768K, committed 7040K, reserved 1056768K
  class space    used 588K, capacity 616K, committed 640K, reserved 1048576K
}
Event: 0.984 GC heap before
{Heap before GC invocations=11 (full 0):
 PSYoungGen      total 14336K, used 14304K [0x00000000eab00000, 0x00000000ebd00000, 0x0000000100000000)
  eden space 11776K, 100% used [0x00000000eab00000,0x00000000eb680000,0x00000000eb680000)
  from space 2560K, 98% used [0x00000000eb980000,0x00000000ebbf8010,0x00000000ebc00000)
  to   space 3072K, 0% used [0x00000000eb680000,0x00000000eb680000,0x00000000eb980000)
 ParOldGen       total 129536K, used 2490K [0x00000000c0000000, 0x00000000c7e80000, 0x00000000eab00000)
  object space 129536K, 1% used [0x00000000c0000000,0x00000000c026e938,0x00000000c7e80000)
 Metaspace       used 5890K, capacity 6896K, committed 7040K, reserved 1056768K
  class space    used 590K, capacity 616K, committed 640K, reserved 1048576K
Event: 0.996 GC heap after
Heap after GC invocations=11 (full 0):
 PSYoungGen      total 14848K, used 2016K [0x00000000eab00000, 0x00000000ec380000, 0x0000000100000000)
  eden space 11776K, 0% used [0x00000000eab00000,0x00000000eab00000,0x00000000eb680000)
  from space 3072K, 65% used [0x00000000eb680000,0x00000000eb878000,0x00000000eb980000)
  to   space 3072K, 0% used [0x00000000ec080000,0x00000000ec080000,0x00000000ec380000)
 ParOldGen       total 129536K, used 4943K [0x00000000c0000000, 0x00000000c7e80000, 0x00000000eab00000)
  object space 129536K, 3% used [0x00000000c0000000,0x00000000c04d3c60,0x00000000c7e80000)
 Metaspace       used 5890K, capacity 6896K, committed 7040K, reserved 1056768K
  class space    used 590K, capacity 616K, committed 640K, reserved 1048576K
}
Event: 1.138 GC heap before
{Heap before GC invocations=12 (full 0):
 PSYoungGen      total 14848K, used 13792K [0x00000000eab00000, 0x00000000ec380000, 0x0000000100000000)
  eden space 11776K, 100% used [0x00000000eab00000,0x00000000eb680000,0x00000000eb680000)
  from space 3072K, 65% used [0x00000000eb680000,0x00000000eb878000,0x00000000eb980000)
  to   space 3072K, 0% used [0x00000000ec080000,0x00000000ec080000,0x00000000ec380000)
 ParOldGen       total 129536K, used 4943K [0x00000000c0000000, 0x00000000c7e80000, 0x00000000eab00000)
  object space 129536K, 3% used [0x00000000c0000000,0x00000000c04d3c60,0x00000000c7e80000)
 Metaspace       used 5958K, capacity 6960K, committed 7040K, reserved 1056768K
  class space    used 593K, capacity 616K, committed 640K, reserved 1048576K
Event: 1.144 GC heap after
Heap after GC invocations=12 (full 0):
 PSYoungGen      total 22016K, used 2016K [0x00000000eab00000, 0x00000000ec380000, 0x0000000100000000)
  eden space 18944K, 0% used [0x00000000eab00000,0x00000000eab00000,0x00000000ebd80000)
  from space 3072K, 65% used [0x00000000ec080000,0x00000000ec278010,0x00000000ec380000)
  to   space 3072K, 0% used [0x00000000ebd80000,0x00000000ebd80000,0x00000000ec080000)
 ParOldGen       total 129536K, used 6560K [0x00000000c0000000, 0x00000000c7e80000, 0x00000000eab00000)
  object space 129536K, 5% used [0x00000000c0000000,0x00000000c0668350,0x00000000c7e80000)
 Metaspace       used 5958K, capacity 6960K, committed 7040K, reserved 1056768K
  class space    used 593K, capacity 616K, committed 640K, reserved 1048576K
}
Event: 1.298 GC heap before
{Heap before GC invocations=13 (full 0):
 PSYoungGen      total 22016K, used 20960K [0x00000000eab00000, 0x00000000ec380000, 0x0000000100000000)
  eden space 18944K, 100% used [0x00000000eab00000,0x00000000ebd80000,0x00000000ebd80000)
  from space 3072K, 65% used [0x00000000ec080000,0x00000000ec278010,0x00000000ec380000)
  to   space 3072K, 0% used [0x00000000ebd80000,0x00000000ebd80000,0x00000000ec080000)
 ParOldGen       total 129536K, used 6560K [0x00000000c0000000, 0x00000000c7e80000, 0x00000000eab00000)
  object space 129536K, 5% used [0x00000000c0000000,0x00000000c0668350,0x00000000c7e80000)
 Metaspace       used 5990K, capacity 6960K, committed 7040K, reserved 1056768K
  class space    used 594K, capacity 616K, committed 640K, reserved 1048576K
Event: 1.310 GC heap after
Heap after GC invocations=13 (full 0):
 PSYoungGen      total 22016K, used 3072K [0x00000000eab00000, 0x00000000ec380000, 0x0000000100000000)
  eden space 18944K, 0% used [0x00000000eab00000,0x00000000eab00000,0x00000000ebd80000)
  from space 3072K, 100% used [0x00000000ebd80000,0x00000000ec080000,0x00000000ec080000)
  to   space 3072K, 0% used [0x00000000ec080000,0x00000000ec080000,0x00000000ec380000)
 ParOldGen       total 129536K, used 8540K [0x00000000c0000000, 0x00000000c7e80000, 0x00000000eab00000)
  object space 129536K, 6% used [0x00000000c0000000,0x00000000c08571e8,0x00000000c7e80000)
 Metaspace       used 5990K, capacity 6960K, committed 7040K, reserved 1056768K
  class space    used 594K, capacity 616K, committed 640K, reserved 1048576K
}
Event: 1.513 GC heap before
{Heap before GC invocations=14 (full 0):
 PSYoungGen      total 22016K, used 22016K [0x00000000eab00000, 0x00000000ec380000, 0x0000000100000000)
  eden space 18944K, 100% used [0x00000000eab00000,0x00000000ebd80000,0x00000000ebd80000)
  from space 3072K, 100% used [0x00000000ebd80000,0x00000000ec080000,0x00000000ec080000)
  to   space 3072K, 0% used [0x00000000ec080000,0x00000000ec080000,0x00000000ec380000)
 ParOldGen       total 129536K, used 8540K [0x00000000c0000000, 0x00000000c7e80000, 0x00000000eab00000)
  object space 129536K, 6% used [0x00000000c0000000,0x00000000c08571e8,0x00000000c7e80000)
 Metaspace       used 6014K, capacity 6960K, committed 7040K, reserved 1056768K
  class space    used 594K, capacity 616K, committed 640K, reserved 1048576K
Event: 1.521 GC heap after
Heap after GC invocations=14 (full 0):
 PSYoungGen      total 22016K, used 2976K [0x00000000eab00000, 0x00000000ec380000, 0x0000000100000000)
  eden space 18944K, 0% used [0x00000000eab00000,0x00000000eab00000,0x00000000ebd80000)
  from space 3072K, 96% used [0x00000000ec080000,0x00000000ec368000,0x00000000ec380000)
  to   space 3072K, 0% used [0x00000000ebd80000,0x00000000ebd80000,0x00000000ec080000)
 ParOldGen       total 129536K, used 11460K [0x00000000c0000000, 0x00000000c7e80000, 0x00000000eab00000)
  object space 129536K, 8% used [0x00000000c0000000,0x00000000c0b311e8,0x00000000c7e80000)
 Metaspace       used 6014K, capacity 6960K, committed 7040K, reserved 1056768K
  class space    used 594K, capacity 616K, committed 640K, reserved 1048576K
}

Deoptimization events (4 events):
Event: 0.459 Thread 0x0000000002550800 Uncommon trap: reason=class_check action=maybe_recompile pc=0x000000000286d5b0 method=com.android.dx.ssa.NormalSsaInsn.accept(Lcom/android/dx/ssa/SsaInsn$Visitor;)V @ 9
Event: 0.615 Thread 0x0000000015e42000 Uncommon trap: reason=unreached action=reinterpret pc=0x0000000002a0fbdc method=com.android.dx.rop.cst.Constant.compareTo(Lcom/android/dx/rop/cst/Constant;)I @ 12
Event: 1.367 Thread 0x0000000015e40000 Uncommon trap: reason=unreached action=reinterpret pc=0x0000000002c6053c method=com.android.dx.ssa.SCCP.simulateBranch(Lcom/android/dx/ssa/SsaInsn;)V @ 132
Event: 1.370 Thread 0x0000000015e40000 Uncommon trap: reason=unreached action=reinterpret pc=0x0000000002a1369c method=com.android.dx.ssa.SsaMethod.updateOneDefinition(Lcom/android/dx/ssa/SsaInsn;Lcom/android/dx/rop/code/RegisterSpec;)V @ 4

Internal exceptions (10 events):
Event: 0.967 Thread 0x0000000002550800 Exception <a 'java/security/PrivilegedActionException'> (0x00000000eb5bb5d0) thrown at [D:\re\workspace\8-2-build-windows-amd64-cygwin\jdk8u5\2488\hotspot\src\share\vm\prims\jvm.cpp, line 1248]
Event: 0.967 Thread 0x0000000002550800 Exception <a 'java/security/PrivilegedActionException'> (0x00000000eb5bde08) thrown at [D:\re\workspace\8-2-build-windows-amd64-cygwin\jdk8u5\2488\hotspot\src\share\vm\prims\jvm.cpp, line 1248]
Event: 0.972 Thread 0x0000000002550800 Exception <a 'java/security/PrivilegedActionException'> (0x00000000eb5cd170) thrown at [D:\re\workspace\8-2-build-windows-amd64-cygwin\jdk8u5\2488\hotspot\src\share\vm\prims\jvm.cpp, line 1248]
Event: 1.001 Thread 0x0000000015ed0800 Exception <a 'java/security/PrivilegedActionException'> (0x00000000eac05610) thrown at [D:\re\workspace\8-2-build-windows-amd64-cygwin\jdk8u5\2488\hotspot\src\share\vm\prims\jvm.cpp, line 1248]
Event: 1.002 Thread 0x0000000015ed0800 Exception <a 'java/security/PrivilegedActionException'> (0x00000000eac0af10) thrown at [D:\re\workspace\8-2-build-windows-amd64-cygwin\jdk8u5\2488\hotspot\src\share\vm\prims\jvm.cpp, line 1248]
Event: 1.002 Thread 0x0000000015ed0800 Exception <a 'java/security/PrivilegedActionException'> (0x00000000eac10600) thrown at [D:\re\workspace\8-2-build-windows-amd64-cygwin\jdk8u5\2488\hotspot\src\share\vm\prims\jvm.cpp, line 1248]
Event: 1.058 Thread 0x0000000002550800 Exception <a 'java/security/PrivilegedActionException'> (0x00000000eaf4d9b8) thrown at [D:\re\workspace\8-2-build-windows-amd64-cygwin\jdk8u5\2488\hotspot\src\share\vm\prims\jvm.cpp, line 1248]
Event: 1.059 Thread 0x0000000002550800 Exception <a 'java/security/PrivilegedActionException'> (0x00000000eaf4ffd0) thrown at [D:\re\workspace\8-2-build-windows-amd64-cygwin\jdk8u5\2488\hotspot\src\share\vm\prims\jvm.cpp, line 1248]
Event: 1.154 Thread 0x0000000015e42000 Exception <a 'java/security/PrivilegedActionException'> (0x00000000eac4b010) thrown at [D:\re\workspace\8-2-build-windows-amd64-cygwin\jdk8u5\2488\hotspot\src\share\vm\prims\jvm.cpp, line 1248]
Event: 1.370 Thread 0x0000000015e40000 Exception <a 'java/security/PrivilegedActionException'> (0x00000000eae51818) thrown at [D:\re\workspace\8-2-build-windows-amd64-cygwin\jdk8u5\2488\hotspot\src\share\vm\prims\jvm.cpp, line 1248]

Events (10 events):
Event: 1.370 loading class com/android/dx/rop/code/RegOps
Event: 1.370 loading class com/android/dx/rop/code/RegOps done
Event: 1.370 Thread 0x0000000015e40000 Uncommon trap: trap_request=0xffffffad fr.pc=0x0000000002a1369c
Event: 1.370 Thread 0x0000000015e40000 DEOPT PACKING pc=0x0000000002a1369c sp=0x000000001631e7e0
Event: 1.370 Thread 0x0000000015e40000 DEOPT UNPACKING pc=0x00000000026973ef sp=0x000000001631e788 mode 2
Event: 1.476 Thread 0x0000000015e42000 DEOPT PACKING pc=0x0000000002c19ea7 sp=0x000000001651f100
Event: 1.476 Thread 0x0000000015e42000 DEOPT UNPACKING pc=0x0000000002697204 sp=0x000000001651eef8 mode 0
Event: 1.512 Executing VM operation: ParallelGCFailedAllocation
Event: 1.521 Executing VM operation: ParallelGCFailedAllocation done
Event: 1.679 Executing VM operation: ParallelGCFailedAllocation


Dynamic libraries:
0x00007ff6847a0000 - 0x00007ff6847d4000 	D:\ProgramFiles\Java\jdk1.8.0_05\bin\java.exe
0x00007ffeb9170000 - 0x00007ffeb9331000 	C:\WINDOWS\SYSTEM32\ntdll.dll
0x00007ffeb8bb0000 - 0x00007ffeb8c5d000 	C:\WINDOWS\system32\KERNEL32.DLL
0x00007ffeb5b50000 - 0x00007ffeb5d38000 	C:\WINDOWS\system32\KERNELBASE.dll
0x00007ffeb69e0000 - 0x00007ffeb6a87000 	C:\WINDOWS\system32\ADVAPI32.dll
0x00007ffeb8fa0000 - 0x00007ffeb903d000 	C:\WINDOWS\system32\msvcrt.dll
0x00007ffeb6c20000 - 0x00007ffeb6c7b000 	C:\WINDOWS\system32\sechost.dll
0x00007ffeb9040000 - 0x00007ffeb915c000 	C:\WINDOWS\system32\RPCRT4.dll
0x00007ffeb8e00000 - 0x00007ffeb8f56000 	C:\WINDOWS\system32\USER32.dll
0x00007ffeb6a90000 - 0x00007ffeb6c16000 	C:\WINDOWS\system32\GDI32.dll
0x00007ffea8cb0000 - 0x00007ffea8f24000 	C:\WINDOWS\WinSxS\amd64_microsoft.windows.common-controls_6595b64144ccf1df_6.0.10586.0_none_8c15ae12515e1c22\COMCTL32.dll
0x00007ffeb6c80000 - 0x00007ffeb6efd000 	C:\WINDOWS\system32\combase.dll
0x00007ffeb58b0000 - 0x00007ffeb591a000 	C:\WINDOWS\system32\bcryptPrimitives.dll
0x00007ffeb8f60000 - 0x00007ffeb8f9b000 	C:\WINDOWS\system32\IMM32.DLL
0x00000000574d0000 - 0x00000000575a2000 	D:\ProgramFiles\Java\jdk1.8.0_05\jre\bin\msvcr100.dll
0x0000000057a40000 - 0x000000005826a000 	D:\ProgramFiles\Java\jdk1.8.0_05\jre\bin\server\jvm.dll
0x00007ffeb9160000 - 0x00007ffeb9168000 	C:\WINDOWS\system32\PSAPI.DLL
0x00007ffeae570000 - 0x00007ffeae579000 	C:\WINDOWS\SYSTEM32\WSOCK32.dll
0x00007ffeb71b0000 - 0x00007ffeb721b000 	C:\WINDOWS\system32\WS2_32.dll
0x00007ffeb39b0000 - 0x00007ffeb39d3000 	C:\WINDOWS\SYSTEM32\WINMM.dll
0x00007ffeb29e0000 - 0x00007ffeb2a0c000 	C:\WINDOWS\SYSTEM32\WINMMBASE.dll
0x00007ffeb5eb0000 - 0x00007ffeb5ef3000 	C:\WINDOWS\system32\cfgmgr32.dll
0x0000000057950000 - 0x000000005795f000 	D:\ProgramFiles\Java\jdk1.8.0_05\jre\bin\verify.dll
0x0000000057920000 - 0x0000000057948000 	D:\ProgramFiles\Java\jdk1.8.0_05\jre\bin\java.dll
0x0000000057900000 - 0x0000000057916000 	D:\ProgramFiles\Java\jdk1.8.0_05\jre\bin\zip.dll
0x00007ffeb7220000 - 0x00007ffeb877c000 	C:\WINDOWS\system32\SHELL32.dll
0x00007ffeb5f00000 - 0x00007ffeb6544000 	C:\WINDOWS\system32\windows.storage.dll
0x00007ffeb8da0000 - 0x00007ffeb8df2000 	C:\WINDOWS\system32\shlwapi.dll
0x00007ffeb57f0000 - 0x00007ffeb57ff000 	C:\WINDOWS\system32\kernel.appcore.dll
0x00007ffeb5d40000 - 0x00007ffeb5df5000 	C:\WINDOWS\system32\shcore.dll
0x00007ffeb57a0000 - 0x00007ffeb57eb000 	C:\WINDOWS\system32\powrprof.dll
0x00007ffeb5800000 - 0x00007ffeb5814000 	C:\WINDOWS\system32\profapi.dll
0x00007ffea26f0000 - 0x00007ffea287c000 	C:\WINDOWS\SYSTEM32\dbghelp.dll

VM Arguments:
jvm_args: -Djava.awt.headless=true -Xmx1024M -Dfile.encoding=GBK -Duser.country=CN -Duser.language=zh -Duser.variant 
java_command: com.android.dx.command.Main --dex --force-jumbo --num-threads=4 --multi-dex --output D:\java\StudioProjects\HolleKeiTi\app\build\intermediates\transforms\dex\debug\folders\1000\10\internal_impl-23.3.0_dd6815699e0e3c018bbab6ac5e51d046ba1c4f01 D:\java\StudioProjects\HolleKeiTi\app\build\intermediates\exploded-aar\com.android.support\support-v4\23.3.0\jars\libs\internal_impl-23.3.0.jar
java_class_path (initial): D:\ProgramFiles\Android\jdk\build-tools\23.0.3\lib\dx.jar
Launcher Type: SUN_STANDARD

Environment Variables:
JAVA_HOME=D:\ProgramFiles\Java\jdk1.8.0_05
PATH=C:\WINDOWS\system32;C:\WINDOWS;C:\WINDOWS\System32\Wbem;C:\WINDOWS\System32\WindowsPowerShell\v1.0\;D:\ProgramFiles\TortoiseSVN\bin;D:\ProgramFiles\Java\jdk1.8.0_05\bin
USERNAME=Administrator
OS=Windows_NT
PROCESSOR_IDENTIFIER=Intel64 Family 6 Model 60 Stepping 3, GenuineIntel



---------------  S Y S T E M  ---------------

OS: Windows 8.1 , 64 bit Build 9600 

CPU:total 2 (2 cores per cpu, 1 threads per core) family 6 model 60 stepping 3, cmov, cx8, fxsr, mmx, sse, sse2, sse3, ssse3, sse4.1, sse4.2, popcnt, clmul, erms, tsc, tscinvbit

Memory: 4k page, physical 8286416k(896932k free), swap 8286416k(5884k free)

vm_info: Java HotSpot(TM) 64-Bit Server VM (25.5-b02) for windows-amd64 JRE (1.8.0_05-b13), built on Mar 18 2014 01:08:39 by "java_re" with MS VC++ 10.0 (VS2010)

time: Fri May 13 11:51:33 2016
elapsed time: 1 seconds

