#
# There is insufficient memory for the Java Runtime Environment to continue.
# Native memory allocation (malloc) failed to allocate 252336 bytes for Chunk::new
# Possible reasons:
#   The system is out of physical RAM or swap space
#   In 32 bit mode, the process size limit was hit
# Possible solutions:
#   Reduce memory load on the system
#   Increase physical memory or swap space
#   Check if swap backing store is full
#   Use 64 bit Java on a 64 bit OS
#   Decrease Java heap size (-Xmx/-Xms)
#   Decrease number of Java threads
#   Decrease Java thread stack sizes (-Xss)
#   Set larger code cache with -XX:ReservedCodeCacheSize=
# This output file may be truncated or incomplete.
#
#  Out of Memory Error (allocation.cpp:388), pid=24276, tid=23640
#
# JRE version: Java(TM) SE Runtime Environment (8.0_05-b13) (build 1.8.0_05-b13)
# Java VM: Java HotSpot(TM) 64-Bit Server VM (25.5-b02 mixed mode windows-amd64 compressed oops)
# Failed to write core dump. Minidumps are not enabled by default on client versions of Windows
#

---------------  T H R E A D  ---------------

Current thread (0x0000000014a2e800):  JavaThread "C2 CompilerThread0" daemon [_thread_in_native, id=23640, stack(0x0000000015910000,0x0000000015a10000)]

Stack: [0x0000000015910000,0x0000000015a10000]
Native frames: (J=compiled Java code, j=interpreted, Vv=VM code, C=native code)
V  [jvm.dll+0x308dea]
V  [jvm.dll+0x25def1]
V  [jvm.dll+0x25eb0f]
V  [jvm.dll+0x2564e5]
V  [jvm.dll+0xbcfc5]
V  [jvm.dll+0xbd45c]
V  [jvm.dll+0x468bac]
V  [jvm.dll+0x4360a3]
V  [jvm.dll+0x44111e]
V  [jvm.dll+0x4436a9]
V  [jvm.dll+0x427532]
V  [jvm.dll+0x96702]
V  [jvm.dll+0x96ef3]
V  [jvm.dll+0x2232c4]
V  [jvm.dll+0x27baca]
C  [msvcr100.dll+0x21d9f]
C  [msvcr100.dll+0x21e3b]
C  [KERNEL32.DLL+0x18102]
C  [ntdll.dll+0x5c5b4]


Current CompileTask:
C2:    544  715       4       com.android.dx.ssa.NormalSsaInsn::accept (25 bytes)


---------------  P R O C E S S  ---------------

Java Threads: ( => current thread )
  0x0000000015dbb000 JavaThread "pool-2-thread-4" [_thread_in_Java, id=23824, stack(0x0000000016d10000,0x0000000016e10000)]
  0x0000000015c64000 JavaThread "pool-2-thread-3" [_thread_blocked, id=24532, stack(0x0000000016c10000,0x0000000016d10000)]
  0x0000000015dd4000 JavaThread "pool-2-thread-2" [_thread_in_Java, id=24028, stack(0x0000000016b10000,0x0000000016c10000)]
  0x0000000015dd3000 JavaThread "pool-3-thread-1" [_thread_blocked, id=24264, stack(0x0000000016a10000,0x0000000016b10000)]
  0x0000000015dd6800 JavaThread "pool-2-thread-1" [_thread_in_Java, id=23392, stack(0x0000000016910000,0x0000000016a10000)]
  0x0000000015a39000 JavaThread "Service Thread" daemon [_thread_blocked, id=24400, stack(0x0000000015f10000,0x0000000016010000)]
  0x0000000015a1a000 JavaThread "C1 CompilerThread1" daemon [_thread_blocked, id=23312, stack(0x0000000015e10000,0x0000000015f10000)]
=>0x0000000014a2e800 JavaThread "C2 CompilerThread0" daemon [_thread_in_native, id=23640, stack(0x0000000015910000,0x0000000015a10000)]
  0x0000000014a2c800 JavaThread "Attach Listener" daemon [_thread_blocked, id=22732, stack(0x0000000015810000,0x0000000015910000)]
  0x00000000149de800 JavaThread "Signal Dispatcher" daemon [_thread_blocked, id=21304, stack(0x0000000015710000,0x0000000015810000)]
  0x0000000014983800 JavaThread "Finalizer" daemon [_thread_blocked, id=24152, stack(0x0000000015610000,0x0000000015710000)]
  0x000000001497f800 JavaThread "Reference Handler" daemon [_thread_blocked, id=2896, stack(0x0000000015510000,0x0000000015610000)]
  0x0000000002440800 JavaThread "main" [_thread_in_Java, id=24520, stack(0x0000000002340000,0x0000000002440000)]

Other Threads:
  0x000000001497a800 VMThread [stack: 0x0000000015410000,0x0000000015510000] [id=4532]
  0x0000000015a3a000 WatcherThread [stack: 0x0000000016010000,0x0000000016110000] [id=23096]

VM state:not at safepoint (normal execution)

VM Mutex/Monitor currently owned by a thread: None

Heap:
 PSYoungGen      total 7680K, used 6808K [0x00000000eab00000, 0x00000000eb880000, 0x0000000100000000)
  eden space 6656K, 87% used [0x00000000eab00000,0x00000000eb0ae330,0x00000000eb180000)
  from space 1024K, 96% used [0x00000000eb180000,0x00000000eb278018,0x00000000eb280000)
  to   space 1536K, 0% used [0x00000000eb700000,0x00000000eb700000,0x00000000eb880000)
 ParOldGen       total 129536K, used 2440K [0x00000000c0000000, 0x00000000c7e80000, 0x00000000eab00000)
  object space 129536K, 1% used [0x00000000c0000000,0x00000000c0262240,0x00000000c7e80000)
 Metaspace       used 5590K, capacity 6576K, committed 6784K, reserved 1056768K
  class space    used 590K, capacity 616K, committed 640K, reserved 1048576K

Card table byte_map: [0x0000000011900000,0x0000000011b10000] byte_map_base: 0x0000000011300000

Marking Bits: (ParMarkBitMap*) 0x00000000581f13b0
 Begin Bits: [0x0000000011e70000, 0x0000000012e70000)
 End Bits:   [0x0000000012e70000, 0x0000000013e70000)

Polling page: 0x0000000000400000

CodeCache: size=245760Kb used=2681Kb max_used=2681Kb free=243078Kb
 bounds [0x0000000002540000, 0x00000000027e0000, 0x0000000011540000]
 total_blobs=1001 nmethods=735 adapters=180
 compilation: disabled (not enough contiguous free space left)

Compilation events (10 events):
Event: 0.535 Thread 0x0000000015a1a000 nmethod 734 0x00000000027d1e10 code [0x00000000027d1fc0, 0x00000000027d2418]
Event: 0.535 Thread 0x0000000015a1a000  709       3       com.android.dx.rop.code.BasicBlock::getLastInsn (8 bytes)
Event: 0.535 Thread 0x0000000015a1a000 nmethod 709 0x00000000027d2890 code [0x00000000027d2a20, 0x00000000027d2fa8]
Event: 0.535 Thread 0x0000000015a1a000  719       3       com.android.dx.rop.code.PlainInsn::withNewRegisters (18 bytes)
Event: 0.535 Thread 0x0000000015a1a000 nmethod 719 0x00000000027d3190 code [0x00000000027d3300, 0x00000000027d3628]
Event: 0.535 Thread 0x0000000015a1a000  714       3       com.android.dx.rop.code.ThrowingCstInsn::<init> (51 bytes)
Event: 0.535 Thread 0x0000000015a1a000 nmethod 714 0x00000000027d3710 code [0x00000000027d38c0, 0x00000000027d3e58]
Event: 0.535 Thread 0x0000000015a1a000  707       3       com.android.dx.rop.code.Insn::hashCode (5 bytes)
Event: 0.535 Thread 0x0000000015a1a000 nmethod 707 0x00000000027d4090 code [0x00000000027d4200, 0x00000000027d4388]
Event: 0.535 Thread 0x0000000015a1a000  717       3       com.android.dx.ssa.back.FirstFitLocalCombiningAllocator$1::processInsn (169 bytes)

GC Heap History (10 events):
Event: 0.207 GC heap before
{Heap before GC invocations=7 (full 0):
 PSYoungGen      total 3072K, used 2552K [0x00000000eab00000, 0x00000000eaf00000, 0x0000000100000000)
  eden space 2048K, 100% used [0x00000000eab00000,0x00000000ead00000,0x00000000ead00000)
  from space 1024K, 49% used [0x00000000eae00000,0x00000000eae7e010,0x00000000eaf00000)
  to   space 1024K, 0% used [0x00000000ead00000,0x00000000ead00000,0x00000000eae00000)
 ParOldGen       total 129536K, used 740K [0x00000000c0000000, 0x00000000c7e80000, 0x00000000eab00000)
  object space 129536K, 0% used [0x00000000c0000000,0x00000000c00b9110,0x00000000c7e80000)
 Metaspace       used 3503K, capacity 4720K, committed 4864K, reserved 1056768K
  class space    used 376K, capacity 424K, committed 512K, reserved 1048576K
Event: 0.208 GC heap after
Heap after GC invocations=7 (full 0):
 PSYoungGen      total 3072K, used 224K [0x00000000eab00000, 0x00000000eb100000, 0x0000000100000000)
  eden space 2048K, 0% used [0x00000000eab00000,0x00000000eab00000,0x00000000ead00000)
  from space 1024K, 21% used [0x00000000ead00000,0x00000000ead38000,0x00000000eae00000)
  to   space 1024K, 0% used [0x00000000eb000000,0x00000000eb000000,0x00000000eb100000)
 ParOldGen       total 129536K, used 1112K [0x00000000c0000000, 0x00000000c7e80000, 0x00000000eab00000)
  object space 129536K, 0% used [0x00000000c0000000,0x00000000c01161d8,0x00000000c7e80000)
 Metaspace       used 3503K, capacity 4720K, committed 4864K, reserved 1056768K
  class space    used 376K, capacity 424K, committed 512K, reserved 1048576K
}
Event: 0.211 GC heap before
{Heap before GC invocations=8 (full 0):
 PSYoungGen      total 3072K, used 2272K [0x00000000eab00000, 0x00000000eb100000, 0x0000000100000000)
  eden space 2048K, 100% used [0x00000000eab00000,0x00000000ead00000,0x00000000ead00000)
  from space 1024K, 21% used [0x00000000ead00000,0x00000000ead38000,0x00000000eae00000)
  to   space 1024K, 0% used [0x00000000eb000000,0x00000000eb000000,0x00000000eb100000)
 ParOldGen       total 129536K, used 1112K [0x00000000c0000000, 0x00000000c7e80000, 0x00000000eab00000)
  object space 129536K, 0% used [0x00000000c0000000,0x00000000c01161d8,0x00000000c7e80000)
 Metaspace       used 3503K, capacity 4720K, committed 4864K, reserved 1056768K
  class space    used 376K, capacity 424K, committed 512K, reserved 1048576K
Event: 0.212 GC heap after
Heap after GC invocations=8 (full 0):
 PSYoungGen      total 5120K, used 128K [0x00000000eab00000, 0x00000000eb100000, 0x0000000100000000)
  eden space 4096K, 0% used [0x00000000eab00000,0x00000000eab00000,0x00000000eaf00000)
  from space 1024K, 12% used [0x00000000eb000000,0x00000000eb020000,0x00000000eb100000)
  to   space 1024K, 0% used [0x00000000eaf00000,0x00000000eaf00000,0x00000000eb000000)
 ParOldGen       total 129536K, used 1184K [0x00000000c0000000, 0x00000000c7e80000, 0x00000000eab00000)
  object space 129536K, 0% used [0x00000000c0000000,0x00000000c01281f8,0x00000000c7e80000)
 Metaspace       used 3503K, capacity 4720K, committed 4864K, reserved 1056768K
  class space    used 376K, capacity 424K, committed 512K, reserved 1048576K
}
Event: 0.217 GC heap before
{Heap before GC invocations=9 (full 0):
 PSYoungGen      total 5120K, used 4224K [0x00000000eab00000, 0x00000000eb100000, 0x0000000100000000)
  eden space 4096K, 100% used [0x00000000eab00000,0x00000000eaf00000,0x00000000eaf00000)
  from space 1024K, 12% used [0x00000000eb000000,0x00000000eb020000,0x00000000eb100000)
  to   space 1024K, 0% used [0x00000000eaf00000,0x00000000eaf00000,0x00000000eb000000)
 ParOldGen       total 129536K, used 1184K [0x00000000c0000000, 0x00000000c7e80000, 0x00000000eab00000)
  object space 129536K, 0% used [0x00000000c0000000,0x00000000c01281f8,0x00000000c7e80000)
 Metaspace       used 3503K, capacity 4720K, committed 4864K, reserved 1056768K
  class space    used 376K, capacity 424K, committed 512K, reserved 1048576K
Event: 0.221 GC heap after
Heap after GC invocations=9 (full 0):
 PSYoungGen      total 5120K, used 32K [0x00000000eab00000, 0x00000000eb380000, 0x0000000100000000)
  eden space 4096K, 0% used [0x00000000eab00000,0x00000000eab00000,0x00000000eaf00000)
  from space 1024K, 3% used [0x00000000eaf00000,0x00000000eaf08000,0x00000000eb000000)
  to   space 1024K, 0% used [0x00000000eb280000,0x00000000eb280000,0x00000000eb380000)
 ParOldGen       total 129536K, used 1304K [0x00000000c0000000, 0x00000000c7e80000, 0x00000000eab00000)
  object space 129536K, 1% used [0x00000000c0000000,0x00000000c01461f8,0x00000000c7e80000)
 Metaspace       used 3503K, capacity 4720K, committed 4864K, reserved 1056768K
  class space    used 376K, capacity 424K, committed 512K, reserved 1048576K
}
Event: 0.289 GC heap before
{Heap before GC invocations=10 (full 0):
 PSYoungGen      total 5120K, used 4128K [0x00000000eab00000, 0x00000000eb380000, 0x0000000100000000)
  eden space 4096K, 100% used [0x00000000eab00000,0x00000000eaf00000,0x00000000eaf00000)
  from space 1024K, 3% used [0x00000000eaf00000,0x00000000eaf08000,0x00000000eb000000)
  to   space 1024K, 0% used [0x00000000eb280000,0x00000000eb280000,0x00000000eb380000)
 ParOldGen       total 129536K, used 1304K [0x00000000c0000000, 0x00000000c7e80000, 0x00000000eab00000)
  object space 129536K, 1% used [0x00000000c0000000,0x00000000c01461f8,0x00000000c7e80000)
 Metaspace       used 3868K, capacity 5040K, committed 5120K, reserved 1056768K
  class space    used 430K, capacity 488K, committed 512K, reserved 1048576K
Event: 0.291 GC heap after
Heap after GC invocations=10 (full 0):
 PSYoungGen      total 7680K, used 442K [0x00000000eab00000, 0x00000000eb380000, 0x0000000100000000)
  eden space 6656K, 0% used [0x00000000eab00000,0x00000000eab00000,0x00000000eb180000)
  from space 1024K, 43% used [0x00000000eb280000,0x00000000eb2eea80,0x00000000eb380000)
  to   space 1024K, 0% used [0x00000000eb180000,0x00000000eb180000,0x00000000eb280000)
 ParOldGen       total 129536K, used 1312K [0x00000000c0000000, 0x00000000c7e80000, 0x00000000eab00000)
  object space 129536K, 1% used [0x00000000c0000000,0x00000000c01481f8,0x00000000c7e80000)
 Metaspace       used 3868K, capacity 5040K, committed 5120K, reserved 1056768K
  class space    used 430K, capacity 488K, committed 512K, reserved 1048576K
}
Event: 0.424 GC heap before
{Heap before GC invocations=11 (full 0):
 PSYoungGen      total 7680K, used 7098K [0x00000000eab00000, 0x00000000eb380000, 0x0000000100000000)
  eden space 6656K, 100% used [0x00000000eab00000,0x00000000eb180000,0x00000000eb180000)
  from space 1024K, 43% used [0x00000000eb280000,0x00000000eb2eea80,0x00000000eb380000)
  to   space 1024K, 0% used [0x00000000eb180000,0x00000000eb180000,0x00000000eb280000)
 ParOldGen       total 129536K, used 1312K [0x00000000c0000000, 0x00000000c7e80000, 0x00000000eab00000)
  object space 129536K, 1% used [0x00000000c0000000,0x00000000c01481f8,0x00000000c7e80000)
 Metaspace       used 5364K, capacity 6384K, committed 6528K, reserved 1056768K
  class space    used 586K, capacity 616K, committed 640K, reserved 1048576K
Event: 0.426 GC heap after
Heap after GC invocations=11 (full 0):
 PSYoungGen      total 7680K, used 992K [0x00000000eab00000, 0x00000000eb880000, 0x0000000100000000)
  eden space 6656K, 0% used [0x00000000eab00000,0x00000000eab00000,0x00000000eb180000)
  from space 1024K, 96% used [0x00000000eb180000,0x00000000eb278018,0x00000000eb280000)
  to   space 1536K, 0% used [0x00000000eb700000,0x00000000eb700000,0x00000000eb880000)
 ParOldGen       total 129536K, used 2440K [0x00000000c0000000, 0x00000000c7e80000, 0x00000000eab00000)
  object space 129536K, 1% used [0x00000000c0000000,0x00000000c0262240,0x00000000c7e80000)
 Metaspace       used 5364K, capacity 6384K, committed 6528K, reserved 1056768K
  class space    used 586K, capacity 616K, committed 640K, reserved 1048576K
}

Deoptimization events (0 events):
No events

Internal exceptions (10 events):
Event: 0.413 Thread 0x0000000015c64000 Exception <a 'java/security/PrivilegedActionException'> (0x00000000eb0e6838) thrown at [D:\re\workspace\8-2-build-windows-amd64-cygwin\jdk8u5\2488\hotspot\src\share\vm\prims\jvm.cpp, line 1248]
Event: 0.413 Thread 0x0000000015c64000 Exception <a 'java/security/PrivilegedActionException'> (0x00000000eb0ec138) thrown at [D:\re\workspace\8-2-build-windows-amd64-cygwin\jdk8u5\2488\hotspot\src\share\vm\prims\jvm.cpp, line 1248]
Event: 0.413 Thread 0x0000000015c64000 Exception <a 'java/security/PrivilegedActionException'> (0x00000000eb0f1758) thrown at [D:\re\workspace\8-2-build-windows-amd64-cygwin\jdk8u5\2488\hotspot\src\share\vm\prims\jvm.cpp, line 1248]
Event: 0.431 Thread 0x0000000015dd4000 Exception <a 'java/security/PrivilegedActionException'> (0x00000000eab5fd00) thrown at [D:\re\workspace\8-2-build-windows-amd64-cygwin\jdk8u5\2488\hotspot\src\share\vm\prims\jvm.cpp, line 1248]
Event: 0.431 Thread 0x0000000002440800 Exception <a 'java/security/PrivilegedActionException'> (0x00000000eab6e410) thrown at [D:\re\workspace\8-2-build-windows-amd64-cygwin\jdk8u5\2488\hotspot\src\share\vm\prims\jvm.cpp, line 1248]
Event: 0.433 Thread 0x0000000015dbb000 Exception <a 'java/security/PrivilegedActionException'> (0x00000000eab37e10) thrown at [D:\re\workspace\8-2-build-windows-amd64-cygwin\jdk8u5\2488\hotspot\src\share\vm\prims\jvm.cpp, line 1248]
Event: 0.444 Thread 0x0000000002440800 Exception <a 'java/security/PrivilegedActionException'> (0x00000000eabf54c8) thrown at [D:\re\workspace\8-2-build-windows-amd64-cygwin\jdk8u5\2488\hotspot\src\share\vm\prims\jvm.cpp, line 1248]
Event: 0.463 Thread 0x0000000002440800 Exception <a 'java/security/PrivilegedActionException'> (0x00000000eabf7a90) thrown at [D:\re\workspace\8-2-build-windows-amd64-cygwin\jdk8u5\2488\hotspot\src\share\vm\prims\jvm.cpp, line 1248]
Event: 0.477 Thread 0x0000000015dd4000 Exception <a 'java/security/PrivilegedActionException'> (0x00000000eae323b8) thrown at [D:\re\workspace\8-2-build-windows-amd64-cygwin\jdk8u5\2488\hotspot\src\share\vm\prims\jvm.cpp, line 1248]
Event: 0.512 Thread 0x0000000002440800 Exception <a 'java/security/PrivilegedActionException'> (0x00000000eb011ea8) thrown at [D:\re\workspace\8-2-build-windows-amd64-cygwin\jdk8u5\2488\hotspot\src\share\vm\prims\jvm.cpp, line 1248]

Events (10 events):
Event: 0.444 loading class com/android/dx/cf/attrib/AttLocalVariableTypeTable
Event: 0.444 loading class com/android/dx/cf/attrib/AttLocalVariableTypeTable done
Event: 0.461 loading class java/util/DualPivotQuicksort
Event: 0.461 loading class java/util/DualPivotQuicksort done
Event: 0.463 loading class com/android/dx/cf/attrib/AttSignature
Event: 0.463 loading class com/android/dx/cf/attrib/AttSignature done
Event: 0.477 loading class com/android/dx/cf/code/BytecodeArray$ConstantParserVisitor
Event: 0.477 loading class com/android/dx/cf/code/BytecodeArray$ConstantParserVisitor done
Event: 0.512 loading class com/android/dx/dex/file/FieldAnnotationStruct
Event: 0.512 loading class com/android/dx/dex/file/FieldAnnotationStruct done


Dynamic libraries:
0x00007ff6847a0000 - 0x00007ff6847d4000 	D:\ProgramFiles\Java\jdk1.8.0_05\bin\java.exe
0x00007ffeb9170000 - 0x00007ffeb9331000 	C:\WINDOWS\SYSTEM32\ntdll.dll
0x00007ffeb8bb0000 - 0x00007ffeb8c5d000 	C:\WINDOWS\system32\KERNEL32.DLL
0x00007ffeb5b50000 - 0x00007ffeb5d38000 	C:\WINDOWS\system32\KERNELBASE.dll
0x00007ffeb69e0000 - 0x00007ffeb6a87000 	C:\WINDOWS\system32\ADVAPI32.dll
0x00007ffeb8fa0000 - 0x00007ffeb903d000 	C:\WINDOWS\system32\msvcrt.dll
0x00007ffeb6c20000 - 0x00007ffeb6c7b000 	C:\WINDOWS\system32\sechost.dll
0x00007ffeb9040000 - 0x00007ffeb915c000 	C:\WINDOWS\system32\RPCRT4.dll
0x00007ffeb8e00000 - 0x00007ffeb8f56000 	C:\WINDOWS\system32\USER32.dll
0x00007ffeb6a90000 - 0x00007ffeb6c16000 	C:\WINDOWS\system32\GDI32.dll
0x00007ffea8cb0000 - 0x00007ffea8f24000 	C:\WINDOWS\WinSxS\amd64_microsoft.windows.common-controls_6595b64144ccf1df_6.0.10586.0_none_8c15ae12515e1c22\COMCTL32.dll
0x00007ffeb6c80000 - 0x00007ffeb6efd000 	C:\WINDOWS\system32\combase.dll
0x00007ffeb58b0000 - 0x00007ffeb591a000 	C:\WINDOWS\system32\bcryptPrimitives.dll
0x00007ffeb8f60000 - 0x00007ffeb8f9b000 	C:\WINDOWS\system32\IMM32.DLL
0x00000000574d0000 - 0x00000000575a2000 	D:\ProgramFiles\Java\jdk1.8.0_05\jre\bin\msvcr100.dll
0x0000000057a40000 - 0x000000005826a000 	D:\ProgramFiles\Java\jdk1.8.0_05\jre\bin\server\jvm.dll
0x00007ffeb9160000 - 0x00007ffeb9168000 	C:\WINDOWS\system32\PSAPI.DLL
0x00007ffeae570000 - 0x00007ffeae579000 	C:\WINDOWS\SYSTEM32\WSOCK32.dll
0x00007ffeb71b0000 - 0x00007ffeb721b000 	C:\WINDOWS\system32\WS2_32.dll
0x00007ffeb39b0000 - 0x00007ffeb39d3000 	C:\WINDOWS\SYSTEM32\WINMM.dll
0x00007ffeb29e0000 - 0x00007ffeb2a0c000 	C:\WINDOWS\SYSTEM32\WINMMBASE.dll
0x00007ffeb5eb0000 - 0x00007ffeb5ef3000 	C:\WINDOWS\system32\cfgmgr32.dll
0x0000000057950000 - 0x000000005795f000 	D:\ProgramFiles\Java\jdk1.8.0_05\jre\bin\verify.dll
0x0000000057920000 - 0x0000000057948000 	D:\ProgramFiles\Java\jdk1.8.0_05\jre\bin\java.dll
0x0000000057900000 - 0x0000000057916000 	D:\ProgramFiles\Java\jdk1.8.0_05\jre\bin\zip.dll
0x00007ffeb7220000 - 0x00007ffeb877c000 	C:\WINDOWS\system32\SHELL32.dll
0x00007ffeb5f00000 - 0x00007ffeb6544000 	C:\WINDOWS\system32\windows.storage.dll
0x00007ffeb8da0000 - 0x00007ffeb8df2000 	C:\WINDOWS\system32\shlwapi.dll
0x00007ffeb57f0000 - 0x00007ffeb57ff000 	C:\WINDOWS\system32\kernel.appcore.dll
0x00007ffeb5d40000 - 0x00007ffeb5df5000 	C:\WINDOWS\system32\shcore.dll
0x00007ffeb57a0000 - 0x00007ffeb57eb000 	C:\WINDOWS\system32\powrprof.dll
0x00007ffeb5800000 - 0x00007ffeb5814000 	C:\WINDOWS\system32\profapi.dll
0x00007ffea26f0000 - 0x00007ffea287c000 	C:\WINDOWS\SYSTEM32\dbghelp.dll

VM Arguments:
jvm_args: -Djava.awt.headless=true -Xmx1024M -Dfile.encoding=GBK -Duser.country=CN -Duser.language=zh -Duser.variant 
java_command: com.android.dx.command.Main --dex --force-jumbo --num-threads=4 --multi-dex --output D:\java\StudioProjects\HolleKeiTi\app\build\intermediates\transforms\dex\debug\folders\1000\10\com.android.support-support-v4-23.3.0_c767bf5577665f33c17fb82a5239e458dafb5ee0 D:\java\StudioProjects\HolleKeiTi\app\build\intermediates\exploded-aar\com.android.support\support-v4\23.3.0\jars\classes.jar
java_class_path (initial): D:\ProgramFiles\Android\jdk\build-tools\23.0.3\lib\dx.jar
Launcher Type: SUN_STANDARD

Environment Variables:
JAVA_HOME=D:\ProgramFiles\Java\jdk1.8.0_05
PATH=C:\WINDOWS\system32;C:\WINDOWS;C:\WINDOWS\System32\Wbem;C:\WINDOWS\System32\WindowsPowerShell\v1.0\;D:\ProgramFiles\TortoiseSVN\bin;D:\ProgramFiles\Java\jdk1.8.0_05\bin
USERNAME=Administrator
OS=Windows_NT
PROCESSOR_IDENTIFIER=Intel64 Family 6 Model 60 Stepping 3, GenuineIntel



---------------  S Y S T E M  ---------------

OS: Windows 8.1 , 64 bit Build 9600 

CPU:total 2 (2 cores per cpu, 1 threads per core) family 6 model 60 stepping 3, cmov, cx8, fxsr, mmx, sse, sse2, sse3, ssse3, sse4.1, sse4.2, popcnt, clmul, erms, tsc, tscinvbit

Memory: 4k page, physical 8286416k(864396k free), swap 8286416k(5132k free)

vm_info: Java HotSpot(TM) 64-Bit Server VM (25.5-b02) for windows-amd64 JRE (1.8.0_05-b13), built on Mar 18 2014 01:08:39 by "java_re" with MS VC++ 10.0 (VS2010)

time: Fri May 13 12:00:14 2016
elapsed time: 0 seconds

