#
# There is insufficient memory for the Java Runtime Environment to continue.
# Native memory allocation (malloc) failed to allocate 1134128 bytes for Chunk::new
# Possible reasons:
#   The system is out of physical RAM or swap space
#   In 32 bit mode, the process size limit was hit
# Possible solutions:
#   Reduce memory load on the system
#   Increase physical memory or swap space
#   Check if swap backing store is full
#   Use 64 bit Java on a 64 bit OS
#   Decrease Java heap size (-Xmx/-Xms)
#   Decrease number of Java threads
#   Decrease Java thread stack sizes (-Xss)
#   Set larger code cache with -XX:ReservedCodeCacheSize=
# This output file may be truncated or incomplete.
#
#  Out of Memory Error (allocation.cpp:388), pid=22948, tid=23128
#
# JRE version: Java(TM) SE Runtime Environment (8.0_05-b13) (build 1.8.0_05-b13)
# Java VM: Java HotSpot(TM) 64-Bit Server VM (25.5-b02 mixed mode windows-amd64 compressed oops)
# Failed to write core dump. Minidumps are not enabled by default on client versions of Windows
#

---------------  T H R E A D  ---------------

Current thread (0x0000000014a20000):  JavaThread "C2 CompilerThread0" daemon [_thread_in_native, id=23128, stack(0x0000000015900000,0x0000000015a00000)]

Stack: [0x0000000015900000,0x0000000015a00000]
Native frames: (J=compiled Java code, j=interpreted, Vv=VM code, C=native code)
V  [jvm.dll+0x308dea]
V  [jvm.dll+0x25def1]
V  [jvm.dll+0x25eb0f]
V  [jvm.dll+0x2564e5]
V  [jvm.dll+0xbcfc5]
V  [jvm.dll+0xbd45c]
V  [jvm.dll+0x468c07]
V  [jvm.dll+0x43638b]
V  [jvm.dll+0x44111e]
V  [jvm.dll+0x4436a9]
V  [jvm.dll+0x427532]
V  [jvm.dll+0x96702]
V  [jvm.dll+0x96ef3]
V  [jvm.dll+0x2232c4]
V  [jvm.dll+0x27baca]
C  [msvcr100.dll+0x21d9f]
C  [msvcr100.dll+0x21e3b]
C  [KERNEL32.DLL+0x18102]
C  [ntdll.dll+0x5c5b4]


Current CompileTask:
C2:   2640 1894   !   4       com.android.dx.cf.cst.ConstantPoolParser::parse0 (731 bytes)


---------------  P R O C E S S  ---------------

Java Threads: ( => current thread )
  0x0000000015dc3000 JavaThread "pool-2-thread-4" [_thread_blocked, id=20260, stack(0x0000000016d00000,0x0000000016e00000)]
  0x0000000015e57800 JavaThread "pool-2-thread-3" [_thread_blocked, id=20320, stack(0x0000000016c00000,0x0000000016d00000)]
  0x0000000015e08000 JavaThread "pool-2-thread-2" [_thread_blocked, id=21840, stack(0x0000000016b00000,0x0000000016c00000)]
  0x0000000015e2f000 JavaThread "pool-3-thread-1" [_thread_blocked, id=21852, stack(0x0000000016a00000,0x0000000016b00000)]
  0x0000000015e2e800 JavaThread "pool-2-thread-1" [_thread_blocked, id=22256, stack(0x0000000016900000,0x0000000016a00000)]
  0x0000000015b28800 JavaThread "Service Thread" daemon [_thread_blocked, id=22704, stack(0x0000000015f00000,0x0000000016000000)]
  0x0000000014a22000 JavaThread "C1 CompilerThread1" daemon [_thread_blocked, id=23132, stack(0x0000000015a00000,0x0000000015b00000)]
=>0x0000000014a20000 JavaThread "C2 CompilerThread0" daemon [_thread_in_native, id=23128, stack(0x0000000015900000,0x0000000015a00000)]
  0x0000000014a1e800 JavaThread "Attach Listener" daemon [_thread_blocked, id=22716, stack(0x0000000015800000,0x0000000015900000)]
  0x00000000149d0000 JavaThread "Signal Dispatcher" daemon [_thread_blocked, id=22908, stack(0x0000000015700000,0x0000000015800000)]
  0x0000000014979000 JavaThread "Finalizer" daemon [_thread_blocked, id=22968, stack(0x0000000015600000,0x0000000015700000)]
  0x000000001496f800 JavaThread "Reference Handler" daemon [_thread_blocked, id=22228, stack(0x0000000015500000,0x0000000015600000)]
  0x0000000002430800 JavaThread "main" [_thread_blocked, id=11616, stack(0x0000000002330000,0x0000000002430000)]

Other Threads:
  0x000000001496a800 VMThread [stack: 0x0000000015400000,0x0000000015500000] [id=22120]
  0x0000000015b29000 WatcherThread [stack: 0x0000000016000000,0x0000000016100000] [id=22684]

VM state:not at safepoint (normal execution)

VM Mutex/Monitor currently owned by a thread: None

Heap:
 PSYoungGen      total 61440K, used 15508K [0x00000000eab00000, 0x00000000f0580000, 0x0000000100000000)
  eden space 50688K, 15% used [0x00000000eab00000,0x00000000eb27fec8,0x00000000edc80000)
  from space 10752K, 72% used [0x00000000efb00000,0x00000000f02a53e0,0x00000000f0580000)
  to   space 7680K, 0% used [0x00000000edc80000,0x00000000edc80000,0x00000000ee400000)
 ParOldGen       total 129536K, used 32639K [0x00000000c0000000, 0x00000000c7e80000, 0x00000000eab00000)
  object space 129536K, 25% used [0x00000000c0000000,0x00000000c1fdfc70,0x00000000c7e80000)
 Metaspace       used 6105K, capacity 7024K, committed 7296K, reserved 1056768K
  class space    used 594K, capacity 616K, committed 640K, reserved 1048576K

Card table byte_map: [0x00000000118f0000,0x0000000011b00000] byte_map_base: 0x00000000112f0000

Marking Bits: (ParMarkBitMap*) 0x00000000581f13b0
 Begin Bits: [0x0000000011e60000, 0x0000000012e60000)
 End Bits:   [0x0000000012e60000, 0x0000000013e60000)

Polling page: 0x00000000004c0000

CodeCache: size=245760Kb used=7463Kb max_used=7463Kb free=238296Kb
 bounds [0x0000000002530000, 0x0000000002c90000, 0x0000000011530000]
 total_blobs=2190 nmethods=1924 adapters=180
 compilation: enabled

Compilation events (10 events):
Event: 2.537 Thread 0x0000000014a22000 1935       2       com.android.dx.dex.file.ClassDataItem::<init> (96 bytes)
Event: 2.537 Thread 0x0000000014a22000 nmethod 1935 0x0000000002c6e650 code [0x0000000002c6e840, 0x0000000002c6eda8]
Event: 2.537 Thread 0x0000000014a22000 1936       2       com.android.dx.dex.cf.AttributeTranslator::translateEnclosingMethod (50 bytes)
Event: 2.538 Thread 0x0000000014a22000 nmethod 1936 0x0000000002c73b90 code [0x0000000002c73d80, 0x0000000002c74308]
Event: 2.538 Thread 0x0000000014a22000 1937       2       com.android.dx.dex.cf.AttributeTranslator::translateInnerClasses (356 bytes)
Event: 2.539 Thread 0x0000000014a22000 nmethod 1937 0x0000000002c74790 code [0x0000000002c74b60, 0x0000000002c75ea8]
Event: 2.541 Thread 0x0000000014a22000 1938       2       com.android.dx.rop.cst.CstLiteralBits::<init> (5 bytes)
Event: 2.541 Thread 0x0000000014a22000 nmethod 1938 0x0000000002c6e310 code [0x0000000002c6e460, 0x0000000002c6e5b0]
Event: 2.606 Thread 0x0000000014a22000 1939       2       java.util.concurrent.locks.AbstractQueuedSynchronizer::addWaiter (50 bytes)
Event: 2.606 Thread 0x0000000014a22000 nmethod 1939 0x0000000002c779d0 code [0x0000000002c77b40, 0x0000000002c77de8]

GC Heap History (10 events):
Event: 1.388 GC heap before
{Heap before GC invocations=14 (full 0):
 PSYoungGen      total 23040K, used 23034K [0x00000000eab00000, 0x00000000ed380000, 0x0000000100000000)
  eden space 19968K, 100% used [0x00000000eab00000,0x00000000ebe80000,0x00000000ebe80000)
  from space 3072K, 99% used [0x00000000ebe80000,0x00000000ec17eb50,0x00000000ec180000)
  to   space 4608K, 0% used [0x00000000ecf00000,0x00000000ecf00000,0x00000000ed380000)
 ParOldGen       total 129536K, used 8995K [0x00000000c0000000, 0x00000000c7e80000, 0x00000000eab00000)
  object space 129536K, 6% used [0x00000000c0000000,0x00000000c08c8e68,0x00000000c7e80000)
 Metaspace       used 5985K, capacity 6960K, committed 7040K, reserved 1056768K
  class space    used 594K, capacity 616K, committed 640K, reserved 1048576K
Event: 1.396 GC heap after
Heap after GC invocations=14 (full 0):
 PSYoungGen      total 36864K, used 3264K [0x00000000eab00000, 0x00000000ed380000, 0x0000000100000000)
  eden space 32256K, 0% used [0x00000000eab00000,0x00000000eab00000,0x00000000eca80000)
  from space 4608K, 70% used [0x00000000ecf00000,0x00000000ed230000,0x00000000ed380000)
  to   space 4608K, 0% used [0x00000000eca80000,0x00000000eca80000,0x00000000ecf00000)
 ParOldGen       total 129536K, used 11982K [0x00000000c0000000, 0x00000000c7e80000, 0x00000000eab00000)
  object space 129536K, 9% used [0x00000000c0000000,0x00000000c0bb3bf8,0x00000000c7e80000)
 Metaspace       used 5985K, capacity 6960K, committed 7040K, reserved 1056768K
  class space    used 594K, capacity 616K, committed 640K, reserved 1048576K
}
Event: 1.595 GC heap before
{Heap before GC invocations=15 (full 0):
 PSYoungGen      total 36864K, used 35520K [0x00000000eab00000, 0x00000000ed380000, 0x0000000100000000)
  eden space 32256K, 100% used [0x00000000eab00000,0x00000000eca80000,0x00000000eca80000)
  from space 4608K, 70% used [0x00000000ecf00000,0x00000000ed230000,0x00000000ed380000)
  to   space 4608K, 0% used [0x00000000eca80000,0x00000000eca80000,0x00000000ecf00000)
 ParOldGen       total 129536K, used 11982K [0x00000000c0000000, 0x00000000c7e80000, 0x00000000eab00000)
  object space 129536K, 9% used [0x00000000c0000000,0x00000000c0bb3bf8,0x00000000c7e80000)
 Metaspace       used 6017K, capacity 6960K, committed 7040K, reserved 1056768K
  class space    used 594K, capacity 616K, committed 640K, reserved 1048576K
Event: 1.613 GC heap after
Heap after GC invocations=15 (full 0):
 PSYoungGen      total 36864K, used 4592K [0x00000000eab00000, 0x00000000eea80000, 0x0000000100000000)
  eden space 32256K, 0% used [0x00000000eab00000,0x00000000eab00000,0x00000000eca80000)
  from space 4608K, 99% used [0x00000000eca80000,0x00000000ecefc010,0x00000000ecf00000)
  to   space 6656K, 0% used [0x00000000ee400000,0x00000000ee400000,0x00000000eea80000)
 ParOldGen       total 129536K, used 15327K [0x00000000c0000000, 0x00000000c7e80000, 0x00000000eab00000)
  object space 129536K, 11% used [0x00000000c0000000,0x00000000c0ef7c48,0x00000000c7e80000)
 Metaspace       used 6017K, capacity 6960K, committed 7040K, reserved 1056768K
  class space    used 594K, capacity 616K, committed 640K, reserved 1048576K
}
Event: 1.787 GC heap before
{Heap before GC invocations=16 (full 0):
 PSYoungGen      total 36864K, used 36848K [0x00000000eab00000, 0x00000000eea80000, 0x0000000100000000)
  eden space 32256K, 100% used [0x00000000eab00000,0x00000000eca80000,0x00000000eca80000)
  from space 4608K, 99% used [0x00000000eca80000,0x00000000ecefc010,0x00000000ecf00000)
  to   space 6656K, 0% used [0x00000000ee400000,0x00000000ee400000,0x00000000eea80000)
 ParOldGen       total 129536K, used 15327K [0x00000000c0000000, 0x00000000c7e80000, 0x00000000eab00000)
  object space 129536K, 11% used [0x00000000c0000000,0x00000000c0ef7c48,0x00000000c7e80000)
 Metaspace       used 6033K, capacity 6960K, committed 7040K, reserved 1056768K
  class space    used 594K, capacity 616K, committed 640K, reserved 1048576K
Event: 1.803 GC heap after
Heap after GC invocations=16 (full 0):
 PSYoungGen      total 57344K, used 5152K [0x00000000eab00000, 0x00000000eec80000, 0x0000000100000000)
  eden space 50688K, 0% used [0x00000000eab00000,0x00000000eab00000,0x00000000edc80000)
  from space 6656K, 77% used [0x00000000ee400000,0x00000000ee908000,0x00000000eea80000)
  to   space 7680K, 0% used [0x00000000edc80000,0x00000000edc80000,0x00000000ee400000)
 ParOldGen       total 129536K, used 19313K [0x00000000c0000000, 0x00000000c7e80000, 0x00000000eab00000)
  object space 129536K, 14% used [0x00000000c0000000,0x00000000c12dc560,0x00000000c7e80000)
 Metaspace       used 6033K, capacity 6960K, committed 7040K, reserved 1056768K
  class space    used 594K, capacity 616K, committed 640K, reserved 1048576K
}
Event: 2.142 GC heap before
{Heap before GC invocations=17 (full 0):
 PSYoungGen      total 57344K, used 55840K [0x00000000eab00000, 0x00000000eec80000, 0x0000000100000000)
  eden space 50688K, 100% used [0x00000000eab00000,0x00000000edc80000,0x00000000edc80000)
  from space 6656K, 77% used [0x00000000ee400000,0x00000000ee908000,0x00000000eea80000)
  to   space 7680K, 0% used [0x00000000edc80000,0x00000000edc80000,0x00000000ee400000)
 ParOldGen       total 129536K, used 19313K [0x00000000c0000000, 0x00000000c7e80000, 0x00000000eab00000)
  object space 129536K, 14% used [0x00000000c0000000,0x00000000c12dc560,0x00000000c7e80000)
 Metaspace       used 6099K, capacity 7024K, committed 7296K, reserved 1056768K
  class space    used 594K, capacity 616K, committed 640K, reserved 1048576K
Event: 2.210 GC heap after
Heap after GC invocations=17 (full 0):
 PSYoungGen      total 58368K, used 7664K [0x00000000eab00000, 0x00000000f0580000, 0x0000000100000000)
  eden space 50688K, 0% used [0x00000000eab00000,0x00000000eab00000,0x00000000edc80000)
  from space 7680K, 99% used [0x00000000edc80000,0x00000000ee3fc1f0,0x00000000ee400000)
  to   space 10752K, 0% used [0x00000000efb00000,0x00000000efb00000,0x00000000f0580000)
 ParOldGen       total 129536K, used 24965K [0x00000000c0000000, 0x00000000c7e80000, 0x00000000eab00000)
  object space 129536K, 19% used [0x00000000c0000000,0x00000000c1861778,0x00000000c7e80000)
 Metaspace       used 6099K, capacity 7024K, committed 7296K, reserved 1056768K
  class space    used 594K, capacity 616K, committed 640K, reserved 1048576K
}
Event: 2.548 GC heap before
{Heap before GC invocations=18 (full 0):
 PSYoungGen      total 58368K, used 58352K [0x00000000eab00000, 0x00000000f0580000, 0x0000000100000000)
  eden space 50688K, 100% used [0x00000000eab00000,0x00000000edc80000,0x00000000edc80000)
  from space 7680K, 99% used [0x00000000edc80000,0x00000000ee3fc1f0,0x00000000ee400000)
  to   space 10752K, 0% used [0x00000000efb00000,0x00000000efb00000,0x00000000f0580000)
 ParOldGen       total 129536K, used 24965K [0x00000000c0000000, 0x00000000c7e80000, 0x00000000eab00000)
  object space 129536K, 19% used [0x00000000c0000000,0x00000000c1861778,0x00000000c7e80000)
 Metaspace       used 6105K, capacity 7024K, committed 7296K, reserved 1056768K
  class space    used 594K, capacity 616K, committed 640K, reserved 1048576K
Event: 2.602 GC heap after
Heap after GC invocations=18 (full 0):
 PSYoungGen      total 61440K, used 7828K [0x00000000eab00000, 0x00000000f0580000, 0x0000000100000000)
  eden space 50688K, 0% used [0x00000000eab00000,0x00000000eab00000,0x00000000edc80000)
  from space 10752K, 72% used [0x00000000efb00000,0x00000000f02a53e0,0x00000000f0580000)
  to   space 7680K, 0% used [0x00000000edc80000,0x00000000edc80000,0x00000000ee400000)
 ParOldGen       total 129536K, used 32639K [0x00000000c0000000, 0x00000000c7e80000, 0x00000000eab00000)
  object space 129536K, 25% used [0x00000000c0000000,0x00000000c1fdfc70,0x00000000c7e80000)
 Metaspace       used 6105K, capacity 7024K, committed 7296K, reserved 1056768K
  class space    used 594K, capacity 616K, committed 640K, reserved 1048576K
}

Deoptimization events (10 events):
Event: 1.239 Thread 0x0000000015e2e800 Uncommon trap: reason=class_check action=maybe_recompile pc=0x00000000029fa6bc method=java.util.HashMap.putVal(ILjava/lang/Object;Ljava/lang/Object;ZZ)Ljava/lang/Object; @ 203
Event: 1.239 Thread 0x0000000015e2e800 Uncommon trap: reason=bimorphic action=maybe_recompile pc=0x0000000002780dc8 method=java.util.HashMap.getNode(ILjava/lang/Object;)Ljava/util/HashMap$Node; @ 126
Event: 1.348 Thread 0x0000000015e2e800 Uncommon trap: reason=unreached action=reinterpret pc=0x00000000029fae5c method=com.android.dx.ssa.SsaMethod.updateOneDefinition(Lcom/android/dx/ssa/SsaInsn;Lcom/android/dx/rop/code/RegisterSpec;)V @ 4
Event: 1.438 Thread 0x0000000015dc3000 Uncommon trap: reason=bimorphic action=maybe_recompile pc=0x0000000002b43f44 method=com.android.dx.cf.code.BytecodeArray.parseInstruction(ILcom/android/dx/cf/code/BytecodeArray$Visitor;)I @ 1501
Event: 1.438 Thread 0x0000000015dc3000 Uncommon trap: reason=bimorphic action=maybe_recompile pc=0x0000000002b43f44 method=com.android.dx.cf.code.BytecodeArray.parseInstruction(ILcom/android/dx/cf/code/BytecodeArray$Visitor;)I @ 1501
Event: 1.719 Thread 0x0000000015e2e800 Uncommon trap: reason=bimorphic action=maybe_recompile pc=0x0000000002b44c80 method=com.android.dx.cf.code.BytecodeArray.parseInstruction(ILcom/android/dx/cf/code/BytecodeArray$Visitor;)I @ 1130
Event: 1.719 Thread 0x0000000015e2e800 Uncommon trap: reason=bimorphic action=maybe_recompile pc=0x0000000002b44c80 method=com.android.dx.cf.code.BytecodeArray.parseInstruction(ILcom/android/dx/cf/code/BytecodeArray$Visitor;)I @ 1130
Event: 1.888 Thread 0x0000000015dc3000 Uncommon trap: reason=unreached action=reinterpret pc=0x0000000002b68db8 method=com.android.dx.ssa.SCCP.simulateBranch(Lcom/android/dx/ssa/SsaInsn;)V @ 132
Event: 1.892 Thread 0x0000000015dc3000 Uncommon trap: reason=class_check action=maybe_recompile pc=0x00000000029fa6bc method=java.util.HashMap.putVal(ILjava/lang/Object;Ljava/lang/Object;ZZ)Ljava/lang/Object; @ 203
Event: 2.314 Thread 0x0000000015e2e800 Uncommon trap: reason=unreached action=reinterpret pc=0x0000000002b113f8 method=com.android.dx.rop.code.LocalItem.compareHandlesNulls(Lcom/android/dx/rop/cst/CstString;Lcom/android/dx/rop/cst/CstString;)I @ 14

Internal exceptions (10 events):
Event: 0.405 Thread 0x0000000015e2e800 Exception <a 'java/security/PrivilegedActionException'> (0x00000000eb2b2b10) thrown at [D:\re\workspace\8-2-build-windows-amd64-cygwin\jdk8u5\2488\hotspot\src\share\vm\prims\jvm.cpp, line 1248]
Event: 0.420 Thread 0x0000000002430800 Exception <a 'java/security/PrivilegedActionException'> (0x00000000eab29328) thrown at [D:\re\workspace\8-2-build-windows-amd64-cygwin\jdk8u5\2488\hotspot\src\share\vm\prims\jvm.cpp, line 1248]
Event: 0.420 Thread 0x0000000002430800 Exception <a 'java/security/PrivilegedActionException'> (0x00000000eab2b8f0) thrown at [D:\re\workspace\8-2-build-windows-amd64-cygwin\jdk8u5\2488\hotspot\src\share\vm\prims\jvm.cpp, line 1248]
Event: 0.482 Thread 0x0000000002430800 Exception <a 'java/security/PrivilegedActionException'> (0x00000000eadc4148) thrown at [D:\re\workspace\8-2-build-windows-amd64-cygwin\jdk8u5\2488\hotspot\src\share\vm\prims\jvm.cpp, line 1248]
Event: 0.514 Thread 0x0000000015e08000 Exception <a 'java/security/PrivilegedActionException'> (0x00000000eae2ae68) thrown at [D:\re\workspace\8-2-build-windows-amd64-cygwin\jdk8u5\2488\hotspot\src\share\vm\prims\jvm.cpp, line 1248]
Event: 0.847 Thread 0x0000000002430800 Implicit null exception at 0x00000000028acab6 to 0x00000000028aee89
Event: 0.997 Thread 0x0000000015e57800 Exception <a 'java/security/PrivilegedActionException'> (0x00000000eb0551c0) thrown at [D:\re\workspace\8-2-build-windows-amd64-cygwin\jdk8u5\2488\hotspot\src\share\vm\prims\jvm.cpp, line 1248]
Event: 1.344 Thread 0x0000000002430800 Exception <a 'java/security/PrivilegedActionException'> (0x00000000eb9247e8) thrown at [D:\re\workspace\8-2-build-windows-amd64-cygwin\jdk8u5\2488\hotspot\src\share\vm\prims\jvm.cpp, line 1248]
Event: 1.348 Thread 0x0000000015e2e800 Exception <a 'java/security/PrivilegedActionException'> (0x00000000eb9bb118) thrown at [D:\re\workspace\8-2-build-windows-amd64-cygwin\jdk8u5\2488\hotspot\src\share\vm\prims\jvm.cpp, line 1248]
Event: 2.314 Thread 0x0000000015e2e800 Implicit null exception at 0x0000000002b101c9 to 0x0000000002b113d9

Events (10 events):
Event: 2.210 Executing VM operation: ParallelGCFailedAllocation done
Event: 2.294 Thread 0x0000000015e08000 DEOPT PACKING pc=0x0000000002beecc2 sp=0x0000000016bfe920
Event: 2.294 Thread 0x0000000015e08000 DEOPT UNPACKING pc=0x0000000002577204 sp=0x0000000016bfe6e0 mode 0
Event: 2.314 Thread 0x0000000015e2e800 Uncommon trap: trap_request=0xffffffad fr.pc=0x0000000002b113f8
Event: 2.314 Thread 0x0000000015e2e800 DEOPT PACKING pc=0x0000000002b113f8 sp=0x00000000169fe800
Event: 2.314 Thread 0x0000000015e2e800 DEOPT UNPACKING pc=0x00000000025773ef sp=0x00000000169fe598 mode 2
Event: 2.481 Thread 0x0000000015e2e800 DEOPT PACKING pc=0x0000000002b0e571 sp=0x00000000169fe8b0
Event: 2.481 Thread 0x0000000015e2e800 DEOPT UNPACKING pc=0x0000000002577204 sp=0x00000000169fe620 mode 0
Event: 2.548 Executing VM operation: ParallelGCFailedAllocation
Event: 2.602 Executing VM operation: ParallelGCFailedAllocation done


Dynamic libraries:
0x00007ff6847a0000 - 0x00007ff6847d4000 	D:\ProgramFiles\Java\jdk1.8.0_05\bin\java.exe
0x00007ffeb9170000 - 0x00007ffeb9331000 	C:\WINDOWS\SYSTEM32\ntdll.dll
0x00007ffeb8bb0000 - 0x00007ffeb8c5d000 	C:\WINDOWS\system32\KERNEL32.DLL
0x00007ffeb5b50000 - 0x00007ffeb5d38000 	C:\WINDOWS\system32\KERNELBASE.dll
0x00007ffeb69e0000 - 0x00007ffeb6a87000 	C:\WINDOWS\system32\ADVAPI32.dll
0x00007ffeb8fa0000 - 0x00007ffeb903d000 	C:\WINDOWS\system32\msvcrt.dll
0x00007ffeb6c20000 - 0x00007ffeb6c7b000 	C:\WINDOWS\system32\sechost.dll
0x00007ffeb9040000 - 0x00007ffeb915c000 	C:\WINDOWS\system32\RPCRT4.dll
0x00007ffeb8e00000 - 0x00007ffeb8f56000 	C:\WINDOWS\system32\USER32.dll
0x00007ffeb6a90000 - 0x00007ffeb6c16000 	C:\WINDOWS\system32\GDI32.dll
0x00007ffea8cb0000 - 0x00007ffea8f24000 	C:\WINDOWS\WinSxS\amd64_microsoft.windows.common-controls_6595b64144ccf1df_6.0.10586.0_none_8c15ae12515e1c22\COMCTL32.dll
0x00007ffeb6c80000 - 0x00007ffeb6efd000 	C:\WINDOWS\system32\combase.dll
0x00007ffeb58b0000 - 0x00007ffeb591a000 	C:\WINDOWS\system32\bcryptPrimitives.dll
0x00007ffeb8f60000 - 0x00007ffeb8f9b000 	C:\WINDOWS\system32\IMM32.DLL
0x00000000574d0000 - 0x00000000575a2000 	D:\ProgramFiles\Java\jdk1.8.0_05\jre\bin\msvcr100.dll
0x0000000057a40000 - 0x000000005826a000 	D:\ProgramFiles\Java\jdk1.8.0_05\jre\bin\server\jvm.dll
0x00007ffeb9160000 - 0x00007ffeb9168000 	C:\WINDOWS\system32\PSAPI.DLL
0x00007ffeae570000 - 0x00007ffeae579000 	C:\WINDOWS\SYSTEM32\WSOCK32.dll
0x00007ffeb71b0000 - 0x00007ffeb721b000 	C:\WINDOWS\system32\WS2_32.dll
0x00007ffeb39b0000 - 0x00007ffeb39d3000 	C:\WINDOWS\SYSTEM32\WINMM.dll
0x00007ffeb29e0000 - 0x00007ffeb2a0c000 	C:\WINDOWS\SYSTEM32\WINMMBASE.dll
0x00007ffeb5eb0000 - 0x00007ffeb5ef3000 	C:\WINDOWS\system32\cfgmgr32.dll
0x0000000057950000 - 0x000000005795f000 	D:\ProgramFiles\Java\jdk1.8.0_05\jre\bin\verify.dll
0x0000000057920000 - 0x0000000057948000 	D:\ProgramFiles\Java\jdk1.8.0_05\jre\bin\java.dll
0x0000000057900000 - 0x0000000057916000 	D:\ProgramFiles\Java\jdk1.8.0_05\jre\bin\zip.dll
0x00007ffeb7220000 - 0x00007ffeb877c000 	C:\WINDOWS\system32\SHELL32.dll
0x00007ffeb5f00000 - 0x00007ffeb6544000 	C:\WINDOWS\system32\windows.storage.dll
0x00007ffeb8da0000 - 0x00007ffeb8df2000 	C:\WINDOWS\system32\shlwapi.dll
0x00007ffeb57f0000 - 0x00007ffeb57ff000 	C:\WINDOWS\system32\kernel.appcore.dll
0x00007ffeb5d40000 - 0x00007ffeb5df5000 	C:\WINDOWS\system32\shcore.dll
0x00007ffeb57a0000 - 0x00007ffeb57eb000 	C:\WINDOWS\system32\powrprof.dll
0x00007ffeb5800000 - 0x00007ffeb5814000 	C:\WINDOWS\system32\profapi.dll
0x00007ffea26f0000 - 0x00007ffea287c000 	C:\WINDOWS\SYSTEM32\dbghelp.dll

VM Arguments:
jvm_args: -Djava.awt.headless=true -Xmx1024M -Dfile.encoding=GBK -Duser.country=CN -Duser.language=zh -Duser.variant 
java_command: com.android.dx.command.Main --dex --force-jumbo --num-threads=4 --multi-dex --output D:\java\StudioProjects\HolleKeiTi\app\build\intermediates\transforms\dex\debug\folders\1000\10\com.android.support-support-v4-23.3.0_c767bf5577665f33c17fb82a5239e458dafb5ee0 D:\java\StudioProjects\HolleKeiTi\app\build\intermediates\exploded-aar\com.android.support\support-v4\23.3.0\jars\classes.jar
java_class_path (initial): D:\ProgramFiles\Android\jdk\build-tools\23.0.3\lib\dx.jar
Launcher Type: SUN_STANDARD

Environment Variables:
JAVA_HOME=D:\ProgramFiles\Java\jdk1.8.0_05
PATH=C:\WINDOWS\system32;C:\WINDOWS;C:\WINDOWS\System32\Wbem;C:\WINDOWS\System32\WindowsPowerShell\v1.0\;D:\ProgramFiles\TortoiseSVN\bin;D:\ProgramFiles\Java\jdk1.8.0_05\bin
USERNAME=Administrator
OS=Windows_NT
PROCESSOR_IDENTIFIER=Intel64 Family 6 Model 60 Stepping 3, GenuineIntel



---------------  S Y S T E M  ---------------

OS: Windows 8.1 , 64 bit Build 9600 

CPU:total 2 (2 cores per cpu, 1 threads per core) family 6 model 60 stepping 3, cmov, cx8, fxsr, mmx, sse, sse2, sse3, ssse3, sse4.1, sse4.2, popcnt, clmul, erms, tsc, tscinvbit

Memory: 4k page, physical 8286416k(924672k free), swap 8286416k(6116k free)

vm_info: Java HotSpot(TM) 64-Bit Server VM (25.5-b02) for windows-amd64 JRE (1.8.0_05-b13), built on Mar 18 2014 01:08:39 by "java_re" with MS VC++ 10.0 (VS2010)

time: Fri May 13 11:44:40 2016
elapsed time: 2 seconds

