#
# There is insufficient memory for the Java Runtime Environment to continue.
# Native memory allocation (malloc) failed to allocate 32744 bytes for ChunkPool::allocate
# Possible reasons:
#   The system is out of physical RAM or swap space
#   In 32 bit mode, the process size limit was hit
# Possible solutions:
#   Reduce memory load on the system
#   Increase physical memory or swap space
#   Check if swap backing store is full
#   Use 64 bit Java on a 64 bit OS
#   Decrease Java heap size (-Xmx/-Xms)
#   Decrease number of Java threads
#   Decrease Java thread stack sizes (-Xss)
#   Set larger code cache with -XX:ReservedCodeCacheSize=
# This output file may be truncated or incomplete.
#
#  Out of Memory Error (allocation.cpp:271), pid=24344, tid=23484
#
# JRE version: Java(TM) SE Runtime Environment (8.0_05-b13) (build 1.8.0_05-b13)
# Java VM: Java HotSpot(TM) 64-Bit Server VM (25.5-b02 mixed mode windows-amd64 compressed oops)
# Failed to write core dump. Minidumps are not enabled by default on client versions of Windows
#

---------------  T H R E A D  ---------------

Current thread (0x0000000014a6d800):  JavaThread "C1 CompilerThread1" daemon [_thread_in_native, id=23484, stack(0x0000000015a40000,0x0000000015b40000)]

Stack: [0x0000000015a40000,0x0000000015b40000]
Native frames: (J=compiled Java code, j=interpreted, Vv=VM code, C=native code)
V  [jvm.dll+0x308dea]
V  [jvm.dll+0x25def1]
V  [jvm.dll+0x25eb0f]
V  [jvm.dll+0x2564e5]
V  [jvm.dll+0xbcd21]
V  [jvm.dll+0xbd45c]
V  [jvm.dll+0x3fff13]
V  [jvm.dll+0x40e573]
V  [jvm.dll+0x404649]
V  [jvm.dll+0x40c635]
V  [jvm.dll+0x412190]
V  [jvm.dll+0x4071f0]
V  [jvm.dll+0x3f1620]
V  [jvm.dll+0x3de3fd]
V  [jvm.dll+0x3de870]
V  [jvm.dll+0x3de9a2]
V  [jvm.dll+0x3deb68]
V  [jvm.dll+0x3ded6f]
V  [jvm.dll+0x96702]
V  [jvm.dll+0x96ef3]
V  [jvm.dll+0x2232c4]
V  [jvm.dll+0x27baca]
C  [msvcr100.dll+0x21d9f]
C  [msvcr100.dll+0x21e3b]
C  [KERNEL32.DLL+0x18102]
C  [ntdll.dll+0x5c5b4]


Current CompileTask:
C1:    402  362   !   3       com.android.dx.cf.code.BytecodeArray::parseInstruction (2764 bytes)


---------------  P R O C E S S  ---------------

Java Threads: ( => current thread )
  0x0000000015dad000 JavaThread "pool-2-thread-4" [_thread_blocked, id=7028, stack(0x0000000016540000,0x0000000016640000)]
  0x0000000015c8c800 JavaThread "pool-2-thread-3" [_thread_blocked, id=22256, stack(0x0000000016440000,0x0000000016540000)]
  0x0000000015c8f800 JavaThread "pool-2-thread-2" [_thread_blocked, id=17036, stack(0x0000000016340000,0x0000000016440000)]
  0x0000000015c6b800 JavaThread "pool-3-thread-1" [_thread_blocked, id=23308, stack(0x0000000016240000,0x0000000016340000)]
  0x0000000015c6a800 JavaThread "pool-2-thread-1" [_thread_blocked, id=23740, stack(0x0000000016140000,0x0000000016240000)]
  0x0000000014aad800 JavaThread "Service Thread" daemon [_thread_blocked, id=24424, stack(0x0000000015f40000,0x0000000016040000)]
=>0x0000000014a6d800 JavaThread "C1 CompilerThread1" daemon [_thread_in_native, id=23484, stack(0x0000000015a40000,0x0000000015b40000)]
  0x0000000014a6b800 JavaThread "C2 CompilerThread0" daemon [_thread_blocked, id=24312, stack(0x0000000015940000,0x0000000015a40000)]
  0x0000000014a1d800 JavaThread "Attach Listener" daemon [_thread_blocked, id=980, stack(0x0000000015840000,0x0000000015940000)]
  0x0000000014a1c000 JavaThread "Signal Dispatcher" daemon [_thread_blocked, id=19772, stack(0x0000000015740000,0x0000000015840000)]
  0x00000000149c3800 JavaThread "Finalizer" daemon [_thread_blocked, id=22404, stack(0x0000000015640000,0x0000000015740000)]
  0x00000000149be800 JavaThread "Reference Handler" daemon [_thread_blocked, id=23696, stack(0x0000000015540000,0x0000000015640000)]
  0x0000000002480800 JavaThread "main" [_thread_blocked, id=22884, stack(0x0000000001f90000,0x0000000002090000)]

Other Threads:
  0x00000000149ba000 VMThread [stack: 0x0000000015440000,0x0000000015540000] [id=23640]
  0x0000000015b54000 WatcherThread [stack: 0x0000000016040000,0x0000000016140000] [id=24548]

VM state:at safepoint (normal execution)

VM Mutex/Monitor currently owned by a thread:  ([mutex/lock_event])
[0x000000000051bcb0] Threads_lock - owner thread: 0x00000000149ba000
[0x000000000051c8b0] Heap_lock - owner thread: 0x0000000015c6a800

Heap:
 PSYoungGen      total 3072K, used 3048K [0x00000000eab00000, 0x00000000eaf00000, 0x0000000100000000)
  eden space 2048K, 100% used [0x00000000eab00000,0x00000000ead00000,0x00000000ead00000)
  from space 1024K, 97% used [0x00000000eae00000,0x00000000eaefa020,0x00000000eaf00000)
  to   space 1024K, 87% used [0x00000000ead00000,0x00000000eade0000,0x00000000eae00000)
 ParOldGen       total 129536K, used 1222K [0x00000000c0000000, 0x00000000c7e80000, 0x00000000eab00000)
  object space 129536K, 0% used [0x00000000c0000000,0x00000000c0131b98,0x00000000c7e80000)
 Metaspace       used 4581K, capacity 5808K, committed 6016K, reserved 1056768K
  class space    used 499K, capacity 552K, committed 640K, reserved 1048576K

Card table byte_map: [0x0000000011940000,0x0000000011b50000] byte_map_base: 0x0000000011340000

Marking Bits: (ParMarkBitMap*) 0x00000000581f13b0
 Begin Bits: [0x0000000011eb0000, 0x0000000012eb0000)
 End Bits:   [0x0000000012eb0000, 0x0000000013eb0000)

Polling page: 0x00000000001f0000

CodeCache: size=245760Kb used=1881Kb max_used=1892Kb free=243878Kb
 bounds [0x0000000002580000, 0x00000000027f0000, 0x0000000011580000]
 total_blobs=621 nmethods=361 adapters=175
 compilation: enabled

Compilation events (10 events):
Event: 0.386 Thread 0x0000000014a6d800 nmethod 357 0x0000000002756250 code [0x00000000027563a0, 0x0000000002756490]
Event: 0.386 Thread 0x0000000014a6b800  358       4       java.lang.String::equals (81 bytes)
Event: 0.386 Thread 0x0000000014a6d800  359       1       com.android.dx.cf.code.ByteBlock::getLabel (5 bytes)
Event: 0.386 Thread 0x0000000014a6d800 nmethod 359 0x0000000002756510 code [0x0000000002756660, 0x0000000002756770]
Event: 0.386 Thread 0x0000000014a6d800  360       1       com.android.dx.cf.code.Frame::getStack (5 bytes)
Event: 0.387 Thread 0x0000000014a6d800 nmethod 360 0x00000000027567d0 code [0x0000000002756920, 0x0000000002756a30]
Event: 0.387 Thread 0x0000000014a6d800  361       1       com.android.dx.rop.code.Insn::getOpcode (5 bytes)
Event: 0.387 Thread 0x0000000014a6d800 nmethod 361 0x0000000002756a90 code [0x0000000002756be0, 0x0000000002756cf0]
Event: 0.387 Thread 0x0000000014a6d800  362   !   3       com.android.dx.cf.code.BytecodeArray::parseInstruction (2764 bytes)
Event: 0.388 Thread 0x0000000014a6b800 nmethod 358 0x0000000002759b90 code [0x0000000002759ce0, 0x0000000002759f18]

GC Heap History (10 events):
Event: 0.184 GC heap before
{Heap before GC invocations=2 (full 0):
 PSYoungGen      total 1024K, used 981K [0x00000000eab00000, 0x00000000eac80000, 0x0000000100000000)
  eden space 512K, 99% used [0x00000000eab00000,0x00000000eab7f460,0x00000000eab80000)
  from space 512K, 92% used [0x00000000eab80000,0x00000000eabf6010,0x00000000eac00000)
  to   space 512K, 0% used [0x00000000eac00000,0x00000000eac00000,0x00000000eac80000)
 ParOldGen       total 129536K, used 0K [0x00000000c0000000, 0x00000000c7e80000, 0x00000000eab00000)
  object space 129536K, 0% used [0x00000000c0000000,0x00000000c0000000,0x00000000c7e80000)
 Metaspace       used 2895K, capacity 4486K, committed 4864K, reserved 1056768K
  class space    used 309K, capacity 386K, committed 512K, reserved 1048576K
Event: 0.185 GC heap after
Heap after GC invocations=2 (full 0):
 PSYoungGen      total 1024K, used 485K [0x00000000eab00000, 0x00000000ead00000, 0x0000000100000000)
  eden space 512K, 0% used [0x00000000eab00000,0x00000000eab00000,0x00000000eab80000)
  from space 512K, 94% used [0x00000000eac00000,0x00000000eac79640,0x00000000eac80000)
  to   space 512K, 0% used [0x00000000eab80000,0x00000000eab80000,0x00000000eac00000)
 ParOldGen       total 129536K, used 288K [0x00000000c0000000, 0x00000000c7e80000, 0x00000000eab00000)
  object space 129536K, 0% used [0x00000000c0000000,0x00000000c0048000,0x00000000c7e80000)
 Metaspace       used 2895K, capacity 4486K, committed 4864K, reserved 1056768K
  class space    used 309K, capacity 386K, committed 512K, reserved 1048576K
}
Event: 0.206 GC heap before
{Heap before GC invocations=3 (full 0):
 PSYoungGen      total 1024K, used 997K [0x00000000eab00000, 0x00000000ead00000, 0x0000000100000000)
  eden space 512K, 100% used [0x00000000eab00000,0x00000000eab80000,0x00000000eab80000)
  from space 512K, 94% used [0x00000000eac00000,0x00000000eac79640,0x00000000eac80000)
  to   space 512K, 0% used [0x00000000eab80000,0x00000000eab80000,0x00000000eac00000)
 ParOldGen       total 129536K, used 288K [0x00000000c0000000, 0x00000000c7e80000, 0x00000000eab00000)
  object space 129536K, 0% used [0x00000000c0000000,0x00000000c0048000,0x00000000c7e80000)
 Metaspace       used 3215K, capacity 4656K, committed 4864K, reserved 1056768K
  class space    used 349K, capacity 424K, committed 512K, reserved 1048576K
Event: 0.214 GC heap after
Heap after GC invocations=3 (full 0):
 PSYoungGen      total 1024K, used 504K [0x00000000eab00000, 0x00000000ead00000, 0x0000000100000000)
  eden space 512K, 0% used [0x00000000eab00000,0x00000000eab00000,0x00000000eab80000)
  from space 512K, 98% used [0x00000000eab80000,0x00000000eabfe030,0x00000000eac00000)
  to   space 512K, 0% used [0x00000000eac80000,0x00000000eac80000,0x00000000ead00000)
 ParOldGen       total 129536K, used 433K [0x00000000c0000000, 0x00000000c7e80000, 0x00000000eab00000)
  object space 129536K, 0% used [0x00000000c0000000,0x00000000c006c470,0x00000000c7e80000)
 Metaspace       used 3215K, capacity 4656K, committed 4864K, reserved 1056768K
  class space    used 349K, capacity 424K, committed 512K, reserved 1048576K
}
Event: 0.233 GC heap before
{Heap before GC invocations=4 (full 0):
 PSYoungGen      total 1024K, used 1011K [0x00000000eab00000, 0x00000000ead00000, 0x0000000100000000)
  eden space 512K, 99% used [0x00000000eab00000,0x00000000eab7ee58,0x00000000eab80000)
  from space 512K, 98% used [0x00000000eab80000,0x00000000eabfe030,0x00000000eac00000)
  to   space 512K, 0% used [0x00000000eac80000,0x00000000eac80000,0x00000000ead00000)
 ParOldGen       total 129536K, used 433K [0x00000000c0000000, 0x00000000c7e80000, 0x00000000eab00000)
  object space 129536K, 0% used [0x00000000c0000000,0x00000000c006c470,0x00000000c7e80000)
 Metaspace       used 3484K, capacity 4784K, committed 5120K, reserved 1056768K
  class space    used 384K, capacity 424K, committed 512K, reserved 1048576K
Event: 0.240 GC heap after
Heap after GC invocations=4 (full 0):
 PSYoungGen      total 1536K, used 504K [0x00000000eab00000, 0x00000000ead00000, 0x0000000100000000)
  eden space 1024K, 0% used [0x00000000eab00000,0x00000000eab00000,0x00000000eac00000)
  from space 512K, 98% used [0x00000000eac80000,0x00000000eacfe010,0x00000000ead00000)
  to   space 512K, 0% used [0x00000000eac00000,0x00000000eac00000,0x00000000eac80000)
 ParOldGen       total 129536K, used 580K [0x00000000c0000000, 0x00000000c7e80000, 0x00000000eab00000)
  object space 129536K, 0% used [0x00000000c0000000,0x00000000c0091130,0x00000000c7e80000)
 Metaspace       used 3484K, capacity 4784K, committed 5120K, reserved 1056768K
  class space    used 384K, capacity 424K, committed 512K, reserved 1048576K
}
Event: 0.284 GC heap before
{Heap before GC invocations=5 (full 0):
 PSYoungGen      total 1536K, used 1528K [0x00000000eab00000, 0x00000000ead00000, 0x0000000100000000)
  eden space 1024K, 100% used [0x00000000eab00000,0x00000000eac00000,0x00000000eac00000)
  from space 512K, 98% used [0x00000000eac80000,0x00000000eacfe010,0x00000000ead00000)
  to   space 512K, 0% used [0x00000000eac00000,0x00000000eac00000,0x00000000eac80000)
 ParOldGen       total 129536K, used 580K [0x00000000c0000000, 0x00000000c7e80000, 0x00000000eab00000)
  object space 129536K, 0% used [0x00000000c0000000,0x00000000c0091130,0x00000000c7e80000)
 Metaspace       used 3795K, capacity 5104K, committed 5376K, reserved 1056768K
  class space    used 428K, capacity 488K, committed 512K, reserved 1048576K
Event: 0.286 GC heap after
Heap after GC invocations=5 (full 0):
 PSYoungGen      total 1536K, used 504K [0x00000000eab00000, 0x00000000eaf00000, 0x0000000100000000)
  eden space 1024K, 0% used [0x00000000eab00000,0x00000000eab00000,0x00000000eac00000)
  from space 512K, 98% used [0x00000000eac00000,0x00000000eac7e010,0x00000000eac80000)
  to   space 1024K, 0% used [0x00000000eae00000,0x00000000eae00000,0x00000000eaf00000)
 ParOldGen       total 129536K, used 873K [0x00000000c0000000, 0x00000000c7e80000, 0x00000000eab00000)
  object space 129536K, 0% used [0x00000000c0000000,0x00000000c00da4f0,0x00000000c7e80000)
 Metaspace       used 3795K, capacity 5104K, committed 5376K, reserved 1056768K
  class space    used 428K, capacity 488K, committed 512K, reserved 1048576K
}
Event: 0.324 GC heap before
{Heap before GC invocations=6 (full 0):
 PSYoungGen      total 1536K, used 1528K [0x00000000eab00000, 0x00000000eaf00000, 0x0000000100000000)
  eden space 1024K, 100% used [0x00000000eab00000,0x00000000eac00000,0x00000000eac00000)
  from space 512K, 98% used [0x00000000eac00000,0x00000000eac7e010,0x00000000eac80000)
  to   space 1024K, 0% used [0x00000000eae00000,0x00000000eae00000,0x00000000eaf00000)
 ParOldGen       total 129536K, used 873K [0x00000000c0000000, 0x00000000c7e80000, 0x00000000eab00000)
  object space 129536K, 0% used [0x00000000c0000000,0x00000000c00da4f0,0x00000000c7e80000)
 Metaspace       used 3971K, capacity 5232K, committed 5376K, reserved 1056768K
  class space    used 444K, capacity 488K, committed 512K, reserved 1048576K
Event: 0.327 GC heap after
Heap after GC invocations=6 (full 0):
 PSYoungGen      total 3072K, used 1000K [0x00000000eab00000, 0x00000000eaf00000, 0x0000000100000000)
  eden space 2048K, 0% used [0x00000000eab00000,0x00000000eab00000,0x00000000ead00000)
  from space 1024K, 97% used [0x00000000eae00000,0x00000000eaefa020,0x00000000eaf00000)
  to   space 1024K, 0% used [0x00000000ead00000,0x00000000ead00000,0x00000000eae00000)
 ParOldGen       total 129536K, used 890K [0x00000000c0000000, 0x00000000c7e80000, 0x00000000eab00000)
  object space 129536K, 0% used [0x00000000c0000000,0x00000000c00dead0,0x00000000c7e80000)
 Metaspace       used 3971K, capacity 5232K, committed 5376K, reserved 1056768K
  class space    used 444K, capacity 488K, committed 512K, reserved 1048576K
}

Deoptimization events (0 events):
No events

Internal exceptions (10 events):
Event: 0.377 Thread 0x0000000015c8c800 Exception <a 'java/security/PrivilegedActionException'> (0x00000000eac57f70) thrown at [D:\re\workspace\8-2-build-windows-amd64-cygwin\jdk8u5\2488\hotspot\src\share\vm\prims\jvm.cpp, line 1248]
Event: 0.378 Thread 0x0000000015c8c800 Exception <a 'java/security/PrivilegedActionException'> (0x00000000eac62498) thrown at [D:\re\workspace\8-2-build-windows-amd64-cygwin\jdk8u5\2488\hotspot\src\share\vm\prims\jvm.cpp, line 1248]
Event: 0.379 Thread 0x0000000015c8c800 Exception <a 'java/security/PrivilegedActionException'> (0x00000000eac6d588) thrown at [D:\re\workspace\8-2-build-windows-amd64-cygwin\jdk8u5\2488\hotspot\src\share\vm\prims\jvm.cpp, line 1248]
Event: 0.380 Thread 0x0000000015c8c800 Exception <a 'java/security/PrivilegedActionException'> (0x00000000eac87828) thrown at [D:\re\workspace\8-2-build-windows-amd64-cygwin\jdk8u5\2488\hotspot\src\share\vm\prims\jvm.cpp, line 1248]
Event: 0.381 Thread 0x0000000015c8c800 Exception <a 'java/security/PrivilegedActionException'> (0x00000000eac90038) thrown at [D:\re\workspace\8-2-build-windows-amd64-cygwin\jdk8u5\2488\hotspot\src\share\vm\prims\jvm.cpp, line 1248]
Event: 0.382 Thread 0x0000000015c8f800 Exception <a 'java/security/PrivilegedActionException'> (0x00000000eac4a608) thrown at [D:\re\workspace\8-2-build-windows-amd64-cygwin\jdk8u5\2488\hotspot\src\share\vm\prims\jvm.cpp, line 1248]
Event: 0.383 Thread 0x0000000015c8c800 Exception <a 'java/security/PrivilegedActionException'> (0x00000000eac963f0) thrown at [D:\re\workspace\8-2-build-windows-amd64-cygwin\jdk8u5\2488\hotspot\src\share\vm\prims\jvm.cpp, line 1248]
Event: 0.389 Thread 0x0000000015dad000 Exception <a 'java/security/PrivilegedActionException'> (0x00000000eaca7798) thrown at [D:\re\workspace\8-2-build-windows-amd64-cygwin\jdk8u5\2488\hotspot\src\share\vm\prims\jvm.cpp, line 1248]
Event: 0.390 Thread 0x0000000015dad000 Exception <a 'java/security/PrivilegedActionException'> (0x00000000eacacd80) thrown at [D:\re\workspace\8-2-build-windows-amd64-cygwin\jdk8u5\2488\hotspot\src\share\vm\prims\jvm.cpp, line 1248]
Event: 0.390 Thread 0x0000000015dad000 Exception <a 'java/security/PrivilegedActionException'> (0x00000000eacaf208) thrown at [D:\re\workspace\8-2-build-windows-amd64-cygwin\jdk8u5\2488\hotspot\src\share\vm\prims\jvm.cpp, line 1248]

Events (10 events):
Event: 0.383 loading class java/util/ArrayList$Itr
Event: 0.383 loading class java/util/ArrayList$Itr done
Event: 0.383 loading class com/android/dx/cf/code/Merger
Event: 0.383 loading class com/android/dx/cf/code/Merger done
Event: 0.389 loading class com/android/dx/rop/code/BasicBlockList
Event: 0.389 loading class com/android/dx/rop/code/BasicBlockList done
Event: 0.390 loading class com/android/dx/rop/code/Insn$Visitor
Event: 0.390 loading class com/android/dx/rop/code/Insn$Visitor done
Event: 0.390 loading class com/android/dx/rop/code/RopMethod
Event: 0.390 loading class com/android/dx/rop/code/RopMethod done


Dynamic libraries:
0x00007ff6847a0000 - 0x00007ff6847d4000 	D:\ProgramFiles\Java\jdk1.8.0_05\bin\java.exe
0x00007ffeb9170000 - 0x00007ffeb9331000 	C:\WINDOWS\SYSTEM32\ntdll.dll
0x00007ffeb8bb0000 - 0x00007ffeb8c5d000 	C:\WINDOWS\system32\KERNEL32.DLL
0x00007ffeb5b50000 - 0x00007ffeb5d38000 	C:\WINDOWS\system32\KERNELBASE.dll
0x00007ffeb69e0000 - 0x00007ffeb6a87000 	C:\WINDOWS\system32\ADVAPI32.dll
0x00007ffeb8fa0000 - 0x00007ffeb903d000 	C:\WINDOWS\system32\msvcrt.dll
0x00007ffeb6c20000 - 0x00007ffeb6c7b000 	C:\WINDOWS\system32\sechost.dll
0x00007ffeb9040000 - 0x00007ffeb915c000 	C:\WINDOWS\system32\RPCRT4.dll
0x00007ffeb8e00000 - 0x00007ffeb8f56000 	C:\WINDOWS\system32\USER32.dll
0x00007ffeb6a90000 - 0x00007ffeb6c16000 	C:\WINDOWS\system32\GDI32.dll
0x00007ffea8cb0000 - 0x00007ffea8f24000 	C:\WINDOWS\WinSxS\amd64_microsoft.windows.common-controls_6595b64144ccf1df_6.0.10586.0_none_8c15ae12515e1c22\COMCTL32.dll
0x00007ffeb6c80000 - 0x00007ffeb6efd000 	C:\WINDOWS\system32\combase.dll
0x00007ffeb58b0000 - 0x00007ffeb591a000 	C:\WINDOWS\system32\bcryptPrimitives.dll
0x00007ffeb8f60000 - 0x00007ffeb8f9b000 	C:\WINDOWS\system32\IMM32.DLL
0x00000000574d0000 - 0x00000000575a2000 	D:\ProgramFiles\Java\jdk1.8.0_05\jre\bin\msvcr100.dll
0x0000000057a40000 - 0x000000005826a000 	D:\ProgramFiles\Java\jdk1.8.0_05\jre\bin\server\jvm.dll
0x00007ffeb9160000 - 0x00007ffeb9168000 	C:\WINDOWS\system32\PSAPI.DLL
0x00007ffeae570000 - 0x00007ffeae579000 	C:\WINDOWS\SYSTEM32\WSOCK32.dll
0x00007ffeb71b0000 - 0x00007ffeb721b000 	C:\WINDOWS\system32\WS2_32.dll
0x00007ffeb39b0000 - 0x00007ffeb39d3000 	C:\WINDOWS\SYSTEM32\WINMM.dll
0x00007ffeb29e0000 - 0x00007ffeb2a0c000 	C:\WINDOWS\SYSTEM32\WINMMBASE.dll
0x00007ffeb5eb0000 - 0x00007ffeb5ef3000 	C:\WINDOWS\system32\cfgmgr32.dll
0x0000000057950000 - 0x000000005795f000 	D:\ProgramFiles\Java\jdk1.8.0_05\jre\bin\verify.dll
0x0000000057920000 - 0x0000000057948000 	D:\ProgramFiles\Java\jdk1.8.0_05\jre\bin\java.dll
0x0000000057900000 - 0x0000000057916000 	D:\ProgramFiles\Java\jdk1.8.0_05\jre\bin\zip.dll
0x00007ffeb7220000 - 0x00007ffeb877c000 	C:\WINDOWS\system32\SHELL32.dll
0x00007ffeb5f00000 - 0x00007ffeb6544000 	C:\WINDOWS\system32\windows.storage.dll
0x00007ffeb8da0000 - 0x00007ffeb8df2000 	C:\WINDOWS\system32\shlwapi.dll
0x00007ffeb57f0000 - 0x00007ffeb57ff000 	C:\WINDOWS\system32\kernel.appcore.dll
0x00007ffeb5d40000 - 0x00007ffeb5df5000 	C:\WINDOWS\system32\shcore.dll
0x00007ffeb57a0000 - 0x00007ffeb57eb000 	C:\WINDOWS\system32\powrprof.dll
0x00007ffeb5800000 - 0x00007ffeb5814000 	C:\WINDOWS\system32\profapi.dll
0x00007ffea26f0000 - 0x00007ffea287c000 	C:\WINDOWS\SYSTEM32\dbghelp.dll

VM Arguments:
jvm_args: -Djava.awt.headless=true -Xmx1024M -Dfile.encoding=GBK -Duser.country=CN -Duser.language=zh -Duser.variant 
java_command: com.android.dx.command.Main --dex --force-jumbo --num-threads=4 --multi-dex --output D:\java\StudioProjects\HolleKeiTi\app\build\intermediates\transforms\dex\debug\folders\1000\5\slice_9 D:\java\StudioProjects\HolleKeiTi\app\build\intermediates\transforms\instantRunSlicer\debug\folders\1\5\slice_9
java_class_path (initial): D:\ProgramFiles\Android\jdk\build-tools\23.0.3\lib\dx.jar
Launcher Type: SUN_STANDARD

Environment Variables:
JAVA_HOME=D:\ProgramFiles\Java\jdk1.8.0_05
PATH=C:\WINDOWS\system32;C:\WINDOWS;C:\WINDOWS\System32\Wbem;C:\WINDOWS\System32\WindowsPowerShell\v1.0\;D:\ProgramFiles\TortoiseSVN\bin;D:\ProgramFiles\Java\jdk1.8.0_05\bin
USERNAME=Administrator
OS=Windows_NT
PROCESSOR_IDENTIFIER=Intel64 Family 6 Model 60 Stepping 3, GenuineIntel



---------------  S Y S T E M  ---------------

OS: Windows 8.1 , 64 bit Build 9600 

CPU:total 2 (2 cores per cpu, 1 threads per core) family 6 model 60 stepping 3, cmov, cx8, fxsr, mmx, sse, sse2, sse3, ssse3, sse4.1, sse4.2, popcnt, clmul, erms, tsc, tscinvbit

Memory: 4k page, physical 8286416k(871892k free), swap 8286416k(4028k free)

vm_info: Java HotSpot(TM) 64-Bit Server VM (25.5-b02) for windows-amd64 JRE (1.8.0_05-b13), built on Mar 18 2014 01:08:39 by "java_re" with MS VC++ 10.0 (VS2010)

time: Fri May 13 11:57:50 2016
elapsed time: 0 seconds

