#
# There is insufficient memory for the Java Runtime Environment to continue.
# Native memory allocation (malloc) failed to allocate 32744 bytes for ChunkPool::allocate
# Possible reasons:
#   The system is out of physical RAM or swap space
#   In 32 bit mode, the process size limit was hit
# Possible solutions:
#   Reduce memory load on the system
#   Increase physical memory or swap space
#   Check if swap backing store is full
#   Use 64 bit Java on a 64 bit OS
#   Decrease Java heap size (-Xmx/-Xms)
#   Decrease number of Java threads
#   Decrease Java thread stack sizes (-Xss)
#   Set larger code cache with -XX:ReservedCodeCacheSize=
# This output file may be truncated or incomplete.
#
#  Out of Memory Error (allocation.cpp:271), pid=22664, tid=24348
#
# JRE version: Java(TM) SE Runtime Environment (8.0_05-b13) (build 1.8.0_05-b13)
# Java VM: Java HotSpot(TM) 64-Bit Server VM (25.5-b02 mixed mode windows-amd64 compressed oops)
# Failed to write core dump. Minidumps are not enabled by default on client versions of Windows
#

---------------  T H R E A D  ---------------

Current thread (0x0000000015b3a000):  JavaThread "C1 CompilerThread1" daemon [_thread_in_native, id=24348, stack(0x0000000015f30000,0x0000000016030000)]

Stack: [0x0000000015f30000,0x0000000016030000]
Native frames: (J=compiled Java code, j=interpreted, Vv=VM code, C=native code)
V  [jvm.dll+0x308dea]


Current CompileTask:
C1:    295  348   !   3      
[error occurred during error reporting (printing current compile task), id 0xe0000001]


---------------  P R O C E S S  ---------------

Java Threads: ( => current thread )
  0x0000000015d41800 JavaThread "pool-2-thread-4" [_thread_blocked, id=24504, stack(0x0000000016630000,0x0000000016730000)]
  0x0000000015d3f000 JavaThread "pool-2-thread-3" [_thread_blocked, id=22868, stack(0x0000000016530000,0x0000000016630000)]
  0x0000000015c68000 JavaThread "pool-2-thread-2" [_thread_in_vm, id=20756, stack(0x0000000016430000,0x0000000016530000)]
  0x0000000015c67000 JavaThread "pool-3-thread-1" [_thread_blocked, id=24120, stack(0x0000000016330000,0x0000000016430000)]
  0x0000000015c66800 JavaThread "pool-2-thread-1" [_thread_blocked, id=4532, stack(0x0000000016230000,0x0000000016330000)]
  0x0000000015b4f000 JavaThread "Service Thread" daemon [_thread_blocked, id=23556, stack(0x0000000016030000,0x0000000016130000)]
=>0x0000000015b3a000 JavaThread "C1 CompilerThread1" daemon [_thread_in_native, id=24348, stack(0x0000000015f30000,0x0000000016030000)]
  0x0000000014b5e800 JavaThread "C2 CompilerThread0" daemon [_thread_blocked, id=21564, stack(0x0000000015a30000,0x0000000015b30000)]
  0x0000000014b5c800 JavaThread "Attach Listener" daemon [_thread_blocked, id=24328, stack(0x0000000015930000,0x0000000015a30000)]
  0x0000000014b0e800 JavaThread "Signal Dispatcher" daemon [_thread_blocked, id=24452, stack(0x0000000015830000,0x0000000015930000)]
  0x0000000014ab3800 JavaThread "Finalizer" daemon [_thread_blocked, id=23500, stack(0x0000000015730000,0x0000000015830000)]
  0x0000000014aae800 JavaThread "Reference Handler" daemon [_thread_blocked, id=21580, stack(0x0000000015630000,0x0000000015730000)]
  0x0000000002570800 JavaThread "main" [_thread_blocked, id=22760, stack(0x0000000001ef0000,0x0000000001ff0000)]

Other Threads:
  0x0000000014aaa800 VMThread [stack: 0x0000000015530000,0x0000000015630000] [id=7424]
  0x0000000015b50000 WatcherThread [stack: 0x0000000016130000,0x0000000016230000] [id=21604]

VM state:not at safepoint (normal execution)

VM Mutex/Monitor currently owned by a thread: None

Heap:
 PSYoungGen      total 2560K, used 1782K [0x00000000eab00000, 0x00000000eae00000, 0x0000000100000000)
  eden space 2048K, 62% used [0x00000000eab00000,0x00000000eac3f9a8,0x00000000ead00000)
  from space 512K, 98% used [0x00000000ead00000,0x00000000ead7e030,0x00000000ead80000)
  to   space 512K, 0% used [0x00000000ead80000,0x00000000ead80000,0x00000000eae00000)
 ParOldGen       total 129536K, used 1711K [0x00000000c0000000, 0x00000000c7e80000, 0x00000000eab00000)
  object space 129536K, 1% used [0x00000000c0000000,0x00000000c01abe40,0x00000000c7e80000)
 Metaspace       used 4547K, capacity 5744K, committed 6016K, reserved 1056768K
  class space    used 501K, capacity 552K, committed 640K, reserved 1048576K

Card table byte_map: [0x0000000011a30000,0x0000000011c40000] byte_map_base: 0x0000000011430000

Marking Bits: (ParMarkBitMap*) 0x00000000581f13b0
 Begin Bits: [0x0000000011fa0000, 0x0000000012fa0000)
 End Bits:   [0x0000000012fa0000, 0x0000000013fa0000)

Polling page: 0x00000000001f0000

CodeCache: size=245760Kb used=1841Kb max_used=1852Kb free=243918Kb
 bounds [0x0000000002670000, 0x00000000028e0000, 0x0000000011670000]
 total_blobs=611 nmethods=350 adapters=176
 compilation: enabled

Compilation events (10 events):
Event: 0.288 Thread 0x0000000015b3a000 nmethod 346 0x000000000283c350 code [0x000000000283c4a0, 0x000000000283c5f0]
Event: 0.288 Thread 0x0000000015b3a000  347       3       com.android.dx.rop.type.Type::hashCode (8 bytes)
Event: 0.288 Thread 0x0000000015b3a000 nmethod 347 0x000000000283c690 code [0x000000000283c800, 0x000000000283ca08]
Event: 0.288 Thread 0x0000000015b3a000  348   !   3       com.android.dx.cf.code.BytecodeArray::parseInstruction (2764 bytes)
Event: 0.290 Thread 0x0000000014b5e800  357   !   4       com.android.dx.util.FixedSizeList::get0 (47 bytes)
Event: 0.291 Thread 0x0000000014b5e800 nmethod 357 0x000000000283f790 code [0x000000000283f8c0, 0x000000000283f978]
Event: 0.291 Thread 0x0000000014b5e800  362       4       java.util.ArrayList::get (11 bytes)
Event: 0.292 Thread 0x0000000014b5e800 nmethod 362 0x000000000283fa50 code [0x000000000283fb80, 0x000000000283fc38]
Event: 0.293 Thread 0x0000000014b5e800  365       4       com.android.dx.cf.code.LineNumberList::get (9 bytes)
Event: 0.293 Thread 0x0000000014b5e800 nmethod 365 0x000000000283fd50 code [0x000000000283fea0, 0x000000000283ff78]

GC Heap History (10 events):
Event: 0.064 GC heap before
{Heap before GC invocations=1 (full 0):
 PSYoungGen      total 1024K, used 507K [0x00000000eab00000, 0x00000000eac80000, 0x0000000100000000)
  eden space 512K, 99% used [0x00000000eab00000,0x00000000eab7ece0,0x00000000eab80000)
  from space 512K, 0% used [0x00000000eac00000,0x00000000eac00000,0x00000000eac80000)
  to   space 512K, 0% used [0x00000000eab80000,0x00000000eab80000,0x00000000eac00000)
 ParOldGen       total 129536K, used 0K [0x00000000c0000000, 0x00000000c7e80000, 0x00000000eab00000)
  object space 129536K, 0% used [0x00000000c0000000,0x00000000c0000000,0x00000000c7e80000)
 Metaspace       used 1835K, capacity 4480K, committed 4480K, reserved 1056768K
  class space    used 204K, capacity 384K, committed 384K, reserved 1048576K
Event: 0.068 GC heap after
Heap after GC invocations=1 (full 0):
 PSYoungGen      total 1024K, used 440K [0x00000000eab00000, 0x00000000ead00000, 0x0000000100000000)
  eden space 512K, 0% used [0x00000000eab00000,0x00000000eab00000,0x00000000eab80000)
  from space 512K, 85% used [0x00000000eab80000,0x00000000eabee010,0x00000000eac00000)
  to   space 512K, 0% used [0x00000000eac80000,0x00000000eac80000,0x00000000ead00000)
 ParOldGen       total 129536K, used 0K [0x00000000c0000000, 0x00000000c7e80000, 0x00000000eab00000)
  object space 129536K, 0% used [0x00000000c0000000,0x00000000c0000000,0x00000000c7e80000)
 Metaspace       used 1835K, capacity 4480K, committed 4480K, reserved 1056768K
  class space    used 204K, capacity 384K, committed 384K, reserved 1048576K
}
Event: 0.113 GC heap before
{Heap before GC invocations=2 (full 0):
 PSYoungGen      total 1024K, used 942K [0x00000000eab00000, 0x00000000ead00000, 0x0000000100000000)
  eden space 512K, 98% used [0x00000000eab00000,0x00000000eab7d9c8,0x00000000eab80000)
  from space 512K, 85% used [0x00000000eab80000,0x00000000eabee010,0x00000000eac00000)
  to   space 512K, 0% used [0x00000000eac80000,0x00000000eac80000,0x00000000ead00000)
 ParOldGen       total 129536K, used 0K [0x00000000c0000000, 0x00000000c7e80000, 0x00000000eab00000)
  object space 129536K, 0% used [0x00000000c0000000,0x00000000c0000000,0x00000000c7e80000)
 Metaspace       used 2895K, capacity 4486K, committed 4864K, reserved 1056768K
  class space    used 309K, capacity 386K, committed 512K, reserved 1048576K
Event: 0.114 GC heap after
Heap after GC invocations=2 (full 0):
 PSYoungGen      total 1536K, used 485K [0x00000000eab00000, 0x00000000ead00000, 0x0000000100000000)
  eden space 1024K, 0% used [0x00000000eab00000,0x00000000eab00000,0x00000000eac00000)
  from space 512K, 94% used [0x00000000eac80000,0x00000000eacf9640,0x00000000ead00000)
  to   space 512K, 0% used [0x00000000eac00000,0x00000000eac00000,0x00000000eac80000)
 ParOldGen       total 129536K, used 288K [0x00000000c0000000, 0x00000000c7e80000, 0x00000000eab00000)
  object space 129536K, 0% used [0x00000000c0000000,0x00000000c0048000,0x00000000c7e80000)
 Metaspace       used 2895K, capacity 4486K, committed 4864K, reserved 1056768K
  class space    used 309K, capacity 386K, committed 512K, reserved 1048576K
}
Event: 0.149 GC heap before
{Heap before GC invocations=3 (full 0):
 PSYoungGen      total 1536K, used 1499K [0x00000000eab00000, 0x00000000ead00000, 0x0000000100000000)
  eden space 1024K, 99% used [0x00000000eab00000,0x00000000eabfd7b8,0x00000000eac00000)
  from space 512K, 94% used [0x00000000eac80000,0x00000000eacf9640,0x00000000ead00000)
  to   space 512K, 0% used [0x00000000eac00000,0x00000000eac00000,0x00000000eac80000)
 ParOldGen       total 129536K, used 288K [0x00000000c0000000, 0x00000000c7e80000, 0x00000000eab00000)
  object space 129536K, 0% used [0x00000000c0000000,0x00000000c0048000,0x00000000c7e80000)
 Metaspace       used 3444K, capacity 4720K, committed 4864K, reserved 1056768K
  class space    used 378K, capacity 424K, committed 512K, reserved 1048576K
Event: 0.150 GC heap after
Heap after GC invocations=3 (full 0):
 PSYoungGen      total 1536K, used 495K [0x00000000eab00000, 0x00000000eae00000, 0x0000000100000000)
  eden space 1024K, 0% used [0x00000000eab00000,0x00000000eab00000,0x00000000eac00000)
  from space 512K, 96% used [0x00000000eac00000,0x00000000eac7bc70,0x00000000eac80000)
  to   space 512K, 0% used [0x00000000ead80000,0x00000000ead80000,0x00000000eae00000)
 ParOldGen       total 129536K, used 567K [0x00000000c0000000, 0x00000000c7e80000, 0x00000000eab00000)
  object space 129536K, 0% used [0x00000000c0000000,0x00000000c008dd80,0x00000000c7e80000)
 Metaspace       used 3444K, capacity 4720K, committed 4864K, reserved 1056768K
  class space    used 378K, capacity 424K, committed 512K, reserved 1048576K
}
Event: 0.199 GC heap before
{Heap before GC invocations=4 (full 0):
 PSYoungGen      total 1536K, used 1519K [0x00000000eab00000, 0x00000000eae00000, 0x0000000100000000)
  eden space 1024K, 100% used [0x00000000eab00000,0x00000000eac00000,0x00000000eac00000)
  from space 512K, 96% used [0x00000000eac00000,0x00000000eac7bc70,0x00000000eac80000)
  to   space 512K, 0% used [0x00000000ead80000,0x00000000ead80000,0x00000000eae00000)
 ParOldGen       total 129536K, used 567K [0x00000000c0000000, 0x00000000c7e80000, 0x00000000eab00000)
  object space 129536K, 0% used [0x00000000c0000000,0x00000000c008dd80,0x00000000c7e80000)
 Metaspace       used 3753K, capacity 5008K, committed 5120K, reserved 1056768K
  class space    used 422K, capacity 456K, committed 512K, reserved 1048576K
Event: 0.201 GC heap after
Heap after GC invocations=4 (full 0):
 PSYoungGen      total 2560K, used 507K [0x00000000eab00000, 0x00000000eae00000, 0x0000000100000000)
  eden space 2048K, 0% used [0x00000000eab00000,0x00000000eab00000,0x00000000ead00000)
  from space 512K, 99% used [0x00000000ead80000,0x00000000eadfee50,0x00000000eae00000)
  to   space 512K, 0% used [0x00000000ead00000,0x00000000ead00000,0x00000000ead80000)
 ParOldGen       total 129536K, used 887K [0x00000000c0000000, 0x00000000c7e80000, 0x00000000eab00000)
  object space 129536K, 0% used [0x00000000c0000000,0x00000000c00ddd88,0x00000000c7e80000)
 Metaspace       used 3753K, capacity 5008K, committed 5120K, reserved 1056768K
  class space    used 422K, capacity 456K, committed 512K, reserved 1048576K
}
Event: 0.256 GC heap before
{Heap before GC invocations=5 (full 0):
 PSYoungGen      total 2560K, used 2555K [0x00000000eab00000, 0x00000000eae00000, 0x0000000100000000)
  eden space 2048K, 100% used [0x00000000eab00000,0x00000000ead00000,0x00000000ead00000)
  from space 512K, 99% used [0x00000000ead80000,0x00000000eadfee50,0x00000000eae00000)
  to   space 512K, 0% used [0x00000000ead00000,0x00000000ead00000,0x00000000ead80000)
 ParOldGen       total 129536K, used 887K [0x00000000c0000000, 0x00000000c7e80000, 0x00000000eab00000)
  object space 129536K, 0% used [0x00000000c0000000,0x00000000c00ddd88,0x00000000c7e80000)
 Metaspace       used 4140K, capacity 5392K, committed 5760K, reserved 1056768K
  class space    used 465K, capacity 520K, committed 640K, reserved 1048576K
Event: 0.259 GC heap after
Heap after GC invocations=5 (full 0):
 PSYoungGen      total 2560K, used 504K [0x00000000eab00000, 0x00000000eae00000, 0x0000000100000000)
  eden space 2048K, 0% used [0x00000000eab00000,0x00000000eab00000,0x00000000ead00000)
  from space 512K, 98% used [0x00000000ead00000,0x00000000ead7e030,0x00000000ead80000)
  to   space 512K, 0% used [0x00000000ead80000,0x00000000ead80000,0x00000000eae00000)
 ParOldGen       total 129536K, used 1711K [0x00000000c0000000, 0x00000000c7e80000, 0x00000000eab00000)
  object space 129536K, 1% used [0x00000000c0000000,0x00000000c01abe40,0x00000000c7e80000)
 Metaspace       used 4140K, capacity 5392K, committed 5760K, reserved 1056768K
  class space    used 465K, capacity 520K, committed 640K, reserved 1048576K
}

Deoptimization events (0 events):
No events

Internal exceptions (10 events):
Event: 0.280 Thread 0x0000000015c66800 Exception <a 'java/security/PrivilegedActionException'> (0x00000000eabd9368) thrown at [D:\re\workspace\8-2-build-windows-amd64-cygwin\jdk8u5\2488\hotspot\src\share\vm\prims\jvm.cpp, line 1248]
Event: 0.281 Thread 0x0000000015c66800 Exception <a 'java/security/PrivilegedActionException'> (0x00000000eabf35f8) thrown at [D:\re\workspace\8-2-build-windows-amd64-cygwin\jdk8u5\2488\hotspot\src\share\vm\prims\jvm.cpp, line 1248]
Event: 0.283 Thread 0x0000000015c66800 Exception <a 'java/security/PrivilegedActionException'> (0x00000000eabfbdd0) thrown at [D:\re\workspace\8-2-build-windows-amd64-cygwin\jdk8u5\2488\hotspot\src\share\vm\prims\jvm.cpp, line 1248]
Event: 0.284 Thread 0x0000000015d41800 Exception <a 'java/security/PrivilegedActionException'> (0x00000000eac022c0) thrown at [D:\re\workspace\8-2-build-windows-amd64-cygwin\jdk8u5\2488\hotspot\src\share\vm\prims\jvm.cpp, line 1248]
Event: 0.284 Thread 0x0000000015c68000 Exception <a 'java/security/PrivilegedActionException'> (0x00000000eab01e78) thrown at [D:\re\workspace\8-2-build-windows-amd64-cygwin\jdk8u5\2488\hotspot\src\share\vm\prims\jvm.cpp, line 1248]
Event: 0.285 Thread 0x0000000015c68000 Exception <a 'java/security/PrivilegedActionException'> (0x00000000eac0def0) thrown at [D:\re\workspace\8-2-build-windows-amd64-cygwin\jdk8u5\2488\hotspot\src\share\vm\prims\jvm.cpp, line 1248]
Event: 0.286 Thread 0x0000000015c68000 Exception <a 'java/security/PrivilegedActionException'> (0x00000000eac169a8) thrown at [D:\re\workspace\8-2-build-windows-amd64-cygwin\jdk8u5\2488\hotspot\src\share\vm\prims\jvm.cpp, line 1248]
Event: 0.286 Thread 0x0000000015c68000 Exception <a 'java/security/PrivilegedActionException'> (0x00000000eac18ae0) thrown at [D:\re\workspace\8-2-build-windows-amd64-cygwin\jdk8u5\2488\hotspot\src\share\vm\prims\jvm.cpp, line 1248]
Event: 0.286 Thread 0x0000000015c68000 Exception <a 'java/security/PrivilegedActionException'> (0x00000000eac1d488) thrown at [D:\re\workspace\8-2-build-windows-amd64-cygwin\jdk8u5\2488\hotspot\src\share\vm\prims\jvm.cpp, line 1248]
Event: 0.287 Thread 0x0000000015c68000 Exception <a 'java/security/PrivilegedActionException'> (0x00000000eac22dd0) thrown at [D:\re\workspace\8-2-build-windows-amd64-cygwin\jdk8u5\2488\hotspot\src\share\vm\prims\jvm.cpp, line 1248]

Events (10 events):
Event: 0.286 loading class com/android/dx/rop/code/Insn$Visitor done
Event: 0.286 loading class com/android/dx/rop/code/RopMethod
Event: 0.286 loading class com/android/dx/rop/code/RopMethod done
Event: 0.286 loading class com/android/dx/ssa/Optimizer
Event: 0.286 loading class com/android/dx/ssa/Optimizer done
Event: 0.287 loading class com/android/dx/ssa/Optimizer$OptionalStep
Event: 0.287 loading class com/android/dx/ssa/Optimizer$OptionalStep done
Event: 0.287 loading class java/util/EnumSet
Event: 0.287 loading class java/util/EnumSet done
Event: 0.288 loading class java/lang/Class$4


Dynamic libraries:
0x00007ff6847a0000 - 0x00007ff6847d4000 	D:\ProgramFiles\Java\jdk1.8.0_05\bin\java.exe
0x00007ffeb9170000 - 0x00007ffeb9331000 	C:\WINDOWS\SYSTEM32\ntdll.dll
0x00007ffeb8bb0000 - 0x00007ffeb8c5d000 	C:\WINDOWS\system32\KERNEL32.DLL
0x00007ffeb5b50000 - 0x00007ffeb5d38000 	C:\WINDOWS\system32\KERNELBASE.dll
0x00007ffeb69e0000 - 0x00007ffeb6a87000 	C:\WINDOWS\system32\ADVAPI32.dll
0x00007ffeb8fa0000 - 0x00007ffeb903d000 	C:\WINDOWS\system32\msvcrt.dll
0x00007ffeb6c20000 - 0x00007ffeb6c7b000 	C:\WINDOWS\system32\sechost.dll
0x00007ffeb9040000 - 0x00007ffeb915c000 	C:\WINDOWS\system32\RPCRT4.dll
0x00007ffeb8e00000 - 0x00007ffeb8f56000 	C:\WINDOWS\system32\USER32.dll
0x00007ffeb6a90000 - 0x00007ffeb6c16000 	C:\WINDOWS\system32\GDI32.dll
0x00007ffea8cb0000 - 0x00007ffea8f24000 	C:\WINDOWS\WinSxS\amd64_microsoft.windows.common-controls_6595b64144ccf1df_6.0.10586.0_none_8c15ae12515e1c22\COMCTL32.dll
0x00007ffeb6c80000 - 0x00007ffeb6efd000 	C:\WINDOWS\system32\combase.dll
0x00007ffeb58b0000 - 0x00007ffeb591a000 	C:\WINDOWS\system32\bcryptPrimitives.dll
0x00007ffeb8f60000 - 0x00007ffeb8f9b000 	C:\WINDOWS\system32\IMM32.DLL
0x00000000574d0000 - 0x00000000575a2000 	D:\ProgramFiles\Java\jdk1.8.0_05\jre\bin\msvcr100.dll
0x0000000057a40000 - 0x000000005826a000 	D:\ProgramFiles\Java\jdk1.8.0_05\jre\bin\server\jvm.dll
0x00007ffeb9160000 - 0x00007ffeb9168000 	C:\WINDOWS\system32\PSAPI.DLL
0x00007ffeae570000 - 0x00007ffeae579000 	C:\WINDOWS\SYSTEM32\WSOCK32.dll
0x00007ffeb71b0000 - 0x00007ffeb721b000 	C:\WINDOWS\system32\WS2_32.dll
0x00007ffeb39b0000 - 0x00007ffeb39d3000 	C:\WINDOWS\SYSTEM32\WINMM.dll
0x00007ffeb29e0000 - 0x00007ffeb2a0c000 	C:\WINDOWS\SYSTEM32\WINMMBASE.dll
0x00007ffeb5eb0000 - 0x00007ffeb5ef3000 	C:\WINDOWS\system32\cfgmgr32.dll
0x0000000057950000 - 0x000000005795f000 	D:\ProgramFiles\Java\jdk1.8.0_05\jre\bin\verify.dll
0x0000000057920000 - 0x0000000057948000 	D:\ProgramFiles\Java\jdk1.8.0_05\jre\bin\java.dll
0x0000000057900000 - 0x0000000057916000 	D:\ProgramFiles\Java\jdk1.8.0_05\jre\bin\zip.dll
0x00007ffeb7220000 - 0x00007ffeb877c000 	C:\WINDOWS\system32\SHELL32.dll
0x00007ffeb5f00000 - 0x00007ffeb6544000 	C:\WINDOWS\system32\windows.storage.dll
0x00007ffeb8da0000 - 0x00007ffeb8df2000 	C:\WINDOWS\system32\shlwapi.dll
0x00007ffeb57f0000 - 0x00007ffeb57ff000 	C:\WINDOWS\system32\kernel.appcore.dll
0x00007ffeb5d40000 - 0x00007ffeb5df5000 	C:\WINDOWS\system32\shcore.dll
0x00007ffeb57a0000 - 0x00007ffeb57eb000 	C:\WINDOWS\system32\powrprof.dll
0x00007ffeb5800000 - 0x00007ffeb5814000 	C:\WINDOWS\system32\profapi.dll

VM Arguments:
jvm_args: -Djava.awt.headless=true -Xmx1024M -Dfile.encoding=GBK -Duser.country=CN -Duser.language=zh -Duser.variant 
java_command: com.android.dx.command.Main --dex --force-jumbo --num-threads=4 --multi-dex --output D:\java\StudioProjects\HolleKeiTi\app\build\intermediates\transforms\dex\debug\folders\1000\10\com.android.support-support-vector-drawable-23.3.0_711d2dc6c5f904c620230ce8f8658fd1595d5277 D:\java\StudioProjects\HolleKeiTi\app\build\intermediates\exploded-aar\com.android.support\support-vector-drawable\23.3.0\jars\classes.jar
java_class_path (initial): D:\ProgramFiles\Android\jdk\build-tools\23.0.3\lib\dx.jar
Launcher Type: SUN_STANDARD

Environment Variables:
JAVA_HOME=D:\ProgramFiles\Java\jdk1.8.0_05
PATH=C:\WINDOWS\system32;C:\WINDOWS;C:\WINDOWS\System32\Wbem;C:\WINDOWS\System32\WindowsPowerShell\v1.0\;D:\ProgramFiles\TortoiseSVN\bin;D:\ProgramFiles\Java\jdk1.8.0_05\bin
USERNAME=Administrator
OS=Windows_NT
PROCESSOR_IDENTIFIER=Intel64 Family 6 Model 60 Stepping 3, GenuineIntel



---------------  S Y S T E M  ---------------

OS: Windows 8.1 , 64 bit Build 9600 

CPU:total 2 (2 cores per cpu, 1 threads per core) family 6 model 60 stepping 3, cmov, cx8, fxsr, mmx, sse, sse2, sse3, ssse3, sse4.1, sse4.2, popcnt, clmul, erms, tsc, tscinvbit

Memory: 4k page, physical 8286416k(871468k free), swap 8286416k(5128k free)

vm_info: Java HotSpot(TM) 64-Bit Server VM (25.5-b02) for windows-amd64 JRE (1.8.0_05-b13), built on Mar 18 2014 01:08:39 by "java_re" with MS VC++ 10.0 (VS2010)

time: Fri May 13 11:57:50 2016
elapsed time: 0 seconds

