#
# There is insufficient memory for the Java Runtime Environment to continue.
# Native memory allocation (malloc) failed to allocate 422736 bytes for Chunk::new
# Possible reasons:
#   The system is out of physical RAM or swap space
#   In 32 bit mode, the process size limit was hit
# Possible solutions:
#   Reduce memory load on the system
#   Increase physical memory or swap space
#   Check if swap backing store is full
#   Use 64 bit Java on a 64 bit OS
#   Decrease Java heap size (-Xmx/-Xms)
#   Decrease number of Java threads
#   Decrease Java thread stack sizes (-Xss)
#   Set larger code cache with -XX:ReservedCodeCacheSize=
# This output file may be truncated or incomplete.
#
#  Out of Memory Error (allocation.cpp:388), pid=23644, tid=23872
#
# JRE version: Java(TM) SE Runtime Environment (8.0_05-b13) (build 1.8.0_05-b13)
# Java VM: Java HotSpot(TM) 64-Bit Server VM (25.5-b02 mixed mode windows-amd64 compressed oops)
# Failed to write core dump. Minidumps are not enabled by default on client versions of Windows
#

---------------  T H R E A D  ---------------

Current thread (0x0000000014a7f800):  JavaThread "C2 CompilerThread0" daemon [_thread_in_native, id=23872, stack(0x0000000015950000,0x0000000015a50000)]

Stack: [0x0000000015950000,0x0000000015a50000]
Native frames: (J=compiled Java code, j=interpreted, Vv=VM code, C=native code)
V  [jvm.dll+0x308dea]
V  [jvm.dll+0x25def1]
V  [jvm.dll+0x25eb0f]
V  [jvm.dll+0x2564e5]
V  [jvm.dll+0xbcfc5]
V  [jvm.dll+0xbd45c]
V  [jvm.dll+0x4847f1]
V  [jvm.dll+0x4360bc]
V  [jvm.dll+0x44111e]
V  [jvm.dll+0x4436a9]
V  [jvm.dll+0x427532]
V  [jvm.dll+0x96702]
V  [jvm.dll+0x96ef3]
V  [jvm.dll+0x2232c4]
V  [jvm.dll+0x27baca]
C  [msvcr100.dll+0x21d9f]
C  [msvcr100.dll+0x21e3b]
C  [KERNEL32.DLL+0x18102]
C  [ntdll.dll+0x5c5b4]


Current CompileTask:
C2:   1221 1489   !   4       com.android.dx.cf.cst.ConstantPoolParser::parse0 (731 bytes)


---------------  P R O C E S S  ---------------

Java Threads: ( => current thread )
  0x0000000015de7000 JavaThread "pool-2-thread-4" [_thread_blocked, id=24368, stack(0x0000000016550000,0x0000000016650000)]
  0x0000000015dea000 JavaThread "pool-2-thread-3" [_thread_in_vm, id=23984, stack(0x0000000016450000,0x0000000016550000)]
  0x0000000015d6d000 JavaThread "pool-2-thread-2" [_thread_blocked, id=23852, stack(0x0000000016350000,0x0000000016450000)]
  0x0000000015d69800 JavaThread "pool-3-thread-1" [_thread_blocked, id=23760, stack(0x0000000016250000,0x0000000016350000)]
  0x0000000015da4000 JavaThread "pool-2-thread-1" [_thread_blocked, id=24396, stack(0x0000000016150000,0x0000000016250000)]
  0x0000000015b80800 JavaThread "Service Thread" daemon [_thread_blocked, id=7564, stack(0x0000000015f50000,0x0000000016050000)]
  0x0000000014a81800 JavaThread "C1 CompilerThread1" daemon [_thread_in_vm, id=24516, stack(0x0000000015a50000,0x0000000015b50000)]
=>0x0000000014a7f800 JavaThread "C2 CompilerThread0" daemon [_thread_in_native, id=23872, stack(0x0000000015950000,0x0000000015a50000)]
  0x0000000014a7d800 JavaThread "Attach Listener" daemon [_thread_blocked, id=24012, stack(0x0000000015850000,0x0000000015950000)]
  0x0000000014a2f800 JavaThread "Signal Dispatcher" daemon [_thread_blocked, id=22656, stack(0x0000000015750000,0x0000000015850000)]
  0x00000000149da000 JavaThread "Finalizer" daemon [_thread_blocked, id=24300, stack(0x0000000015650000,0x0000000015750000)]
  0x00000000149d0800 JavaThread "Reference Handler" daemon [_thread_blocked, id=23504, stack(0x0000000015550000,0x0000000015650000)]
  0x0000000002490800 JavaThread "main" [_thread_blocked, id=23036, stack(0x0000000001fe0000,0x00000000020e0000)]

Other Threads:
  0x00000000149cb800 VMThread [stack: 0x0000000015450000,0x0000000015550000] [id=20900]
  0x0000000015b81000 WatcherThread [stack: 0x0000000016050000,0x0000000016150000] [id=21572]

VM state:not at safepoint (normal execution)

VM Mutex/Monitor currently owned by a thread: None

Heap:
 PSYoungGen      total 18432K, used 10659K [0x00000000eab00000, 0x00000000eca00000, 0x0000000100000000)
  eden space 15872K, 52% used [0x00000000eab00000,0x00000000eb3343e0,0x00000000eba80000)
  from space 2560K, 88% used [0x00000000eba80000,0x00000000ebcb4950,0x00000000ebd00000)
  to   space 3072K, 0% used [0x00000000ec700000,0x00000000ec700000,0x00000000eca00000)
 ParOldGen       total 129536K, used 8123K [0x00000000c0000000, 0x00000000c7e80000, 0x00000000eab00000)
  object space 129536K, 6% used [0x00000000c0000000,0x00000000c07eef28,0x00000000c7e80000)
 Metaspace       used 5942K, capacity 6960K, committed 7040K, reserved 1056768K
  class space    used 594K, capacity 616K, committed 640K, reserved 1048576K

Card table byte_map: [0x0000000011950000,0x0000000011b60000] byte_map_base: 0x0000000011350000

Marking Bits: (ParMarkBitMap*) 0x00000000581f13b0
 Begin Bits: [0x0000000011ec0000, 0x0000000012ec0000)
 End Bits:   [0x0000000012ec0000, 0x0000000013ec0000)

Polling page: 0x00000000001f0000

CodeCache: size=245760Kb used=6196Kb max_used=6196Kb free=239563Kb
 bounds [0x0000000002590000, 0x0000000002bb0000, 0x0000000011590000]
 total_blobs=1849 nmethods=1584 adapters=180
 compilation: enabled

Compilation events (10 events):
Event: 1.196 Thread 0x0000000014a81800 1584       2       com.android.dx.cf.code.OneLocalsArray::makeInitialized (55 bytes)
Event: 1.196 Thread 0x0000000014a81800 nmethod 1584 0x0000000002b9c6d0 code [0x0000000002b9c860, 0x0000000002b9cbd8]
Event: 1.196 Thread 0x0000000014a81800 1585       1       com.android.dx.rop.cst.CstString::getType (4 bytes)
Event: 1.196 Thread 0x0000000014a81800 nmethod 1585 0x0000000002b9ced0 code [0x0000000002b9d020, 0x0000000002b9d130]
Event: 1.199 Thread 0x0000000014a81800 1586       2       com.android.dx.ssa.PhiTypeResolver::equalsHandlesNulls (23 bytes)
Event: 1.199 Thread 0x0000000014a81800 nmethod 1586 0x0000000002b9d190 code [0x0000000002b9d300, 0x0000000002b9d508]
Event: 1.209 Thread 0x0000000014a81800 1588  s    2       com.android.dx.dex.file.StringIdsSection::intern (53 bytes)
Event: 1.210 Thread 0x0000000014a81800 nmethod 1588 0x0000000002b9d610 code [0x0000000002b9d7c0, 0x0000000002b9dcd8]
Event: 1.210 Thread 0x0000000014a81800 1589       2       com.android.dx.dex.file.DexFile::internIfAppropriate (128 bytes)
Event: 1.211 Thread 0x0000000014a81800 nmethod 1589 0x0000000002b9dfd0 code [0x0000000002b9e1c0, 0x0000000002b9e8f8]

GC Heap History (10 events):
Event: 0.643 GC heap before
{Heap before GC invocations=11 (full 0):
 PSYoungGen      total 7680K, used 7664K [0x00000000eab00000, 0x00000000eb580000, 0x0000000100000000)
  eden space 6144K, 100% used [0x00000000eab00000,0x00000000eb100000,0x00000000eb100000)
  from space 1536K, 99% used [0x00000000eb300000,0x00000000eb47c310,0x00000000eb480000)
  to   space 2048K, 0% used [0x00000000eb100000,0x00000000eb100000,0x00000000eb300000)
 ParOldGen       total 129536K, used 1873K [0x00000000c0000000, 0x00000000c7e80000, 0x00000000eab00000)
  object space 129536K, 1% used [0x00000000c0000000,0x00000000c01d46b8,0x00000000c7e80000)
 Metaspace       used 5699K, capacity 6704K, committed 6784K, reserved 1056768K
  class space    used 593K, capacity 616K, committed 640K, reserved 1048576K
Event: 0.647 GC heap after
Heap after GC invocations=11 (full 0):
 PSYoungGen      total 8192K, used 1168K [0x00000000eab00000, 0x00000000eb900000, 0x0000000100000000)
  eden space 6144K, 0% used [0x00000000eab00000,0x00000000eab00000,0x00000000eb100000)
  from space 2048K, 57% used [0x00000000eb100000,0x00000000eb224010,0x00000000eb300000)
  to   space 2048K, 0% used [0x00000000eb700000,0x00000000eb700000,0x00000000eb900000)
 ParOldGen       total 129536K, used 2991K [0x00000000c0000000, 0x00000000c7e80000, 0x00000000eab00000)
  object space 129536K, 2% used [0x00000000c0000000,0x00000000c02ebe30,0x00000000c7e80000)
 Metaspace       used 5699K, capacity 6704K, committed 6784K, reserved 1056768K
  class space    used 593K, capacity 616K, committed 640K, reserved 1048576K
}
Event: 0.696 GC heap before
{Heap before GC invocations=12 (full 0):
 PSYoungGen      total 8192K, used 7312K [0x00000000eab00000, 0x00000000eb900000, 0x0000000100000000)
  eden space 6144K, 100% used [0x00000000eab00000,0x00000000eb100000,0x00000000eb100000)
  from space 2048K, 57% used [0x00000000eb100000,0x00000000eb224010,0x00000000eb300000)
  to   space 2048K, 0% used [0x00000000eb700000,0x00000000eb700000,0x00000000eb900000)
 ParOldGen       total 129536K, used 2991K [0x00000000c0000000, 0x00000000c7e80000, 0x00000000eab00000)
  object space 129536K, 2% used [0x00000000c0000000,0x00000000c02ebe30,0x00000000c7e80000)
 Metaspace       used 5729K, capacity 6768K, committed 7040K, reserved 1056768K
  class space    used 594K, capacity 616K, committed 640K, reserved 1048576K
Event: 0.702 GC heap after
Heap after GC invocations=12 (full 0):
 PSYoungGen      total 12288K, used 896K [0x00000000eab00000, 0x00000000eb900000, 0x0000000100000000)
  eden space 10240K, 0% used [0x00000000eab00000,0x00000000eab00000,0x00000000eb500000)
  from space 2048K, 43% used [0x00000000eb700000,0x00000000eb7e0000,0x00000000eb900000)
  to   space 2048K, 0% used [0x00000000eb500000,0x00000000eb500000,0x00000000eb700000)
 ParOldGen       total 129536K, used 4002K [0x00000000c0000000, 0x00000000c7e80000, 0x00000000eab00000)
  object space 129536K, 3% used [0x00000000c0000000,0x00000000c03e8ac8,0x00000000c7e80000)
 Metaspace       used 5729K, capacity 6768K, committed 7040K, reserved 1056768K
  class space    used 594K, capacity 616K, committed 640K, reserved 1048576K
}
Event: 0.943 GC heap before
{Heap before GC invocations=13 (full 0):
 PSYoungGen      total 12288K, used 11136K [0x00000000eab00000, 0x00000000eb900000, 0x0000000100000000)
  eden space 10240K, 100% used [0x00000000eab00000,0x00000000eb500000,0x00000000eb500000)
  from space 2048K, 43% used [0x00000000eb700000,0x00000000eb7e0000,0x00000000eb900000)
  to   space 2048K, 0% used [0x00000000eb500000,0x00000000eb500000,0x00000000eb700000)
 ParOldGen       total 129536K, used 4002K [0x00000000c0000000, 0x00000000c7e80000, 0x00000000eab00000)
  object space 129536K, 3% used [0x00000000c0000000,0x00000000c03e8ac8,0x00000000c7e80000)
 Metaspace       used 5887K, capacity 6896K, committed 7040K, reserved 1056768K
  class space    used 594K, capacity 616K, committed 640K, reserved 1048576K
Event: 0.946 GC heap after
Heap after GC invocations=13 (full 0):
 PSYoungGen      total 12288K, used 1869K [0x00000000eab00000, 0x00000000ebf00000, 0x0000000100000000)
  eden space 10240K, 0% used [0x00000000eab00000,0x00000000eab00000,0x00000000eb500000)
  from space 2048K, 91% used [0x00000000eb500000,0x00000000eb6d3510,0x00000000eb700000)
  to   space 2048K, 0% used [0x00000000ebd00000,0x00000000ebd00000,0x00000000ebf00000)
 ParOldGen       total 129536K, used 4818K [0x00000000c0000000, 0x00000000c7e80000, 0x00000000eab00000)
  object space 129536K, 3% used [0x00000000c0000000,0x00000000c04b4ac8,0x00000000c7e80000)
 Metaspace       used 5887K, capacity 6896K, committed 7040K, reserved 1056768K
  class space    used 594K, capacity 616K, committed 640K, reserved 1048576K
}
Event: 1.040 GC heap before
{Heap before GC invocations=14 (full 0):
 PSYoungGen      total 12288K, used 12109K [0x00000000eab00000, 0x00000000ebf00000, 0x0000000100000000)
  eden space 10240K, 100% used [0x00000000eab00000,0x00000000eb500000,0x00000000eb500000)
  from space 2048K, 91% used [0x00000000eb500000,0x00000000eb6d3510,0x00000000eb700000)
  to   space 2048K, 0% used [0x00000000ebd00000,0x00000000ebd00000,0x00000000ebf00000)
 ParOldGen       total 129536K, used 4818K [0x00000000c0000000, 0x00000000c7e80000, 0x00000000eab00000)
  object space 129536K, 3% used [0x00000000c0000000,0x00000000c04b4ac8,0x00000000c7e80000)
 Metaspace       used 5922K, capacity 6896K, committed 7040K, reserved 1056768K
  class space    used 594K, capacity 616K, committed 640K, reserved 1048576K
Event: 1.045 GC heap after
Heap after GC invocations=14 (full 0):
 PSYoungGen      total 17920K, used 1920K [0x00000000eab00000, 0x00000000ec000000, 0x0000000100000000)
  eden space 15872K, 0% used [0x00000000eab00000,0x00000000eab00000,0x00000000eba80000)
  from space 2048K, 93% used [0x00000000ebd00000,0x00000000ebee0000,0x00000000ebf00000)
  to   space 2560K, 0% used [0x00000000eba80000,0x00000000eba80000,0x00000000ebd00000)
 ParOldGen       total 129536K, used 6566K [0x00000000c0000000, 0x00000000c7e80000, 0x00000000eab00000)
  object space 129536K, 5% used [0x00000000c0000000,0x00000000c0669a88,0x00000000c7e80000)
 Metaspace       used 5922K, capacity 6896K, committed 7040K, reserved 1056768K
  class space    used 594K, capacity 616K, committed 640K, reserved 1048576K
}
Event: 1.170 GC heap before
{Heap before GC invocations=15 (full 0):
 PSYoungGen      total 17920K, used 17792K [0x00000000eab00000, 0x00000000ec000000, 0x0000000100000000)
  eden space 15872K, 100% used [0x00000000eab00000,0x00000000eba80000,0x00000000eba80000)
  from space 2048K, 93% used [0x00000000ebd00000,0x00000000ebee0000,0x00000000ebf00000)
  to   space 2560K, 0% used [0x00000000eba80000,0x00000000eba80000,0x00000000ebd00000)
 ParOldGen       total 129536K, used 6566K [0x00000000c0000000, 0x00000000c7e80000, 0x00000000eab00000)
  object space 129536K, 5% used [0x00000000c0000000,0x00000000c0669a88,0x00000000c7e80000)
 Metaspace       used 5939K, capacity 6896K, committed 7040K, reserved 1056768K
  class space    used 594K, capacity 616K, committed 640K, reserved 1048576K
Event: 1.176 GC heap after
Heap after GC invocations=15 (full 0):
 PSYoungGen      total 18432K, used 2258K [0x00000000eab00000, 0x00000000eca00000, 0x0000000100000000)
  eden space 15872K, 0% used [0x00000000eab00000,0x00000000eab00000,0x00000000eba80000)
  from space 2560K, 88% used [0x00000000eba80000,0x00000000ebcb4950,0x00000000ebd00000)
  to   space 3072K, 0% used [0x00000000ec700000,0x00000000ec700000,0x00000000eca00000)
 ParOldGen       total 129536K, used 8123K [0x00000000c0000000, 0x00000000c7e80000, 0x00000000eab00000)
  object space 129536K, 6% used [0x00000000c0000000,0x00000000c07eef28,0x00000000c7e80000)
 Metaspace       used 5939K, capacity 6896K, committed 7040K, reserved 1056768K
  class space    used 594K, capacity 616K, committed 640K, reserved 1048576K
}

Deoptimization events (4 events):
Event: 0.653 Thread 0x0000000015dea000 Uncommon trap: reason=null_check action=make_not_entrant pc=0x00000000028447d8 method=com.android.dx.ssa.SsaRenamer.getLocalForNewReg(I)Lcom/android/dx/rop/code/LocalItem; @ 19
Event: 0.914 Thread 0x0000000015dea000 Uncommon trap: reason=null_check action=make_not_entrant pc=0x00000000028b7d04 method=com.android.dx.ssa.SsaRenamer.getLocalForNewReg(I)Lcom/android/dx/rop/code/LocalItem; @ 19
Event: 1.063 Thread 0x0000000015dea000 Uncommon trap: reason=unreached action=reinterpret pc=0x000000000291b09c method=com.android.dx.rop.cst.Constant.compareTo(Lcom/android/dx/rop/cst/Constant;)I @ 12
Event: 1.119 Thread 0x0000000015d6d000 Uncommon trap: reason=uninitialized action=reinterpret pc=0x0000000002aecef4 method=com.android.dx.cf.code.BytecodeArray.parseInstruction(ILcom/android/dx/cf/code/BytecodeArray$Visitor;)I @ 999

Internal exceptions (10 events):
Event: 0.364 Thread 0x0000000015de7000 Exception <a 'java/security/PrivilegedActionException'> (0x00000000ead14c98) thrown at [D:\re\workspace\8-2-build-windows-amd64-cygwin\jdk8u5\2488\hotspot\src\share\vm\prims\jvm.cpp, line 1248]
Event: 0.367 Thread 0x0000000002490800 Exception <a 'java/security/PrivilegedActionException'> (0x00000000ead442b8) thrown at [D:\re\workspace\8-2-build-windows-amd64-cygwin\jdk8u5\2488\hotspot\src\share\vm\prims\jvm.cpp, line 1248]
Event: 0.389 Thread 0x0000000015de7000 Exception <a 'java/security/PrivilegedActionException'> (0x00000000eae4c340) thrown at [D:\re\workspace\8-2-build-windows-amd64-cygwin\jdk8u5\2488\hotspot\src\share\vm\prims\jvm.cpp, line 1248]
Event: 0.390 Thread 0x0000000015dea000 Exception <a 'java/security/PrivilegedActionException'> (0x00000000eae5dc30) thrown at [D:\re\workspace\8-2-build-windows-amd64-cygwin\jdk8u5\2488\hotspot\src\share\vm\prims\jvm.cpp, line 1248]
Event: 0.431 Thread 0x0000000015da4000 Exception <a 'java/security/PrivilegedActionException'> (0x00000000eac01c18) thrown at [D:\re\workspace\8-2-build-windows-amd64-cygwin\jdk8u5\2488\hotspot\src\share\vm\prims\jvm.cpp, line 1248]
Event: 0.449 Thread 0x0000000002490800 Exception <a 'java/security/PrivilegedActionException'> (0x00000000eaceaa70) thrown at [D:\re\workspace\8-2-build-windows-amd64-cygwin\jdk8u5\2488\hotspot\src\share\vm\prims\jvm.cpp, line 1248]
Event: 0.451 Thread 0x0000000002490800 Exception <a 'java/security/PrivilegedActionException'> (0x00000000eacfbe18) thrown at [D:\re\workspace\8-2-build-windows-amd64-cygwin\jdk8u5\2488\hotspot\src\share\vm\prims\jvm.cpp, line 1248]
Event: 0.653 Thread 0x0000000015dea000 Implicit null exception at 0x0000000002842430 to 0x00000000028447b1
Event: 0.914 Thread 0x0000000015dea000 Implicit null exception at 0x00000000028b547d to 0x00000000028b7ce1
Event: 1.004 Thread 0x0000000002490800 Exception <a 'java/security/PrivilegedActionException'> (0x00000000eb23f440) thrown at [D:\re\workspace\8-2-build-windows-amd64-cygwin\jdk8u5\2488\hotspot\src\share\vm\prims\jvm.cpp, line 1248]

Events (10 events):
Event: 1.063 Thread 0x0000000015dea000 DEOPT UNPACKING pc=0x00000000025d73ef sp=0x000000001654e870 mode 2
Event: 1.109 Thread 0x0000000015d6d000 DEOPT PACKING pc=0x00000000028223ff sp=0x000000001644e7a0
Event: 1.109 Thread 0x0000000015d6d000 DEOPT UNPACKING pc=0x00000000025d7204 sp=0x000000001644e538 mode 0
Event: 1.119 Thread 0x0000000015d6d000 Uncommon trap: trap_request=0xffffffb5 fr.pc=0x0000000002aecef4
Event: 1.119 Thread 0x0000000015d6d000 DEOPT PACKING pc=0x0000000002aecef4 sp=0x000000001644e990
Event: 1.119 Thread 0x0000000015d6d000 DEOPT UNPACKING pc=0x00000000025d73ef sp=0x000000001644e930 mode 2
Event: 1.134 Executing VM operation: ParallelGCFailedAllocation
Event: 1.176 Executing VM operation: ParallelGCFailedAllocation done
Event: 1.188 Thread 0x0000000015d6d000 DEOPT PACKING pc=0x00000000028b4ac0 sp=0x000000001644e9a0
Event: 1.188 Thread 0x0000000015d6d000 DEOPT UNPACKING pc=0x00000000025d7204 sp=0x000000001644e710 mode 0


Dynamic libraries:
0x00007ff6847a0000 - 0x00007ff6847d4000 	D:\ProgramFiles\Java\jdk1.8.0_05\bin\java.exe
0x00007ffeb9170000 - 0x00007ffeb9331000 	C:\WINDOWS\SYSTEM32\ntdll.dll
0x00007ffeb8bb0000 - 0x00007ffeb8c5d000 	C:\WINDOWS\system32\KERNEL32.DLL
0x00007ffeb5b50000 - 0x00007ffeb5d38000 	C:\WINDOWS\system32\KERNELBASE.dll
0x00007ffeb69e0000 - 0x00007ffeb6a87000 	C:\WINDOWS\system32\ADVAPI32.dll
0x00007ffeb8fa0000 - 0x00007ffeb903d000 	C:\WINDOWS\system32\msvcrt.dll
0x00007ffeb6c20000 - 0x00007ffeb6c7b000 	C:\WINDOWS\system32\sechost.dll
0x00007ffeb9040000 - 0x00007ffeb915c000 	C:\WINDOWS\system32\RPCRT4.dll
0x00007ffeb8e00000 - 0x00007ffeb8f56000 	C:\WINDOWS\system32\USER32.dll
0x00007ffeb6a90000 - 0x00007ffeb6c16000 	C:\WINDOWS\system32\GDI32.dll
0x00007ffea8cb0000 - 0x00007ffea8f24000 	C:\WINDOWS\WinSxS\amd64_microsoft.windows.common-controls_6595b64144ccf1df_6.0.10586.0_none_8c15ae12515e1c22\COMCTL32.dll
0x00007ffeb6c80000 - 0x00007ffeb6efd000 	C:\WINDOWS\system32\combase.dll
0x00007ffeb58b0000 - 0x00007ffeb591a000 	C:\WINDOWS\system32\bcryptPrimitives.dll
0x00007ffeb8f60000 - 0x00007ffeb8f9b000 	C:\WINDOWS\system32\IMM32.DLL
0x00000000574d0000 - 0x00000000575a2000 	D:\ProgramFiles\Java\jdk1.8.0_05\jre\bin\msvcr100.dll
0x0000000057a40000 - 0x000000005826a000 	D:\ProgramFiles\Java\jdk1.8.0_05\jre\bin\server\jvm.dll
0x00007ffeb9160000 - 0x00007ffeb9168000 	C:\WINDOWS\system32\PSAPI.DLL
0x00007ffeae570000 - 0x00007ffeae579000 	C:\WINDOWS\SYSTEM32\WSOCK32.dll
0x00007ffeb71b0000 - 0x00007ffeb721b000 	C:\WINDOWS\system32\WS2_32.dll
0x00007ffeb39b0000 - 0x00007ffeb39d3000 	C:\WINDOWS\SYSTEM32\WINMM.dll
0x00007ffeb29e0000 - 0x00007ffeb2a0c000 	C:\WINDOWS\SYSTEM32\WINMMBASE.dll
0x00007ffeb5eb0000 - 0x00007ffeb5ef3000 	C:\WINDOWS\system32\cfgmgr32.dll
0x0000000057950000 - 0x000000005795f000 	D:\ProgramFiles\Java\jdk1.8.0_05\jre\bin\verify.dll
0x0000000057920000 - 0x0000000057948000 	D:\ProgramFiles\Java\jdk1.8.0_05\jre\bin\java.dll
0x0000000057900000 - 0x0000000057916000 	D:\ProgramFiles\Java\jdk1.8.0_05\jre\bin\zip.dll
0x00007ffeb7220000 - 0x00007ffeb877c000 	C:\WINDOWS\system32\SHELL32.dll
0x00007ffeb5f00000 - 0x00007ffeb6544000 	C:\WINDOWS\system32\windows.storage.dll
0x00007ffeb8da0000 - 0x00007ffeb8df2000 	C:\WINDOWS\system32\shlwapi.dll
0x00007ffeb57f0000 - 0x00007ffeb57ff000 	C:\WINDOWS\system32\kernel.appcore.dll
0x00007ffeb5d40000 - 0x00007ffeb5df5000 	C:\WINDOWS\system32\shcore.dll
0x00007ffeb57a0000 - 0x00007ffeb57eb000 	C:\WINDOWS\system32\powrprof.dll
0x00007ffeb5800000 - 0x00007ffeb5814000 	C:\WINDOWS\system32\profapi.dll
0x00007ffea26f0000 - 0x00007ffea287c000 	C:\WINDOWS\SYSTEM32\dbghelp.dll

VM Arguments:
jvm_args: -Djava.awt.headless=true -Xmx1024M -Dfile.encoding=GBK -Duser.country=CN -Duser.language=zh -Duser.variant 
java_command: com.android.dx.command.Main --dex --force-jumbo --num-threads=4 --multi-dex --output D:\java\StudioProjects\HolleKeiTi\app\build\intermediates\transforms\dex\debug\folders\1000\10\com.android.support-appcompat-v7-23.3.0_31f1db12dd20b6989f59967a7e5f4d3f9b6be8fb D:\java\StudioProjects\HolleKeiTi\app\build\intermediates\exploded-aar\com.android.support\appcompat-v7\23.3.0\jars\classes.jar
java_class_path (initial): D:\ProgramFiles\Android\jdk\build-tools\23.0.3\lib\dx.jar
Launcher Type: SUN_STANDARD

Environment Variables:
JAVA_HOME=D:\ProgramFiles\Java\jdk1.8.0_05
PATH=C:\WINDOWS\system32;C:\WINDOWS;C:\WINDOWS\System32\Wbem;C:\WINDOWS\System32\WindowsPowerShell\v1.0\;D:\ProgramFiles\TortoiseSVN\bin;D:\ProgramFiles\Java\jdk1.8.0_05\bin
USERNAME=Administrator
OS=Windows_NT
PROCESSOR_IDENTIFIER=Intel64 Family 6 Model 60 Stepping 3, GenuineIntel



---------------  S Y S T E M  ---------------

OS: Windows 8.1 , 64 bit Build 9600 

CPU:total 2 (2 cores per cpu, 1 threads per core) family 6 model 60 stepping 3, cmov, cx8, fxsr, mmx, sse, sse2, sse3, ssse3, sse4.1, sse4.2, popcnt, clmul, erms, tsc, tscinvbit

Memory: 4k page, physical 8286416k(915980k free), swap 8286416k(4400k free)

vm_info: Java HotSpot(TM) 64-Bit Server VM (25.5-b02) for windows-amd64 JRE (1.8.0_05-b13), built on Mar 18 2014 01:08:39 by "java_re" with MS VC++ 10.0 (VS2010)

time: Fri May 13 11:51:35 2016
elapsed time: 1 seconds

