#
# There is insufficient memory for the Java Runtime Environment to continue.
# Native memory allocation (malloc) failed to allocate 514816 bytes for Chunk::new
# Possible reasons:
#   The system is out of physical RAM or swap space
#   In 32 bit mode, the process size limit was hit
# Possible solutions:
#   Reduce memory load on the system
#   Increase physical memory or swap space
#   Check if swap backing store is full
#   Use 64 bit Java on a 64 bit OS
#   Decrease Java heap size (-Xmx/-Xms)
#   Decrease number of Java threads
#   Decrease Java thread stack sizes (-Xss)
#   Set larger code cache with -XX:ReservedCodeCacheSize=
# This output file may be truncated or incomplete.
#
#  Out of Memory Error (allocation.cpp:388), pid=24264, tid=23332
#
# JRE version: Java(TM) SE Runtime Environment (8.0_05-b13) (build 1.8.0_05-b13)
# Java VM: Java HotSpot(TM) 64-Bit Server VM (25.5-b02 mixed mode windows-amd64 compressed oops)
# Failed to write core dump. Minidumps are not enabled by default on client versions of Windows
#

---------------  T H R E A D  ---------------

Current thread (0x0000000014afb800):  JavaThread "C2 CompilerThread0" daemon [_thread_in_native, id=23332, stack(0x00000000159d0000,0x0000000015ad0000)]

Stack: [0x00000000159d0000,0x0000000015ad0000]
Native frames: (J=compiled Java code, j=interpreted, Vv=VM code, C=native code)
V  [jvm.dll+0x308dea]


Current CompileTask:
C2:    383  274   !   4       com.android.dx.cf.cst.ConstantPoolParser::parse0 (731 bytes)


---------------  P R O C E S S  ---------------

Java Threads: ( => current thread )
  0x0000000015cf6000 JavaThread "pool-2-thread-4" [_thread_blocked, id=23516, stack(0x00000000165d0000,0x00000000166d0000)]
  0x0000000015cf1000 JavaThread "pool-2-thread-3" [_thread_blocked, id=22352, stack(0x00000000164d0000,0x00000000165d0000)]
  0x0000000015cef000 JavaThread "pool-2-thread-2" [_thread_blocked, id=23536, stack(0x00000000163d0000,0x00000000164d0000)]
  0x0000000015bed800 JavaThread "pool-3-thread-1" [_thread_blocked, id=23596, stack(0x00000000162d0000,0x00000000163d0000)]
  0x0000000015be9800 JavaThread "pool-2-thread-1" [_thread_in_vm, id=14756, stack(0x00000000161d0000,0x00000000162d0000)]
  0x0000000014b3d800 JavaThread "Service Thread" daemon [_thread_blocked, id=23524, stack(0x0000000015fd0000,0x00000000160d0000)]
  0x0000000014b3c800 JavaThread "C1 CompilerThread1" daemon [_thread_in_native, id=23488, stack(0x0000000015ed0000,0x0000000015fd0000)]
=>0x0000000014afb800 JavaThread "C2 CompilerThread0" daemon [_thread_in_native, id=23332, stack(0x00000000159d0000,0x0000000015ad0000)]
  0x0000000014aad800 JavaThread "Attach Listener" daemon [_thread_blocked, id=2752, stack(0x00000000158d0000,0x00000000159d0000)]
  0x0000000014aac000 JavaThread "Signal Dispatcher" daemon [_thread_blocked, id=22792, stack(0x00000000157d0000,0x00000000158d0000)]
  0x0000000014a53800 JavaThread "Finalizer" daemon [_thread_blocked, id=6208, stack(0x00000000156d0000,0x00000000157d0000)]
  0x0000000014a4e800 JavaThread "Reference Handler" daemon [_thread_blocked, id=24204, stack(0x00000000155d0000,0x00000000156d0000)]
  0x0000000002510800 JavaThread "main" [_thread_blocked, id=21552, stack(0x0000000002310000,0x0000000002410000)]

Other Threads:
  0x0000000014a4a800 VMThread [stack: 0x00000000154d0000,0x00000000155d0000] [id=3328]
  0x0000000015ae4000 WatcherThread [stack: 0x00000000160d0000,0x00000000161d0000] [id=22872]

VM state:not at safepoint (normal execution)

VM Mutex/Monitor currently owned by a thread: None

Heap:
 PSYoungGen      total 2560K, used 1009K [0x00000000eab00000, 0x00000000eae00000, 0x0000000100000000)
  eden space 2048K, 24% used [0x00000000eab00000,0x00000000eab7e6d0,0x00000000ead00000)
  from space 512K, 98% used [0x00000000ead00000,0x00000000ead7e030,0x00000000ead80000)
  to   space 512K, 0% used [0x00000000ead80000,0x00000000ead80000,0x00000000eae00000)
 ParOldGen       total 129536K, used 1547K [0x00000000c0000000, 0x00000000c7e80000, 0x00000000eab00000)
  object space 129536K, 1% used [0x00000000c0000000,0x00000000c0182dd0,0x00000000c7e80000)
 Metaspace       used 4332K, capacity 5520K, committed 5760K, reserved 1056768K
  class space    used 483K, capacity 520K, committed 640K, reserved 1048576K

Card table byte_map: [0x00000000119d0000,0x0000000011be0000] byte_map_base: 0x00000000113d0000

Marking Bits: (ParMarkBitMap*) 0x00000000581f13b0
 Begin Bits: [0x0000000011f40000, 0x0000000012f40000)
 End Bits:   [0x0000000012f40000, 0x0000000013f40000)

Polling page: 0x00000000001f0000

CodeCache: size=245760Kb used=1665Kb max_used=1665Kb free=244094Kb
 bounds [0x0000000002610000, 0x0000000002880000, 0x0000000011610000]
 total_blobs=544 nmethods=287 adapters=172
 compilation: enabled

Compilation events (10 events):
Event: 0.376 Thread 0x0000000014b3c800 nmethod 284 0x00000000027adf10 code [0x00000000027ae0a0, 0x00000000027ae450]
Event: 0.376 Thread 0x0000000014b3c800  285       3       com.android.dx.util.IntList::add (65 bytes)
Event: 0.376 Thread 0x0000000014b3c800 nmethod 285 0x00000000027ae750 code [0x00000000027ae8e0, 0x00000000027aed58]
Event: 0.377 Thread 0x0000000014b3c800  286       3       com.android.dx.rop.cst.Constant::compareTo (33 bytes)
Event: 0.378 Thread 0x0000000014b3c800 nmethod 286 0x00000000027aef10 code [0x00000000027af0c0, 0x00000000027af7f8]
Event: 0.378 Thread 0x0000000014b3c800  287   !   3       com.android.dx.util.FixedSizeList::get0 (47 bytes)
Event: 0.379 Thread 0x0000000014b3c800 nmethod 287 0x00000000027afa10 code [0x00000000027afc20, 0x00000000027b06b8]
Event: 0.379 Thread 0x0000000014b3c800  288       3       com.android.dx.util.Bits::clear (21 bytes)
Event: 0.379 Thread 0x0000000014b3c800 nmethod 288 0x00000000027b0d10 code [0x00000000027b0e60, 0x00000000027b0fd0]
Event: 0.379 Thread 0x0000000014b3c800  289   !   3       com.android.dx.cf.code.BytecodeArray::parseInstruction (2764 bytes)

GC Heap History (10 events):
Event: 0.110 GC heap before
{Heap before GC invocations=1 (full 0):
 PSYoungGen      total 1024K, used 509K [0x00000000eab00000, 0x00000000eac80000, 0x0000000100000000)
  eden space 512K, 99% used [0x00000000eab00000,0x00000000eab7f798,0x00000000eab80000)
  from space 512K, 0% used [0x00000000eac00000,0x00000000eac00000,0x00000000eac80000)
  to   space 512K, 0% used [0x00000000eab80000,0x00000000eab80000,0x00000000eac00000)
 ParOldGen       total 129536K, used 0K [0x00000000c0000000, 0x00000000c7e80000, 0x00000000eab00000)
  object space 129536K, 0% used [0x00000000c0000000,0x00000000c0000000,0x00000000c7e80000)
 Metaspace       used 1835K, capacity 4480K, committed 4480K, reserved 1056768K
  class space    used 204K, capacity 384K, committed 384K, reserved 1048576K
Event: 0.112 GC heap after
Heap after GC invocations=1 (full 0):
 PSYoungGen      total 1024K, used 472K [0x00000000eab00000, 0x00000000ead00000, 0x0000000100000000)
  eden space 512K, 0% used [0x00000000eab00000,0x00000000eab00000,0x00000000eab80000)
  from space 512K, 92% used [0x00000000eab80000,0x00000000eabf6010,0x00000000eac00000)
  to   space 512K, 0% used [0x00000000eac80000,0x00000000eac80000,0x00000000ead00000)
 ParOldGen       total 129536K, used 0K [0x00000000c0000000, 0x00000000c7e80000, 0x00000000eab00000)
  object space 129536K, 0% used [0x00000000c0000000,0x00000000c0000000,0x00000000c7e80000)
 Metaspace       used 1835K, capacity 4480K, committed 4480K, reserved 1056768K
  class space    used 204K, capacity 384K, committed 384K, reserved 1048576K
}
Event: 0.199 GC heap before
{Heap before GC invocations=2 (full 0):
 PSYoungGen      total 1024K, used 980K [0x00000000eab00000, 0x00000000ead00000, 0x0000000100000000)
  eden space 512K, 99% used [0x00000000eab00000,0x00000000eab7f3a8,0x00000000eab80000)
  from space 512K, 92% used [0x00000000eab80000,0x00000000eabf6010,0x00000000eac00000)
  to   space 512K, 0% used [0x00000000eac80000,0x00000000eac80000,0x00000000ead00000)
 ParOldGen       total 129536K, used 0K [0x00000000c0000000, 0x00000000c7e80000, 0x00000000eab00000)
  object space 129536K, 0% used [0x00000000c0000000,0x00000000c0000000,0x00000000c7e80000)
 Metaspace       used 2895K, capacity 4486K, committed 4864K, reserved 1056768K
  class space    used 309K, capacity 386K, committed 512K, reserved 1048576K
Event: 0.200 GC heap after
Heap after GC invocations=2 (full 0):
 PSYoungGen      total 1536K, used 501K [0x00000000eab00000, 0x00000000ead00000, 0x0000000100000000)
  eden space 1024K, 0% used [0x00000000eab00000,0x00000000eab00000,0x00000000eac00000)
  from space 512K, 97% used [0x00000000eac80000,0x00000000eacfd630,0x00000000ead00000)
  to   space 512K, 0% used [0x00000000eac00000,0x00000000eac00000,0x00000000eac80000)
 ParOldGen       total 129536K, used 288K [0x00000000c0000000, 0x00000000c7e80000, 0x00000000eab00000)
  object space 129536K, 0% used [0x00000000c0000000,0x00000000c0048000,0x00000000c7e80000)
 Metaspace       used 2895K, capacity 4486K, committed 4864K, reserved 1056768K
  class space    used 309K, capacity 386K, committed 512K, reserved 1048576K
}
Event: 0.259 GC heap before
{Heap before GC invocations=3 (full 0):
 PSYoungGen      total 1536K, used 1522K [0x00000000eab00000, 0x00000000ead00000, 0x0000000100000000)
  eden space 1024K, 99% used [0x00000000eab00000,0x00000000eabff540,0x00000000eac00000)
  from space 512K, 97% used [0x00000000eac80000,0x00000000eacfd630,0x00000000ead00000)
  to   space 512K, 0% used [0x00000000eac00000,0x00000000eac00000,0x00000000eac80000)
 ParOldGen       total 129536K, used 288K [0x00000000c0000000, 0x00000000c7e80000, 0x00000000eab00000)
  object space 129536K, 0% used [0x00000000c0000000,0x00000000c0048000,0x00000000c7e80000)
 Metaspace       used 3485K, capacity 4784K, committed 5120K, reserved 1056768K
  class space    used 384K, capacity 424K, committed 512K, reserved 1048576K
Event: 0.260 GC heap after
Heap after GC invocations=3 (full 0):
 PSYoungGen      total 1536K, used 496K [0x00000000eab00000, 0x00000000eae00000, 0x0000000100000000)
  eden space 1024K, 0% used [0x00000000eab00000,0x00000000eab00000,0x00000000eac00000)
  from space 512K, 96% used [0x00000000eac00000,0x00000000eac7c020,0x00000000eac80000)
  to   space 512K, 0% used [0x00000000ead80000,0x00000000ead80000,0x00000000eae00000)
 ParOldGen       total 129536K, used 646K [0x00000000c0000000, 0x00000000c7e80000, 0x00000000eab00000)
  object space 129536K, 0% used [0x00000000c0000000,0x00000000c00a1b30,0x00000000c7e80000)
 Metaspace       used 3485K, capacity 4784K, committed 5120K, reserved 1056768K
  class space    used 384K, capacity 424K, committed 512K, reserved 1048576K
}
Event: 0.302 GC heap before
{Heap before GC invocations=4 (full 0):
 PSYoungGen      total 1536K, used 1520K [0x00000000eab00000, 0x00000000eae00000, 0x0000000100000000)
  eden space 1024K, 100% used [0x00000000eab00000,0x00000000eac00000,0x00000000eac00000)
  from space 512K, 96% used [0x00000000eac00000,0x00000000eac7c020,0x00000000eac80000)
  to   space 512K, 0% used [0x00000000ead80000,0x00000000ead80000,0x00000000eae00000)
 ParOldGen       total 129536K, used 646K [0x00000000c0000000, 0x00000000c7e80000, 0x00000000eab00000)
  object space 129536K, 0% used [0x00000000c0000000,0x00000000c00a1b30,0x00000000c7e80000)
 Metaspace       used 3776K, capacity 5008K, committed 5120K, reserved 1056768K
  class space    used 423K, capacity 456K, committed 512K, reserved 1048576K
Event: 0.304 GC heap after
Heap after GC invocations=4 (full 0):
 PSYoungGen      total 2560K, used 488K [0x00000000eab00000, 0x00000000eae00000, 0x0000000100000000)
  eden space 2048K, 0% used [0x00000000eab00000,0x00000000eab00000,0x00000000ead00000)
  from space 512K, 95% used [0x00000000ead80000,0x00000000eadfa040,0x00000000eae00000)
  to   space 512K, 0% used [0x00000000ead00000,0x00000000ead00000,0x00000000ead80000)
 ParOldGen       total 129536K, used 878K [0x00000000c0000000, 0x00000000c7e80000, 0x00000000eab00000)
  object space 129536K, 0% used [0x00000000c0000000,0x00000000c00db828,0x00000000c7e80000)
 Metaspace       used 3776K, capacity 5008K, committed 5120K, reserved 1056768K
  class space    used 423K, capacity 456K, committed 512K, reserved 1048576K
}
Event: 0.363 GC heap before
{Heap before GC invocations=5 (full 0):
 PSYoungGen      total 2560K, used 2536K [0x00000000eab00000, 0x00000000eae00000, 0x0000000100000000)
  eden space 2048K, 100% used [0x00000000eab00000,0x00000000ead00000,0x00000000ead00000)
  from space 512K, 95% used [0x00000000ead80000,0x00000000eadfa040,0x00000000eae00000)
  to   space 512K, 0% used [0x00000000ead00000,0x00000000ead00000,0x00000000ead80000)
 ParOldGen       total 129536K, used 878K [0x00000000c0000000, 0x00000000c7e80000, 0x00000000eab00000)
  object space 129536K, 0% used [0x00000000c0000000,0x00000000c00db828,0x00000000c7e80000)
 Metaspace       used 4273K, capacity 5520K, committed 5760K, reserved 1056768K
  class space    used 480K, capacity 520K, committed 640K, reserved 1048576K
Event: 0.364 GC heap after
Heap after GC invocations=5 (full 0):
 PSYoungGen      total 2560K, used 504K [0x00000000eab00000, 0x00000000eae00000, 0x0000000100000000)
  eden space 2048K, 0% used [0x00000000eab00000,0x00000000eab00000,0x00000000ead00000)
  from space 512K, 98% used [0x00000000ead00000,0x00000000ead7e030,0x00000000ead80000)
  to   space 512K, 0% used [0x00000000ead80000,0x00000000ead80000,0x00000000eae00000)
 ParOldGen       total 129536K, used 1547K [0x00000000c0000000, 0x00000000c7e80000, 0x00000000eab00000)
  object space 129536K, 1% used [0x00000000c0000000,0x00000000c0182dd0,0x00000000c7e80000)
 Metaspace       used 4273K, capacity 5520K, committed 5760K, reserved 1056768K
  class space    used 480K, capacity 520K, committed 640K, reserved 1048576K
}

Deoptimization events (0 events):
No events

Internal exceptions (10 events):
Event: 0.354 Thread 0x0000000015be9800 Exception <a 'java/security/PrivilegedActionException'> (0x00000000eacd61a8) thrown at [D:\re\workspace\8-2-build-windows-amd64-cygwin\jdk8u5\2488\hotspot\src\share\vm\prims\jvm.cpp, line 1248]
Event: 0.354 Thread 0x0000000015be9800 Exception <a 'java/security/PrivilegedActionException'> (0x00000000eace2578) thrown at [D:\re\workspace\8-2-build-windows-amd64-cygwin\jdk8u5\2488\hotspot\src\share\vm\prims\jvm.cpp, line 1248]
Event: 0.355 Thread 0x0000000015be9800 Exception <a 'java/security/PrivilegedActionException'> (0x00000000eacf7c98) thrown at [D:\re\workspace\8-2-build-windows-amd64-cygwin\jdk8u5\2488\hotspot\src\share\vm\prims\jvm.cpp, line 1248]
Event: 0.355 Thread 0x0000000015be9800 Exception <a 'java/security/PrivilegedActionException'> (0x00000000eacfb928) thrown at [D:\re\workspace\8-2-build-windows-amd64-cygwin\jdk8u5\2488\hotspot\src\share\vm\prims\jvm.cpp, line 1248]
Event: 0.357 Thread 0x0000000015be9800 Exception <a 'java/security/PrivilegedActionException'> (0x00000000eacfec98) thrown at [D:\re\workspace\8-2-build-windows-amd64-cygwin\jdk8u5\2488\hotspot\src\share\vm\prims\jvm.cpp, line 1248]
Event: 0.367 Thread 0x0000000015be9800 Exception <a 'java/security/PrivilegedActionException'> (0x00000000eab016a8) thrown at [D:\re\workspace\8-2-build-windows-amd64-cygwin\jdk8u5\2488\hotspot\src\share\vm\prims\jvm.cpp, line 1248]
Event: 0.367 Thread 0x0000000015be9800 Exception <a 'java/security/PrivilegedActionException'> (0x00000000eab03638) thrown at [D:\re\workspace\8-2-build-windows-amd64-cygwin\jdk8u5\2488\hotspot\src\share\vm\prims\jvm.cpp, line 1248]
Event: 0.368 Thread 0x0000000015be9800 Exception <a 'java/security/PrivilegedActionException'> (0x00000000eab40e58) thrown at [D:\re\workspace\8-2-build-windows-amd64-cygwin\jdk8u5\2488\hotspot\src\share\vm\prims\jvm.cpp, line 1248]
Event: 0.368 Thread 0x0000000015be9800 Exception <a 'java/security/PrivilegedActionException'> (0x00000000eab46468) thrown at [D:\re\workspace\8-2-build-windows-amd64-cygwin\jdk8u5\2488\hotspot\src\share\vm\prims\jvm.cpp, line 1248]
Event: 0.370 Thread 0x0000000015cf1000 Exception <a 'java/security/PrivilegedActionException'> (0x00000000eab694d0) thrown at [D:\re\workspace\8-2-build-windows-amd64-cygwin\jdk8u5\2488\hotspot\src\share\vm\prims\jvm.cpp, line 1248]

Events (10 events):
Event: 0.365 loading class com/android/dx/cf/code/OneLocalsArray
Event: 0.365 loading class com/android/dx/cf/code/OneLocalsArray done
Event: 0.367 loading class com/android/dx/cf/code/LocalsArraySet
Event: 0.367 loading class com/android/dx/cf/code/LocalsArraySet done
Event: 0.368 loading class com/android/dx/cf/code/ExecutionStack
Event: 0.368 loading class com/android/dx/cf/code/ExecutionStack done
Event: 0.368 loading class com/android/dx/cf/code/Ropper$ExceptionSetupLabelAllocator
Event: 0.368 loading class com/android/dx/cf/code/Ropper$ExceptionSetupLabelAllocator done
Event: 0.370 loading class com/android/dx/dex/file/MethodIdItem
Event: 0.370 loading class com/android/dx/dex/file/MethodIdItem done


Dynamic libraries:
0x00007ff6847a0000 - 0x00007ff6847d4000 	D:\ProgramFiles\Java\jdk1.8.0_05\bin\java.exe
0x00007ffeb9170000 - 0x00007ffeb9331000 	C:\WINDOWS\SYSTEM32\ntdll.dll
0x00007ffeb8bb0000 - 0x00007ffeb8c5d000 	C:\WINDOWS\system32\KERNEL32.DLL
0x00007ffeb5b50000 - 0x00007ffeb5d38000 	C:\WINDOWS\system32\KERNELBASE.dll
0x00007ffeb69e0000 - 0x00007ffeb6a87000 	C:\WINDOWS\system32\ADVAPI32.dll
0x00007ffeb8fa0000 - 0x00007ffeb903d000 	C:\WINDOWS\system32\msvcrt.dll
0x00007ffeb6c20000 - 0x00007ffeb6c7b000 	C:\WINDOWS\system32\sechost.dll
0x00007ffeb9040000 - 0x00007ffeb915c000 	C:\WINDOWS\system32\RPCRT4.dll
0x00007ffeb8e00000 - 0x00007ffeb8f56000 	C:\WINDOWS\system32\USER32.dll
0x00007ffeb6a90000 - 0x00007ffeb6c16000 	C:\WINDOWS\system32\GDI32.dll
0x00007ffea8cb0000 - 0x00007ffea8f24000 	C:\WINDOWS\WinSxS\amd64_microsoft.windows.common-controls_6595b64144ccf1df_6.0.10586.0_none_8c15ae12515e1c22\COMCTL32.dll
0x00007ffeb6c80000 - 0x00007ffeb6efd000 	C:\WINDOWS\system32\combase.dll
0x00007ffeb58b0000 - 0x00007ffeb591a000 	C:\WINDOWS\system32\bcryptPrimitives.dll
0x00007ffeb8f60000 - 0x00007ffeb8f9b000 	C:\WINDOWS\system32\IMM32.DLL
0x00000000574d0000 - 0x00000000575a2000 	D:\ProgramFiles\Java\jdk1.8.0_05\jre\bin\msvcr100.dll
0x0000000057a40000 - 0x000000005826a000 	D:\ProgramFiles\Java\jdk1.8.0_05\jre\bin\server\jvm.dll
0x00007ffeb9160000 - 0x00007ffeb9168000 	C:\WINDOWS\system32\PSAPI.DLL
0x00007ffeae570000 - 0x00007ffeae579000 	C:\WINDOWS\SYSTEM32\WSOCK32.dll
0x00007ffeb71b0000 - 0x00007ffeb721b000 	C:\WINDOWS\system32\WS2_32.dll
0x00007ffeb39b0000 - 0x00007ffeb39d3000 	C:\WINDOWS\SYSTEM32\WINMM.dll
0x00007ffeb29e0000 - 0x00007ffeb2a0c000 	C:\WINDOWS\SYSTEM32\WINMMBASE.dll
0x00007ffeb5eb0000 - 0x00007ffeb5ef3000 	C:\WINDOWS\system32\cfgmgr32.dll
0x0000000057950000 - 0x000000005795f000 	D:\ProgramFiles\Java\jdk1.8.0_05\jre\bin\verify.dll
0x0000000057920000 - 0x0000000057948000 	D:\ProgramFiles\Java\jdk1.8.0_05\jre\bin\java.dll
0x0000000057900000 - 0x0000000057916000 	D:\ProgramFiles\Java\jdk1.8.0_05\jre\bin\zip.dll
0x00007ffeb7220000 - 0x00007ffeb877c000 	C:\WINDOWS\system32\SHELL32.dll
0x00007ffeb5f00000 - 0x00007ffeb6544000 	C:\WINDOWS\system32\windows.storage.dll
0x00007ffeb8da0000 - 0x00007ffeb8df2000 	C:\WINDOWS\system32\shlwapi.dll
0x00007ffeb57f0000 - 0x00007ffeb57ff000 	C:\WINDOWS\system32\kernel.appcore.dll
0x00007ffeb5d40000 - 0x00007ffeb5df5000 	C:\WINDOWS\system32\shcore.dll
0x00007ffeb57a0000 - 0x00007ffeb57eb000 	C:\WINDOWS\system32\powrprof.dll
0x00007ffeb5800000 - 0x00007ffeb5814000 	C:\WINDOWS\system32\profapi.dll

VM Arguments:
jvm_args: -Djava.awt.headless=true -Xmx1024M -Dfile.encoding=GBK -Duser.country=CN -Duser.language=zh -Duser.variant 
java_command: com.android.dx.command.Main --dex --force-jumbo --num-threads=4 --multi-dex --output D:\java\StudioProjects\HolleKeiTi\app\build\intermediates\transforms\dex\debug\folders\1000\5\slice_0 D:\java\StudioProjects\HolleKeiTi\app\build\intermediates\transforms\instantRunSlicer\debug\folders\1\5\slice_0
java_class_path (initial): D:\ProgramFiles\Android\jdk\build-tools\23.0.3\lib\dx.jar
Launcher Type: SUN_STANDARD

Environment Variables:
JAVA_HOME=D:\ProgramFiles\Java\jdk1.8.0_05
PATH=C:\WINDOWS\system32;C:\WINDOWS;C:\WINDOWS\System32\Wbem;C:\WINDOWS\System32\WindowsPowerShell\v1.0\;D:\ProgramFiles\TortoiseSVN\bin;D:\ProgramFiles\Java\jdk1.8.0_05\bin
USERNAME=Administrator
OS=Windows_NT
PROCESSOR_IDENTIFIER=Intel64 Family 6 Model 60 Stepping 3, GenuineIntel



---------------  S Y S T E M  ---------------

OS: Windows 8.1 , 64 bit Build 9600 

CPU:total 2 (2 cores per cpu, 1 threads per core) family 6 model 60 stepping 3, cmov, cx8, fxsr, mmx, sse, sse2, sse3, ssse3, sse4.1, sse4.2, popcnt, clmul, erms, tsc, tscinvbit

Memory: 4k page, physical 8286416k(871288k free), swap 8286416k(5124k free)

vm_info: Java HotSpot(TM) 64-Bit Server VM (25.5-b02) for windows-amd64 JRE (1.8.0_05-b13), built on Mar 18 2014 01:08:39 by "java_re" with MS VC++ 10.0 (VS2010)

time: Fri May 13 11:57:49 2016
elapsed time: 0 seconds

