#
# There is insufficient memory for the Java Runtime Environment to continue.
# Native memory allocation (malloc) failed to allocate 262160 bytes for Chunk::new
# Possible reasons:
#   The system is out of physical RAM or swap space
#   In 32 bit mode, the process size limit was hit
# Possible solutions:
#   Reduce memory load on the system
#   Increase physical memory or swap space
#   Check if swap backing store is full
#   Use 64 bit Java on a 64 bit OS
#   Decrease Java heap size (-Xmx/-Xms)
#   Decrease number of Java threads
#   Decrease Java thread stack sizes (-Xss)
#   Set larger code cache with -XX:ReservedCodeCacheSize=
# This output file may be truncated or incomplete.
#
#  Out of Memory Error (allocation.cpp:388), pid=3360, tid=6460
#
# JRE version: Java(TM) SE Runtime Environment (8.0_05-b13) (build 1.8.0_05-b13)
# Java VM: Java HotSpot(TM) 64-Bit Server VM (25.5-b02 mixed mode windows-amd64 compressed oops)
# Failed to write core dump. Minidumps are not enabled by default on client versions of Windows
#

---------------  T H R E A D  ---------------

Current thread (0x0000000014a8e800):  JavaThread "C2 CompilerThread0" daemon [_thread_in_native, id=6460, stack(0x0000000015970000,0x0000000015a70000)]

Stack: [0x0000000015970000,0x0000000015a70000]
Native frames: (J=compiled Java code, j=interpreted, Vv=VM code, C=native code)
V  [jvm.dll+0x308dea]
V  [jvm.dll+0x25def1]
V  [jvm.dll+0x25eb0f]
V  [jvm.dll+0x2564e5]
V  [jvm.dll+0xbcfc5]
V  [jvm.dll+0xbd45c]
V  [jvm.dll+0xbd704]
V  [jvm.dll+0x4bea70]
V  [jvm.dll+0x48e3e6]
V  [jvm.dll+0x44293e]
V  [jvm.dll+0x44366b]
V  [jvm.dll+0x427532]
V  [jvm.dll+0x96702]
V  [jvm.dll+0x96ef3]
V  [jvm.dll+0x2232c4]
V  [jvm.dll+0x27baca]
C  [msvcr100.dll+0x21d9f]
C  [msvcr100.dll+0x21e3b]
C  [KERNEL32.DLL+0x18102]
C  [ntdll.dll+0x5c5b4]


Current CompileTask:
C2:   4257 1768   !   4       com.android.dx.cf.code.BytecodeArray::parseInstruction (2764 bytes)


---------------  P R O C E S S  ---------------

Java Threads: ( => current thread )
  0x0000000015d01000 JavaThread "pool-1-thread-4" [_thread_blocked, id=1088, stack(0x0000000016570000,0x0000000016670000)]
  0x0000000015ca8800 JavaThread "pool-1-thread-3" [_thread_blocked, id=1656, stack(0x0000000016470000,0x0000000016570000)]
  0x0000000015ca6800 JavaThread "pool-1-thread-2" [_thread_blocked, id=8032, stack(0x0000000016370000,0x0000000016470000)]
  0x0000000015cbb000 JavaThread "pool-2-thread-1" [_thread_blocked, id=428, stack(0x0000000016270000,0x0000000016370000)]
  0x0000000015cba800 JavaThread "pool-1-thread-1" [_thread_blocked, id=5092, stack(0x0000000016170000,0x0000000016270000)]
  0x0000000014ace800 JavaThread "Service Thread" daemon [_thread_blocked, id=7256, stack(0x0000000015f70000,0x0000000016070000)]
  0x0000000015a82000 JavaThread "C1 CompilerThread1" daemon [_thread_blocked, id=5720, stack(0x0000000015e70000,0x0000000015f70000)]
=>0x0000000014a8e800 JavaThread "C2 CompilerThread0" daemon [_thread_in_native, id=6460, stack(0x0000000015970000,0x0000000015a70000)]
  0x0000000014a8c800 JavaThread "Attach Listener" daemon [_thread_blocked, id=3628, stack(0x0000000015870000,0x0000000015970000)]
  0x0000000014a3e800 JavaThread "Signal Dispatcher" daemon [_thread_blocked, id=7752, stack(0x0000000015770000,0x0000000015870000)]
  0x00000000149e9000 JavaThread "Finalizer" daemon [_thread_blocked, id=3304, stack(0x0000000015670000,0x0000000015770000)]
  0x00000000149de800 JavaThread "Reference Handler" daemon [_thread_blocked, id=692, stack(0x0000000015570000,0x0000000015670000)]
  0x00000000024a0800 JavaThread "main" [_thread_blocked, id=932, stack(0x0000000002000000,0x0000000002100000)]

Other Threads:
  0x00000000149da800 VMThread [stack: 0x0000000015470000,0x0000000015570000] [id=4516]
  0x0000000015a85800 WatcherThread [stack: 0x0000000016070000,0x0000000016170000] [id=1124]

VM state:not at safepoint (normal execution)

VM Mutex/Monitor currently owned by a thread: None

Heap:
 PSYoungGen      total 40960K, used 35036K [0x00000000eab00000, 0x00000000ed900000, 0x0000000100000000)
  eden space 36352K, 84% used [0x00000000eab00000,0x00000000ec8f7278,0x00000000ece80000)
  from space 4608K, 94% used [0x00000000ed380000,0x00000000ed7c0010,0x00000000ed800000)
  to   space 5120K, 0% used [0x00000000ece80000,0x00000000ece80000,0x00000000ed380000)
 ParOldGen       total 129536K, used 15800K [0x00000000c0000000, 0x00000000c7e80000, 0x00000000eab00000)
  object space 129536K, 12% used [0x00000000c0000000,0x00000000c0f6e110,0x00000000c7e80000)
 Metaspace       used 6019K, capacity 6960K, committed 7040K, reserved 1056768K
  class space    used 595K, capacity 616K, committed 640K, reserved 1048576K

Card table byte_map: [0x0000000011960000,0x0000000011b70000] byte_map_base: 0x0000000011360000

Marking Bits: (ParMarkBitMap*) 0x0000000063e713b0
 Begin Bits: [0x0000000011ed0000, 0x0000000012ed0000)
 End Bits:   [0x0000000012ed0000, 0x0000000013ed0000)

Polling page: 0x00000000001f0000

CodeCache: size=245760Kb used=7220Kb max_used=7228Kb free=238539Kb
 bounds [0x00000000025a0000, 0x0000000002cc0000, 0x00000000115a0000]
 total_blobs=2031 nmethods=1765 adapters=180
 compilation: enabled

Compilation events (10 events):
Event: 4.151 Thread 0x0000000015a82000 1777       2       com.android.dx.dex.code.RopTranslator$LocalVariableAwareTranslationVisitor::visitThrowingInsn (11 bytes)
Event: 4.152 Thread 0x0000000015a82000 nmethod 1777 0x0000000002ca8990 code [0x0000000002ca8b40, 0x0000000002ca8f38]
Event: 4.177 Thread 0x0000000015a82000 1779       1       com.android.dx.cf.attrib.InnerClassList$Item::getInnerName (5 bytes)
Event: 4.177 Thread 0x0000000015a82000 nmethod 1779 0x0000000002ca3710 code [0x0000000002ca3860, 0x0000000002ca3970]
Event: 4.177 Thread 0x0000000015a82000 1780       1       com.android.dx.cf.attrib.InnerClassList$Item::getAccessFlags (5 bytes)
Event: 4.177 Thread 0x0000000015a82000 nmethod 1780 0x0000000002ca3390 code [0x0000000002ca34e0, 0x0000000002ca35f0]
Event: 4.178 Thread 0x0000000015a82000 1781       2       com.android.dx.rop.cst.CstLiteral32::isCategory2 (2 bytes)
Event: 4.178 Thread 0x0000000015a82000 nmethod 1781 0x0000000002ca8650 code [0x0000000002ca87a0, 0x0000000002ca88f0]
Event: 4.179 Thread 0x0000000015a82000 1782       2       com.android.dx.ssa.SsaMethod::makeNewSsaReg (26 bytes)
Event: 4.179 Thread 0x0000000015a82000 nmethod 1782 0x0000000002ca82d0 code [0x0000000002ca8420, 0x0000000002ca85b0]

GC Heap History (10 events):
Event: 1.199 GC heap before
{Heap before GC invocations=14 (full 0):
 PSYoungGen      total 12288K, used 12189K [0x00000000eab00000, 0x00000000ec000000, 0x0000000100000000)
  eden space 10240K, 100% used [0x00000000eab00000,0x00000000eb500000,0x00000000eb500000)
  from space 2048K, 95% used [0x00000000eb500000,0x00000000eb6e7550,0x00000000eb700000)
  to   space 2560K, 0% used [0x00000000ebd80000,0x00000000ebd80000,0x00000000ec000000)
 ParOldGen       total 129536K, used 4396K [0x00000000c0000000, 0x00000000c7e80000, 0x00000000eab00000)
  object space 129536K, 3% used [0x00000000c0000000,0x00000000c044b1d8,0x00000000c7e80000)
 Metaspace       used 5923K, capacity 6896K, committed 7040K, reserved 1056768K
  class space    used 594K, capacity 616K, committed 640K, reserved 1048576K
Event: 1.204 GC heap after
Heap after GC invocations=14 (full 0):
 PSYoungGen      total 18944K, used 1408K [0x00000000eab00000, 0x00000000ec000000, 0x0000000100000000)
  eden space 16384K, 0% used [0x00000000eab00000,0x00000000eab00000,0x00000000ebb00000)
  from space 2560K, 55% used [0x00000000ebd80000,0x00000000ebee0000,0x00000000ec000000)
  to   space 2560K, 0% used [0x00000000ebb00000,0x00000000ebb00000,0x00000000ebd80000)
 ParOldGen       total 129536K, used 6109K [0x00000000c0000000, 0x00000000c7e80000, 0x00000000eab00000)
  object space 129536K, 4% used [0x00000000c0000000,0x00000000c05f7770,0x00000000c7e80000)
 Metaspace       used 5923K, capacity 6896K, committed 7040K, reserved 1056768K
  class space    used 594K, capacity 616K, committed 640K, reserved 1048576K
}
Event: 1.582 GC heap before
{Heap before GC invocations=15 (full 0):
 PSYoungGen      total 18944K, used 17792K [0x00000000eab00000, 0x00000000ec000000, 0x0000000100000000)
  eden space 16384K, 100% used [0x00000000eab00000,0x00000000ebb00000,0x00000000ebb00000)
  from space 2560K, 55% used [0x00000000ebd80000,0x00000000ebee0000,0x00000000ec000000)
  to   space 2560K, 0% used [0x00000000ebb00000,0x00000000ebb00000,0x00000000ebd80000)
 ParOldGen       total 129536K, used 6109K [0x00000000c0000000, 0x00000000c7e80000, 0x00000000eab00000)
  object space 129536K, 4% used [0x00000000c0000000,0x00000000c05f7770,0x00000000c7e80000)
 Metaspace       used 5946K, capacity 6896K, committed 7040K, reserved 1056768K
  class space    used 594K, capacity 616K, committed 640K, reserved 1048576K
Event: 1.590 GC heap after
Heap after GC invocations=15 (full 0):
 PSYoungGen      total 18944K, used 2554K [0x00000000eab00000, 0x00000000ecc00000, 0x0000000100000000)
  eden space 16384K, 0% used [0x00000000eab00000,0x00000000eab00000,0x00000000ebb00000)
  from space 2560K, 99% used [0x00000000ebb00000,0x00000000ebd7eb50,0x00000000ebd80000)
  to   space 3584K, 0% used [0x00000000ec880000,0x00000000ec880000,0x00000000ecc00000)
 ParOldGen       total 129536K, used 7693K [0x00000000c0000000, 0x00000000c7e80000, 0x00000000eab00000)
  object space 129536K, 5% used [0x00000000c0000000,0x00000000c0783760,0x00000000c7e80000)
 Metaspace       used 5946K, capacity 6896K, committed 7040K, reserved 1056768K
  class space    used 594K, capacity 616K, committed 640K, reserved 1048576K
}
Event: 2.761 GC heap before
{Heap before GC invocations=16 (full 0):
 PSYoungGen      total 18944K, used 18938K [0x00000000eab00000, 0x00000000ecc00000, 0x0000000100000000)
  eden space 16384K, 100% used [0x00000000eab00000,0x00000000ebb00000,0x00000000ebb00000)
  from space 2560K, 99% used [0x00000000ebb00000,0x00000000ebd7eb50,0x00000000ebd80000)
  to   space 3584K, 0% used [0x00000000ec880000,0x00000000ec880000,0x00000000ecc00000)
 ParOldGen       total 129536K, used 7693K [0x00000000c0000000, 0x00000000c7e80000, 0x00000000eab00000)
  object space 129536K, 5% used [0x00000000c0000000,0x00000000c0783760,0x00000000c7e80000)
 Metaspace       used 5960K, capacity 6960K, committed 7040K, reserved 1056768K
  class space    used 594K, capacity 616K, committed 640K, reserved 1048576K
Event: 2.844 GC heap after
Heap after GC invocations=16 (full 0):
 PSYoungGen      total 29696K, used 2624K [0x00000000eab00000, 0x00000000ecd00000, 0x0000000100000000)
  eden space 26112K, 0% used [0x00000000eab00000,0x00000000eab00000,0x00000000ec480000)
  from space 3584K, 73% used [0x00000000ec880000,0x00000000ecb10000,0x00000000ecc00000)
  to   space 4096K, 0% used [0x00000000ec480000,0x00000000ec480000,0x00000000ec880000)
 ParOldGen       total 129536K, used 10133K [0x00000000c0000000, 0x00000000c7e80000, 0x00000000eab00000)
  object space 129536K, 7% used [0x00000000c0000000,0x00000000c09e5470,0x00000000c7e80000)
 Metaspace       used 5960K, capacity 6960K, committed 7040K, reserved 1056768K
  class space    used 594K, capacity 616K, committed 640K, reserved 1048576K
}
Event: 3.064 GC heap before
{Heap before GC invocations=17 (full 0):
 PSYoungGen      total 29696K, used 28736K [0x00000000eab00000, 0x00000000ecd00000, 0x0000000100000000)
  eden space 26112K, 100% used [0x00000000eab00000,0x00000000ec480000,0x00000000ec480000)
  from space 3584K, 73% used [0x00000000ec880000,0x00000000ecb10000,0x00000000ecc00000)
  to   space 4096K, 0% used [0x00000000ec480000,0x00000000ec480000,0x00000000ec880000)
 ParOldGen       total 129536K, used 10133K [0x00000000c0000000, 0x00000000c7e80000, 0x00000000eab00000)
  object space 129536K, 7% used [0x00000000c0000000,0x00000000c09e5470,0x00000000c7e80000)
 Metaspace       used 5978K, capacity 6960K, committed 7040K, reserved 1056768K
  class space    used 595K, capacity 616K, committed 640K, reserved 1048576K
Event: 3.560 GC heap after
Heap after GC invocations=17 (full 0):
 PSYoungGen      total 30208K, used 3936K [0x00000000eab00000, 0x00000000ed800000, 0x0000000100000000)
  eden space 26112K, 0% used [0x00000000eab00000,0x00000000eab00000,0x00000000ec480000)
  from space 4096K, 96% used [0x00000000ec480000,0x00000000ec858000,0x00000000ec880000)
  to   space 4608K, 0% used [0x00000000ed380000,0x00000000ed380000,0x00000000ed800000)
 ParOldGen       total 129536K, used 11986K [0x00000000c0000000, 0x00000000c7e80000, 0x00000000eab00000)
  object space 129536K, 9% used [0x00000000c0000000,0x00000000c0bb4998,0x00000000c7e80000)
 Metaspace       used 5978K, capacity 6960K, committed 7040K, reserved 1056768K
  class space    used 595K, capacity 616K, committed 640K, reserved 1048576K
}
Event: 3.974 GC heap before
{Heap before GC invocations=18 (full 0):
 PSYoungGen      total 30208K, used 30048K [0x00000000eab00000, 0x00000000ed800000, 0x0000000100000000)
  eden space 26112K, 100% used [0x00000000eab00000,0x00000000ec480000,0x00000000ec480000)
  from space 4096K, 96% used [0x00000000ec480000,0x00000000ec858000,0x00000000ec880000)
  to   space 4608K, 0% used [0x00000000ed380000,0x00000000ed380000,0x00000000ed800000)
 ParOldGen       total 129536K, used 11986K [0x00000000c0000000, 0x00000000c7e80000, 0x00000000eab00000)
  object space 129536K, 9% used [0x00000000c0000000,0x00000000c0bb4998,0x00000000c7e80000)
 Metaspace       used 5998K, capacity 6960K, committed 7040K, reserved 1056768K
  class space    used 595K, capacity 616K, committed 640K, reserved 1048576K
Event: 3.986 GC heap after
Heap after GC invocations=18 (full 0):
 PSYoungGen      total 40960K, used 4352K [0x00000000eab00000, 0x00000000ed900000, 0x0000000100000000)
  eden space 36352K, 0% used [0x00000000eab00000,0x00000000eab00000,0x00000000ece80000)
  from space 4608K, 94% used [0x00000000ed380000,0x00000000ed7c0010,0x00000000ed800000)
  to   space 5120K, 0% used [0x00000000ece80000,0x00000000ece80000,0x00000000ed380000)
 ParOldGen       total 129536K, used 15800K [0x00000000c0000000, 0x00000000c7e80000, 0x00000000eab00000)
  object space 129536K, 12% used [0x00000000c0000000,0x00000000c0f6e110,0x00000000c7e80000)
 Metaspace       used 5998K, capacity 6960K, committed 7040K, reserved 1056768K
  class space    used 595K, capacity 616K, committed 640K, reserved 1048576K
}

Deoptimization events (10 events):
Event: 2.922 Thread 0x0000000015cba800 Uncommon trap: reason=class_check action=maybe_recompile pc=0x0000000002aadf38 method=java.util.HashMap.putVal(ILjava/lang/Object;Ljava/lang/Object;ZZ)Ljava/lang/Object; @ 203
Event: 2.922 Thread 0x0000000015cba800 Uncommon trap: reason=bimorphic action=maybe_recompile pc=0x000000000280b4d4 method=java.util.HashMap.getNode(ILjava/lang/Object;)Ljava/util/HashMap$Node; @ 126
Event: 2.922 Thread 0x0000000015cba800 Uncommon trap: reason=bimorphic action=maybe_recompile pc=0x000000000280b4d4 method=java.util.HashMap.getNode(ILjava/lang/Object;)Ljava/util/HashMap$Node; @ 126
Event: 2.922 Thread 0x0000000015cba800 Uncommon trap: reason=class_check action=maybe_recompile pc=0x0000000002aadf38 method=java.util.HashMap.putVal(ILjava/lang/Object;Ljava/lang/Object;ZZ)Ljava/lang/Object; @ 203
Event: 2.923 Thread 0x0000000015cba800 Uncommon trap: reason=bimorphic action=maybe_recompile pc=0x00000000027b4550 method=java.util.HashMap.getNode(ILjava/lang/Object;)Ljava/util/HashMap$Node; @ 126
Event: 2.946 Thread 0x0000000015ca8800 Uncommon trap: reason=unreached action=reinterpret pc=0x0000000002b08ccc method=com.android.dx.ssa.SCCP.simulateBranch(Lcom/android/dx/ssa/SsaInsn;)V @ 132
Event: 2.948 Thread 0x0000000015ca8800 Uncommon trap: reason=unloaded action=reinterpret pc=0x0000000002bc5e38 method=com.android.dx.ssa.LiteralOpUpgrader$1.visitNonMoveInsn(Lcom/android/dx/ssa/NormalSsaInsn;)V @ 72
Event: 2.948 Thread 0x0000000015ca8800 Uncommon trap: reason=unreached action=reinterpret pc=0x0000000002a8f1dc method=com.android.dx.ssa.SsaMethod.updateOneDefinition(Lcom/android/dx/ssa/SsaInsn;Lcom/android/dx/rop/code/RegisterSpec;)V @ 4
Event: 4.068 Thread 0x0000000015cba800 Uncommon trap: reason=bimorphic action=maybe_recompile pc=0x0000000002c4e618 method=com.android.dx.cf.code.BytecodeArray.parseInstruction(ILcom/android/dx/cf/code/BytecodeArray$Visitor;)I @ 1130
Event: 4.069 Thread 0x0000000015cba800 Uncommon trap: reason=bimorphic action=maybe_recompile pc=0x0000000002c4e618 method=com.android.dx.cf.code.BytecodeArray.parseInstruction(ILcom/android/dx/cf/code/BytecodeArray$Visitor;)I @ 1130

Internal exceptions (10 events):
Event: 0.482 Thread 0x0000000015cba800 Exception <a 'java/security/PrivilegedActionException'> (0x00000000eb110fd0) thrown at [D:\re\workspace\8-2-build-windows-amd64-cygwin\jdk8u5\2488\hotspot\src\share\vm\prims\jvm.cpp, line 1248]
Event: 0.508 Thread 0x00000000024a0800 Exception <a 'java/security/PrivilegedActionException'> (0x00000000eab621c0) thrown at [D:\re\workspace\8-2-build-windows-amd64-cygwin\jdk8u5\2488\hotspot\src\share\vm\prims\jvm.cpp, line 1248]
Event: 0.511 Thread 0x00000000024a0800 Exception <a 'java/security/PrivilegedActionException'> (0x00000000eabbd940) thrown at [D:\re\workspace\8-2-build-windows-amd64-cygwin\jdk8u5\2488\hotspot\src\share\vm\prims\jvm.cpp, line 1248]
Event: 0.516 Thread 0x00000000024a0800 Exception <a 'java/security/PrivilegedActionException'> (0x00000000eac422b0) thrown at [D:\re\workspace\8-2-build-windows-amd64-cygwin\jdk8u5\2488\hotspot\src\share\vm\prims\jvm.cpp, line 1248]
Event: 0.516 Thread 0x00000000024a0800 Exception <a 'java/security/PrivilegedActionException'> (0x00000000eac44878) thrown at [D:\re\workspace\8-2-build-windows-amd64-cygwin\jdk8u5\2488\hotspot\src\share\vm\prims\jvm.cpp, line 1248]
Event: 0.519 Thread 0x0000000015ca6800 Exception <a 'java/security/PrivilegedActionException'> (0x00000000eac7fd98) thrown at [D:\re\workspace\8-2-build-windows-amd64-cygwin\jdk8u5\2488\hotspot\src\share\vm\prims\jvm.cpp, line 1248]
Event: 0.640 Thread 0x00000000024a0800 Exception <a 'java/security/PrivilegedActionException'> (0x00000000eaf22408) thrown at [D:\re\workspace\8-2-build-windows-amd64-cygwin\jdk8u5\2488\hotspot\src\share\vm\prims\jvm.cpp, line 1248]
Event: 1.057 Thread 0x0000000015cba800 Exception <a 'java/security/PrivilegedActionException'> (0x00000000eb1904c0) thrown at [D:\re\workspace\8-2-build-windows-amd64-cygwin\jdk8u5\2488\hotspot\src\share\vm\prims\jvm.cpp, line 1248]
Event: 2.942 Thread 0x00000000024a0800 Exception <a 'java/security/PrivilegedActionException'> (0x00000000ebca27e0) thrown at [D:\re\workspace\8-2-build-windows-amd64-cygwin\jdk8u5\2488\hotspot\src\share\vm\prims\jvm.cpp, line 1248]
Event: 2.948 Thread 0x0000000015ca8800 Exception <a 'java/security/PrivilegedActionException'> (0x00000000ebd2e998) thrown at [D:\re\workspace\8-2-build-windows-amd64-cygwin\jdk8u5\2488\hotspot\src\share\vm\prims\jvm.cpp, line 1248]

Events (10 events):
Event: 4.048 Thread 0x0000000015ca6800 DEOPT PACKING pc=0x0000000002c20382 sp=0x000000001646eae0
Event: 4.048 Thread 0x0000000015ca6800 DEOPT UNPACKING pc=0x00000000025e7204 sp=0x000000001646e8a0 mode 0
Event: 4.068 Thread 0x0000000015cba800 Uncommon trap: trap_request=0xffffffc6 fr.pc=0x0000000002c4e618
Event: 4.068 Thread 0x0000000015cba800 DEOPT PACKING pc=0x0000000002c4e618 sp=0x000000001626e910
Event: 4.068 Thread 0x0000000015cba800 DEOPT UNPACKING pc=0x00000000025e73ef sp=0x000000001626e8b8 mode 2
Event: 4.069 Thread 0x0000000015cba800 Uncommon trap: trap_request=0xffffffc6 fr.pc=0x0000000002c4e618
Event: 4.069 Thread 0x0000000015cba800 DEOPT PACKING pc=0x0000000002c4e618 sp=0x000000001626e760
Event: 4.069 Thread 0x0000000015cba800 DEOPT UNPACKING pc=0x00000000025e73ef sp=0x000000001626e708 mode 2
Event: 4.135 Executing VM operation: EnableBiasedLocking
Event: 4.135 Executing VM operation: EnableBiasedLocking done


Dynamic libraries:
0x00007ff6d0080000 - 0x00007ff6d00b4000 	D:\ProgramFiles\Java\jdk1.8.0_05\bin\java.exe
0x00007ffacf870000 - 0x00007ffacfa31000 	C:\WINDOWS\SYSTEM32\ntdll.dll
0x00007ffacdbf0000 - 0x00007ffacdc9d000 	C:\WINDOWS\system32\KERNEL32.DLL
0x00007ffacc9d0000 - 0x00007ffaccbb8000 	C:\WINDOWS\system32\KERNELBASE.dll
0x00007ffacd650000 - 0x00007ffacd6f7000 	C:\WINDOWS\system32\ADVAPI32.dll
0x00007ffacf270000 - 0x00007ffacf30d000 	C:\WINDOWS\system32\msvcrt.dll
0x00007ffaccc70000 - 0x00007ffaccccb000 	C:\WINDOWS\system32\sechost.dll
0x00007ffacdad0000 - 0x00007ffacdbec000 	C:\WINDOWS\system32\RPCRT4.dll
0x00007ffaccf50000 - 0x00007ffacd0a6000 	C:\WINDOWS\system32\USER32.dll
0x00007ffaccdc0000 - 0x00007ffaccf46000 	C:\WINDOWS\system32\GDI32.dll
0x00007ffac0380000 - 0x00007ffac05f4000 	C:\WINDOWS\WinSxS\amd64_microsoft.windows.common-controls_6595b64144ccf1df_6.0.10586.0_none_8c15ae12515e1c22\COMCTL32.dll
0x00007ffacf430000 - 0x00007ffacf6ad000 	C:\WINDOWS\system32\combase.dll
0x00007ffacbf80000 - 0x00007ffacbfea000 	C:\WINDOWS\system32\bcryptPrimitives.dll
0x00007ffacf320000 - 0x00007ffacf35b000 	C:\WINDOWS\system32\IMM32.DLL
0x0000000063150000 - 0x0000000063222000 	D:\ProgramFiles\Java\jdk1.8.0_05\jre\bin\msvcr100.dll
0x00000000636c0000 - 0x0000000063eea000 	D:\ProgramFiles\Java\jdk1.8.0_05\jre\bin\server\jvm.dll
0x00007ffacd4e0000 - 0x00007ffacd4e8000 	C:\WINDOWS\system32\PSAPI.DLL
0x00007ffac19e0000 - 0x00007ffac19e9000 	C:\WINDOWS\SYSTEM32\WSOCK32.dll
0x00007ffacdca0000 - 0x00007ffacdd0b000 	C:\WINDOWS\system32\WS2_32.dll
0x00007ffaca120000 - 0x00007ffaca143000 	C:\WINDOWS\SYSTEM32\WINMM.dll
0x00007ffaca0c0000 - 0x00007ffaca0ec000 	C:\WINDOWS\SYSTEM32\WINMMBASE.dll
0x00007ffacc980000 - 0x00007ffacc9c3000 	C:\WINDOWS\system32\cfgmgr32.dll
0x00000000635d0000 - 0x00000000635df000 	D:\ProgramFiles\Java\jdk1.8.0_05\jre\bin\verify.dll
0x00000000635a0000 - 0x00000000635c8000 	D:\ProgramFiles\Java\jdk1.8.0_05\jre\bin\java.dll
0x0000000063580000 - 0x0000000063596000 	D:\ProgramFiles\Java\jdk1.8.0_05\jre\bin\zip.dll
0x00007ffacdd10000 - 0x00007ffacf26c000 	C:\WINDOWS\system32\SHELL32.dll
0x00007ffacc310000 - 0x00007ffacc955000 	C:\WINDOWS\system32\windows.storage.dll
0x00007ffacf3d0000 - 0x00007ffacf422000 	C:\WINDOWS\system32\shlwapi.dll
0x00007ffacbe90000 - 0x00007ffacbe9f000 	C:\WINDOWS\system32\kernel.appcore.dll
0x00007ffacbff0000 - 0x00007ffacc0a5000 	C:\WINDOWS\system32\shcore.dll
0x00007ffacbeb0000 - 0x00007ffacbefb000 	C:\WINDOWS\system32\powrprof.dll
0x00007ffacbf00000 - 0x00007ffacbf14000 	C:\WINDOWS\system32\profapi.dll
0x00007ffab2e10000 - 0x00007ffab2f9c000 	C:\WINDOWS\SYSTEM32\dbghelp.dll

VM Arguments:
jvm_args: -Djava.awt.headless=true -Xmx1024M -Dfile.encoding=GBK -Duser.country=CN -Duser.language=zh -Duser.variant 
java_command: com.android.dx.command.Main --dex --force-jumbo --num-threads=4 --output D:\java\StudioProjects\HolleKeiTi\app\build\intermediates\pre-dexed\debug\com.android.support-support-v4-23.3.0_c767bf5577665f33c17fb82a5239e458dafb5ee0.jar D:\java\StudioProjects\HolleKeiTi\app\build\intermediates\exploded-aar\com.android.support\support-v4\23.3.0\jars\classes.jar
java_class_path (initial): D:\ProgramFiles\Android\jdk\build-tools\23.0.3\lib\dx.jar
Launcher Type: SUN_STANDARD

Environment Variables:
JAVA_HOME=D:\ProgramFiles\Java\jdk1.8.0_05
PATH=C:\WINDOWS\system32;C:\WINDOWS;C:\WINDOWS\System32\Wbem;C:\WINDOWS\System32\WindowsPowerShell\v1.0\;D:\ProgramFiles\TortoiseSVN\bin;D:\ProgramFiles\Java\jdk1.8.0_05\bin
USERNAME=Administrator
OS=Windows_NT
PROCESSOR_IDENTIFIER=Intel64 Family 6 Model 60 Stepping 3, GenuineIntel



---------------  S Y S T E M  ---------------

OS: Windows 8.1 , 64 bit Build 9600 

CPU:total 2 (2 cores per cpu, 1 threads per core) family 6 model 60 stepping 3, cmov, cx8, fxsr, mmx, sse, sse2, sse3, ssse3, sse4.1, sse4.2, popcnt, clmul, erms, tsc, tscinvbit

Memory: 4k page, physical 8286416k(1713348k free), swap 8286416k(5392k free)

vm_info: Java HotSpot(TM) 64-Bit Server VM (25.5-b02) for windows-amd64 JRE (1.8.0_05-b13), built on Mar 18 2014 01:08:39 by "java_re" with MS VC++ 10.0 (VS2010)

time: Wed May 11 19:01:42 2016
elapsed time: 4 seconds

