#
# There is insufficient memory for the Java Runtime Environment to continue.
# Native memory allocation (malloc) failed to allocate 32744 bytes for ChunkPool::allocate
# Possible reasons:
#   The system is out of physical RAM or swap space
#   In 32 bit mode, the process size limit was hit
# Possible solutions:
#   Reduce memory load on the system
#   Increase physical memory or swap space
#   Check if swap backing store is full
#   Use 64 bit Java on a 64 bit OS
#   Decrease Java heap size (-Xmx/-Xms)
#   Decrease number of Java threads
#   Decrease Java thread stack sizes (-Xss)
#   Set larger code cache with -XX:ReservedCodeCacheSize=
# This output file may be truncated or incomplete.
#
#  Out of Memory Error (allocation.cpp:271), pid=66808, tid=21184
#
# JRE version: Java(TM) SE Runtime Environment (8.0_05-b13) (build 1.8.0_05-b13)
# Java VM: Java HotSpot(TM) 64-Bit Server VM (25.5-b02 mixed mode windows-amd64 compressed oops)
# Failed to write core dump. Minidumps are not enabled by default on client versions of Windows
#

---------------  T H R E A D  ---------------

Current thread (0x0000000014bae800):  JavaThread "C2 CompilerThread0" daemon [_thread_in_native, id=21184, stack(0x0000000015a80000,0x0000000015b80000)]

Stack: [0x0000000015a80000,0x0000000015b80000]
Native frames: (J=compiled Java code, j=interpreted, Vv=VM code, C=native code)
V  [jvm.dll+0x308dea]
V  [jvm.dll+0x25def1]
V  [jvm.dll+0x25eb0f]
V  [jvm.dll+0x2564e5]
V  [jvm.dll+0xbcd21]
V  [jvm.dll+0xbd45c]
V  [jvm.dll+0x4847f1]
V  [jvm.dll+0x4360bc]
V  [jvm.dll+0x44111e]
V  [jvm.dll+0x4436a9]
V  [jvm.dll+0x427532]
V  [jvm.dll+0x96702]
V  [jvm.dll+0x96ef3]
V  [jvm.dll+0x2232c4]
V  [jvm.dll+0x27baca]
C  [msvcr100.dll+0x21d9f]
C  [msvcr100.dll+0x21e3b]
C  [KERNEL32.DLL+0x18102]
C  [ntdll.dll+0x5c5b4]


Current CompileTask:
C2:   1878  726       4       java.util.HashSet::contains (9 bytes)


---------------  P R O C E S S  ---------------

Java Threads: ( => current thread )
  0x0000000015e9d800 JavaThread "pool-2-thread-4" [_thread_blocked, id=66260, stack(0x0000000016e80000,0x0000000016f80000)]
  0x0000000015e0c000 JavaThread "pool-2-thread-3" [_thread_in_vm, id=65604, stack(0x0000000016d80000,0x0000000016e80000)]
  0x0000000015e0b000 JavaThread "pool-2-thread-2" [_thread_blocked, id=62124, stack(0x0000000016c80000,0x0000000016d80000)]
  0x0000000015e07800 JavaThread "pool-3-thread-1" [_thread_blocked, id=22824, stack(0x0000000016b80000,0x0000000016c80000)]
  0x0000000015ddf000 JavaThread "pool-2-thread-1" [_thread_blocked, id=49220, stack(0x0000000016a80000,0x0000000016b80000)]
  0x0000000015b95000 JavaThread "Service Thread" daemon [_thread_blocked, id=58064, stack(0x0000000016080000,0x0000000016180000)]
  0x0000000015b92000 JavaThread "C1 CompilerThread1" daemon [_thread_in_native, id=52448, stack(0x0000000015f80000,0x0000000016080000)]
=>0x0000000014bae800 JavaThread "C2 CompilerThread0" daemon [_thread_in_native, id=21184, stack(0x0000000015a80000,0x0000000015b80000)]
  0x0000000014bac800 JavaThread "Attach Listener" daemon [_thread_blocked, id=30932, stack(0x0000000015980000,0x0000000015a80000)]
  0x0000000014b5e800 JavaThread "Signal Dispatcher" daemon [_thread_blocked, id=60200, stack(0x0000000015880000,0x0000000015980000)]
  0x0000000014b03800 JavaThread "Finalizer" daemon [_thread_blocked, id=53820, stack(0x0000000015780000,0x0000000015880000)]
  0x0000000014b00000 JavaThread "Reference Handler" daemon [_thread_blocked, id=31584, stack(0x0000000015680000,0x0000000015780000)]
  0x000000000077d800 JavaThread "main" [_thread_blocked, id=37608, stack(0x0000000001f90000,0x0000000002090000)]

Other Threads:
  0x0000000014afa800 VMThread [stack: 0x0000000015580000,0x0000000015680000] [id=83872]
  0x0000000015b96800 WatcherThread [stack: 0x0000000016180000,0x0000000016280000] [id=74812]

VM state:not at safepoint (normal execution)

VM Mutex/Monitor currently owned by a thread:  ([mutex/lock_event])
[0x00000000025c1ed0] MethodData_lock - owner thread: 0x0000000015e0c000

Heap:
 PSYoungGen      total 5120K, used 1768K [0x00000000eab00000, 0x00000000eb100000, 0x0000000100000000)
  eden space 4096K, 18% used [0x00000000eab00000,0x00000000eabc2140,0x00000000eaf00000)
  from space 1024K, 96% used [0x00000000eb000000,0x00000000eb0f8018,0x00000000eb100000)
  to   space 1024K, 0% used [0x00000000eaf00000,0x00000000eaf00000,0x00000000eb000000)
 ParOldGen       total 129536K, used 1936K [0x00000000c0000000, 0x00000000c7e80000, 0x00000000eab00000)
  object space 129536K, 1% used [0x00000000c0000000,0x00000000c01e41d0,0x00000000c7e80000)
 Metaspace       used 5480K, capacity 6512K, committed 6784K, reserved 1056768K
  class space    used 583K, capacity 616K, committed 640K, reserved 1048576K

Card table byte_map: [0x0000000011a80000,0x0000000011c90000] byte_map_base: 0x0000000011480000

Marking Bits: (ParMarkBitMap*) 0x000000005b3d13b0
 Begin Bits: [0x0000000011ff0000, 0x0000000012ff0000)
 End Bits:   [0x0000000012ff0000, 0x0000000013ff0000)

Polling page: 0x00000000001f0000

CodeCache: size=245760Kb used=2600Kb max_used=2607Kb free=243159Kb
 bounds [0x00000000026c0000, 0x0000000002950000, 0x00000000116c0000]
 total_blobs=980 nmethods=715 adapters=180
 compilation: enabled

Compilation events (10 events):
Event: 1.854 Thread 0x0000000015b92000 nmethod 700 0x000000000294a750 code [0x000000000294a940, 0x000000000294b1d8]
Event: 1.854 Thread 0x0000000015b92000  699       3       com.android.dx.rop.code.InsnList::<init> (6 bytes)
Event: 1.854 Thread 0x0000000015b92000 nmethod 699 0x0000000002941490 code [0x0000000002941600, 0x0000000002941788]
Event: 1.854 Thread 0x0000000015b92000  702       3       com.android.dx.rop.code.LocalItem::compareTo (32 bytes)
Event: 1.854 Thread 0x0000000014bae800 nmethod 725 0x000000000294e390 code [0x000000000294e4c0, 0x000000000294e638]
Event: 1.854 Thread 0x0000000015b92000 nmethod 702 0x000000000294da90 code [0x000000000294dc20, 0x000000000294e1b8]
Event: 1.854 Thread 0x0000000015b92000  705       3       java.util.HashSet::<init> (16 bytes)
Event: 1.854 Thread 0x0000000014bae800  726       4       java.util.HashSet::contains (9 bytes)
Event: 1.854 Thread 0x0000000015b92000 nmethod 705 0x000000000294d350 code [0x000000000294d4e0, 0x000000000294d8b0]
Event: 1.854 Thread 0x0000000015b92000  712   !   3       com.android.dx.cf.code.BytecodeArray::parseInstruction (2764 bytes)

GC Heap History (10 events):
Event: 0.393 GC heap before
{Heap before GC invocations=6 (full 0):
 PSYoungGen      total 1536K, used 1512K [0x00000000eab00000, 0x00000000eaf00000, 0x0000000100000000)
  eden space 1024K, 100% used [0x00000000eab00000,0x00000000eac00000,0x00000000eac00000)
  from space 512K, 95% used [0x00000000eac00000,0x00000000eac7a040,0x00000000eac80000)
  to   space 1024K, 0% used [0x00000000eae00000,0x00000000eae00000,0x00000000eaf00000)
 ParOldGen       total 129536K, used 574K [0x00000000c0000000, 0x00000000c7e80000, 0x00000000eab00000)
  object space 129536K, 0% used [0x00000000c0000000,0x00000000c008fbb8,0x00000000c7e80000)
 Metaspace       used 3468K, capacity 4720K, committed 4864K, reserved 1056768K
  class space    used 376K, capacity 424K, committed 512K, reserved 1048576K
Event: 0.400 GC heap after
Heap after GC invocations=6 (full 0):
 PSYoungGen      total 3072K, used 520K [0x00000000eab00000, 0x00000000eaf00000, 0x0000000100000000)
  eden space 2048K, 0% used [0x00000000eab00000,0x00000000eab00000,0x00000000ead00000)
  from space 1024K, 50% used [0x00000000eae00000,0x00000000eae82040,0x00000000eaf00000)
  to   space 1024K, 0% used [0x00000000ead00000,0x00000000ead00000,0x00000000eae00000)
 ParOldGen       total 129536K, used 574K [0x00000000c0000000, 0x00000000c7e80000, 0x00000000eab00000)
  object space 129536K, 0% used [0x00000000c0000000,0x00000000c008fbb8,0x00000000c7e80000)
 Metaspace       used 3468K, capacity 4720K, committed 4864K, reserved 1056768K
  class space    used 376K, capacity 424K, committed 512K, reserved 1048576K
}
Event: 0.402 GC heap before
{Heap before GC invocations=7 (full 0):
 PSYoungGen      total 3072K, used 2568K [0x00000000eab00000, 0x00000000eaf00000, 0x0000000100000000)
  eden space 2048K, 100% used [0x00000000eab00000,0x00000000ead00000,0x00000000ead00000)
  from space 1024K, 50% used [0x00000000eae00000,0x00000000eae82040,0x00000000eaf00000)
  to   space 1024K, 0% used [0x00000000ead00000,0x00000000ead00000,0x00000000eae00000)
 ParOldGen       total 129536K, used 574K [0x00000000c0000000, 0x00000000c7e80000, 0x00000000eab00000)
  object space 129536K, 0% used [0x00000000c0000000,0x00000000c008fbb8,0x00000000c7e80000)
 Metaspace       used 3468K, capacity 4720K, committed 4864K, reserved 1056768K
  class space    used 376K, capacity 424K, committed 512K, reserved 1048576K
Event: 0.405 GC heap after
Heap after GC invocations=7 (full 0):
 PSYoungGen      total 3072K, used 192K [0x00000000eab00000, 0x00000000eb100000, 0x0000000100000000)
  eden space 2048K, 0% used [0x00000000eab00000,0x00000000eab00000,0x00000000ead00000)
  from space 1024K, 18% used [0x00000000ead00000,0x00000000ead30000,0x00000000eae00000)
  to   space 1024K, 0% used [0x00000000eb000000,0x00000000eb000000,0x00000000eb100000)
 ParOldGen       total 129536K, used 911K [0x00000000c0000000, 0x00000000c7e80000, 0x00000000eab00000)
  object space 129536K, 0% used [0x00000000c0000000,0x00000000c00e3c18,0x00000000c7e80000)
 Metaspace       used 3468K, capacity 4720K, committed 4864K, reserved 1056768K
  class space    used 376K, capacity 424K, committed 512K, reserved 1048576K
}
Event: 0.430 GC heap before
{Heap before GC invocations=8 (full 0):
 PSYoungGen      total 3072K, used 2240K [0x00000000eab00000, 0x00000000eb100000, 0x0000000100000000)
  eden space 2048K, 100% used [0x00000000eab00000,0x00000000ead00000,0x00000000ead00000)
  from space 1024K, 18% used [0x00000000ead00000,0x00000000ead30000,0x00000000eae00000)
  to   space 1024K, 0% used [0x00000000eb000000,0x00000000eb000000,0x00000000eb100000)
 ParOldGen       total 129536K, used 911K [0x00000000c0000000, 0x00000000c7e80000, 0x00000000eab00000)
  object space 129536K, 0% used [0x00000000c0000000,0x00000000c00e3c18,0x00000000c7e80000)
 Metaspace       used 3608K, capacity 4880K, committed 5120K, reserved 1056768K
  class space    used 395K, capacity 456K, committed 512K, reserved 1048576K
Event: 0.434 GC heap after
Heap after GC invocations=8 (full 0):
 PSYoungGen      total 5120K, used 199K [0x00000000eab00000, 0x00000000eb100000, 0x0000000100000000)
  eden space 4096K, 0% used [0x00000000eab00000,0x00000000eab00000,0x00000000eaf00000)
  from space 1024K, 19% used [0x00000000eb000000,0x00000000eb031c50,0x00000000eb100000)
  to   space 1024K, 0% used [0x00000000eaf00000,0x00000000eaf00000,0x00000000eb000000)
 ParOldGen       total 129536K, used 1071K [0x00000000c0000000, 0x00000000c7e80000, 0x00000000eab00000)
  object space 129536K, 0% used [0x00000000c0000000,0x00000000c010bc38,0x00000000c7e80000)
 Metaspace       used 3608K, capacity 4880K, committed 5120K, reserved 1056768K
  class space    used 395K, capacity 456K, committed 512K, reserved 1048576K
}
Event: 1.763 GC heap before
{Heap before GC invocations=9 (full 0):
 PSYoungGen      total 5120K, used 4295K [0x00000000eab00000, 0x00000000eb100000, 0x0000000100000000)
  eden space 4096K, 100% used [0x00000000eab00000,0x00000000eaf00000,0x00000000eaf00000)
  from space 1024K, 19% used [0x00000000eb000000,0x00000000eb031c50,0x00000000eb100000)
  to   space 1024K, 0% used [0x00000000eaf00000,0x00000000eaf00000,0x00000000eb000000)
 ParOldGen       total 129536K, used 1071K [0x00000000c0000000, 0x00000000c7e80000, 0x00000000eab00000)
  object space 129536K, 0% used [0x00000000c0000000,0x00000000c010bc38,0x00000000c7e80000)
 Metaspace       used 4846K, capacity 5936K, committed 6272K, reserved 1056768K
  class space    used 532K, capacity 552K, committed 640K, reserved 1048576K
Event: 1.764 GC heap after
Heap after GC invocations=9 (full 0):
 PSYoungGen      total 5120K, used 998K [0x00000000eab00000, 0x00000000eb100000, 0x0000000100000000)
  eden space 4096K, 0% used [0x00000000eab00000,0x00000000eab00000,0x00000000eaf00000)
  from space 1024K, 97% used [0x00000000eaf00000,0x00000000eaff9be0,0x00000000eb000000)
  to   space 1024K, 0% used [0x00000000eb000000,0x00000000eb000000,0x00000000eb100000)
 ParOldGen       total 129536K, used 1476K [0x00000000c0000000, 0x00000000c7e80000, 0x00000000eab00000)
  object space 129536K, 1% used [0x00000000c0000000,0x00000000c01711e8,0x00000000c7e80000)
 Metaspace       used 4846K, capacity 5936K, committed 6272K, reserved 1056768K
  class space    used 532K, capacity 552K, committed 640K, reserved 1048576K
}
Event: 1.842 GC heap before
{Heap before GC invocations=10 (full 0):
 PSYoungGen      total 5120K, used 5094K [0x00000000eab00000, 0x00000000eb100000, 0x0000000100000000)
  eden space 4096K, 100% used [0x00000000eab00000,0x00000000eaf00000,0x00000000eaf00000)
  from space 1024K, 97% used [0x00000000eaf00000,0x00000000eaff9be0,0x00000000eb000000)
  to   space 1024K, 0% used [0x00000000eb000000,0x00000000eb000000,0x00000000eb100000)
 ParOldGen       total 129536K, used 1476K [0x00000000c0000000, 0x00000000c7e80000, 0x00000000eab00000)
  object space 129536K, 1% used [0x00000000c0000000,0x00000000c01711e8,0x00000000c7e80000)
 Metaspace       used 5436K, capacity 6448K, committed 6528K, reserved 1056768K
  class space    used 583K, capacity 616K, committed 640K, reserved 1048576K
Event: 1.843 GC heap after
Heap after GC invocations=10 (full 0):
 PSYoungGen      total 5120K, used 992K [0x00000000eab00000, 0x00000000eb100000, 0x0000000100000000)
  eden space 4096K, 0% used [0x00000000eab00000,0x00000000eab00000,0x00000000eaf00000)
  from space 1024K, 96% used [0x00000000eb000000,0x00000000eb0f8018,0x00000000eb100000)
  to   space 1024K, 0% used [0x00000000eaf00000,0x00000000eaf00000,0x00000000eb000000)
 ParOldGen       total 129536K, used 1936K [0x00000000c0000000, 0x00000000c7e80000, 0x00000000eab00000)
  object space 129536K, 1% used [0x00000000c0000000,0x00000000c01e41d0,0x00000000c7e80000)
 Metaspace       used 5436K, capacity 6448K, committed 6528K, reserved 1056768K
  class space    used 583K, capacity 616K, committed 640K, reserved 1048576K
}

Deoptimization events (0 events):
No events

Internal exceptions (10 events):
Event: 1.791 Thread 0x0000000015e0b000 Exception <a 'java/security/PrivilegedActionException'> (0x00000000eacd18b8) thrown at [D:\re\workspace\8-2-build-windows-amd64-cygwin\jdk8u5\2488\hotspot\src\share\vm\prims\jvm.cpp, line 1248]
Event: 1.791 Thread 0x0000000015e0b000 Exception <a 'java/security/PrivilegedActionException'> (0x00000000eacd6ce8) thrown at [D:\re\workspace\8-2-build-windows-amd64-cygwin\jdk8u5\2488\hotspot\src\share\vm\prims\jvm.cpp, line 1248]
Event: 1.792 Thread 0x0000000015e0b000 Exception <a 'java/security/PrivilegedActionException'> (0x00000000eacda3c8) thrown at [D:\re\workspace\8-2-build-windows-amd64-cygwin\jdk8u5\2488\hotspot\src\share\vm\prims\jvm.cpp, line 1248]
Event: 1.794 Thread 0x0000000015e0b000 Exception <a 'java/security/PrivilegedActionException'> (0x00000000eace6d10) thrown at [D:\re\workspace\8-2-build-windows-amd64-cygwin\jdk8u5\2488\hotspot\src\share\vm\prims\jvm.cpp, line 1248]
Event: 1.794 Thread 0x000000000077d800 Exception <a 'java/security/PrivilegedActionException'> (0x00000000eac6ae08) thrown at [D:\re\workspace\8-2-build-windows-amd64-cygwin\jdk8u5\2488\hotspot\src\share\vm\prims\jvm.cpp, line 1248]
Event: 1.795 Thread 0x000000000077d800 Exception <a 'java/security/PrivilegedActionException'> (0x00000000eac6f6d8) thrown at [D:\re\workspace\8-2-build-windows-amd64-cygwin\jdk8u5\2488\hotspot\src\share\vm\prims\jvm.cpp, line 1248]
Event: 1.797 Thread 0x000000000077d800 Exception <a 'java/security/PrivilegedActionException'> (0x00000000eacf4180) thrown at [D:\re\workspace\8-2-build-windows-amd64-cygwin\jdk8u5\2488\hotspot\src\share\vm\prims\jvm.cpp, line 1248]
Event: 1.803 Thread 0x0000000015e0b000 Exception <a 'java/security/PrivilegedActionException'> (0x00000000ead2b560) thrown at [D:\re\workspace\8-2-build-windows-amd64-cygwin\jdk8u5\2488\hotspot\src\share\vm\prims\jvm.cpp, line 1248]
Event: 1.805 Thread 0x0000000015e0c000 Exception <a 'java/security/PrivilegedActionException'> (0x00000000ead4e7c8) thrown at [D:\re\workspace\8-2-build-windows-amd64-cygwin\jdk8u5\2488\hotspot\src\share\vm\prims\jvm.cpp, line 1248]
Event: 1.809 Thread 0x0000000015ddf000 Exception <a 'java/security/PrivilegedActionException'> (0x00000000eada9ff8) thrown at [D:\re\workspace\8-2-build-windows-amd64-cygwin\jdk8u5\2488\hotspot\src\share\vm\prims\jvm.cpp, line 1248]

Events (10 events):
Event: 1.805 loading class com/android/dx/ssa/back/FirstFitLocalCombiningAllocator$Multiset
Event: 1.805 loading class com/android/dx/ssa/back/FirstFitLocalCombiningAllocator$Multiset done
Event: 1.809 loading class com/android/dx/cf/code/BytecodeArray$ConstantParserVisitor
Event: 1.809 loading class com/android/dx/cf/code/BytecodeArray$ConstantParserVisitor done
Event: 1.814 loading class java/util/HashMap$Values
Event: 1.814 loading class java/util/HashMap$Values done
Event: 1.814 loading class java/util/HashMap$ValueIterator
Event: 1.814 loading class java/util/HashMap$ValueIterator done
Event: 1.841 Executing VM operation: ParallelGCFailedAllocation
Event: 1.843 Executing VM operation: ParallelGCFailedAllocation done


Dynamic libraries:
0x00007ff79f6a0000 - 0x00007ff79f6d4000 	D:\ProgramFiles\Java\jdk1.8.0_05\bin\java.exe
0x00007ffd39560000 - 0x00007ffd39721000 	C:\WINDOWS\SYSTEM32\ntdll.dll
0x00007ffd38cb0000 - 0x00007ffd38d5d000 	C:\WINDOWS\system32\KERNEL32.DLL
0x00007ffd35f10000 - 0x00007ffd360f8000 	C:\WINDOWS\system32\KERNELBASE.dll
0x00007ffd38ba0000 - 0x00007ffd38c47000 	C:\WINDOWS\system32\ADVAPI32.dll
0x00007ffd38d60000 - 0x00007ffd38dfd000 	C:\WINDOWS\system32\msvcrt.dll
0x00007ffd394f0000 - 0x00007ffd3954b000 	C:\WINDOWS\system32\sechost.dll
0x00007ffd36be0000 - 0x00007ffd36cfc000 	C:\WINDOWS\system32\RPCRT4.dll
0x00007ffd38a40000 - 0x00007ffd38b96000 	C:\WINDOWS\system32\USER32.dll
0x00007ffd38420000 - 0x00007ffd385a6000 	C:\WINDOWS\system32\GDI32.dll
0x00007ffd28a50000 - 0x00007ffd28cc4000 	C:\WINDOWS\WinSxS\amd64_microsoft.windows.common-controls_6595b64144ccf1df_6.0.10586.0_none_8c15ae12515e1c22\COMCTL32.dll
0x00007ffd36960000 - 0x00007ffd36bdd000 	C:\WINDOWS\system32\combase.dll
0x00007ffd36810000 - 0x00007ffd3687a000 	C:\WINDOWS\system32\bcryptPrimitives.dll
0x00007ffd39490000 - 0x00007ffd394cb000 	C:\WINDOWS\system32\IMM32.DLL
0x000000005aa00000 - 0x000000005aad2000 	D:\ProgramFiles\Java\jdk1.8.0_05\jre\bin\msvcr100.dll
0x000000005ac20000 - 0x000000005b44a000 	D:\ProgramFiles\Java\jdk1.8.0_05\jre\bin\server\jvm.dll
0x00007ffd39050000 - 0x00007ffd39058000 	C:\WINDOWS\system32\PSAPI.DLL
0x00007ffd32f40000 - 0x00007ffd32f49000 	C:\WINDOWS\SYSTEM32\WSOCK32.dll
0x00007ffd38f10000 - 0x00007ffd38f7b000 	C:\WINDOWS\system32\WS2_32.dll
0x00007ffd343a0000 - 0x00007ffd343c3000 	C:\WINDOWS\SYSTEM32\WINMM.dll
0x00007ffd34340000 - 0x00007ffd3436c000 	C:\WINDOWS\SYSTEM32\WINMMBASE.dll
0x00007ffd36910000 - 0x00007ffd36953000 	C:\WINDOWS\system32\cfgmgr32.dll
0x000000005b6c0000 - 0x000000005b6cf000 	D:\ProgramFiles\Java\jdk1.8.0_05\jre\bin\verify.dll
0x000000005b690000 - 0x000000005b6b8000 	D:\ProgramFiles\Java\jdk1.8.0_05\jre\bin\java.dll
0x000000005b670000 - 0x000000005b686000 	D:\ProgramFiles\Java\jdk1.8.0_05\jre\bin\zip.dll
0x00007ffd36d60000 - 0x00007ffd382bc000 	C:\WINDOWS\system32\SHELL32.dll
0x00007ffd361c0000 - 0x00007ffd36805000 	C:\WINDOWS\system32\windows.storage.dll
0x00007ffd38c50000 - 0x00007ffd38ca2000 	C:\WINDOWS\system32\shlwapi.dll
0x00007ffd35bb0000 - 0x00007ffd35bbf000 	C:\WINDOWS\system32\kernel.appcore.dll
0x00007ffd36100000 - 0x00007ffd361b5000 	C:\WINDOWS\system32\shcore.dll
0x00007ffd35bc0000 - 0x00007ffd35c0b000 	C:\WINDOWS\system32\powrprof.dll
0x00007ffd35b80000 - 0x00007ffd35b94000 	C:\WINDOWS\system32\profapi.dll
0x00007ffd12640000 - 0x00007ffd127cc000 	C:\WINDOWS\SYSTEM32\dbghelp.dll

VM Arguments:
jvm_args: -Djava.awt.headless=true -Xmx1024M -Dfile.encoding=GBK -Duser.country=CN -Duser.language=zh -Duser.variant 
java_command: com.android.dx.command.Main --dex --force-jumbo --num-threads=4 --multi-dex --output D:\java\StudioProjects\HolleKeiTi\app\build\intermediates\transforms\dex\debug\folders\1000\10\internal_impl-23.3.0_dd6815699e0e3c018bbab6ac5e51d046ba1c4f01 D:\java\StudioProjects\HolleKeiTi\app\build\intermediates\exploded-aar\com.android.support\support-v4\23.3.0\jars\libs\internal_impl-23.3.0.jar
java_class_path (initial): D:\ProgramFiles\Android\jdk\build-tools\23.0.3\lib\dx.jar
Launcher Type: SUN_STANDARD

Environment Variables:
JAVA_HOME=D:\ProgramFiles\Java\jdk1.8.0_05
PATH=C:\WINDOWS\system32;C:\WINDOWS;C:\WINDOWS\System32\Wbem;C:\WINDOWS\System32\WindowsPowerShell\v1.0\;D:\ProgramFiles\TortoiseSVN\bin;D:\ProgramFiles\Java\jdk1.8.0_05\bin
USERNAME=Administrator
OS=Windows_NT
PROCESSOR_IDENTIFIER=Intel64 Family 6 Model 60 Stepping 3, GenuineIntel



---------------  S Y S T E M  ---------------

OS: Windows 8.1 , 64 bit Build 9600 

CPU:total 2 (2 cores per cpu, 1 threads per core) family 6 model 60 stepping 3, cmov, cx8, fxsr, mmx, sse, sse2, sse3, ssse3, sse4.1, sse4.2, popcnt, clmul, erms, tsc, tscinvbit

Memory: 4k page, physical 8286416k(1350492k free), swap 8286416k(3108k free)

vm_info: Java HotSpot(TM) 64-Bit Server VM (25.5-b02) for windows-amd64 JRE (1.8.0_05-b13), built on Mar 18 2014 01:08:39 by "java_re" with MS VC++ 10.0 (VS2010)

time: Mon May 09 17:28:27 2016
elapsed time: 1 seconds

