#
# There is insufficient memory for the Java Runtime Environment to continue.
# Native memory allocation (malloc) failed to allocate 644016 bytes for Chunk::new
# Possible reasons:
#   The system is out of physical RAM or swap space
#   In 32 bit mode, the process size limit was hit
# Possible solutions:
#   Reduce memory load on the system
#   Increase physical memory or swap space
#   Check if swap backing store is full
#   Use 64 bit Java on a 64 bit OS
#   Decrease Java heap size (-Xmx/-Xms)
#   Decrease number of Java threads
#   Decrease Java thread stack sizes (-Xss)
#   Set larger code cache with -XX:ReservedCodeCacheSize=
# This output file may be truncated or incomplete.
#
#  Out of Memory Error (allocation.cpp:388), pid=21624, tid=19868
#
# JRE version: Java(TM) SE Runtime Environment (8.0_05-b13) (build 1.8.0_05-b13)
# Java VM: Java HotSpot(TM) 64-Bit Server VM (25.5-b02 mixed mode windows-amd64 compressed oops)
# Failed to write core dump. Minidumps are not enabled by default on client versions of Windows
#

---------------  T H R E A D  ---------------

Current thread (0x0000000014a9e800):  JavaThread "C2 CompilerThread0" daemon [_thread_in_native, id=19868, stack(0x0000000015970000,0x0000000015a70000)]

Stack: [0x0000000015970000,0x0000000015a70000]
Native frames: (J=compiled Java code, j=interpreted, Vv=VM code, C=native code)
V  [jvm.dll+0x308dea]
V  [jvm.dll+0x25def1]
V  [jvm.dll+0x25eb0f]
V  [jvm.dll+0x2564e5]
V  [jvm.dll+0xbcfc5]
V  [jvm.dll+0xbd45c]
V  [jvm.dll+0x44d422]
V  [jvm.dll+0x48e13f]
V  [jvm.dll+0x44293e]
V  [jvm.dll+0x44366b]
V  [jvm.dll+0x427532]
V  [jvm.dll+0x96702]
V  [jvm.dll+0x96ef3]
V  [jvm.dll+0x2232c4]
V  [jvm.dll+0x27baca]
C  [msvcr100.dll+0x21d9f]
C  [msvcr100.dll+0x21e3b]
C  [KERNEL32.DLL+0x18102]
C  [ntdll.dll+0x5c5b4]


Current CompileTask:
C2:    519  805       4       com.android.dx.ssa.SsaBasicBlock::forEachInsn (37 bytes)


---------------  P R O C E S S  ---------------

Java Threads: ( => current thread )
  0x0000000015df4000 JavaThread "pool-2-thread-4" [_thread_in_Java, id=24244, stack(0x0000000016570000,0x0000000016670000)]
  0x0000000015dcf800 JavaThread "pool-2-thread-3" [_thread_in_Java, id=23308, stack(0x0000000016470000,0x0000000016570000)]
  0x0000000015dce800 JavaThread "pool-2-thread-2" [_thread_in_Java, id=21968, stack(0x0000000016370000,0x0000000016470000)]
  0x0000000015dfe000 JavaThread "pool-3-thread-1" [_thread_blocked, id=21992, stack(0x0000000016270000,0x0000000016370000)]
  0x0000000015dfd000 JavaThread "pool-2-thread-1" [_thread_in_vm, id=23176, stack(0x0000000016170000,0x0000000016270000)]
  0x0000000015ba8800 JavaThread "Service Thread" daemon [_thread_blocked, id=22048, stack(0x0000000015f70000,0x0000000016070000)]
  0x0000000014aaa000 JavaThread "C1 CompilerThread1" daemon [_thread_blocked, id=22352, stack(0x0000000015a70000,0x0000000015b70000)]
=>0x0000000014a9e800 JavaThread "C2 CompilerThread0" daemon [_thread_in_native, id=19868, stack(0x0000000015970000,0x0000000015a70000)]
  0x0000000014a9c800 JavaThread "Attach Listener" daemon [_thread_blocked, id=23816, stack(0x0000000015870000,0x0000000015970000)]
  0x0000000014a4e000 JavaThread "Signal Dispatcher" daemon [_thread_blocked, id=24328, stack(0x0000000015770000,0x0000000015870000)]
  0x00000000149f9000 JavaThread "Finalizer" daemon [_thread_blocked, id=24200, stack(0x0000000015670000,0x0000000015770000)]
  0x00000000149ef800 JavaThread "Reference Handler" daemon [_thread_blocked, id=19772, stack(0x0000000015570000,0x0000000015670000)]
  0x00000000024b0800 JavaThread "main" [_thread_in_Java, id=21708, stack(0x00000000022d0000,0x00000000023d0000)]

Other Threads:
  0x00000000149ea800 VMThread [stack: 0x0000000015470000,0x0000000015570000] [id=24180]
  0x0000000014adc800 WatcherThread [stack: 0x0000000016070000,0x0000000016170000] [id=20756]

VM state:not at safepoint (normal execution)

VM Mutex/Monitor currently owned by a thread: None

Heap:
 PSYoungGen      total 9216K, used 4864K [0x00000000eab00000, 0x00000000eb700000, 0x0000000100000000)
  eden space 7680K, 43% used [0x00000000eab00000,0x00000000eae45a70,0x00000000eb280000)
  from space 1536K, 98% used [0x00000000eb480000,0x00000000eb5fa5d0,0x00000000eb600000)
  to   space 2048K, 0% used [0x00000000eb280000,0x00000000eb280000,0x00000000eb480000)
 ParOldGen       total 129536K, used 1841K [0x00000000c0000000, 0x00000000c7e80000, 0x00000000eab00000)
  object space 129536K, 1% used [0x00000000c0000000,0x00000000c01cc470,0x00000000c7e80000)
 Metaspace       used 5606K, capacity 6640K, committed 6784K, reserved 1056768K
  class space    used 591K, capacity 616K, committed 640K, reserved 1048576K

Card table byte_map: [0x0000000011970000,0x0000000011b80000] byte_map_base: 0x0000000011370000

Marking Bits: (ParMarkBitMap*) 0x00000000581f13b0
 Begin Bits: [0x0000000011ee0000, 0x0000000012ee0000)
 End Bits:   [0x0000000012ee0000, 0x0000000013ee0000)

Polling page: 0x00000000001f0000

CodeCache: size=245760Kb used=3226Kb max_used=3226Kb free=242533Kb
 bounds [0x00000000025b0000, 0x00000000028e0000, 0x00000000115b0000]
 total_blobs=1105 nmethods=840 adapters=180
 compilation: enabled

Compilation events (10 events):
Event: 0.488 Thread 0x0000000014aaa000 nmethod 814 0x00000000028b4250 code [0x00000000028b43c0, 0x00000000028b4708]
Event: 0.488 Thread 0x0000000014aaa000  815       3       com.android.dx.cf.code.ByteBlockList::labelToBlock (46 bytes)
Event: 0.488 Thread 0x0000000014aaa000 nmethod 815 0x00000000028b4850 code [0x00000000028b4a60, 0x00000000028b5748]
Event: 0.488 Thread 0x0000000014aaa000  816   !   3       com.android.dx.cf.code.Ropper::processBlock (1101 bytes)
Event: 0.497 Thread 0x0000000014aaa000 nmethod 816 0x00000000028b5c10 code [0x00000000028b6780, 0x00000000028bfdd8]
Event: 0.505 Thread 0x0000000014aaa000  817       3       com.android.dx.cf.code.OneLocalsArray::copy (5 bytes)
Event: 0.506 Thread 0x0000000014aaa000 nmethod 817 0x00000000028c85d0 code [0x00000000028c8780, 0x00000000028c8d88]
Event: 0.507 Thread 0x0000000014aaa000  818       3       com.android.dx.cf.code.Simulator$SimVisitor::setFrame (20 bytes)
Event: 0.507 Thread 0x0000000014aaa000 nmethod 818 0x00000000028c9050 code [0x00000000028c91c0, 0x00000000028c9408]
Event: 0.508 Thread 0x0000000014aaa000  819       3       com.android.dx.cf.code.BaseMachine::getLocalTarget (151 bytes)

GC Heap History (10 events):
Event: 0.161 GC heap before
{Heap before GC invocations=4 (full 0):
 PSYoungGen      total 1536K, used 1528K [0x00000000eab00000, 0x00000000eae00000, 0x0000000100000000)
  eden space 1024K, 100% used [0x00000000eab00000,0x00000000eac00000,0x00000000eac00000)
  from space 512K, 98% used [0x00000000eac00000,0x00000000eac7e030,0x00000000eac80000)
  to   space 512K, 0% used [0x00000000ead80000,0x00000000ead80000,0x00000000eae00000)
 ParOldGen       total 129536K, used 572K [0x00000000c0000000, 0x00000000c7e80000, 0x00000000eab00000)
  object space 129536K, 0% used [0x00000000c0000000,0x00000000c008f100,0x00000000c7e80000)
 Metaspace       used 3471K, capacity 4720K, committed 4864K, reserved 1056768K
  class space    used 376K, capacity 424K, committed 512K, reserved 1048576K
Event: 0.162 GC heap after
Heap after GC invocations=4 (full 0):
 PSYoungGen      total 2560K, used 504K [0x00000000eab00000, 0x00000000eae00000, 0x0000000100000000)
  eden space 2048K, 0% used [0x00000000eab00000,0x00000000eab00000,0x00000000ead00000)
  from space 512K, 98% used [0x00000000ead80000,0x00000000eadfe030,0x00000000eae00000)
  to   space 512K, 0% used [0x00000000ead00000,0x00000000ead00000,0x00000000ead80000)
 ParOldGen       total 129536K, used 580K [0x00000000c0000000, 0x00000000c7e80000, 0x00000000eab00000)
  object space 129536K, 0% used [0x00000000c0000000,0x00000000c0091100,0x00000000c7e80000)
 Metaspace       used 3471K, capacity 4720K, committed 4864K, reserved 1056768K
  class space    used 376K, capacity 424K, committed 512K, reserved 1048576K
}
Event: 0.166 GC heap before
{Heap before GC invocations=5 (full 0):
 PSYoungGen      total 2560K, used 2552K [0x00000000eab00000, 0x00000000eae00000, 0x0000000100000000)
  eden space 2048K, 100% used [0x00000000eab00000,0x00000000ead00000,0x00000000ead00000)
  from space 512K, 98% used [0x00000000ead80000,0x00000000eadfe030,0x00000000eae00000)
  to   space 512K, 0% used [0x00000000ead00000,0x00000000ead00000,0x00000000ead80000)
 ParOldGen       total 129536K, used 580K [0x00000000c0000000, 0x00000000c7e80000, 0x00000000eab00000)
  object space 129536K, 0% used [0x00000000c0000000,0x00000000c0091100,0x00000000c7e80000)
 Metaspace       used 3471K, capacity 4720K, committed 4864K, reserved 1056768K
  class space    used 376K, capacity 424K, committed 512K, reserved 1048576K
Event: 0.168 GC heap after
Heap after GC invocations=5 (full 0):
 PSYoungGen      total 2560K, used 504K [0x00000000eab00000, 0x00000000eb100000, 0x0000000100000000)
  eden space 2048K, 0% used [0x00000000eab00000,0x00000000eab00000,0x00000000ead00000)
  from space 512K, 98% used [0x00000000ead00000,0x00000000ead7e030,0x00000000ead80000)
  to   space 1024K, 0% used [0x00000000eb000000,0x00000000eb000000,0x00000000eb100000)
 ParOldGen       total 129536K, used 604K [0x00000000c0000000, 0x00000000c7e80000, 0x00000000eab00000)
  object space 129536K, 0% used [0x00000000c0000000,0x00000000c0097100,0x00000000c7e80000)
 Metaspace       used 3471K, capacity 4720K, committed 4864K, reserved 1056768K
  class space    used 376K, capacity 424K, committed 512K, reserved 1048576K
}
Event: 0.170 GC heap before
{Heap before GC invocations=6 (full 0):
 PSYoungGen      total 2560K, used 2552K [0x00000000eab00000, 0x00000000eb100000, 0x0000000100000000)
  eden space 2048K, 100% used [0x00000000eab00000,0x00000000ead00000,0x00000000ead00000)
  from space 512K, 98% used [0x00000000ead00000,0x00000000ead7e030,0x00000000ead80000)
  to   space 1024K, 0% used [0x00000000eb000000,0x00000000eb000000,0x00000000eb100000)
 ParOldGen       total 129536K, used 604K [0x00000000c0000000, 0x00000000c7e80000, 0x00000000eab00000)
  object space 129536K, 0% used [0x00000000c0000000,0x00000000c0097100,0x00000000c7e80000)
 Metaspace       used 3471K, capacity 4720K, committed 4864K, reserved 1056768K
  class space    used 376K, capacity 424K, committed 512K, reserved 1048576K
Event: 0.174 GC heap after
Heap after GC invocations=6 (full 0):
 PSYoungGen      total 5120K, used 504K [0x00000000eab00000, 0x00000000eb100000, 0x0000000100000000)
  eden space 4096K, 0% used [0x00000000eab00000,0x00000000eab00000,0x00000000eaf00000)
  from space 1024K, 49% used [0x00000000eb000000,0x00000000eb07e030,0x00000000eb100000)
  to   space 1024K, 0% used [0x00000000eaf00000,0x00000000eaf00000,0x00000000eb000000)
 ParOldGen       total 129536K, used 604K [0x00000000c0000000, 0x00000000c7e80000, 0x00000000eab00000)
  object space 129536K, 0% used [0x00000000c0000000,0x00000000c0097100,0x00000000c7e80000)
 Metaspace       used 3471K, capacity 4720K, committed 4864K, reserved 1056768K
  class space    used 376K, capacity 424K, committed 512K, reserved 1048576K
}
Event: 0.309 GC heap before
{Heap before GC invocations=7 (full 0):
 PSYoungGen      total 5120K, used 4600K [0x00000000eab00000, 0x00000000eb100000, 0x0000000100000000)
  eden space 4096K, 100% used [0x00000000eab00000,0x00000000eaf00000,0x00000000eaf00000)
  from space 1024K, 49% used [0x00000000eb000000,0x00000000eb07e030,0x00000000eb100000)
  to   space 1024K, 0% used [0x00000000eaf00000,0x00000000eaf00000,0x00000000eb000000)
 ParOldGen       total 129536K, used 604K [0x00000000c0000000, 0x00000000c7e80000, 0x00000000eab00000)
  object space 129536K, 0% used [0x00000000c0000000,0x00000000c0097100,0x00000000c7e80000)
 Metaspace       used 4500K, capacity 5648K, committed 6016K, reserved 1056768K
  class space    used 493K, capacity 520K, committed 640K, reserved 1048576K
Event: 0.312 GC heap after
Heap after GC invocations=7 (full 0):
 PSYoungGen      total 5120K, used 1024K [0x00000000eab00000, 0x00000000eb600000, 0x0000000100000000)
  eden space 4096K, 0% used [0x00000000eab00000,0x00000000eab00000,0x00000000eaf00000)
  from space 1024K, 100% used [0x00000000eaf00000,0x00000000eb000000,0x00000000eb000000)
  to   space 1536K, 0% used [0x00000000eb480000,0x00000000eb480000,0x00000000eb600000)
 ParOldGen       total 129536K, used 1375K [0x00000000c0000000, 0x00000000c7e80000, 0x00000000eab00000)
  object space 129536K, 1% used [0x00000000c0000000,0x00000000c0157c08,0x00000000c7e80000)
 Metaspace       used 4500K, capacity 5648K, committed 6016K, reserved 1056768K
  class space    used 493K, capacity 520K, committed 640K, reserved 1048576K
}
Event: 0.386 GC heap before
{Heap before GC invocations=8 (full 0):
 PSYoungGen      total 5120K, used 5120K [0x00000000eab00000, 0x00000000eb600000, 0x0000000100000000)
  eden space 4096K, 100% used [0x00000000eab00000,0x00000000eaf00000,0x00000000eaf00000)
  from space 1024K, 100% used [0x00000000eaf00000,0x00000000eb000000,0x00000000eb000000)
  to   space 1536K, 0% used [0x00000000eb480000,0x00000000eb480000,0x00000000eb600000)
 ParOldGen       total 129536K, used 1375K [0x00000000c0000000, 0x00000000c7e80000, 0x00000000eab00000)
  object space 129536K, 1% used [0x00000000c0000000,0x00000000c0157c08,0x00000000c7e80000)
 Metaspace       used 5376K, capacity 6448K, committed 6528K, reserved 1056768K
  class space    used 586K, capacity 616K, committed 640K, reserved 1048576K
Event: 0.389 GC heap after
Heap after GC invocations=8 (full 0):
 PSYoungGen      total 9216K, used 1513K [0x00000000eab00000, 0x00000000eb700000, 0x0000000100000000)
  eden space 7680K, 0% used [0x00000000eab00000,0x00000000eab00000,0x00000000eb280000)
  from space 1536K, 98% used [0x00000000eb480000,0x00000000eb5fa5d0,0x00000000eb600000)
  to   space 2048K, 0% used [0x00000000eb280000,0x00000000eb280000,0x00000000eb480000)
 ParOldGen       total 129536K, used 1841K [0x00000000c0000000, 0x00000000c7e80000, 0x00000000eab00000)
  object space 129536K, 1% used [0x00000000c0000000,0x00000000c01cc470,0x00000000c7e80000)
 Metaspace       used 5376K, capacity 6448K, committed 6528K, reserved 1056768K
  class space    used 586K, capacity 616K, committed 640K, reserved 1048576K
}

Deoptimization events (0 events):
No events

Internal exceptions (10 events):
Event: 0.374 Thread 0x0000000015df4000 Exception <a 'java/security/PrivilegedActionException'> (0x00000000eac948b0) thrown at [D:\re\workspace\8-2-build-windows-amd64-cygwin\jdk8u5\2488\hotspot\src\share\vm\prims\jvm.cpp, line 1248]
Event: 0.375 Thread 0x0000000015df4000 Exception <a 'java/security/PrivilegedActionException'> (0x00000000eac9a9c8) thrown at [D:\re\workspace\8-2-build-windows-amd64-cygwin\jdk8u5\2488\hotspot\src\share\vm\prims\jvm.cpp, line 1248]
Event: 0.375 Thread 0x0000000015df4000 Exception <a 'java/security/PrivilegedActionException'> (0x00000000eac9ef78) thrown at [D:\re\workspace\8-2-build-windows-amd64-cygwin\jdk8u5\2488\hotspot\src\share\vm\prims\jvm.cpp, line 1248]
Event: 0.376 Thread 0x0000000015dce800 Exception <a 'java/security/PrivilegedActionException'> (0x00000000eadd4bb8) thrown at [D:\re\workspace\8-2-build-windows-amd64-cygwin\jdk8u5\2488\hotspot\src\share\vm\prims\jvm.cpp, line 1248]
Event: 0.378 Thread 0x0000000015dce800 Exception <a 'java/security/PrivilegedActionException'> (0x00000000eae15af0) thrown at [D:\re\workspace\8-2-build-windows-amd64-cygwin\jdk8u5\2488\hotspot\src\share\vm\prims\jvm.cpp, line 1248]
Event: 0.378 Thread 0x0000000015dce800 Exception <a 'java/security/PrivilegedActionException'> (0x00000000eae1b1c8) thrown at [D:\re\workspace\8-2-build-windows-amd64-cygwin\jdk8u5\2488\hotspot\src\share\vm\prims\jvm.cpp, line 1248]
Event: 0.379 Thread 0x00000000024b0800 Exception <a 'java/security/PrivilegedActionException'> (0x00000000eadc6098) thrown at [D:\re\workspace\8-2-build-windows-amd64-cygwin\jdk8u5\2488\hotspot\src\share\vm\prims\jvm.cpp, line 1248]
Event: 0.393 Thread 0x0000000015dce800 Exception <a 'java/security/PrivilegedActionException'> (0x00000000eab68350) thrown at [D:\re\workspace\8-2-build-windows-amd64-cygwin\jdk8u5\2488\hotspot\src\share\vm\prims\jvm.cpp, line 1248]
Event: 0.445 Thread 0x0000000015dcf800 Exception <a 'java/security/PrivilegedActionException'> (0x00000000eac23d20) thrown at [D:\re\workspace\8-2-build-windows-amd64-cygwin\jdk8u5\2488\hotspot\src\share\vm\prims\jvm.cpp, line 1248]
Event: 0.454 Thread 0x0000000015dcf800 Exception <a 'java/security/PrivilegedActionException'> (0x00000000ead03450) thrown at [D:\re\workspace\8-2-build-windows-amd64-cygwin\jdk8u5\2488\hotspot\src\share\vm\prims\jvm.cpp, line 1248]

Events (10 events):
Event: 0.393 loading class com/android/dx/ssa/back/FirstFitLocalCombiningAllocator$Multiset
Event: 0.393 loading class com/android/dx/ssa/back/FirstFitLocalCombiningAllocator$Multiset done
Event: 0.445 loading class com/android/dx/cf/code/BytecodeArray$ConstantParserVisitor
Event: 0.445 loading class com/android/dx/cf/code/BytecodeArray$ConstantParserVisitor done
Event: 0.454 loading class com/android/dx/cf/code/Ropper$ExceptionHandlerSetup
Event: 0.454 loading class com/android/dx/cf/code/Ropper$ExceptionHandlerSetup done
Event: 0.465 loading class java/util/HashMap$Values
Event: 0.465 loading class java/util/HashMap$Values done
Event: 0.465 loading class java/util/HashMap$ValueIterator
Event: 0.465 loading class java/util/HashMap$ValueIterator done


Dynamic libraries:
0x00007ff6847a0000 - 0x00007ff6847d4000 	D:\ProgramFiles\Java\jdk1.8.0_05\bin\java.exe
0x00007ffeb9170000 - 0x00007ffeb9331000 	C:\WINDOWS\SYSTEM32\ntdll.dll
0x00007ffeb8bb0000 - 0x00007ffeb8c5d000 	C:\WINDOWS\system32\KERNEL32.DLL
0x00007ffeb5b50000 - 0x00007ffeb5d38000 	C:\WINDOWS\system32\KERNELBASE.dll
0x00007ffeb69e0000 - 0x00007ffeb6a87000 	C:\WINDOWS\system32\ADVAPI32.dll
0x00007ffeb8fa0000 - 0x00007ffeb903d000 	C:\WINDOWS\system32\msvcrt.dll
0x00007ffeb6c20000 - 0x00007ffeb6c7b000 	C:\WINDOWS\system32\sechost.dll
0x00007ffeb9040000 - 0x00007ffeb915c000 	C:\WINDOWS\system32\RPCRT4.dll
0x00007ffeb8e00000 - 0x00007ffeb8f56000 	C:\WINDOWS\system32\USER32.dll
0x00007ffeb6a90000 - 0x00007ffeb6c16000 	C:\WINDOWS\system32\GDI32.dll
0x00007ffea8cb0000 - 0x00007ffea8f24000 	C:\WINDOWS\WinSxS\amd64_microsoft.windows.common-controls_6595b64144ccf1df_6.0.10586.0_none_8c15ae12515e1c22\COMCTL32.dll
0x00007ffeb6c80000 - 0x00007ffeb6efd000 	C:\WINDOWS\system32\combase.dll
0x00007ffeb58b0000 - 0x00007ffeb591a000 	C:\WINDOWS\system32\bcryptPrimitives.dll
0x00007ffeb8f60000 - 0x00007ffeb8f9b000 	C:\WINDOWS\system32\IMM32.DLL
0x00000000574d0000 - 0x00000000575a2000 	D:\ProgramFiles\Java\jdk1.8.0_05\jre\bin\msvcr100.dll
0x0000000057a40000 - 0x000000005826a000 	D:\ProgramFiles\Java\jdk1.8.0_05\jre\bin\server\jvm.dll
0x00007ffeb9160000 - 0x00007ffeb9168000 	C:\WINDOWS\system32\PSAPI.DLL
0x00007ffeae570000 - 0x00007ffeae579000 	C:\WINDOWS\SYSTEM32\WSOCK32.dll
0x00007ffeb71b0000 - 0x00007ffeb721b000 	C:\WINDOWS\system32\WS2_32.dll
0x00007ffeb39b0000 - 0x00007ffeb39d3000 	C:\WINDOWS\SYSTEM32\WINMM.dll
0x00007ffeb29e0000 - 0x00007ffeb2a0c000 	C:\WINDOWS\SYSTEM32\WINMMBASE.dll
0x00007ffeb5eb0000 - 0x00007ffeb5ef3000 	C:\WINDOWS\system32\cfgmgr32.dll
0x0000000057950000 - 0x000000005795f000 	D:\ProgramFiles\Java\jdk1.8.0_05\jre\bin\verify.dll
0x0000000057920000 - 0x0000000057948000 	D:\ProgramFiles\Java\jdk1.8.0_05\jre\bin\java.dll
0x0000000057900000 - 0x0000000057916000 	D:\ProgramFiles\Java\jdk1.8.0_05\jre\bin\zip.dll
0x00007ffeb7220000 - 0x00007ffeb877c000 	C:\WINDOWS\system32\SHELL32.dll
0x00007ffeb5f00000 - 0x00007ffeb6544000 	C:\WINDOWS\system32\windows.storage.dll
0x00007ffeb8da0000 - 0x00007ffeb8df2000 	C:\WINDOWS\system32\shlwapi.dll
0x00007ffeb57f0000 - 0x00007ffeb57ff000 	C:\WINDOWS\system32\kernel.appcore.dll
0x00007ffeb5d40000 - 0x00007ffeb5df5000 	C:\WINDOWS\system32\shcore.dll
0x00007ffeb57a0000 - 0x00007ffeb57eb000 	C:\WINDOWS\system32\powrprof.dll
0x00007ffeb5800000 - 0x00007ffeb5814000 	C:\WINDOWS\system32\profapi.dll
0x00007ffea26f0000 - 0x00007ffea287c000 	C:\WINDOWS\SYSTEM32\dbghelp.dll

VM Arguments:
jvm_args: -Djava.awt.headless=true -Xmx1024M -Dfile.encoding=GBK -Duser.country=CN -Duser.language=zh -Duser.variant 
java_command: com.android.dx.command.Main --dex --force-jumbo --num-threads=4 --multi-dex --output D:\java\StudioProjects\HolleKeiTi\app\build\intermediates\transforms\dex\debug\folders\1000\10\com.android.support-appcompat-v7-23.3.0_31f1db12dd20b6989f59967a7e5f4d3f9b6be8fb D:\java\StudioProjects\HolleKeiTi\app\build\intermediates\exploded-aar\com.android.support\appcompat-v7\23.3.0\jars\classes.jar
java_class_path (initial): D:\ProgramFiles\Android\jdk\build-tools\23.0.3\lib\dx.jar
Launcher Type: SUN_STANDARD

Environment Variables:
JAVA_HOME=D:\ProgramFiles\Java\jdk1.8.0_05
PATH=C:\WINDOWS\system32;C:\WINDOWS;C:\WINDOWS\System32\Wbem;C:\WINDOWS\System32\WindowsPowerShell\v1.0\;D:\ProgramFiles\TortoiseSVN\bin;D:\ProgramFiles\Java\jdk1.8.0_05\bin
USERNAME=Administrator
OS=Windows_NT
PROCESSOR_IDENTIFIER=Intel64 Family 6 Model 60 Stepping 3, GenuineIntel



---------------  S Y S T E M  ---------------

OS: Windows 8.1 , 64 bit Build 9600 

CPU:total 2 (2 cores per cpu, 1 threads per core) family 6 model 60 stepping 3, cmov, cx8, fxsr, mmx, sse, sse2, sse3, ssse3, sse4.1, sse4.2, popcnt, clmul, erms, tsc, tscinvbit

Memory: 4k page, physical 8286416k(869576k free), swap 8286416k(4556k free)

vm_info: Java HotSpot(TM) 64-Bit Server VM (25.5-b02) for windows-amd64 JRE (1.8.0_05-b13), built on Mar 18 2014 01:08:39 by "java_re" with MS VC++ 10.0 (VS2010)

time: Fri May 13 11:59:07 2016
elapsed time: 0 seconds

