#
# There is insufficient memory for the Java Runtime Environment to continue.
# Native memory allocation (malloc) failed to allocate 454176 bytes for Chunk::new
# Possible reasons:
#   The system is out of physical RAM or swap space
#   In 32 bit mode, the process size limit was hit
# Possible solutions:
#   Reduce memory load on the system
#   Increase physical memory or swap space
#   Check if swap backing store is full
#   Use 64 bit Java on a 64 bit OS
#   Decrease Java heap size (-Xmx/-Xms)
#   Decrease number of Java threads
#   Decrease Java thread stack sizes (-Xss)
#   Set larger code cache with -XX:ReservedCodeCacheSize=
# This output file may be truncated or incomplete.
#
#  Out of Memory Error (allocation.cpp:388), pid=22636, tid=6760
#
# JRE version: Java(TM) SE Runtime Environment (8.0_05-b13) (build 1.8.0_05-b13)
# Java VM: Java HotSpot(TM) 64-Bit Server VM (25.5-b02 mixed mode windows-amd64 compressed oops)
# Failed to write core dump. Minidumps are not enabled by default on client versions of Windows
#

---------------  T H R E A D  ---------------

Current thread (0x00000000149dc800):  JavaThread "C2 CompilerThread0" daemon [_thread_in_native, id=6760, stack(0x00000000158b0000,0x00000000159b0000)]

Stack: [0x00000000158b0000,0x00000000159b0000]
Native frames: (J=compiled Java code, j=interpreted, Vv=VM code, C=native code)
V  [jvm.dll+0x308dea]


Current CompileTask:
C2:    596  675       4       com.android.dx.ssa.NormalSsaInsn::accept (25 bytes)


---------------  P R O C E S S  ---------------

Java Threads: ( => current thread )
  0x0000000015bfc000 JavaThread "pool-2-thread-4" [_thread_blocked, id=3328, stack(0x00000000164b0000,0x00000000165b0000)]
  0x0000000015bf9800 JavaThread "pool-2-thread-3" [_thread_in_Java, id=4044, stack(0x00000000163b0000,0x00000000164b0000)]
  0x0000000015bf2000 JavaThread "pool-2-thread-2" [_thread_blocked, id=23784, stack(0x00000000162b0000,0x00000000163b0000)]
  0x0000000015bcd800 JavaThread "pool-3-thread-1" [_thread_in_native, id=21540, stack(0x00000000161b0000,0x00000000162b0000)]
  0x0000000015bca800 JavaThread "pool-2-thread-1" [_thread_in_Java, id=21720, stack(0x00000000160b0000,0x00000000161b0000)]
  0x0000000015ac8800 JavaThread "Service Thread" daemon [_thread_blocked, id=22092, stack(0x0000000015eb0000,0x0000000015fb0000)]
  0x00000000149df000 JavaThread "C1 CompilerThread1" daemon [_thread_blocked, id=24428, stack(0x00000000159b0000,0x0000000015ab0000)]
=>0x00000000149dc800 JavaThread "C2 CompilerThread0" daemon [_thread_in_native, id=6760, stack(0x00000000158b0000,0x00000000159b0000)]
  0x000000001498e800 JavaThread "Attach Listener" daemon [_thread_blocked, id=20752, stack(0x00000000157b0000,0x00000000158b0000)]
  0x000000001498d000 JavaThread "Signal Dispatcher" daemon [_thread_blocked, id=21576, stack(0x00000000156b0000,0x00000000157b0000)]
  0x0000000014939000 JavaThread "Finalizer" daemon [_thread_blocked, id=23332, stack(0x00000000155b0000,0x00000000156b0000)]
  0x000000001492e800 JavaThread "Reference Handler" daemon [_thread_blocked, id=24044, stack(0x00000000154b0000,0x00000000155b0000)]
  0x00000000023f0800 JavaThread "main" [_thread_blocked, id=7680, stack(0x0000000001e30000,0x0000000001f30000)]

Other Threads:
  0x000000001492a000 VMThread [stack: 0x00000000153b0000,0x00000000154b0000] [id=23952]
  0x0000000014a1c800 WatcherThread [stack: 0x0000000015fb0000,0x00000000160b0000] [id=23844]

VM state:not at safepoint (normal execution)

VM Mutex/Monitor currently owned by a thread: None

Heap:
 PSYoungGen      total 5632K, used 3279K [0x00000000eab00000, 0x00000000eb700000, 0x0000000100000000)
  eden space 4096K, 43% used [0x00000000eab00000,0x00000000eacbbf68,0x00000000eaf00000)
  from space 1536K, 97% used [0x00000000eaf00000,0x00000000eb078018,0x00000000eb080000)
  to   space 2048K, 0% used [0x00000000eb500000,0x00000000eb500000,0x00000000eb700000)
 ParOldGen       total 129536K, used 2242K [0x00000000c0000000, 0x00000000c7e80000, 0x00000000eab00000)
  object space 129536K, 1% used [0x00000000c0000000,0x00000000c0230b40,0x00000000c7e80000)
 Metaspace       used 5614K, capacity 6578K, committed 6784K, reserved 1056768K
  class space    used 594K, capacity 618K, committed 640K, reserved 1048576K

Card table byte_map: [0x00000000118b0000,0x0000000011ac0000] byte_map_base: 0x00000000112b0000

Marking Bits: (ParMarkBitMap*) 0x00000000581f13b0
 Begin Bits: [0x0000000011e20000, 0x0000000012e20000)
 End Bits:   [0x0000000012e20000, 0x0000000013e20000)

Polling page: 0x0000000001de0000

CodeCache: size=245760Kb used=2494Kb max_used=2505Kb free=243265Kb
 bounds [0x00000000024f0000, 0x0000000002770000, 0x00000000114f0000]
 total_blobs=905 nmethods=635 adapters=185
 compilation: enabled

Compilation events (10 events):
Event: 0.577 Thread 0x00000000149dc800 nmethod 665 0x0000000002761810 code [0x0000000002761960, 0x0000000002761c98]
Event: 0.577 Thread 0x00000000149dc800  668       4       java.util.BitSet::set (58 bytes)
Event: 0.579 Thread 0x00000000149dc800 nmethod 668 0x00000000027613d0 code [0x0000000002761520, 0x00000000027616a8]
Event: 0.579 Thread 0x00000000149dc800  669       4       java.util.BitSet::get (69 bytes)
Event: 0.579 Thread 0x00000000149dc800 nmethod 669 0x000000000275d710 code [0x000000000275d840, 0x000000000275d918]
Event: 0.579 Thread 0x00000000149dc800  663   !   4       com.android.dx.util.FixedSizeList::<init> (36 bytes)
Event: 0.580 Thread 0x00000000149dc800 nmethod 663 0x0000000002761090 code [0x00000000027611e0, 0x0000000002761318]
Event: 0.580 Thread 0x00000000149dc800  671       4       com.android.dx.rop.code.InsnList::get (9 bytes)
Event: 0.580 Thread 0x00000000149dc800 nmethod 671 0x0000000002763b50 code [0x0000000002763ca0, 0x0000000002763d98]
Event: 0.580 Thread 0x00000000149dc800  675       4       com.android.dx.ssa.NormalSsaInsn::accept (25 bytes)

GC Heap History (10 events):
Event: 0.221 GC heap before
{Heap before GC invocations=3 (full 0):
 PSYoungGen      total 1536K, used 1506K [0x00000000eab00000, 0x00000000ead00000, 0x0000000100000000)
  eden space 1024K, 99% used [0x00000000eab00000,0x00000000eabff2f8,0x00000000eac00000)
  from space 512K, 94% used [0x00000000eac80000,0x00000000eacf9640,0x00000000ead00000)
  to   space 512K, 0% used [0x00000000eac00000,0x00000000eac00000,0x00000000eac80000)
 ParOldGen       total 129536K, used 288K [0x00000000c0000000, 0x00000000c7e80000, 0x00000000eab00000)
  object space 129536K, 0% used [0x00000000c0000000,0x00000000c0048000,0x00000000c7e80000)
 Metaspace       used 3484K, capacity 4784K, committed 5120K, reserved 1056768K
  class space    used 384K, capacity 424K, committed 512K, reserved 1048576K
Event: 0.224 GC heap after
Heap after GC invocations=3 (full 0):
 PSYoungGen      total 1536K, used 504K [0x00000000eab00000, 0x00000000eae00000, 0x0000000100000000)
  eden space 1024K, 0% used [0x00000000eab00000,0x00000000eab00000,0x00000000eac00000)
  from space 512K, 98% used [0x00000000eac00000,0x00000000eac7e010,0x00000000eac80000)
  to   space 512K, 0% used [0x00000000ead80000,0x00000000ead80000,0x00000000eae00000)
 ParOldGen       total 129536K, used 577K [0x00000000c0000000, 0x00000000c7e80000, 0x00000000eab00000)
  object space 129536K, 0% used [0x00000000c0000000,0x00000000c00907e0,0x00000000c7e80000)
 Metaspace       used 3484K, capacity 4784K, committed 5120K, reserved 1056768K
  class space    used 384K, capacity 424K, committed 512K, reserved 1048576K
}
Event: 0.332 GC heap before
{Heap before GC invocations=4 (full 0):
 PSYoungGen      total 1536K, used 1528K [0x00000000eab00000, 0x00000000eae00000, 0x0000000100000000)
  eden space 1024K, 100% used [0x00000000eab00000,0x00000000eac00000,0x00000000eac00000)
  from space 512K, 98% used [0x00000000eac00000,0x00000000eac7e010,0x00000000eac80000)
  to   space 512K, 0% used [0x00000000ead80000,0x00000000ead80000,0x00000000eae00000)
 ParOldGen       total 129536K, used 577K [0x00000000c0000000, 0x00000000c7e80000, 0x00000000eab00000)
  object space 129536K, 0% used [0x00000000c0000000,0x00000000c00907e0,0x00000000c7e80000)
 Metaspace       used 3855K, capacity 5040K, committed 5120K, reserved 1056768K
  class space    used 434K, capacity 488K, committed 512K, reserved 1048576K
Event: 0.333 GC heap after
Heap after GC invocations=4 (full 0):
 PSYoungGen      total 2560K, used 488K [0x00000000eab00000, 0x00000000eae00000, 0x0000000100000000)
  eden space 2048K, 0% used [0x00000000eab00000,0x00000000eab00000,0x00000000ead00000)
  from space 512K, 95% used [0x00000000ead80000,0x00000000eadfa020,0x00000000eae00000)
  to   space 512K, 0% used [0x00000000ead00000,0x00000000ead00000,0x00000000ead80000)
 ParOldGen       total 129536K, used 872K [0x00000000c0000000, 0x00000000c7e80000, 0x00000000eab00000)
  object space 129536K, 0% used [0x00000000c0000000,0x00000000c00da088,0x00000000c7e80000)
 Metaspace       used 3855K, capacity 5040K, committed 5120K, reserved 1056768K
  class space    used 434K, capacity 488K, committed 512K, reserved 1048576K
}
Event: 0.400 GC heap before
{Heap before GC invocations=5 (full 0):
 PSYoungGen      total 2560K, used 2527K [0x00000000eab00000, 0x00000000eae00000, 0x0000000100000000)
  eden space 2048K, 99% used [0x00000000eab00000,0x00000000eacfdc68,0x00000000ead00000)
  from space 512K, 95% used [0x00000000ead80000,0x00000000eadfa020,0x00000000eae00000)
  to   space 512K, 0% used [0x00000000ead00000,0x00000000ead00000,0x00000000ead80000)
 ParOldGen       total 129536K, used 872K [0x00000000c0000000, 0x00000000c7e80000, 0x00000000eab00000)
  object space 129536K, 0% used [0x00000000c0000000,0x00000000c00da088,0x00000000c7e80000)
 Metaspace       used 4318K, capacity 5456K, committed 5760K, reserved 1056768K
  class space    used 481K, capacity 520K, committed 640K, reserved 1048576K
Event: 0.408 GC heap after
Heap after GC invocations=5 (full 0):
 PSYoungGen      total 2560K, used 504K [0x00000000eab00000, 0x00000000eb200000, 0x0000000100000000)
  eden space 2048K, 0% used [0x00000000eab00000,0x00000000eab00000,0x00000000ead00000)
  from space 512K, 98% used [0x00000000ead00000,0x00000000ead7e010,0x00000000ead80000)
  to   space 1536K, 0% used [0x00000000eb080000,0x00000000eb080000,0x00000000eb200000)
 ParOldGen       total 129536K, used 1792K [0x00000000c0000000, 0x00000000c7e80000, 0x00000000eab00000)
  object space 129536K, 1% used [0x00000000c0000000,0x00000000c01c03f0,0x00000000c7e80000)
 Metaspace       used 4318K, capacity 5456K, committed 5760K, reserved 1056768K
  class space    used 481K, capacity 520K, committed 640K, reserved 1048576K
}
Event: 0.464 GC heap before
{Heap before GC invocations=6 (full 0):
 PSYoungGen      total 2560K, used 2552K [0x00000000eab00000, 0x00000000eb200000, 0x0000000100000000)
  eden space 2048K, 100% used [0x00000000eab00000,0x00000000ead00000,0x00000000ead00000)
  from space 512K, 98% used [0x00000000ead00000,0x00000000ead7e010,0x00000000ead80000)
  to   space 1536K, 0% used [0x00000000eb080000,0x00000000eb080000,0x00000000eb200000)
 ParOldGen       total 129536K, used 1792K [0x00000000c0000000, 0x00000000c7e80000, 0x00000000eab00000)
  object space 129536K, 1% used [0x00000000c0000000,0x00000000c01c03f0,0x00000000c7e80000)
 Metaspace       used 4936K, capacity 5936K, committed 6272K, reserved 1056768K
  class space    used 542K, capacity 552K, committed 640K, reserved 1048576K
Event: 0.466 GC heap after
Heap after GC invocations=6 (full 0):
 PSYoungGen      total 5632K, used 1205K [0x00000000eab00000, 0x00000000eb200000, 0x0000000100000000)
  eden space 4096K, 0% used [0x00000000eab00000,0x00000000eab00000,0x00000000eaf00000)
  from space 1536K, 78% used [0x00000000eb080000,0x00000000eb1ad628,0x00000000eb200000)
  to   space 1536K, 0% used [0x00000000eaf00000,0x00000000eaf00000,0x00000000eb080000)
 ParOldGen       total 129536K, used 1800K [0x00000000c0000000, 0x00000000c7e80000, 0x00000000eab00000)
  object space 129536K, 1% used [0x00000000c0000000,0x00000000c01c23f0,0x00000000c7e80000)
 Metaspace       used 4936K, capacity 5936K, committed 6272K, reserved 1056768K
  class space    used 542K, capacity 552K, committed 640K, reserved 1048576K
}
Event: 0.551 GC heap before
{Heap before GC invocations=7 (full 0):
 PSYoungGen      total 5632K, used 5301K [0x00000000eab00000, 0x00000000eb200000, 0x0000000100000000)
  eden space 4096K, 100% used [0x00000000eab00000,0x00000000eaf00000,0x00000000eaf00000)
  from space 1536K, 78% used [0x00000000eb080000,0x00000000eb1ad628,0x00000000eb200000)
  to   space 1536K, 0% used [0x00000000eaf00000,0x00000000eaf00000,0x00000000eb080000)
 ParOldGen       total 129536K, used 1800K [0x00000000c0000000, 0x00000000c7e80000, 0x00000000eab00000)
  object space 129536K, 1% used [0x00000000c0000000,0x00000000c01c23f0,0x00000000c7e80000)
 Metaspace       used 5547K, capacity 6512K, committed 6784K, reserved 1056768K
  class space    used 592K, capacity 616K, committed 640K, reserved 1048576K
Event: 0.563 GC heap after
Heap after GC invocations=7 (full 0):
 PSYoungGen      total 5632K, used 1504K [0x00000000eab00000, 0x00000000eb700000, 0x0000000100000000)
  eden space 4096K, 0% used [0x00000000eab00000,0x00000000eab00000,0x00000000eaf00000)
  from space 1536K, 97% used [0x00000000eaf00000,0x00000000eb078018,0x00000000eb080000)
  to   space 2048K, 0% used [0x00000000eb500000,0x00000000eb500000,0x00000000eb700000)
 ParOldGen       total 129536K, used 2242K [0x00000000c0000000, 0x00000000c7e80000, 0x00000000eab00000)
  object space 129536K, 1% used [0x00000000c0000000,0x00000000c0230b40,0x00000000c7e80000)
 Metaspace       used 5547K, capacity 6512K, committed 6784K, reserved 1056768K
  class space    used 592K, capacity 616K, committed 640K, reserved 1048576K
}

Deoptimization events (4 events):
Event: 0.528 Thread 0x0000000015bf9800 Uncommon trap: reason=class_check action=maybe_recompile pc=0x00000000026b09d0 method=com.android.dx.rop.cst.CstMemberRef.compareTo0(Lcom/android/dx/rop/cst/Constant;)I @ 1
Event: 0.532 Thread 0x0000000015bf2000 Uncommon trap: reason=class_check action=maybe_recompile pc=0x00000000026b09d0 method=com.android.dx.rop.cst.CstMemberRef.compareTo0(Lcom/android/dx/rop/cst/Constant;)I @ 1
Event: 0.532 Thread 0x0000000015bf2000 Uncommon trap: reason=class_check action=maybe_recompile pc=0x00000000026b09d0 method=com.android.dx.rop.cst.CstMemberRef.compareTo0(Lcom/android/dx/rop/cst/Constant;)I @ 1
Event: 0.532 Thread 0x00000000023f0800 Uncommon trap: reason=class_check action=maybe_recompile pc=0x00000000026b09d0 method=com.android.dx.rop.cst.CstMemberRef.compareTo0(Lcom/android/dx/rop/cst/Constant;)I @ 1

Internal exceptions (10 events):
Event: 0.523 Thread 0x0000000015bca800 Exception <a 'java/security/PrivilegedActionException'> (0x00000000eabc9820) thrown at [D:\re\workspace\8-2-build-windows-amd64-cygwin\jdk8u5\2488\hotspot\src\share\vm\prims\jvm.cpp, line 1248]
Event: 0.525 Thread 0x0000000015bca800 Exception <a 'java/security/PrivilegedActionException'> (0x00000000eacde710) thrown at [D:\re\workspace\8-2-build-windows-amd64-cygwin\jdk8u5\2488\hotspot\src\share\vm\prims\jvm.cpp, line 1248]
Event: 0.526 Thread 0x0000000015bca800 Exception <a 'java/security/PrivilegedActionException'> (0x00000000eace4870) thrown at [D:\re\workspace\8-2-build-windows-amd64-cygwin\jdk8u5\2488\hotspot\src\share\vm\prims\jvm.cpp, line 1248]
Event: 0.526 Thread 0x0000000015bca800 Exception <a 'java/security/PrivilegedActionException'> (0x00000000eace8e28) thrown at [D:\re\workspace\8-2-build-windows-amd64-cygwin\jdk8u5\2488\hotspot\src\share\vm\prims\jvm.cpp, line 1248]
Event: 0.526 Thread 0x0000000015bca800 Exception <a 'java/security/PrivilegedActionException'> (0x00000000eacee708) thrown at [D:\re\workspace\8-2-build-windows-amd64-cygwin\jdk8u5\2488\hotspot\src\share\vm\prims\jvm.cpp, line 1248]
Event: 0.527 Thread 0x0000000015bca800 Exception <a 'java/security/PrivilegedActionException'> (0x00000000eacf73a8) thrown at [D:\re\workspace\8-2-build-windows-amd64-cygwin\jdk8u5\2488\hotspot\src\share\vm\prims\jvm.cpp, line 1248]
Event: 0.527 Thread 0x0000000015bf9800 Exception <a 'java/security/PrivilegedActionException'> (0x00000000eab8b278) thrown at [D:\re\workspace\8-2-build-windows-amd64-cygwin\jdk8u5\2488\hotspot\src\share\vm\prims\jvm.cpp, line 1248]
Event: 0.528 Thread 0x0000000015bf9800 Exception <a 'java/security/PrivilegedActionException'> (0x00000000eacfead0) thrown at [D:\re\workspace\8-2-build-windows-amd64-cygwin\jdk8u5\2488\hotspot\src\share\vm\prims\jvm.cpp, line 1248]
Event: 0.528 Thread 0x0000000015bf9800 Exception <a 'java/security/PrivilegedActionException'> (0x00000000ead02280) thrown at [D:\re\workspace\8-2-build-windows-amd64-cygwin\jdk8u5\2488\hotspot\src\share\vm\prims\jvm.cpp, line 1248]
Event: 0.538 Thread 0x0000000015bca800 Exception <a 'java/security/PrivilegedActionException'> (0x00000000eadb3b20) thrown at [D:\re\workspace\8-2-build-windows-amd64-cygwin\jdk8u5\2488\hotspot\src\share\vm\prims\jvm.cpp, line 1248]

Events (10 events):
Event: 0.532 Thread 0x00000000023f0800 DEOPT PACKING pc=0x00000000026b09d0 sp=0x0000000001f2e340
Event: 0.532 Thread 0x00000000023f0800 DEOPT UNPACKING pc=0x00000000025373ef sp=0x0000000001f2e2c8 mode 2
Event: 0.538 loading class com/android/dx/ssa/back/FirstFitLocalCombiningAllocator$Multiset
Event: 0.538 loading class com/android/dx/ssa/back/FirstFitLocalCombiningAllocator$Multiset done
Event: 0.539 loading class java/util/DualPivotQuicksort
Event: 0.539 loading class java/util/DualPivotQuicksort done
Event: 0.551 Executing VM operation: ParallelGCFailedAllocation
Event: 0.564 Executing VM operation: ParallelGCFailedAllocation done
Event: 0.564 loading class java/net/NetworkInterface$2
Event: 0.565 loading class java/net/NetworkInterface$2 done


Dynamic libraries:
0x00007ff6847a0000 - 0x00007ff6847d4000 	D:\ProgramFiles\Java\jdk1.8.0_05\bin\java.exe
0x00007ffeb9170000 - 0x00007ffeb9331000 	C:\WINDOWS\SYSTEM32\ntdll.dll
0x00007ffeb8bb0000 - 0x00007ffeb8c5d000 	C:\WINDOWS\system32\KERNEL32.DLL
0x00007ffeb5b50000 - 0x00007ffeb5d38000 	C:\WINDOWS\system32\KERNELBASE.dll
0x00007ffeb69e0000 - 0x00007ffeb6a87000 	C:\WINDOWS\system32\ADVAPI32.dll
0x00007ffeb8fa0000 - 0x00007ffeb903d000 	C:\WINDOWS\system32\msvcrt.dll
0x00007ffeb6c20000 - 0x00007ffeb6c7b000 	C:\WINDOWS\system32\sechost.dll
0x00007ffeb9040000 - 0x00007ffeb915c000 	C:\WINDOWS\system32\RPCRT4.dll
0x00007ffeb8e00000 - 0x00007ffeb8f56000 	C:\WINDOWS\system32\USER32.dll
0x00007ffeb6a90000 - 0x00007ffeb6c16000 	C:\WINDOWS\system32\GDI32.dll
0x00007ffea8cb0000 - 0x00007ffea8f24000 	C:\WINDOWS\WinSxS\amd64_microsoft.windows.common-controls_6595b64144ccf1df_6.0.10586.0_none_8c15ae12515e1c22\COMCTL32.dll
0x00007ffeb6c80000 - 0x00007ffeb6efd000 	C:\WINDOWS\system32\combase.dll
0x00007ffeb58b0000 - 0x00007ffeb591a000 	C:\WINDOWS\system32\bcryptPrimitives.dll
0x00007ffeb8f60000 - 0x00007ffeb8f9b000 	C:\WINDOWS\system32\IMM32.DLL
0x00000000574d0000 - 0x00000000575a2000 	D:\ProgramFiles\Java\jdk1.8.0_05\jre\bin\msvcr100.dll
0x0000000057a40000 - 0x000000005826a000 	D:\ProgramFiles\Java\jdk1.8.0_05\jre\bin\server\jvm.dll
0x00007ffeb9160000 - 0x00007ffeb9168000 	C:\WINDOWS\system32\PSAPI.DLL
0x00007ffeae570000 - 0x00007ffeae579000 	C:\WINDOWS\SYSTEM32\WSOCK32.dll
0x00007ffeb71b0000 - 0x00007ffeb721b000 	C:\WINDOWS\system32\WS2_32.dll
0x00007ffeb39b0000 - 0x00007ffeb39d3000 	C:\WINDOWS\SYSTEM32\WINMM.dll
0x00007ffeb29e0000 - 0x00007ffeb2a0c000 	C:\WINDOWS\SYSTEM32\WINMMBASE.dll
0x00007ffeb5eb0000 - 0x00007ffeb5ef3000 	C:\WINDOWS\system32\cfgmgr32.dll
0x0000000057950000 - 0x000000005795f000 	D:\ProgramFiles\Java\jdk1.8.0_05\jre\bin\verify.dll
0x0000000057920000 - 0x0000000057948000 	D:\ProgramFiles\Java\jdk1.8.0_05\jre\bin\java.dll
0x0000000057900000 - 0x0000000057916000 	D:\ProgramFiles\Java\jdk1.8.0_05\jre\bin\zip.dll
0x00007ffeb7220000 - 0x00007ffeb877c000 	C:\WINDOWS\system32\SHELL32.dll
0x00007ffeb5f00000 - 0x00007ffeb6544000 	C:\WINDOWS\system32\windows.storage.dll
0x00007ffeb8da0000 - 0x00007ffeb8df2000 	C:\WINDOWS\system32\shlwapi.dll
0x00007ffeb57f0000 - 0x00007ffeb57ff000 	C:\WINDOWS\system32\kernel.appcore.dll
0x00007ffeb5d40000 - 0x00007ffeb5df5000 	C:\WINDOWS\system32\shcore.dll
0x00007ffeb57a0000 - 0x00007ffeb57eb000 	C:\WINDOWS\system32\powrprof.dll
0x00007ffeb5800000 - 0x00007ffeb5814000 	C:\WINDOWS\system32\profapi.dll
0x00000000578e0000 - 0x00000000578fa000 	D:\ProgramFiles\Java\jdk1.8.0_05\jre\bin\net.dll
0x00007ffeb5060000 - 0x00007ffeb50bc000 	C:\WINDOWS\system32\mswsock.dll
0x00007ffeade20000 - 0x00007ffeade58000 	C:\WINDOWS\SYSTEM32\IPHLPAPI.DLL
0x00007ffeb6570000 - 0x00007ffeb6578000 	C:\WINDOWS\system32\NSI.dll
0x00007ffead9f0000 - 0x00007ffeada06000 	C:\WINDOWS\SYSTEM32\dhcpcsvc6.DLL
0x00007ffead950000 - 0x00007ffead96a000 	C:\WINDOWS\SYSTEM32\dhcpcsvc.DLL
0x00007ffea26f0000 - 0x00007ffea287c000 	C:\WINDOWS\SYSTEM32\dbghelp.dll

VM Arguments:
jvm_args: -Djava.awt.headless=true -Xmx1024M -Dfile.encoding=GBK -Duser.country=CN -Duser.language=zh -Duser.variant 
java_command: com.android.dx.command.Main --dex --force-jumbo --num-threads=4 --multi-dex --output D:\java\StudioProjects\HolleKeiTi\app\build\intermediates\transforms\dex\debug\folders\1000\5\slice_9 D:\java\StudioProjects\HolleKeiTi\app\build\intermediates\transforms\instantRunSlicer\debug\folders\1\5\slice_9
java_class_path (initial): D:\ProgramFiles\Android\jdk\build-tools\23.0.3\lib\dx.jar
Launcher Type: SUN_STANDARD

Environment Variables:
JAVA_HOME=D:\ProgramFiles\Java\jdk1.8.0_05
PATH=C:\WINDOWS\system32;C:\WINDOWS;C:\WINDOWS\System32\Wbem;C:\WINDOWS\System32\WindowsPowerShell\v1.0\;D:\ProgramFiles\TortoiseSVN\bin;D:\ProgramFiles\Java\jdk1.8.0_05\bin
USERNAME=Administrator
OS=Windows_NT
PROCESSOR_IDENTIFIER=Intel64 Family 6 Model 60 Stepping 3, GenuineIntel



---------------  S Y S T E M  ---------------

OS: Windows 8.1 , 64 bit Build 9600 

CPU:total 2 (2 cores per cpu, 1 threads per core) family 6 model 60 stepping 3, cmov, cx8, fxsr, mmx, sse, sse2, sse3, ssse3, sse4.1, sse4.2, popcnt, clmul, erms, tsc, tscinvbit

Memory: 4k page, physical 8286416k(871548k free), swap 8286416k(5140k free)

vm_info: Java HotSpot(TM) 64-Bit Server VM (25.5-b02) for windows-amd64 JRE (1.8.0_05-b13), built on Mar 18 2014 01:08:39 by "java_re" with MS VC++ 10.0 (VS2010)

time: Fri May 13 11:59:05 2016
elapsed time: 0 seconds

