#
# There is insufficient memory for the Java Runtime Environment to continue.
# Native memory allocation (malloc) failed to allocate 263936 bytes for Chunk::new
# Possible reasons:
#   The system is out of physical RAM or swap space
#   In 32 bit mode, the process size limit was hit
# Possible solutions:
#   Reduce memory load on the system
#   Increase physical memory or swap space
#   Check if swap backing store is full
#   Use 64 bit Java on a 64 bit OS
#   Decrease Java heap size (-Xmx/-Xms)
#   Decrease number of Java threads
#   Decrease Java thread stack sizes (-Xss)
#   Set larger code cache with -XX:ReservedCodeCacheSize=
# This output file may be truncated or incomplete.
#
#  Out of Memory Error (allocation.cpp:388), pid=24188, tid=23344
#
# JRE version: Java(TM) SE Runtime Environment (8.0_05-b13) (build 1.8.0_05-b13)
# Java VM: Java HotSpot(TM) 64-Bit Server VM (25.5-b02 mixed mode windows-amd64 compressed oops)
# Failed to write core dump. Minidumps are not enabled by default on client versions of Windows
#

---------------  T H R E A D  ---------------

Current thread (0x0000000014a2d800):  JavaThread "C2 CompilerThread0" daemon [_thread_in_native, id=23344, stack(0x0000000015900000,0x0000000015a00000)]

Stack: [0x0000000015900000,0x0000000015a00000]
Native frames: (J=compiled Java code, j=interpreted, Vv=VM code, C=native code)
V  [jvm.dll+0x308dea]


Current CompileTask:
C2:    742 1096       4       com.android.dx.ssa.NormalSsaInsn::mapSourceRegisters (48 bytes)


---------------  P R O C E S S  ---------------

Java Threads: ( => current thread )
  0x0000000015d0e000 JavaThread "pool-2-thread-3" [_thread_in_Java, id=21808, stack(0x0000000016400000,0x0000000016500000)]
  0x0000000015c3e800 JavaThread "pool-3-thread-1" [_thread_blocked, id=22336, stack(0x0000000016200000,0x0000000016300000)]
  0x0000000015c3d800 JavaThread "pool-2-thread-1" [_thread_in_vm, id=22784, stack(0x0000000016100000,0x0000000016200000)]
  0x0000000015b28800 JavaThread "Service Thread" daemon [_thread_blocked, id=22664, stack(0x0000000015f00000,0x0000000016000000)]
  0x0000000014a2f800 JavaThread "C1 CompilerThread1" daemon [_thread_blocked, id=22868, stack(0x0000000015a00000,0x0000000015b00000)]
=>0x0000000014a2d800 JavaThread "C2 CompilerThread0" daemon [_thread_in_native, id=23344, stack(0x0000000015900000,0x0000000015a00000)]
  0x0000000014a2b800 JavaThread "Attach Listener" daemon [_thread_blocked, id=3200, stack(0x0000000015800000,0x0000000015900000)]
  0x00000000149dd800 JavaThread "Signal Dispatcher" daemon [_thread_blocked, id=22408, stack(0x0000000015700000,0x0000000015800000)]
  0x0000000014983800 JavaThread "Finalizer" daemon [_thread_blocked, id=24348, stack(0x0000000015600000,0x0000000015700000)]
  0x000000001497e800 JavaThread "Reference Handler" daemon [_thread_blocked, id=21704, stack(0x0000000015500000,0x0000000015600000)]
  0x0000000002440800 JavaThread "main" [_thread_blocked, id=1368, stack(0x0000000001f30000,0x0000000002030000)]

Other Threads:
  0x000000001497a800 VMThread [stack: 0x0000000015400000,0x0000000015500000] [id=23004]
  0x0000000014a6e800 WatcherThread [stack: 0x0000000016000000,0x0000000016100000] [id=24440]

VM state:not at safepoint (normal execution)

VM Mutex/Monitor currently owned by a thread: None

Heap:
 PSYoungGen      total 6656K, used 5537K [0x00000000eab00000, 0x00000000eb600000, 0x0000000100000000)
  eden space 5120K, 90% used [0x00000000eab00000,0x00000000eaf88610,0x00000000eb000000)
  from space 1536K, 58% used [0x00000000eb000000,0x00000000eb0e0000,0x00000000eb180000)
  to   space 1536K, 0% used [0x00000000eb480000,0x00000000eb480000,0x00000000eb600000)
 ParOldGen       total 129536K, used 4214K [0x00000000c0000000, 0x00000000c7e80000, 0x00000000eab00000)
  object space 129536K, 3% used [0x00000000c0000000,0x00000000c041da98,0x00000000c7e80000)
 Metaspace       used 5729K, capacity 6768K, committed 7040K, reserved 1056768K
  class space    used 594K, capacity 616K, committed 640K, reserved 1048576K

Card table byte_map: [0x0000000011900000,0x0000000011b10000] byte_map_base: 0x0000000011300000

Marking Bits: (ParMarkBitMap*) 0x00000000581f13b0
 Begin Bits: [0x0000000011e70000, 0x0000000012e70000)
 End Bits:   [0x0000000012e70000, 0x0000000013e70000)

Polling page: 0x0000000000400000

CodeCache: size=245760Kb used=3886Kb max_used=3886Kb free=241874Kb
 bounds [0x0000000002540000, 0x0000000002910000, 0x0000000011540000]
 total_blobs=1362 nmethods=1097 adapters=180
 compilation: enabled

Compilation events (10 events):
Event: 0.734 Thread 0x0000000014a2f800 1081       2       com.android.dx.cf.code.BasicBlocker::visitNoArgs (298 bytes)
Event: 0.735 Thread 0x0000000014a2f800 nmethod 1081 0x0000000002904110 code [0x0000000002904300, 0x0000000002904938]
Event: 0.735 Thread 0x0000000014a2f800 1082       2       com.android.dx.cf.code.Simulator$SimVisitor::visitNoArgs (2108 bytes)
Event: 0.738 Thread 0x0000000014a2f800 nmethod 1082 0x0000000002905210 code [0x0000000002905c00, 0x00000000029090e8]
Event: 0.738 Thread 0x0000000014a2f800 1092       2       com.android.dx.rop.code.RegisterSpecList::getType (12 bytes)
Event: 0.738 Thread 0x0000000014a2f800 nmethod 1092 0x000000000290d510 code [0x000000000290d680, 0x000000000290d858]
Event: 0.738 Thread 0x0000000014a2f800 1088       2       com.android.dx.rop.code.Rops::opConst (85 bytes)
Event: 0.739 Thread 0x0000000014a2f800 nmethod 1088 0x000000000290d990 code [0x000000000290db60, 0x000000000290e068]
Event: 0.739 Thread 0x0000000014a2f800 1087       1       com.android.dx.dex.code.RopTranslator::access$100 (5 bytes)
Event: 0.739 Thread 0x0000000014a2f800 nmethod 1087 0x00000000028f3850 code [0x00000000028f39a0, 0x00000000028f3a90]

GC Heap History (10 events):
Event: 0.427 GC heap before
{Heap before GC invocations=9 (full 0):
 PSYoungGen      total 4608K, used 4209K [0x00000000eab00000, 0x00000000eb100000, 0x0000000100000000)
  eden space 3072K, 100% used [0x00000000eab00000,0x00000000eae00000,0x00000000eae00000)
  from space 1536K, 74% used [0x00000000eaf80000,0x00000000eb09c448,0x00000000eb100000)
  to   space 1536K, 0% used [0x00000000eae00000,0x00000000eae00000,0x00000000eaf80000)
 ParOldGen       total 129536K, used 1309K [0x00000000c0000000, 0x00000000c7e80000, 0x00000000eab00000)
  object space 129536K, 1% used [0x00000000c0000000,0x00000000c0147660,0x00000000c7e80000)
 Metaspace       used 5416K, capacity 6512K, committed 6784K, reserved 1056768K
  class space    used 587K, capacity 616K, committed 640K, reserved 1048576K
Event: 0.429 GC heap after
Heap after GC invocations=9 (full 0):
 PSYoungGen      total 4608K, used 1344K [0x00000000eab00000, 0x00000000eb300000, 0x0000000100000000)
  eden space 3072K, 0% used [0x00000000eab00000,0x00000000eab00000,0x00000000eae00000)
  from space 1536K, 87% used [0x00000000eae00000,0x00000000eaf50018,0x00000000eaf80000)
  to   space 1536K, 0% used [0x00000000eb180000,0x00000000eb180000,0x00000000eb300000)
 ParOldGen       total 129536K, used 1685K [0x00000000c0000000, 0x00000000c7e80000, 0x00000000eab00000)
  object space 129536K, 1% used [0x00000000c0000000,0x00000000c01a5480,0x00000000c7e80000)
 Metaspace       used 5416K, capacity 6512K, committed 6784K, reserved 1056768K
  class space    used 587K, capacity 616K, committed 640K, reserved 1048576K
}
Event: 0.467 GC heap before
{Heap before GC invocations=10 (full 0):
 PSYoungGen      total 4608K, used 4416K [0x00000000eab00000, 0x00000000eb300000, 0x0000000100000000)
  eden space 3072K, 100% used [0x00000000eab00000,0x00000000eae00000,0x00000000eae00000)
  from space 1536K, 87% used [0x00000000eae00000,0x00000000eaf50018,0x00000000eaf80000)
  to   space 1536K, 0% used [0x00000000eb180000,0x00000000eb180000,0x00000000eb300000)
 ParOldGen       total 129536K, used 1685K [0x00000000c0000000, 0x00000000c7e80000, 0x00000000eab00000)
  object space 129536K, 1% used [0x00000000c0000000,0x00000000c01a5480,0x00000000c7e80000)
 Metaspace       used 5549K, capacity 6640K, committed 6784K, reserved 1056768K
  class space    used 588K, capacity 616K, committed 640K, reserved 1048576K
Event: 0.469 GC heap after
Heap after GC invocations=10 (full 0):
 PSYoungGen      total 6656K, used 1088K [0x00000000eab00000, 0x00000000eb300000, 0x0000000100000000)
  eden space 5120K, 0% used [0x00000000eab00000,0x00000000eab00000,0x00000000eb000000)
  from space 1536K, 70% used [0x00000000eb180000,0x00000000eb290018,0x00000000eb300000)
  to   space 1536K, 0% used [0x00000000eb000000,0x00000000eb000000,0x00000000eb180000)
 ParOldGen       total 129536K, used 1962K [0x00000000c0000000, 0x00000000c7e80000, 0x00000000eab00000)
  object space 129536K, 1% used [0x00000000c0000000,0x00000000c01eabe0,0x00000000c7e80000)
 Metaspace       used 5549K, capacity 6640K, committed 6784K, reserved 1056768K
  class space    used 588K, capacity 616K, committed 640K, reserved 1048576K
}
Event: 0.621 GC heap before
{Heap before GC invocations=11 (full 0):
 PSYoungGen      total 6656K, used 6208K [0x00000000eab00000, 0x00000000eb300000, 0x0000000100000000)
  eden space 5120K, 100% used [0x00000000eab00000,0x00000000eb000000,0x00000000eb000000)
  from space 1536K, 70% used [0x00000000eb180000,0x00000000eb290018,0x00000000eb300000)
  to   space 1536K, 0% used [0x00000000eb000000,0x00000000eb000000,0x00000000eb180000)
 ParOldGen       total 129536K, used 1962K [0x00000000c0000000, 0x00000000c7e80000, 0x00000000eab00000)
  object space 129536K, 1% used [0x00000000c0000000,0x00000000c01eabe0,0x00000000c7e80000)
 Metaspace       used 5667K, capacity 6704K, committed 6784K, reserved 1056768K
  class space    used 591K, capacity 616K, committed 640K, reserved 1048576K
Event: 0.629 GC heap after
Heap after GC invocations=11 (full 0):
 PSYoungGen      total 6656K, used 1408K [0x00000000eab00000, 0x00000000eb300000, 0x0000000100000000)
  eden space 5120K, 0% used [0x00000000eab00000,0x00000000eab00000,0x00000000eb000000)
  from space 1536K, 91% used [0x00000000eb000000,0x00000000eb160000,0x00000000eb180000)
  to   space 1536K, 0% used [0x00000000eb180000,0x00000000eb180000,0x00000000eb300000)
 ParOldGen       total 129536K, used 2895K [0x00000000c0000000, 0x00000000c7e80000, 0x00000000eab00000)
  object space 129536K, 2% used [0x00000000c0000000,0x00000000c02d3c08,0x00000000c7e80000)
 Metaspace       used 5667K, capacity 6704K, committed 6784K, reserved 1056768K
  class space    used 591K, capacity 616K, committed 640K, reserved 1048576K
}
Event: 0.658 GC heap before
{Heap before GC invocations=12 (full 0):
 PSYoungGen      total 6656K, used 6528K [0x00000000eab00000, 0x00000000eb300000, 0x0000000100000000)
  eden space 5120K, 100% used [0x00000000eab00000,0x00000000eb000000,0x00000000eb000000)
  from space 1536K, 91% used [0x00000000eb000000,0x00000000eb160000,0x00000000eb180000)
  to   space 1536K, 0% used [0x00000000eb180000,0x00000000eb180000,0x00000000eb300000)
 ParOldGen       total 129536K, used 2895K [0x00000000c0000000, 0x00000000c7e80000, 0x00000000eab00000)
  object space 129536K, 2% used [0x00000000c0000000,0x00000000c02d3c08,0x00000000c7e80000)
 Metaspace       used 5692K, capacity 6704K, committed 6784K, reserved 1056768K
  class space    used 594K, capacity 616K, committed 640K, reserved 1048576K
Event: 0.660 GC heap after
Heap after GC invocations=12 (full 0):
 PSYoungGen      total 6656K, used 1056K [0x00000000eab00000, 0x00000000eb300000, 0x0000000100000000)
  eden space 5120K, 0% used [0x00000000eab00000,0x00000000eab00000,0x00000000eb000000)
  from space 1536K, 68% used [0x00000000eb180000,0x00000000eb288010,0x00000000eb300000)
  to   space 1536K, 0% used [0x00000000eb000000,0x00000000eb000000,0x00000000eb180000)
 ParOldGen       total 129536K, used 3405K [0x00000000c0000000, 0x00000000c7e80000, 0x00000000eab00000)
  object space 129536K, 2% used [0x00000000c0000000,0x00000000c0353428,0x00000000c7e80000)
 Metaspace       used 5692K, capacity 6704K, committed 6784K, reserved 1056768K
  class space    used 594K, capacity 616K, committed 640K, reserved 1048576K
}
Event: 0.680 GC heap before
{Heap before GC invocations=13 (full 0):
 PSYoungGen      total 6656K, used 6176K [0x00000000eab00000, 0x00000000eb300000, 0x0000000100000000)
  eden space 5120K, 100% used [0x00000000eab00000,0x00000000eb000000,0x00000000eb000000)
  from space 1536K, 68% used [0x00000000eb180000,0x00000000eb288010,0x00000000eb300000)
  to   space 1536K, 0% used [0x00000000eb000000,0x00000000eb000000,0x00000000eb180000)
 ParOldGen       total 129536K, used 3405K [0x00000000c0000000, 0x00000000c7e80000, 0x00000000eab00000)
  object space 129536K, 2% used [0x00000000c0000000,0x00000000c0353428,0x00000000c7e80000)
 Metaspace       used 5692K, capacity 6704K, committed 6784K, reserved 1056768K
  class space    used 594K, capacity 616K, committed 640K, reserved 1048576K
Event: 0.682 GC heap after
Heap after GC invocations=13 (full 0):
 PSYoungGen      total 6656K, used 896K [0x00000000eab00000, 0x00000000eb600000, 0x0000000100000000)
  eden space 5120K, 0% used [0x00000000eab00000,0x00000000eab00000,0x00000000eb000000)
  from space 1536K, 58% used [0x00000000eb000000,0x00000000eb0e0000,0x00000000eb180000)
  to   space 1536K, 0% used [0x00000000eb480000,0x00000000eb480000,0x00000000eb600000)
 ParOldGen       total 129536K, used 4214K [0x00000000c0000000, 0x00000000c7e80000, 0x00000000eab00000)
  object space 129536K, 3% used [0x00000000c0000000,0x00000000c041da98,0x00000000c7e80000)
 Metaspace       used 5692K, capacity 6704K, committed 6784K, reserved 1056768K
  class space    used 594K, capacity 616K, committed 640K, reserved 1048576K
}

Deoptimization events (2 events):
Event: 0.662 Thread 0x0000000015c3d800 Uncommon trap: reason=bimorphic action=maybe_recompile pc=0x00000000027a0f70 method=java.util.HashMap.getNode(ILjava/lang/Object;)Ljava/util/HashMap$Node; @ 126
Event: 0.721 Thread 0x0000000015d0e000 Uncommon trap: reason=bimorphic action=maybe_recompile pc=0x00000000027a0f70 method=java.util.HashMap.getNode(ILjava/lang/Object;)Ljava/util/HashMap$Node; @ 126

Internal exceptions (10 events):
Event: 0.413 Thread 0x0000000015d0e800 Exception <a 'java/security/PrivilegedActionException'> (0x00000000ead4da08) thrown at [D:\re\workspace\8-2-build-windows-amd64-cygwin\jdk8u5\2488\hotspot\src\share\vm\prims\jvm.cpp, line 1248]
Event: 0.414 Thread 0x0000000015d0e800 Exception <a 'java/security/PrivilegedActionException'> (0x00000000ead564c0) thrown at [D:\re\workspace\8-2-build-windows-amd64-cygwin\jdk8u5\2488\hotspot\src\share\vm\prims\jvm.cpp, line 1248]
Event: 0.414 Thread 0x0000000015d0e800 Exception <a 'java/security/PrivilegedActionException'> (0x00000000ead5b9a0) thrown at [D:\re\workspace\8-2-build-windows-amd64-cygwin\jdk8u5\2488\hotspot\src\share\vm\prims\jvm.cpp, line 1248]
Event: 0.414 Thread 0x0000000002440800 Exception <a 'java/security/PrivilegedActionException'> (0x00000000ead5ef50) thrown at [D:\re\workspace\8-2-build-windows-amd64-cygwin\jdk8u5\2488\hotspot\src\share\vm\prims\jvm.cpp, line 1248]
Event: 0.415 Thread 0x0000000015d0e000 Exception <a 'java/security/PrivilegedActionException'> (0x00000000eabc23c8) thrown at [D:\re\workspace\8-2-build-windows-amd64-cygwin\jdk8u5\2488\hotspot\src\share\vm\prims\jvm.cpp, line 1248]
Event: 0.424 Thread 0x0000000015d0e000 Exception <a 'java/security/PrivilegedActionException'> (0x00000000eadb9830) thrown at [D:\re\workspace\8-2-build-windows-amd64-cygwin\jdk8u5\2488\hotspot\src\share\vm\prims\jvm.cpp, line 1248]
Event: 0.445 Thread 0x0000000015c3d800 Exception <a 'java/security/PrivilegedActionException'> (0x00000000eab7b760) thrown at [D:\re\workspace\8-2-build-windows-amd64-cygwin\jdk8u5\2488\hotspot\src\share\vm\prims\jvm.cpp, line 1248]
Event: 0.630 Thread 0x0000000015d0e000 Exception <a 'java/security/PrivilegedActionException'> (0x00000000eab1e608) thrown at [D:\re\workspace\8-2-build-windows-amd64-cygwin\jdk8u5\2488\hotspot\src\share\vm\prims\jvm.cpp, line 1248]
Event: 0.630 Thread 0x0000000015d0e000 Exception <a 'java/security/PrivilegedActionException'> (0x00000000eab23fb0) thrown at [D:\re\workspace\8-2-build-windows-amd64-cygwin\jdk8u5\2488\hotspot\src\share\vm\prims\jvm.cpp, line 1248]
Event: 0.631 Thread 0x0000000015d0e000 Exception <a 'java/security/PrivilegedActionException'> (0x00000000eab296c0) thrown at [D:\re\workspace\8-2-build-windows-amd64-cygwin\jdk8u5\2488\hotspot\src\share\vm\prims\jvm.cpp, line 1248]

Events (10 events):
Event: 0.677 Thread 0x0000000015c3f000 DEOPT UNPACKING pc=0x0000000002587204 sp=0x00000000163fec10 mode 0
Event: 0.680 Executing VM operation: ParallelGCFailedAllocation
Event: 0.682 Executing VM operation: ParallelGCFailedAllocation done
Event: 0.692 Thread 0x0000000015d0e800 Thread exited: 0x0000000015d0e800
Event: 0.694 Thread 0x0000000015c3f000 Thread exited: 0x0000000015c3f000
Event: 0.721 Thread 0x0000000015d0e000 Uncommon trap: trap_request=0xffffffc6 fr.pc=0x00000000027a0f70
Event: 0.721 Thread 0x0000000015d0e000 DEOPT PACKING pc=0x00000000027a0f70 sp=0x00000000164fec30
Event: 0.722 Thread 0x0000000015d0e000 DEOPT UNPACKING pc=0x00000000025873ef sp=0x00000000164feb48 mode 2
Event: 0.724 Thread 0x0000000015d0e000 DEOPT PACKING pc=0x0000000002890412 sp=0x00000000164feb10
Event: 0.724 Thread 0x0000000015d0e000 DEOPT UNPACKING pc=0x0000000002587204 sp=0x00000000164fe878 mode 0


Dynamic libraries:
0x00007ff6847a0000 - 0x00007ff6847d4000 	D:\ProgramFiles\Java\jdk1.8.0_05\bin\java.exe
0x00007ffeb9170000 - 0x00007ffeb9331000 	C:\WINDOWS\SYSTEM32\ntdll.dll
0x00007ffeb8bb0000 - 0x00007ffeb8c5d000 	C:\WINDOWS\system32\KERNEL32.DLL
0x00007ffeb5b50000 - 0x00007ffeb5d38000 	C:\WINDOWS\system32\KERNELBASE.dll
0x00007ffeb69e0000 - 0x00007ffeb6a87000 	C:\WINDOWS\system32\ADVAPI32.dll
0x00007ffeb8fa0000 - 0x00007ffeb903d000 	C:\WINDOWS\system32\msvcrt.dll
0x00007ffeb6c20000 - 0x00007ffeb6c7b000 	C:\WINDOWS\system32\sechost.dll
0x00007ffeb9040000 - 0x00007ffeb915c000 	C:\WINDOWS\system32\RPCRT4.dll
0x00007ffeb8e00000 - 0x00007ffeb8f56000 	C:\WINDOWS\system32\USER32.dll
0x00007ffeb6a90000 - 0x00007ffeb6c16000 	C:\WINDOWS\system32\GDI32.dll
0x00007ffea8cb0000 - 0x00007ffea8f24000 	C:\WINDOWS\WinSxS\amd64_microsoft.windows.common-controls_6595b64144ccf1df_6.0.10586.0_none_8c15ae12515e1c22\COMCTL32.dll
0x00007ffeb6c80000 - 0x00007ffeb6efd000 	C:\WINDOWS\system32\combase.dll
0x00007ffeb58b0000 - 0x00007ffeb591a000 	C:\WINDOWS\system32\bcryptPrimitives.dll
0x00007ffeb8f60000 - 0x00007ffeb8f9b000 	C:\WINDOWS\system32\IMM32.DLL
0x00000000574d0000 - 0x00000000575a2000 	D:\ProgramFiles\Java\jdk1.8.0_05\jre\bin\msvcr100.dll
0x0000000057a40000 - 0x000000005826a000 	D:\ProgramFiles\Java\jdk1.8.0_05\jre\bin\server\jvm.dll
0x00007ffeb9160000 - 0x00007ffeb9168000 	C:\WINDOWS\system32\PSAPI.DLL
0x00007ffeae570000 - 0x00007ffeae579000 	C:\WINDOWS\SYSTEM32\WSOCK32.dll
0x00007ffeb71b0000 - 0x00007ffeb721b000 	C:\WINDOWS\system32\WS2_32.dll
0x00007ffeb39b0000 - 0x00007ffeb39d3000 	C:\WINDOWS\SYSTEM32\WINMM.dll
0x00007ffeb29e0000 - 0x00007ffeb2a0c000 	C:\WINDOWS\SYSTEM32\WINMMBASE.dll
0x00007ffeb5eb0000 - 0x00007ffeb5ef3000 	C:\WINDOWS\system32\cfgmgr32.dll
0x0000000057950000 - 0x000000005795f000 	D:\ProgramFiles\Java\jdk1.8.0_05\jre\bin\verify.dll
0x0000000057920000 - 0x0000000057948000 	D:\ProgramFiles\Java\jdk1.8.0_05\jre\bin\java.dll
0x0000000057900000 - 0x0000000057916000 	D:\ProgramFiles\Java\jdk1.8.0_05\jre\bin\zip.dll
0x00007ffeb7220000 - 0x00007ffeb877c000 	C:\WINDOWS\system32\SHELL32.dll
0x00007ffeb5f00000 - 0x00007ffeb6544000 	C:\WINDOWS\system32\windows.storage.dll
0x00007ffeb8da0000 - 0x00007ffeb8df2000 	C:\WINDOWS\system32\shlwapi.dll
0x00007ffeb57f0000 - 0x00007ffeb57ff000 	C:\WINDOWS\system32\kernel.appcore.dll
0x00007ffeb5d40000 - 0x00007ffeb5df5000 	C:\WINDOWS\system32\shcore.dll
0x00007ffeb57a0000 - 0x00007ffeb57eb000 	C:\WINDOWS\system32\powrprof.dll
0x00007ffeb5800000 - 0x00007ffeb5814000 	C:\WINDOWS\system32\profapi.dll

VM Arguments:
jvm_args: -Djava.awt.headless=true -Xmx1024M -Dfile.encoding=GBK -Duser.country=CN -Duser.language=zh -Duser.variant 
java_command: com.android.dx.command.Main --dex --force-jumbo --num-threads=4 --multi-dex --output D:\java\StudioProjects\HolleKeiTi\app\build\intermediates\transforms\dex\debug\folders\1000\10\com.android.support-support-vector-drawable-23.3.0_711d2dc6c5f904c620230ce8f8658fd1595d5277 D:\java\StudioProjects\HolleKeiTi\app\build\intermediates\exploded-aar\com.android.support\support-vector-drawable\23.3.0\jars\classes.jar
java_class_path (initial): D:\ProgramFiles\Android\jdk\build-tools\23.0.3\lib\dx.jar
Launcher Type: SUN_STANDARD

Environment Variables:
JAVA_HOME=D:\ProgramFiles\Java\jdk1.8.0_05
PATH=C:\WINDOWS\system32;C:\WINDOWS;C:\WINDOWS\System32\Wbem;C:\WINDOWS\System32\WindowsPowerShell\v1.0\;D:\ProgramFiles\TortoiseSVN\bin;D:\ProgramFiles\Java\jdk1.8.0_05\bin
USERNAME=Administrator
OS=Windows_NT
PROCESSOR_IDENTIFIER=Intel64 Family 6 Model 60 Stepping 3, GenuineIntel



---------------  S Y S T E M  ---------------

OS: Windows 8.1 , 64 bit Build 9600 

CPU:total 2 (2 cores per cpu, 1 threads per core) family 6 model 60 stepping 3, cmov, cx8, fxsr, mmx, sse, sse2, sse3, ssse3, sse4.1, sse4.2, popcnt, clmul, erms, tsc, tscinvbit

Memory: 4k page, physical 8286416k(869076k free), swap 8286416k(5144k free)

vm_info: Java HotSpot(TM) 64-Bit Server VM (25.5-b02) for windows-amd64 JRE (1.8.0_05-b13), built on Mar 18 2014 01:08:39 by "java_re" with MS VC++ 10.0 (VS2010)

time: Fri May 13 11:59:06 2016
elapsed time: 0 seconds

