#
# There is insufficient memory for the Java Runtime Environment to continue.
# Native memory allocation (malloc) failed to allocate 265936 bytes for Chunk::new
# Possible reasons:
#   The system is out of physical RAM or swap space
#   In 32 bit mode, the process size limit was hit
# Possible solutions:
#   Reduce memory load on the system
#   Increase physical memory or swap space
#   Check if swap backing store is full
#   Use 64 bit Java on a 64 bit OS
#   Decrease Java heap size (-Xmx/-Xms)
#   Decrease number of Java threads
#   Decrease Java thread stack sizes (-Xss)
#   Set larger code cache with -XX:ReservedCodeCacheSize=
# This output file may be truncated or incomplete.
#
#  Out of Memory Error (allocation.cpp:388), pid=2896, tid=23584
#
# JRE version: Java(TM) SE Runtime Environment (8.0_05-b13) (build 1.8.0_05-b13)
# Java VM: Java HotSpot(TM) 64-Bit Server VM (25.5-b02 mixed mode windows-amd64 compressed oops)
# Failed to write core dump. Minidumps are not enabled by default on client versions of Windows
#

---------------  T H R E A D  ---------------

Current thread (0x0000000014a4b800):  JavaThread "C2 CompilerThread0" daemon [_thread_in_native, id=23584, stack(0x0000000015920000,0x0000000015a20000)]

Stack: [0x0000000015920000,0x0000000015a20000]
Native frames: (J=compiled Java code, j=interpreted, Vv=VM code, C=native code)
V  [jvm.dll+0x308dea]


Current CompileTask:
C2:    832  952       4       com.android.dx.ssa.back.LivenessAnalyzer::handleTailRecursion (94 bytes)


---------------  P R O C E S S  ---------------

Java Threads: ( => current thread )
  0x00000000169a8000 JavaThread "pool-1-thread-1" [_thread_new, id=24556, stack(0x0000000000000000,0x0000000000000000)]
  0x0000000015a32000 JavaThread "Service Thread" daemon [_thread_blocked, id=24200, stack(0x0000000015f20000,0x0000000016020000)]
  0x0000000014a8c800 JavaThread "C1 CompilerThread1" daemon [_thread_blocked, id=980, stack(0x0000000015e20000,0x0000000015f20000)]
=>0x0000000014a4b800 JavaThread "C2 CompilerThread0" daemon [_thread_in_native, id=23584, stack(0x0000000015920000,0x0000000015a20000)]
  0x00000000149fd800 JavaThread "Attach Listener" daemon [_thread_blocked, id=23740, stack(0x0000000015820000,0x0000000015920000)]
  0x00000000149fc000 JavaThread "Signal Dispatcher" daemon [_thread_blocked, id=22664, stack(0x0000000015720000,0x0000000015820000)]
  0x00000000149a3800 JavaThread "Finalizer" daemon [_thread_blocked, id=21888, stack(0x0000000015620000,0x0000000015720000)]
  0x000000001499e800 JavaThread "Reference Handler" daemon [_thread_blocked, id=23556, stack(0x0000000015520000,0x0000000015620000)]
  0x0000000002460800 JavaThread "main" [_thread_blocked, id=24480, stack(0x0000000002360000,0x0000000002460000)]

Other Threads:
  0x000000001499a000 VMThread [stack: 0x0000000015420000,0x0000000015520000] [id=24520]
  0x0000000015a33800 WatcherThread [stack: 0x0000000016020000,0x0000000016120000] [id=23980]

VM state:not at safepoint (normal execution)

VM Mutex/Monitor currently owned by a thread: None

Heap:
 PSYoungGen      total 5632K, used 3554K [0x00000000eab00000, 0x00000000eb200000, 0x0000000100000000)
  eden space 4096K, 55% used [0x00000000eab00000,0x00000000ead38be8,0x00000000eaf00000)
  from space 1536K, 83% used [0x00000000eb080000,0x00000000eb1c0000,0x00000000eb200000)
  to   space 1536K, 0% used [0x00000000eaf00000,0x00000000eaf00000,0x00000000eb080000)
 ParOldGen       total 129536K, used 2031K [0x00000000c0000000, 0x00000000c7e80000, 0x00000000eab00000)
  object space 129536K, 1% used [0x00000000c0000000,0x00000000c01fbc40,0x00000000c7e80000)
 Metaspace       used 5501K, capacity 6544K, committed 6784K, reserved 1056768K
  class space    used 572K, capacity 584K, committed 640K, reserved 1048576K

Card table byte_map: [0x0000000011920000,0x0000000011b30000] byte_map_base: 0x0000000011320000

Marking Bits: (ParMarkBitMap*) 0x00000000581f13b0
 Begin Bits: [0x0000000011e90000, 0x0000000012e90000)
 End Bits:   [0x0000000012e90000, 0x0000000013e90000)

Polling page: 0x00000000001f0000

CodeCache: size=245760Kb used=3786Kb max_used=3798Kb free=241973Kb
 bounds [0x0000000002560000, 0x0000000002920000, 0x0000000011560000]
 total_blobs=1212 nmethods=949 adapters=178
 compilation: enabled

Compilation events (10 events):
Event: 0.800 Thread 0x0000000014a8c800  947       3       com.android.dx.cf.code.Ropper::addBlock (37 bytes)
Event: 0.800 Thread 0x0000000014a8c800 nmethod 947 0x0000000002914950 code [0x0000000002914b80, 0x00000000029157d8]
Event: 0.800 Thread 0x0000000014a8c800  948       3       com.android.dx.rop.code.BasicBlockList$RegCountVisitor::visitThrowingInsn (6 bytes)
Event: 0.800 Thread 0x0000000014a8c800 nmethod 948 0x000000000290f150 code [0x000000000290f2c0, 0x000000000290f448]
Event: 0.802 Thread 0x0000000014a8c800  953       2       com.android.dx.rop.code.Insn$BaseVisitor::visitThrowingInsn (1 bytes)
Event: 0.803 Thread 0x0000000014a8c800 nmethod 953 0x000000000290ee10 code [0x000000000290ef60, 0x000000000290f0b0]
Event: 0.803 Thread 0x0000000014a8c800  954       2       com.android.dx.dex.code.RopTranslator$LocalVariableAwareTranslationVisitor::visitThrowingInsn (11 bytes)
Event: 0.803 Thread 0x0000000014a8c800 nmethod 954 0x000000000290cf10 code [0x000000000290d0c0, 0x000000000290d4b8]
Event: 0.803 Thread 0x0000000014a4b800 nmethod 943% 0x0000000002917b10 code [0x0000000002917c80, 0x0000000002918138]
Event: 0.803 Thread 0x0000000014a4b800  952       4       com.android.dx.ssa.back.LivenessAnalyzer::handleTailRecursion (94 bytes)

GC Heap History (10 events):
Event: 0.371 GC heap before
{Heap before GC invocations=6 (full 0):
 PSYoungGen      total 1536K, used 1528K [0x00000000eab00000, 0x00000000eaf00000, 0x0000000100000000)
  eden space 1024K, 100% used [0x00000000eab00000,0x00000000eac00000,0x00000000eac00000)
  from space 512K, 98% used [0x00000000eac00000,0x00000000eac7e010,0x00000000eac80000)
  to   space 1024K, 0% used [0x00000000eae00000,0x00000000eae00000,0x00000000eaf00000)
 ParOldGen       total 129536K, used 867K [0x00000000c0000000, 0x00000000c7e80000, 0x00000000eab00000)
  object space 129536K, 0% used [0x00000000c0000000,0x00000000c00d8cc8,0x00000000c7e80000)
 Metaspace       used 4061K, capacity 5296K, committed 5376K, reserved 1056768K
  class space    used 453K, capacity 488K, committed 512K, reserved 1048576K
Event: 0.373 GC heap after
Heap after GC invocations=6 (full 0):
 PSYoungGen      total 3072K, used 915K [0x00000000eab00000, 0x00000000eaf00000, 0x0000000100000000)
  eden space 2048K, 0% used [0x00000000eab00000,0x00000000eab00000,0x00000000ead00000)
  from space 1024K, 89% used [0x00000000eae00000,0x00000000eaee4da8,0x00000000eaf00000)
  to   space 1024K, 0% used [0x00000000ead00000,0x00000000ead00000,0x00000000eae00000)
 ParOldGen       total 129536K, used 875K [0x00000000c0000000, 0x00000000c7e80000, 0x00000000eab00000)
  object space 129536K, 0% used [0x00000000c0000000,0x00000000c00dacc8,0x00000000c7e80000)
 Metaspace       used 4061K, capacity 5296K, committed 5376K, reserved 1056768K
  class space    used 453K, capacity 488K, committed 512K, reserved 1048576K
}
Event: 0.436 GC heap before
{Heap before GC invocations=7 (full 0):
 PSYoungGen      total 3072K, used 2963K [0x00000000eab00000, 0x00000000eaf00000, 0x0000000100000000)
  eden space 2048K, 100% used [0x00000000eab00000,0x00000000ead00000,0x00000000ead00000)
  from space 1024K, 89% used [0x00000000eae00000,0x00000000eaee4da8,0x00000000eaf00000)
  to   space 1024K, 0% used [0x00000000ead00000,0x00000000ead00000,0x00000000eae00000)
 ParOldGen       total 129536K, used 875K [0x00000000c0000000, 0x00000000c7e80000, 0x00000000eab00000)
  object space 129536K, 0% used [0x00000000c0000000,0x00000000c00dacc8,0x00000000c7e80000)
 Metaspace       used 4642K, capacity 5808K, committed 6016K, reserved 1056768K
  class space    used 517K, capacity 552K, committed 640K, reserved 1048576K
Event: 0.444 GC heap after
Heap after GC invocations=7 (full 0):
 PSYoungGen      total 3072K, used 1021K [0x00000000eab00000, 0x00000000eb200000, 0x0000000100000000)
  eden space 2048K, 0% used [0x00000000eab00000,0x00000000eab00000,0x00000000ead00000)
  from space 1024K, 99% used [0x00000000ead00000,0x00000000eadff618,0x00000000eae00000)
  to   space 1536K, 0% used [0x00000000eb080000,0x00000000eb080000,0x00000000eb200000)
 ParOldGen       total 129536K, used 1199K [0x00000000c0000000, 0x00000000c7e80000, 0x00000000eab00000)
  object space 129536K, 0% used [0x00000000c0000000,0x00000000c012bd80,0x00000000c7e80000)
 Metaspace       used 4642K, capacity 5808K, committed 6016K, reserved 1056768K
  class space    used 517K, capacity 552K, committed 640K, reserved 1048576K
}
Event: 0.507 GC heap before
{Heap before GC invocations=8 (full 0):
 PSYoungGen      total 3072K, used 3069K [0x00000000eab00000, 0x00000000eb200000, 0x0000000100000000)
  eden space 2048K, 100% used [0x00000000eab00000,0x00000000ead00000,0x00000000ead00000)
  from space 1024K, 99% used [0x00000000ead00000,0x00000000eadff618,0x00000000eae00000)
  to   space 1536K, 0% used [0x00000000eb080000,0x00000000eb080000,0x00000000eb200000)
 ParOldGen       total 129536K, used 1199K [0x00000000c0000000, 0x00000000c7e80000, 0x00000000eab00000)
  object space 129536K, 0% used [0x00000000c0000000,0x00000000c012bd80,0x00000000c7e80000)
 Metaspace       used 5073K, capacity 6224K, committed 6528K, reserved 1056768K
  class space    used 559K, capacity 584K, committed 640K, reserved 1048576K
Event: 0.509 GC heap after
Heap after GC invocations=8 (full 0):
 PSYoungGen      total 5632K, used 1203K [0x00000000eab00000, 0x00000000eb200000, 0x0000000100000000)
  eden space 4096K, 0% used [0x00000000eab00000,0x00000000eab00000,0x00000000eaf00000)
  from space 1536K, 78% used [0x00000000eb080000,0x00000000eb1acd00,0x00000000eb200000)
  to   space 1536K, 0% used [0x00000000eaf00000,0x00000000eaf00000,0x00000000eb080000)
 ParOldGen       total 129536K, used 1294K [0x00000000c0000000, 0x00000000c7e80000, 0x00000000eab00000)
  object space 129536K, 0% used [0x00000000c0000000,0x00000000c0143a08,0x00000000c7e80000)
 Metaspace       used 5073K, capacity 6224K, committed 6528K, reserved 1056768K
  class space    used 559K, capacity 584K, committed 640K, reserved 1048576K
}
Event: 0.741 GC heap before
{Heap before GC invocations=9 (full 0):
 PSYoungGen      total 5632K, used 5299K [0x00000000eab00000, 0x00000000eb200000, 0x0000000100000000)
  eden space 4096K, 100% used [0x00000000eab00000,0x00000000eaf00000,0x00000000eaf00000)
  from space 1536K, 78% used [0x00000000eb080000,0x00000000eb1acd00,0x00000000eb200000)
  to   space 1536K, 0% used [0x00000000eaf00000,0x00000000eaf00000,0x00000000eb080000)
 ParOldGen       total 129536K, used 1294K [0x00000000c0000000, 0x00000000c7e80000, 0x00000000eab00000)
  object space 129536K, 0% used [0x00000000c0000000,0x00000000c0143a08,0x00000000c7e80000)
 Metaspace       used 5455K, capacity 6544K, committed 6784K, reserved 1056768K
  class space    used 570K, capacity 584K, committed 640K, reserved 1048576K
Event: 0.744 GC heap after
Heap after GC invocations=9 (full 0):
 PSYoungGen      total 5632K, used 1280K [0x00000000eab00000, 0x00000000eb200000, 0x0000000100000000)
  eden space 4096K, 0% used [0x00000000eab00000,0x00000000eab00000,0x00000000eaf00000)
  from space 1536K, 83% used [0x00000000eaf00000,0x00000000eb040018,0x00000000eb080000)
  to   space 1536K, 0% used [0x00000000eb080000,0x00000000eb080000,0x00000000eb200000)
 ParOldGen       total 129536K, used 1551K [0x00000000c0000000, 0x00000000c7e80000, 0x00000000eab00000)
  object space 129536K, 1% used [0x00000000c0000000,0x00000000c0183c28,0x00000000c7e80000)
 Metaspace       used 5455K, capacity 6544K, committed 6784K, reserved 1056768K
  class space    used 570K, capacity 584K, committed 640K, reserved 1048576K
}
Event: 0.775 GC heap before
{Heap before GC invocations=10 (full 0):
 PSYoungGen      total 5632K, used 5376K [0x00000000eab00000, 0x00000000eb200000, 0x0000000100000000)
  eden space 4096K, 100% used [0x00000000eab00000,0x00000000eaf00000,0x00000000eaf00000)
  from space 1536K, 83% used [0x00000000eaf00000,0x00000000eb040018,0x00000000eb080000)
  to   space 1536K, 0% used [0x00000000eb080000,0x00000000eb080000,0x00000000eb200000)
 ParOldGen       total 129536K, used 1551K [0x00000000c0000000, 0x00000000c7e80000, 0x00000000eab00000)
  object space 129536K, 1% used [0x00000000c0000000,0x00000000c0183c28,0x00000000c7e80000)
 Metaspace       used 5477K, capacity 6544K, committed 6784K, reserved 1056768K
  class space    used 570K, capacity 584K, committed 640K, reserved 1048576K
Event: 0.778 GC heap after
Heap after GC invocations=10 (full 0):
 PSYoungGen      total 5632K, used 1280K [0x00000000eab00000, 0x00000000eb200000, 0x0000000100000000)
  eden space 4096K, 0% used [0x00000000eab00000,0x00000000eab00000,0x00000000eaf00000)
  from space 1536K, 83% used [0x00000000eb080000,0x00000000eb1c0000,0x00000000eb200000)
  to   space 1536K, 0% used [0x00000000eaf00000,0x00000000eaf00000,0x00000000eb080000)
 ParOldGen       total 129536K, used 2031K [0x00000000c0000000, 0x00000000c7e80000, 0x00000000eab00000)
  object space 129536K, 1% used [0x00000000c0000000,0x00000000c01fbc40,0x00000000c7e80000)
 Metaspace       used 5477K, capacity 6544K, committed 6784K, reserved 1056768K
  class space    used 570K, capacity 584K, committed 640K, reserved 1048576K
}

Deoptimization events (2 events):
Event: 0.779 Thread 0x0000000015c2c800 Uncommon trap: reason=class_check action=maybe_recompile pc=0x0000000002866bbc method=com.android.dx.ssa.NormalSsaInsn.accept(Lcom/android/dx/ssa/SsaInsn$Visitor;)V @ 9
Event: 0.801 Thread 0x0000000015b3c800 Uncommon trap: reason=class_check action=maybe_recompile pc=0x0000000002866bbc method=com.android.dx.ssa.NormalSsaInsn.accept(Lcom/android/dx/ssa/SsaInsn$Visitor;)V @ 9

Internal exceptions (10 events):
Event: 0.513 Thread 0x0000000015c3c000 Exception <a 'java/security/PrivilegedActionException'> (0x00000000eab0d3a8) thrown at [D:\re\workspace\8-2-build-windows-amd64-cygwin\jdk8u5\2488\hotspot\src\share\vm\prims\jvm.cpp, line 1248]
Event: 0.516 Thread 0x0000000015c3c000 Exception <a 'java/security/PrivilegedActionException'> (0x00000000eab443a8) thrown at [D:\re\workspace\8-2-build-windows-amd64-cygwin\jdk8u5\2488\hotspot\src\share\vm\prims\jvm.cpp, line 1248]
Event: 0.517 Thread 0x0000000015c3c000 Exception <a 'java/security/PrivilegedActionException'> (0x00000000eab4a4e0) thrown at [D:\re\workspace\8-2-build-windows-amd64-cygwin\jdk8u5\2488\hotspot\src\share\vm\prims\jvm.cpp, line 1248]
Event: 0.517 Thread 0x0000000015c3c000 Exception <a 'java/security/PrivilegedActionException'> (0x00000000eab4eac8) thrown at [D:\re\workspace\8-2-build-windows-amd64-cygwin\jdk8u5\2488\hotspot\src\share\vm\prims\jvm.cpp, line 1248]
Event: 0.517 Thread 0x0000000015c3c000 Exception <a 'java/security/PrivilegedActionException'> (0x00000000eab543b8) thrown at [D:\re\workspace\8-2-build-windows-amd64-cygwin\jdk8u5\2488\hotspot\src\share\vm\prims\jvm.cpp, line 1248]
Event: 0.518 Thread 0x0000000015c3c000 Exception <a 'java/security/PrivilegedActionException'> (0x00000000eab5af20) thrown at [D:\re\workspace\8-2-build-windows-amd64-cygwin\jdk8u5\2488\hotspot\src\share\vm\prims\jvm.cpp, line 1248]
Event: 0.523 Thread 0x0000000015c3c000 Exception <a 'java/security/PrivilegedActionException'> (0x00000000eab61148) thrown at [D:\re\workspace\8-2-build-windows-amd64-cygwin\jdk8u5\2488\hotspot\src\share\vm\prims\jvm.cpp, line 1248]
Event: 0.523 Thread 0x0000000015c2c800 Exception <a 'java/security/PrivilegedActionException'> (0x00000000eab046f8) thrown at [D:\re\workspace\8-2-build-windows-amd64-cygwin\jdk8u5\2488\hotspot\src\share\vm\prims\jvm.cpp, line 1248]
Event: 0.621 Thread 0x0000000015c3b000 Exception <a 'java/security/PrivilegedActionException'> (0x00000000eacbae98) thrown at [D:\re\workspace\8-2-build-windows-amd64-cygwin\jdk8u5\2488\hotspot\src\share\vm\prims\jvm.cpp, line 1248]
Event: 0.806 Thread 0x0000000002460800 Exception <a 'java/security/PrivilegedActionException'> (0x00000000ead2ddd0) thrown at [D:\re\workspace\8-2-build-windows-amd64-cygwin\jdk8u5\2488\hotspot\src\share\vm\prims\jvm.cpp, line 1248]

Events (10 events):
Event: 0.788 Thread 0x0000000015c3c000 Thread exited: 0x0000000015c3c000
Event: 0.795 Thread 0x0000000015c2c800 Thread exited: 0x0000000015c2c800
Event: 0.801 Thread 0x0000000015b3c800 Uncommon trap: trap_request=0xffffffde fr.pc=0x0000000002866bbc
Event: 0.801 Thread 0x0000000015b3c800 DEOPT PACKING pc=0x0000000002866bbc sp=0x000000001621e630
Event: 0.801 Thread 0x0000000015b3c800 DEOPT UNPACKING pc=0x00000000025a73ef sp=0x000000001621e640 mode 2
Event: 0.803 Thread 0x0000000015b3c800 Thread exited: 0x0000000015b3c800
Event: 0.805 Thread 0x0000000015b3d800 Thread exited: 0x0000000015b3d800
Event: 0.806 loading class com/android/dx/command/dexer/Main$DexWriter
Event: 0.806 loading class com/android/dx/command/dexer/Main$DexWriter done
Event: 0.806 Thread 0x00000000169a8000 Thread added: 0x00000000169a8000


Dynamic libraries:
0x00007ff6847a0000 - 0x00007ff6847d4000 	D:\ProgramFiles\Java\jdk1.8.0_05\bin\java.exe
0x00007ffeb9170000 - 0x00007ffeb9331000 	C:\WINDOWS\SYSTEM32\ntdll.dll
0x00007ffeb8bb0000 - 0x00007ffeb8c5d000 	C:\WINDOWS\system32\KERNEL32.DLL
0x00007ffeb5b50000 - 0x00007ffeb5d38000 	C:\WINDOWS\system32\KERNELBASE.dll
0x00007ffeb69e0000 - 0x00007ffeb6a87000 	C:\WINDOWS\system32\ADVAPI32.dll
0x00007ffeb8fa0000 - 0x00007ffeb903d000 	C:\WINDOWS\system32\msvcrt.dll
0x00007ffeb6c20000 - 0x00007ffeb6c7b000 	C:\WINDOWS\system32\sechost.dll
0x00007ffeb9040000 - 0x00007ffeb915c000 	C:\WINDOWS\system32\RPCRT4.dll
0x00007ffeb8e00000 - 0x00007ffeb8f56000 	C:\WINDOWS\system32\USER32.dll
0x00007ffeb6a90000 - 0x00007ffeb6c16000 	C:\WINDOWS\system32\GDI32.dll
0x00007ffea8cb0000 - 0x00007ffea8f24000 	C:\WINDOWS\WinSxS\amd64_microsoft.windows.common-controls_6595b64144ccf1df_6.0.10586.0_none_8c15ae12515e1c22\COMCTL32.dll
0x00007ffeb6c80000 - 0x00007ffeb6efd000 	C:\WINDOWS\system32\combase.dll
0x00007ffeb58b0000 - 0x00007ffeb591a000 	C:\WINDOWS\system32\bcryptPrimitives.dll
0x00007ffeb8f60000 - 0x00007ffeb8f9b000 	C:\WINDOWS\system32\IMM32.DLL
0x00000000574d0000 - 0x00000000575a2000 	D:\ProgramFiles\Java\jdk1.8.0_05\jre\bin\msvcr100.dll
0x0000000057a40000 - 0x000000005826a000 	D:\ProgramFiles\Java\jdk1.8.0_05\jre\bin\server\jvm.dll
0x00007ffeb9160000 - 0x00007ffeb9168000 	C:\WINDOWS\system32\PSAPI.DLL
0x00007ffeae570000 - 0x00007ffeae579000 	C:\WINDOWS\SYSTEM32\WSOCK32.dll
0x00007ffeb71b0000 - 0x00007ffeb721b000 	C:\WINDOWS\system32\WS2_32.dll
0x00007ffeb39b0000 - 0x00007ffeb39d3000 	C:\WINDOWS\SYSTEM32\WINMM.dll
0x00007ffeb29e0000 - 0x00007ffeb2a0c000 	C:\WINDOWS\SYSTEM32\WINMMBASE.dll
0x00007ffeb5eb0000 - 0x00007ffeb5ef3000 	C:\WINDOWS\system32\cfgmgr32.dll
0x0000000057950000 - 0x000000005795f000 	D:\ProgramFiles\Java\jdk1.8.0_05\jre\bin\verify.dll
0x0000000057920000 - 0x0000000057948000 	D:\ProgramFiles\Java\jdk1.8.0_05\jre\bin\java.dll
0x0000000057900000 - 0x0000000057916000 	D:\ProgramFiles\Java\jdk1.8.0_05\jre\bin\zip.dll
0x00007ffeb7220000 - 0x00007ffeb877c000 	C:\WINDOWS\system32\SHELL32.dll
0x00007ffeb5f00000 - 0x00007ffeb6544000 	C:\WINDOWS\system32\windows.storage.dll
0x00007ffeb8da0000 - 0x00007ffeb8df2000 	C:\WINDOWS\system32\shlwapi.dll
0x00007ffeb57f0000 - 0x00007ffeb57ff000 	C:\WINDOWS\system32\kernel.appcore.dll
0x00007ffeb5d40000 - 0x00007ffeb5df5000 	C:\WINDOWS\system32\shcore.dll
0x00007ffeb57a0000 - 0x00007ffeb57eb000 	C:\WINDOWS\system32\powrprof.dll
0x00007ffeb5800000 - 0x00007ffeb5814000 	C:\WINDOWS\system32\profapi.dll

VM Arguments:
jvm_args: -Djava.awt.headless=true -Xmx1024M -Dfile.encoding=GBK -Duser.country=CN -Duser.language=zh -Duser.variant 
java_command: com.android.dx.command.Main --dex --force-jumbo --num-threads=4 --multi-dex --output D:\java\StudioProjects\HolleKeiTi\app\build\intermediates\transforms\dex\debug\folders\1000\5\slice_3 D:\java\StudioProjects\HolleKeiTi\app\build\intermediates\transforms\instantRunSlicer\debug\folders\1\5\slice_3
java_class_path (initial): D:\ProgramFiles\Android\jdk\build-tools\23.0.3\lib\dx.jar
Launcher Type: SUN_STANDARD

Environment Variables:
JAVA_HOME=D:\ProgramFiles\Java\jdk1.8.0_05
PATH=C:\WINDOWS\system32;C:\WINDOWS;C:\WINDOWS\System32\Wbem;C:\WINDOWS\System32\WindowsPowerShell\v1.0\;D:\ProgramFiles\TortoiseSVN\bin;D:\ProgramFiles\Java\jdk1.8.0_05\bin
USERNAME=Administrator
OS=Windows_NT
PROCESSOR_IDENTIFIER=Intel64 Family 6 Model 60 Stepping 3, GenuineIntel



---------------  S Y S T E M  ---------------

OS: Windows 8.1 , 64 bit Build 9600 

CPU:total 2 (2 cores per cpu, 1 threads per core) family 6 model 60 stepping 3, cmov, cx8, fxsr, mmx, sse, sse2, sse3, ssse3, sse4.1, sse4.2, popcnt, clmul, erms, tsc, tscinvbit

Memory: 4k page, physical 8286416k(864984k free), swap 8286416k(5156k free)

vm_info: Java HotSpot(TM) 64-Bit Server VM (25.5-b02) for windows-amd64 JRE (1.8.0_05-b13), built on Mar 18 2014 01:08:39 by "java_re" with MS VC++ 10.0 (VS2010)

time: Fri May 13 12:00:40 2016
elapsed time: 0 seconds

