#
# There is insufficient memory for the Java Runtime Environment to continue.
# Native memory allocation (malloc) failed to allocate 32744 bytes for ChunkPool::allocate
# Possible reasons:
#   The system is out of physical RAM or swap space
#   In 32 bit mode, the process size limit was hit
# Possible solutions:
#   Reduce memory load on the system
#   Increase physical memory or swap space
#   Check if swap backing store is full
#   Use 64 bit Java on a 64 bit OS
#   Decrease Java heap size (-Xmx/-Xms)
#   Decrease number of Java threads
#   Decrease Java thread stack sizes (-Xss)
#   Set larger code cache with -XX:ReservedCodeCacheSize=
# This output file may be truncated or incomplete.
#
#  Out of Memory Error (allocation.cpp:271), pid=49560, tid=74280
#
# JRE version: Java(TM) SE Runtime Environment (8.0_05-b13) (build 1.8.0_05-b13)
# Java VM: Java HotSpot(TM) 64-Bit Server VM (25.5-b02 mixed mode windows-amd64 compressed oops)
# Failed to write core dump. Minidumps are not enabled by default on client versions of Windows
#

---------------  T H R E A D  ---------------

Current thread (0x0000000014a3d800):  JavaThread "C2 CompilerThread0" daemon [_thread_in_native, id=74280, stack(0x0000000015920000,0x0000000015a20000)]

Stack: [0x0000000015920000,0x0000000015a20000]
Native frames: (J=compiled Java code, j=interpreted, Vv=VM code, C=native code)
V  [jvm.dll+0x308dea]


Current CompileTask:
C2:   1371  240   !   4       com.android.dx.cf.cst.ConstantPoolParser::parse0 (731 bytes)


---------------  P R O C E S S  ---------------

Java Threads: ( => current thread )
  0x0000000015c38000 JavaThread "pool-2-thread-4" [_thread_blocked, id=52944, stack(0x0000000016520000,0x0000000016620000)]
  0x0000000015c28000 JavaThread "pool-2-thread-3" [_thread_blocked, id=6000, stack(0x0000000016420000,0x0000000016520000)]
  0x0000000015c2c000 JavaThread "pool-2-thread-2" [_thread_blocked, id=17480, stack(0x0000000016320000,0x0000000016420000)]
  0x0000000015b40000 JavaThread "pool-3-thread-1" [_thread_blocked, id=63828, stack(0x0000000016220000,0x0000000016320000)]
  0x0000000015b3f000 JavaThread "pool-2-thread-1" [_thread_blocked, id=34516, stack(0x0000000016120000,0x0000000016220000)]
  0x0000000015a33000 JavaThread "Service Thread" daemon [_thread_blocked, id=56360, stack(0x0000000015f20000,0x0000000016020000)]
  0x0000000014a7e800 JavaThread "C1 CompilerThread1" daemon [_thread_blocked, id=8284, stack(0x0000000015e20000,0x0000000015f20000)]
=>0x0000000014a3d800 JavaThread "C2 CompilerThread0" daemon [_thread_in_native, id=74280, stack(0x0000000015920000,0x0000000015a20000)]
  0x0000000014a3b800 JavaThread "Attach Listener" daemon [_thread_blocked, id=16992, stack(0x0000000015820000,0x0000000015920000)]
  0x00000000149ed800 JavaThread "Signal Dispatcher" daemon [_thread_blocked, id=19220, stack(0x0000000015720000,0x0000000015820000)]
  0x0000000014993800 JavaThread "Finalizer" daemon [_thread_blocked, id=79684, stack(0x0000000015620000,0x0000000015720000)]
  0x000000001498f000 JavaThread "Reference Handler" daemon [_thread_blocked, id=64668, stack(0x0000000015520000,0x0000000015620000)]
  0x0000000001f8d800 JavaThread "main" [_thread_blocked, id=33636, stack(0x0000000002350000,0x0000000002450000)]

Other Threads:
  0x000000001498a000 VMThread [stack: 0x0000000015420000,0x0000000015520000] [id=13000]
  0x0000000015a35800 WatcherThread [stack: 0x0000000016020000,0x0000000016120000] [id=18276]

VM state:at safepoint (normal execution)

VM Mutex/Monitor currently owned by a thread:  ([mutex/lock_event])
[0x0000000001f8ca90] Threads_lock - owner thread: 0x000000001498a000
[0x0000000001f8c910] Heap_lock - owner thread: 0x0000000015b3f000

Heap:
 PSYoungGen      total 2560K, used 2542K [0x00000000eab00000, 0x00000000eb200000, 0x0000000100000000)
  eden space 2048K, 100% used [0x00000000eab00000,0x00000000ead00000,0x00000000ead00000)
  from space 512K, 96% used [0x00000000ead00000,0x00000000ead7b878,0x00000000ead80000)
  to   space 1536K, 68% used [0x00000000eb080000,0x00000000eb186c88,0x00000000eb200000)
 ParOldGen       total 129536K, used 1625K [0x00000000c0000000, 0x00000000c7e80000, 0x00000000eab00000)
  object space 129536K, 1% used [0x00000000c0000000,0x00000000c0196558,0x00000000c7e80000)
 Metaspace       used 4466K, capacity 5648K, committed 6016K, reserved 1056768K
  class space    used 495K, capacity 520K, committed 640K, reserved 1048576K

Card table byte_map: [0x0000000011910000,0x0000000011b20000] byte_map_base: 0x0000000011310000

Marking Bits: (ParMarkBitMap*) 0x000000005b3d13b0
 Begin Bits: [0x0000000011e80000, 0x0000000012e80000)
 End Bits:   [0x0000000012e80000, 0x0000000013e80000)

Polling page: 0x00000000001f0000

CodeCache: size=245760Kb used=1654Kb max_used=1654Kb free=244105Kb
 bounds [0x0000000002550000, 0x00000000027c0000, 0x0000000011550000]
 total_blobs=556 nmethods=295 adapters=176
 compilation: enabled

Compilation events (10 events):
Event: 1.313 Thread 0x0000000014a7e800  298       1       com.android.dx.cf.code.Frame::getStack (5 bytes)
Event: 1.313 Thread 0x0000000014a7e800 nmethod 298 0x00000000026ecd50 code [0x00000000026ecea0, 0x00000000026ecfb0]
Event: 1.313 Thread 0x0000000014a7e800  299       1       com.android.dx.util.IntList::size (5 bytes)
Event: 1.313 Thread 0x0000000014a7e800 nmethod 299 0x00000000026ed010 code [0x00000000026ed160, 0x00000000026ed270]
Event: 1.313 Thread 0x0000000014a7e800  300       2       com.android.dx.rop.type.Type::getType (2 bytes)
Event: 1.313 Thread 0x0000000014a7e800 nmethod 300 0x00000000026ed2d0 code [0x00000000026ed420, 0x00000000026ed570]
Event: 1.314 Thread 0x0000000014a7e800  301       2       com.android.dx.util.IntList::add (65 bytes)
Event: 1.314 Thread 0x0000000014a7e800 nmethod 301 0x00000000026ed610 code [0x00000000026ed780, 0x00000000026eda38]
Event: 1.314 Thread 0x0000000014a7e800  302       2       java.util.BitSet::get (69 bytes)
Event: 1.314 Thread 0x0000000014a7e800 nmethod 302 0x00000000026edbd0 code [0x00000000026edd80, 0x00000000026ee208]

GC Heap History (10 events):
Event: 0.140 GC heap after
Heap after GC invocations=1 (full 0):
 PSYoungGen      total 1024K, used 472K [0x00000000eab00000, 0x00000000ead00000, 0x0000000100000000)
  eden space 512K, 0% used [0x00000000eab00000,0x00000000eab00000,0x00000000eab80000)
  from space 512K, 92% used [0x00000000eab80000,0x00000000eabf6010,0x00000000eac00000)
  to   space 512K, 0% used [0x00000000eac80000,0x00000000eac80000,0x00000000ead00000)
 ParOldGen       total 129536K, used 0K [0x00000000c0000000, 0x00000000c7e80000, 0x00000000eab00000)
  object space 129536K, 0% used [0x00000000c0000000,0x00000000c0000000,0x00000000c7e80000)
 Metaspace       used 1835K, capacity 4480K, committed 4480K, reserved 1056768K
  class space    used 204K, capacity 384K, committed 384K, reserved 1048576K
}
Event: 0.309 GC heap before
{Heap before GC invocations=2 (full 0):
 PSYoungGen      total 1024K, used 980K [0x00000000eab00000, 0x00000000ead00000, 0x0000000100000000)
  eden space 512K, 99% used [0x00000000eab00000,0x00000000eab7f3c0,0x00000000eab80000)
  from space 512K, 92% used [0x00000000eab80000,0x00000000eabf6010,0x00000000eac00000)
  to   space 512K, 0% used [0x00000000eac80000,0x00000000eac80000,0x00000000ead00000)
 ParOldGen       total 129536K, used 0K [0x00000000c0000000, 0x00000000c7e80000, 0x00000000eab00000)
  object space 129536K, 0% used [0x00000000c0000000,0x00000000c0000000,0x00000000c7e80000)
 Metaspace       used 2895K, capacity 4486K, committed 4864K, reserved 1056768K
  class space    used 309K, capacity 386K, committed 512K, reserved 1048576K
Event: 0.311 GC heap after
Heap after GC invocations=2 (full 0):
 PSYoungGen      total 1536K, used 501K [0x00000000eab00000, 0x00000000ead00000, 0x0000000100000000)
  eden space 1024K, 0% used [0x00000000eab00000,0x00000000eab00000,0x00000000eac00000)
  from space 512K, 97% used [0x00000000eac80000,0x00000000eacfd650,0x00000000ead00000)
  to   space 512K, 0% used [0x00000000eac00000,0x00000000eac00000,0x00000000eac80000)
 ParOldGen       total 129536K, used 264K [0x00000000c0000000, 0x00000000c7e80000, 0x00000000eab00000)
  object space 129536K, 0% used [0x00000000c0000000,0x00000000c0042000,0x00000000c7e80000)
 Metaspace       used 2895K, capacity 4486K, committed 4864K, reserved 1056768K
  class space    used 309K, capacity 386K, committed 512K, reserved 1048576K
}
Event: 0.367 GC heap before
{Heap before GC invocations=3 (full 0):
 PSYoungGen      total 1536K, used 1523K [0x00000000eab00000, 0x00000000ead00000, 0x0000000100000000)
  eden space 1024K, 99% used [0x00000000eab00000,0x00000000eabff808,0x00000000eac00000)
  from space 512K, 97% used [0x00000000eac80000,0x00000000eacfd650,0x00000000ead00000)
  to   space 512K, 0% used [0x00000000eac00000,0x00000000eac00000,0x00000000eac80000)
 ParOldGen       total 129536K, used 264K [0x00000000c0000000, 0x00000000c7e80000, 0x00000000eab00000)
  object space 129536K, 0% used [0x00000000c0000000,0x00000000c0042000,0x00000000c7e80000)
 Metaspace       used 3485K, capacity 4784K, committed 5120K, reserved 1056768K
  class space    used 384K, capacity 424K, committed 512K, reserved 1048576K
Event: 0.369 GC heap after
Heap after GC invocations=3 (full 0):
 PSYoungGen      total 1536K, used 488K [0x00000000eab00000, 0x00000000eae00000, 0x0000000100000000)
  eden space 1024K, 0% used [0x00000000eab00000,0x00000000eab00000,0x00000000eac00000)
  from space 512K, 95% used [0x00000000eac00000,0x00000000eac7a040,0x00000000eac80000)
  to   space 512K, 0% used [0x00000000ead80000,0x00000000ead80000,0x00000000eae00000)
 ParOldGen       total 129536K, used 593K [0x00000000c0000000, 0x00000000c7e80000, 0x00000000eab00000)
  object space 129536K, 0% used [0x00000000c0000000,0x00000000c00947d0,0x00000000c7e80000)
 Metaspace       used 3485K, capacity 4784K, committed 5120K, reserved 1056768K
  class space    used 384K, capacity 424K, committed 512K, reserved 1048576K
}
Event: 0.460 GC heap before
{Heap before GC invocations=4 (full 0):
 PSYoungGen      total 1536K, used 1512K [0x00000000eab00000, 0x00000000eae00000, 0x0000000100000000)
  eden space 1024K, 100% used [0x00000000eab00000,0x00000000eac00000,0x00000000eac00000)
  from space 512K, 95% used [0x00000000eac00000,0x00000000eac7a040,0x00000000eac80000)
  to   space 512K, 0% used [0x00000000ead80000,0x00000000ead80000,0x00000000eae00000)
 ParOldGen       total 129536K, used 593K [0x00000000c0000000, 0x00000000c7e80000, 0x00000000eab00000)
  object space 129536K, 0% used [0x00000000c0000000,0x00000000c00947d0,0x00000000c7e80000)
 Metaspace       used 3700K, capacity 4944K, committed 5120K, reserved 1056768K
  class space    used 413K, capacity 456K, committed 512K, reserved 1048576K
Event: 0.461 GC heap after
Heap after GC invocations=4 (full 0):
 PSYoungGen      total 2560K, used 489K [0x00000000eab00000, 0x00000000eae00000, 0x0000000100000000)
  eden space 2048K, 0% used [0x00000000eab00000,0x00000000eab00000,0x00000000ead00000)
  from space 512K, 95% used [0x00000000ead80000,0x00000000eadfa6d0,0x00000000eae00000)
  to   space 512K, 0% used [0x00000000ead00000,0x00000000ead00000,0x00000000ead80000)
 ParOldGen       total 129536K, used 935K [0x00000000c0000000, 0x00000000c7e80000, 0x00000000eab00000)
  object space 129536K, 0% used [0x00000000c0000000,0x00000000c00e9cd8,0x00000000c7e80000)
 Metaspace       used 3700K, capacity 4944K, committed 5120K, reserved 1056768K
  class space    used 413K, capacity 456K, committed 512K, reserved 1048576K
}
Event: 1.056 GC heap before
{Heap before GC invocations=5 (full 0):
 PSYoungGen      total 2560K, used 2537K [0x00000000eab00000, 0x00000000eae00000, 0x0000000100000000)
  eden space 2048K, 100% used [0x00000000eab00000,0x00000000ead00000,0x00000000ead00000)
  from space 512K, 95% used [0x00000000ead80000,0x00000000eadfa6d0,0x00000000eae00000)
  to   space 512K, 0% used [0x00000000ead00000,0x00000000ead00000,0x00000000ead80000)
 ParOldGen       total 129536K, used 935K [0x00000000c0000000, 0x00000000c7e80000, 0x00000000eab00000)
  object space 129536K, 0% used [0x00000000c0000000,0x00000000c00e9cd8,0x00000000c7e80000)
 Metaspace       used 4141K, capacity 5392K, committed 5760K, reserved 1056768K
  class space    used 467K, capacity 520K, committed 640K, reserved 1048576K
Event: 1.181 GC heap after
Heap after GC invocations=5 (full 0):
 PSYoungGen      total 2560K, used 494K [0x00000000eab00000, 0x00000000eb200000, 0x0000000100000000)
  eden space 2048K, 0% used [0x00000000eab00000,0x00000000eab00000,0x00000000ead00000)
  from space 512K, 96% used [0x00000000ead00000,0x00000000ead7b878,0x00000000ead80000)
  to   space 1536K, 0% used [0x00000000eb080000,0x00000000eb080000,0x00000000eb200000)
 ParOldGen       total 129536K, used 1625K [0x00000000c0000000, 0x00000000c7e80000, 0x00000000eab00000)
  object space 129536K, 1% used [0x00000000c0000000,0x00000000c0196558,0x00000000c7e80000)
 Metaspace       used 4141K, capacity 5392K, committed 5760K, reserved 1056768K
  class space    used 467K, capacity 520K, committed 640K, reserved 1048576K
}
Event: 1.317 GC heap before
{Heap before GC invocations=6 (full 0):
 PSYoungGen      total 2560K, used 2542K [0x00000000eab00000, 0x00000000eb200000, 0x0000000100000000)
  eden space 2048K, 100% used [0x00000000eab00000,0x00000000ead00000,0x00000000ead00000)
  from space 512K, 96% used [0x00000000ead00000,0x00000000ead7b878,0x00000000ead80000)
  to   space 1536K, 0% used [0x00000000eb080000,0x00000000eb080000,0x00000000eb200000)
 ParOldGen       total 129536K, used 1625K [0x00000000c0000000, 0x00000000c7e80000, 0x00000000eab00000)
  object space 129536K, 1% used [0x00000000c0000000,0x00000000c0196558,0x00000000c7e80000)
 Metaspace       used 4466K, capacity 5648K, committed 6016K, reserved 1056768K
  class space    used 495K, capacity 520K, committed 640K, reserved 1048576K

Deoptimization events (0 events):
No events

Internal exceptions (10 events):
Event: 1.308 Thread 0x0000000015b3f000 Exception <a 'java/security/PrivilegedActionException'> (0x00000000eaccd080) thrown at [D:\re\workspace\8-2-build-windows-amd64-cygwin\jdk8u5\2488\hotspot\src\share\vm\prims\jvm.cpp, line 1248]
Event: 1.308 Thread 0x0000000015b3f000 Exception <a 'java/security/PrivilegedActionException'> (0x00000000eacd2f48) thrown at [D:\re\workspace\8-2-build-windows-amd64-cygwin\jdk8u5\2488\hotspot\src\share\vm\prims\jvm.cpp, line 1248]
Event: 1.309 Thread 0x0000000015b3f000 Exception <a 'java/security/PrivilegedActionException'> (0x00000000eacd81f0) thrown at [D:\re\workspace\8-2-build-windows-amd64-cygwin\jdk8u5\2488\hotspot\src\share\vm\prims\jvm.cpp, line 1248]
Event: 1.313 Thread 0x0000000015b3f000 Exception <a 'java/security/PrivilegedActionException'> (0x00000000eace2b70) thrown at [D:\re\workspace\8-2-build-windows-amd64-cygwin\jdk8u5\2488\hotspot\src\share\vm\prims\jvm.cpp, line 1248]
Event: 1.314 Thread 0x0000000015b3f000 Exception <a 'java/security/PrivilegedActionException'> (0x00000000eace5fe0) thrown at [D:\re\workspace\8-2-build-windows-amd64-cygwin\jdk8u5\2488\hotspot\src\share\vm\prims\jvm.cpp, line 1248]
Event: 1.314 Thread 0x0000000015b3f000 Exception <a 'java/security/PrivilegedActionException'> (0x00000000eacea820) thrown at [D:\re\workspace\8-2-build-windows-amd64-cygwin\jdk8u5\2488\hotspot\src\share\vm\prims\jvm.cpp, line 1248]
Event: 1.315 Thread 0x0000000015b3f000 Exception <a 'java/security/PrivilegedActionException'> (0x00000000eacef1a8) thrown at [D:\re\workspace\8-2-build-windows-amd64-cygwin\jdk8u5\2488\hotspot\src\share\vm\prims\jvm.cpp, line 1248]
Event: 1.315 Thread 0x0000000015b3f000 Exception <a 'java/security/PrivilegedActionException'> (0x00000000eacf4a98) thrown at [D:\re\workspace\8-2-build-windows-amd64-cygwin\jdk8u5\2488\hotspot\src\share\vm\prims\jvm.cpp, line 1248]
Event: 1.317 Thread 0x0000000015b3f000 Exception <a 'java/security/PrivilegedActionException'> (0x00000000eacf7dd8) thrown at [D:\re\workspace\8-2-build-windows-amd64-cygwin\jdk8u5\2488\hotspot\src\share\vm\prims\jvm.cpp, line 1248]
Event: 1.317 Thread 0x0000000015b3f000 Exception <a 'java/security/PrivilegedActionException'> (0x00000000eacfdfc8) thrown at [D:\re\workspace\8-2-build-windows-amd64-cygwin\jdk8u5\2488\hotspot\src\share\vm\prims\jvm.cpp, line 1248]

Events (10 events):
Event: 1.316 loading class sun/reflect/NativeMethodAccessorImpl done
Event: 1.316 loading class sun/reflect/DelegatingMethodAccessorImpl
Event: 1.316 loading class sun/reflect/DelegatingMethodAccessorImpl done
Event: 1.316 loading class java/util/RegularEnumSet
Event: 1.317 loading class java/util/RegularEnumSet done
Event: 1.317 loading class com/android/dx/ssa/SsaConverter
Event: 1.317 loading class com/android/dx/ssa/SsaConverter done
Event: 1.317 loading class com/android/dx/ssa/SsaMethod
Event: 1.317 loading class com/android/dx/ssa/SsaMethod done
Event: 1.317 Executing VM operation: ParallelGCFailedAllocation


Dynamic libraries:
0x00007ff79f6a0000 - 0x00007ff79f6d4000 	D:\ProgramFiles\Java\jdk1.8.0_05\bin\java.exe
0x00007ffd39560000 - 0x00007ffd39721000 	C:\WINDOWS\SYSTEM32\ntdll.dll
0x00007ffd38cb0000 - 0x00007ffd38d5d000 	C:\WINDOWS\system32\KERNEL32.DLL
0x00007ffd35f10000 - 0x00007ffd360f8000 	C:\WINDOWS\system32\KERNELBASE.dll
0x00007ffd38ba0000 - 0x00007ffd38c47000 	C:\WINDOWS\system32\ADVAPI32.dll
0x00007ffd38d60000 - 0x00007ffd38dfd000 	C:\WINDOWS\system32\msvcrt.dll
0x00007ffd394f0000 - 0x00007ffd3954b000 	C:\WINDOWS\system32\sechost.dll
0x00007ffd36be0000 - 0x00007ffd36cfc000 	C:\WINDOWS\system32\RPCRT4.dll
0x00007ffd38a40000 - 0x00007ffd38b96000 	C:\WINDOWS\system32\USER32.dll
0x00007ffd38420000 - 0x00007ffd385a6000 	C:\WINDOWS\system32\GDI32.dll
0x00007ffd28a50000 - 0x00007ffd28cc4000 	C:\WINDOWS\WinSxS\amd64_microsoft.windows.common-controls_6595b64144ccf1df_6.0.10586.0_none_8c15ae12515e1c22\COMCTL32.dll
0x00007ffd36960000 - 0x00007ffd36bdd000 	C:\WINDOWS\system32\combase.dll
0x00007ffd36810000 - 0x00007ffd3687a000 	C:\WINDOWS\system32\bcryptPrimitives.dll
0x00007ffd39490000 - 0x00007ffd394cb000 	C:\WINDOWS\system32\IMM32.DLL
0x000000005aa00000 - 0x000000005aad2000 	D:\ProgramFiles\Java\jdk1.8.0_05\jre\bin\msvcr100.dll
0x000000005ac20000 - 0x000000005b44a000 	D:\ProgramFiles\Java\jdk1.8.0_05\jre\bin\server\jvm.dll
0x00007ffd39050000 - 0x00007ffd39058000 	C:\WINDOWS\system32\PSAPI.DLL
0x00007ffd32f40000 - 0x00007ffd32f49000 	C:\WINDOWS\SYSTEM32\WSOCK32.dll
0x00007ffd38f10000 - 0x00007ffd38f7b000 	C:\WINDOWS\system32\WS2_32.dll
0x00007ffd343a0000 - 0x00007ffd343c3000 	C:\WINDOWS\SYSTEM32\WINMM.dll
0x00007ffd34340000 - 0x00007ffd3436c000 	C:\WINDOWS\SYSTEM32\WINMMBASE.dll
0x00007ffd36910000 - 0x00007ffd36953000 	C:\WINDOWS\system32\cfgmgr32.dll
0x000000005b6c0000 - 0x000000005b6cf000 	D:\ProgramFiles\Java\jdk1.8.0_05\jre\bin\verify.dll
0x000000005b690000 - 0x000000005b6b8000 	D:\ProgramFiles\Java\jdk1.8.0_05\jre\bin\java.dll
0x000000005b670000 - 0x000000005b686000 	D:\ProgramFiles\Java\jdk1.8.0_05\jre\bin\zip.dll
0x00007ffd36d60000 - 0x00007ffd382bc000 	C:\WINDOWS\system32\SHELL32.dll
0x00007ffd361c0000 - 0x00007ffd36805000 	C:\WINDOWS\system32\windows.storage.dll
0x00007ffd38c50000 - 0x00007ffd38ca2000 	C:\WINDOWS\system32\shlwapi.dll
0x00007ffd35bb0000 - 0x00007ffd35bbf000 	C:\WINDOWS\system32\kernel.appcore.dll
0x00007ffd36100000 - 0x00007ffd361b5000 	C:\WINDOWS\system32\shcore.dll
0x00007ffd35bc0000 - 0x00007ffd35c0b000 	C:\WINDOWS\system32\powrprof.dll
0x00007ffd35b80000 - 0x00007ffd35b94000 	C:\WINDOWS\system32\profapi.dll

VM Arguments:
jvm_args: -Djava.awt.headless=true -Xmx1024M -Dfile.encoding=GBK -Duser.country=CN -Duser.language=zh -Duser.variant 
java_command: com.android.dx.command.Main --dex --force-jumbo --num-threads=4 --multi-dex --output D:\java\StudioProjects\HolleKeiTi\app\build\intermediates\transforms\dex\debug\folders\1000\5\slice_8 D:\java\StudioProjects\HolleKeiTi\app\build\intermediates\transforms\instantRunSlicer\debug\folders\1\5\slice_8
java_class_path (initial): D:\ProgramFiles\Android\jdk\build-tools\23.0.3\lib\dx.jar
Launcher Type: SUN_STANDARD

Environment Variables:
JAVA_HOME=D:\ProgramFiles\Java\jdk1.8.0_05
PATH=C:\WINDOWS\system32;C:\WINDOWS;C:\WINDOWS\System32\Wbem;C:\WINDOWS\System32\WindowsPowerShell\v1.0\;D:\ProgramFiles\TortoiseSVN\bin;D:\ProgramFiles\Java\jdk1.8.0_05\bin
USERNAME=Administrator
OS=Windows_NT
PROCESSOR_IDENTIFIER=Intel64 Family 6 Model 60 Stepping 3, GenuineIntel



---------------  S Y S T E M  ---------------

OS: Windows 8.1 , 64 bit Build 9600 

CPU:total 2 (2 cores per cpu, 1 threads per core) family 6 model 60 stepping 3, cmov, cx8, fxsr, mmx, sse, sse2, sse3, ssse3, sse4.1, sse4.2, popcnt, clmul, erms, tsc, tscinvbit

Memory: 4k page, physical 8286416k(1393028k free), swap 8286416k(4088k free)

vm_info: Java HotSpot(TM) 64-Bit Server VM (25.5-b02) for windows-amd64 JRE (1.8.0_05-b13), built on Mar 18 2014 01:08:39 by "java_re" with MS VC++ 10.0 (VS2010)

time: Mon May 09 17:28:32 2016
elapsed time: 1 seconds

