#
# There is insufficient memory for the Java Runtime Environment to continue.
# Native memory allocation (malloc) failed to allocate 682976 bytes for Chunk::new
# Possible reasons:
#   The system is out of physical RAM or swap space
#   In 32 bit mode, the process size limit was hit
# Possible solutions:
#   Reduce memory load on the system
#   Increase physical memory or swap space
#   Check if swap backing store is full
#   Use 64 bit Java on a 64 bit OS
#   Decrease Java heap size (-Xmx/-Xms)
#   Decrease number of Java threads
#   Decrease Java thread stack sizes (-Xss)
#   Set larger code cache with -XX:ReservedCodeCacheSize=
# This output file may be truncated or incomplete.
#
#  Out of Memory Error (allocation.cpp:388), pid=22384, tid=20196
#
# JRE version: Java(TM) SE Runtime Environment (8.0_05-b13) (build 1.8.0_05-b13)
# Java VM: Java HotSpot(TM) 64-Bit Server VM (25.5-b02 mixed mode windows-amd64 compressed oops)
# Failed to write core dump. Minidumps are not enabled by default on client versions of Windows
#

---------------  T H R E A D  ---------------

Current thread (0x0000000014a8b800):  JavaThread "C2 CompilerThread0" daemon [_thread_in_native, id=20196, stack(0x0000000015960000,0x0000000015a60000)]

Stack: [0x0000000015960000,0x0000000015a60000]
Native frames: (J=compiled Java code, j=interpreted, Vv=VM code, C=native code)
V  [jvm.dll+0x308dea]


Current CompileTask:
C2:    520  667       4       com.android.dx.ssa.NormalSsaInsn::accept (25 bytes)


---------------  P R O C E S S  ---------------

Java Threads: ( => current thread )
  0x0000000015c8e000 JavaThread "pool-2-thread-4" [_thread_blocked, id=7564, stack(0x0000000016560000,0x0000000016660000)]
  0x0000000015c82800 JavaThread "pool-2-thread-3" [_thread_in_Java, id=23952, stack(0x0000000016460000,0x0000000016560000)]
  0x0000000015c8a800 JavaThread "pool-2-thread-2" [_thread_in_Java, id=23392, stack(0x0000000016360000,0x0000000016460000)]
  0x0000000015b77000 JavaThread "pool-3-thread-1" [_thread_blocked, id=21552, stack(0x0000000016260000,0x0000000016360000)]
  0x0000000015b73000 JavaThread "pool-2-thread-1" [_thread_in_Java, id=22408, stack(0x0000000016160000,0x0000000016260000)]
  0x0000000014acd800 JavaThread "Service Thread" daemon [_thread_blocked, id=24276, stack(0x0000000015f60000,0x0000000016060000)]
  0x0000000014acc800 JavaThread "C1 CompilerThread1" daemon [_thread_blocked, id=24504, stack(0x0000000015e60000,0x0000000015f60000)]
=>0x0000000014a8b800 JavaThread "C2 CompilerThread0" daemon [_thread_in_native, id=20196, stack(0x0000000015960000,0x0000000015a60000)]
  0x0000000014a3d800 JavaThread "Attach Listener" daemon [_thread_blocked, id=23588, stack(0x0000000015860000,0x0000000015960000)]
  0x0000000014a3c000 JavaThread "Signal Dispatcher" daemon [_thread_blocked, id=24440, stack(0x0000000015760000,0x0000000015860000)]
  0x00000000149e3800 JavaThread "Finalizer" daemon [_thread_blocked, id=24568, stack(0x0000000015660000,0x0000000015760000)]
  0x00000000149de800 JavaThread "Reference Handler" daemon [_thread_blocked, id=19772, stack(0x0000000015560000,0x0000000015660000)]
  0x00000000024a0800 JavaThread "main" [_thread_in_Java, id=2880, stack(0x00000000022a0000,0x00000000023a0000)]

Other Threads:
  0x00000000149da000 VMThread [stack: 0x0000000015460000,0x0000000015560000] [id=3328]
  0x0000000015a74000 WatcherThread [stack: 0x0000000016060000,0x0000000016160000] [id=22128]

VM state:not at safepoint (normal execution)

VM Mutex/Monitor currently owned by a thread: None

Heap:
 PSYoungGen      total 5632K, used 3937K [0x00000000eab00000, 0x00000000eb200000, 0x0000000100000000)
  eden space 4096K, 59% used [0x00000000eab00000,0x00000000ead60628,0x00000000eaf00000)
  from space 1536K, 97% used [0x00000000eaf00000,0x00000000eb078018,0x00000000eb080000)
  to   space 1536K, 0% used [0x00000000eb080000,0x00000000eb080000,0x00000000eb200000)
 ParOldGen       total 129536K, used 1800K [0x00000000c0000000, 0x00000000c7e80000, 0x00000000eab00000)
  object space 129536K, 1% used [0x00000000c0000000,0x00000000c01c21d8,0x00000000c7e80000)
 Metaspace       used 5531K, capacity 6640K, committed 6784K, reserved 1056768K
  class space    used 586K, capacity 616K, committed 640K, reserved 1048576K

Card table byte_map: [0x0000000011960000,0x0000000011b70000] byte_map_base: 0x0000000011360000

Marking Bits: (ParMarkBitMap*) 0x00000000581f13b0
 Begin Bits: [0x0000000011ed0000, 0x0000000012ed0000)
 End Bits:   [0x0000000012ed0000, 0x0000000013ed0000)

Polling page: 0x00000000004c0000

CodeCache: size=245760Kb used=2463Kb max_used=2475Kb free=243297Kb
 bounds [0x00000000025a0000, 0x0000000002810000, 0x00000000115a0000]
 total_blobs=888 nmethods=623 adapters=180
 compilation: enabled

Compilation events (10 events):
Event: 0.489 Thread 0x0000000014a8b800 nmethod 652 0x000000000280a690 code [0x000000000280a7e0, 0x000000000280a8c8]
Event: 0.489 Thread 0x0000000014a8b800  656       4       com.android.dx.rop.type.Type::getBasicFrameType (60 bytes)
Event: 0.489 Thread 0x0000000014a8b800 nmethod 656 0x00000000027c24d0 code [0x00000000027c2600, 0x00000000027c2678]
Event: 0.491 Thread 0x0000000014a8b800  660       4       com.android.dx.rop.type.Type::equals (31 bytes)
Event: 0.491 Thread 0x0000000014a8b800 nmethod 660 0x000000000280a310 code [0x000000000280a460, 0x000000000280a5d8]
Event: 0.491 Thread 0x0000000014a8b800  661       4       java.util.BitSet::<init> (56 bytes)
Event: 0.492 Thread 0x0000000014a8b800 nmethod 661 0x0000000002809fd0 code [0x000000000280a120, 0x000000000280a258]
Event: 0.492 Thread 0x0000000014a8b800  663       4       com.android.dx.ssa.SsaRenamer$BlockRenamer::addMapping (143 bytes)
Event: 0.499 Thread 0x0000000014a8b800 nmethod 663 0x000000000280b410 code [0x000000000280b580, 0x000000000280bbf8]
Event: 0.499 Thread 0x0000000014a8b800  667       4       com.android.dx.ssa.NormalSsaInsn::accept (25 bytes)

GC Heap History (10 events):
Event: 0.239 GC heap before
{Heap before GC invocations=5 (full 0):
 PSYoungGen      total 1536K, used 1528K [0x00000000eab00000, 0x00000000ead00000, 0x0000000100000000)
  eden space 1024K, 100% used [0x00000000eab00000,0x00000000eac00000,0x00000000eac00000)
  from space 512K, 98% used [0x00000000eac80000,0x00000000eacfe010,0x00000000ead00000)
  to   space 512K, 0% used [0x00000000eac00000,0x00000000eac00000,0x00000000eac80000)
 ParOldGen       total 129536K, used 593K [0x00000000c0000000, 0x00000000c7e80000, 0x00000000eab00000)
  object space 129536K, 0% used [0x00000000c0000000,0x00000000c00947c0,0x00000000c7e80000)
 Metaspace       used 3774K, capacity 5008K, committed 5120K, reserved 1056768K
  class space    used 425K, capacity 456K, committed 512K, reserved 1048576K
Event: 0.243 GC heap after
Heap after GC invocations=5 (full 0):
 PSYoungGen      total 1536K, used 488K [0x00000000eab00000, 0x00000000eaf00000, 0x0000000100000000)
  eden space 1024K, 0% used [0x00000000eab00000,0x00000000eab00000,0x00000000eac00000)
  from space 512K, 95% used [0x00000000eac00000,0x00000000eac7a020,0x00000000eac80000)
  to   space 1024K, 0% used [0x00000000eae00000,0x00000000eae00000,0x00000000eaf00000)
 ParOldGen       total 129536K, used 904K [0x00000000c0000000, 0x00000000c7e80000, 0x00000000eab00000)
  object space 129536K, 0% used [0x00000000c0000000,0x00000000c00e22d0,0x00000000c7e80000)
 Metaspace       used 3774K, capacity 5008K, committed 5120K, reserved 1056768K
  class space    used 425K, capacity 456K, committed 512K, reserved 1048576K
}
Event: 0.272 GC heap before
{Heap before GC invocations=6 (full 0):
 PSYoungGen      total 1536K, used 1507K [0x00000000eab00000, 0x00000000eaf00000, 0x0000000100000000)
  eden space 1024K, 99% used [0x00000000eab00000,0x00000000eabfec38,0x00000000eac00000)
  from space 512K, 95% used [0x00000000eac00000,0x00000000eac7a020,0x00000000eac80000)
  to   space 1024K, 0% used [0x00000000eae00000,0x00000000eae00000,0x00000000eaf00000)
 ParOldGen       total 129536K, used 904K [0x00000000c0000000, 0x00000000c7e80000, 0x00000000eab00000)
  object space 129536K, 0% used [0x00000000c0000000,0x00000000c00e22d0,0x00000000c7e80000)
 Metaspace       used 4013K, capacity 5232K, committed 5376K, reserved 1056768K
  class space    used 455K, capacity 488K, committed 512K, reserved 1048576K
Event: 0.274 GC heap after
Heap after GC invocations=6 (full 0):
 PSYoungGen      total 3072K, used 872K [0x00000000eab00000, 0x00000000eaf00000, 0x0000000100000000)
  eden space 2048K, 0% used [0x00000000eab00000,0x00000000eab00000,0x00000000ead00000)
  from space 1024K, 85% used [0x00000000eae00000,0x00000000eaeda020,0x00000000eaf00000)
  to   space 1024K, 0% used [0x00000000ead00000,0x00000000ead00000,0x00000000eae00000)
 ParOldGen       total 129536K, used 904K [0x00000000c0000000, 0x00000000c7e80000, 0x00000000eab00000)
  object space 129536K, 0% used [0x00000000c0000000,0x00000000c00e22d0,0x00000000c7e80000)
 Metaspace       used 4013K, capacity 5232K, committed 5376K, reserved 1056768K
  class space    used 455K, capacity 488K, committed 512K, reserved 1048576K
}
Event: 0.332 GC heap before
{Heap before GC invocations=7 (full 0):
 PSYoungGen      total 3072K, used 2920K [0x00000000eab00000, 0x00000000eaf00000, 0x0000000100000000)
  eden space 2048K, 100% used [0x00000000eab00000,0x00000000ead00000,0x00000000ead00000)
  from space 1024K, 85% used [0x00000000eae00000,0x00000000eaeda020,0x00000000eaf00000)
  to   space 1024K, 0% used [0x00000000ead00000,0x00000000ead00000,0x00000000eae00000)
 ParOldGen       total 129536K, used 904K [0x00000000c0000000, 0x00000000c7e80000, 0x00000000eab00000)
  object space 129536K, 0% used [0x00000000c0000000,0x00000000c00e22d0,0x00000000c7e80000)
 Metaspace       used 4556K, capacity 5744K, committed 6016K, reserved 1056768K
  class space    used 501K, capacity 552K, committed 640K, reserved 1048576K
Event: 0.335 GC heap after
Heap after GC invocations=7 (full 0):
 PSYoungGen      total 3072K, used 1016K [0x00000000eab00000, 0x00000000eb200000, 0x0000000100000000)
  eden space 2048K, 0% used [0x00000000eab00000,0x00000000eab00000,0x00000000ead00000)
  from space 1024K, 99% used [0x00000000ead00000,0x00000000eadfe3b0,0x00000000eae00000)
  to   space 1536K, 0% used [0x00000000eb080000,0x00000000eb080000,0x00000000eb200000)
 ParOldGen       total 129536K, used 1266K [0x00000000c0000000, 0x00000000c7e80000, 0x00000000eab00000)
  object space 129536K, 0% used [0x00000000c0000000,0x00000000c013ca90,0x00000000c7e80000)
 Metaspace       used 4556K, capacity 5744K, committed 6016K, reserved 1056768K
  class space    used 501K, capacity 552K, committed 640K, reserved 1048576K
}
Event: 0.384 GC heap before
{Heap before GC invocations=8 (full 0):
 PSYoungGen      total 3072K, used 3064K [0x00000000eab00000, 0x00000000eb200000, 0x0000000100000000)
  eden space 2048K, 100% used [0x00000000eab00000,0x00000000ead00000,0x00000000ead00000)
  from space 1024K, 99% used [0x00000000ead00000,0x00000000eadfe3b0,0x00000000eae00000)
  to   space 1536K, 0% used [0x00000000eb080000,0x00000000eb080000,0x00000000eb200000)
 ParOldGen       total 129536K, used 1266K [0x00000000c0000000, 0x00000000c7e80000, 0x00000000eab00000)
  object space 129536K, 0% used [0x00000000c0000000,0x00000000c013ca90,0x00000000c7e80000)
 Metaspace       used 4995K, capacity 6160K, committed 6272K, reserved 1056768K
  class space    used 552K, capacity 584K, committed 640K, reserved 1048576K
Event: 0.386 GC heap after
Heap after GC invocations=8 (full 0):
 PSYoungGen      total 5632K, used 1088K [0x00000000eab00000, 0x00000000eb200000, 0x0000000100000000)
  eden space 4096K, 0% used [0x00000000eab00000,0x00000000eab00000,0x00000000eaf00000)
  from space 1536K, 70% used [0x00000000eb080000,0x00000000eb190000,0x00000000eb200000)
  to   space 1536K, 0% used [0x00000000eaf00000,0x00000000eaf00000,0x00000000eb080000)
 ParOldGen       total 129536K, used 1353K [0x00000000c0000000, 0x00000000c7e80000, 0x00000000eab00000)
  object space 129536K, 1% used [0x00000000c0000000,0x00000000c0152718,0x00000000c7e80000)
 Metaspace       used 4995K, capacity 6160K, committed 6272K, reserved 1056768K
  class space    used 552K, capacity 584K, committed 640K, reserved 1048576K
}
Event: 0.472 GC heap before
{Heap before GC invocations=9 (full 0):
 PSYoungGen      total 5632K, used 5184K [0x00000000eab00000, 0x00000000eb200000, 0x0000000100000000)
  eden space 4096K, 100% used [0x00000000eab00000,0x00000000eaf00000,0x00000000eaf00000)
  from space 1536K, 70% used [0x00000000eb080000,0x00000000eb190000,0x00000000eb200000)
  to   space 1536K, 0% used [0x00000000eaf00000,0x00000000eaf00000,0x00000000eb080000)
 ParOldGen       total 129536K, used 1353K [0x00000000c0000000, 0x00000000c7e80000, 0x00000000eab00000)
  object space 129536K, 1% used [0x00000000c0000000,0x00000000c0152718,0x00000000c7e80000)
 Metaspace       used 5507K, capacity 6576K, committed 6784K, reserved 1056768K
  class space    used 586K, capacity 616K, committed 640K, reserved 1048576K
Event: 0.475 GC heap after
Heap after GC invocations=9 (full 0):
 PSYoungGen      total 5632K, used 1504K [0x00000000eab00000, 0x00000000eb200000, 0x0000000100000000)
  eden space 4096K, 0% used [0x00000000eab00000,0x00000000eab00000,0x00000000eaf00000)
  from space 1536K, 97% used [0x00000000eaf00000,0x00000000eb078018,0x00000000eb080000)
  to   space 1536K, 0% used [0x00000000eb080000,0x00000000eb080000,0x00000000eb200000)
 ParOldGen       total 129536K, used 1800K [0x00000000c0000000, 0x00000000c7e80000, 0x00000000eab00000)
  object space 129536K, 1% used [0x00000000c0000000,0x00000000c01c21d8,0x00000000c7e80000)
 Metaspace       used 5507K, capacity 6576K, committed 6784K, reserved 1056768K
  class space    used 586K, capacity 616K, committed 640K, reserved 1048576K
}

Deoptimization events (0 events):
No events

Internal exceptions (10 events):
Event: 0.416 Thread 0x00000000024a0800 Exception <a 'java/security/PrivilegedActionException'> (0x00000000eac30520) thrown at [D:\re\workspace\8-2-build-windows-amd64-cygwin\jdk8u5\2488\hotspot\src\share\vm\prims\jvm.cpp, line 1248]
Event: 0.418 Thread 0x00000000024a0800 Exception <a 'java/security/PrivilegedActionException'> (0x00000000eac3daf8) thrown at [D:\re\workspace\8-2-build-windows-amd64-cygwin\jdk8u5\2488\hotspot\src\share\vm\prims\jvm.cpp, line 1248]
Event: 0.420 Thread 0x00000000024a0800 Exception <a 'java/security/PrivilegedActionException'> (0x00000000eac4bd60) thrown at [D:\re\workspace\8-2-build-windows-amd64-cygwin\jdk8u5\2488\hotspot\src\share\vm\prims\jvm.cpp, line 1248]
Event: 0.420 Thread 0x00000000024a0800 Exception <a 'java/security/PrivilegedActionException'> (0x00000000eac50650) thrown at [D:\re\workspace\8-2-build-windows-amd64-cygwin\jdk8u5\2488\hotspot\src\share\vm\prims\jvm.cpp, line 1248]
Event: 0.422 Thread 0x00000000024a0800 Exception <a 'java/security/PrivilegedActionException'> (0x00000000eac56240) thrown at [D:\re\workspace\8-2-build-windows-amd64-cygwin\jdk8u5\2488\hotspot\src\share\vm\prims\jvm.cpp, line 1248]
Event: 0.422 Thread 0x00000000024a0800 Exception <a 'java/security/PrivilegedActionException'> (0x00000000eac5ef30) thrown at [D:\re\workspace\8-2-build-windows-amd64-cygwin\jdk8u5\2488\hotspot\src\share\vm\prims\jvm.cpp, line 1248]
Event: 0.423 Thread 0x0000000015c82800 Exception <a 'java/security/PrivilegedActionException'> (0x00000000eac67e18) thrown at [D:\re\workspace\8-2-build-windows-amd64-cygwin\jdk8u5\2488\hotspot\src\share\vm\prims\jvm.cpp, line 1248]
Event: 0.428 Thread 0x0000000015c8e000 Exception <a 'java/security/PrivilegedActionException'> (0x00000000eac983a0) thrown at [D:\re\workspace\8-2-build-windows-amd64-cygwin\jdk8u5\2488\hotspot\src\share\vm\prims\jvm.cpp, line 1248]
Event: 0.452 Thread 0x00000000024a0800 Exception <a 'java/security/PrivilegedActionException'> (0x00000000ead6bcc0) thrown at [D:\re\workspace\8-2-build-windows-amd64-cygwin\jdk8u5\2488\hotspot\src\share\vm\prims\jvm.cpp, line 1248]
Event: 0.465 Thread 0x0000000015c8a800 Exception <a 'java/security/PrivilegedActionException'> (0x00000000eae17a38) thrown at [D:\re\workspace\8-2-build-windows-amd64-cygwin\jdk8u5\2488\hotspot\src\share\vm\prims\jvm.cpp, line 1248]

Events (10 events):
Event: 0.464 loading class java/util/DualPivotQuicksort
Event: 0.464 loading class java/util/DualPivotQuicksort done
Event: 0.465 loading class com/android/dx/cf/code/Ropper$ExceptionHandlerSetup
Event: 0.465 loading class com/android/dx/cf/code/Ropper$ExceptionHandlerSetup done
Event: 0.466 loading class java/util/HashMap$Values
Event: 0.466 loading class java/util/HashMap$Values done
Event: 0.466 loading class java/util/HashMap$ValueIterator
Event: 0.466 loading class java/util/HashMap$ValueIterator done
Event: 0.472 Executing VM operation: ParallelGCFailedAllocation
Event: 0.475 Executing VM operation: ParallelGCFailedAllocation done


Dynamic libraries:
0x00007ff6847a0000 - 0x00007ff6847d4000 	D:\ProgramFiles\Java\jdk1.8.0_05\bin\java.exe
0x00007ffeb9170000 - 0x00007ffeb9331000 	C:\WINDOWS\SYSTEM32\ntdll.dll
0x00007ffeb8bb0000 - 0x00007ffeb8c5d000 	C:\WINDOWS\system32\KERNEL32.DLL
0x00007ffeb5b50000 - 0x00007ffeb5d38000 	C:\WINDOWS\system32\KERNELBASE.dll
0x00007ffeb69e0000 - 0x00007ffeb6a87000 	C:\WINDOWS\system32\ADVAPI32.dll
0x00007ffeb8fa0000 - 0x00007ffeb903d000 	C:\WINDOWS\system32\msvcrt.dll
0x00007ffeb6c20000 - 0x00007ffeb6c7b000 	C:\WINDOWS\system32\sechost.dll
0x00007ffeb9040000 - 0x00007ffeb915c000 	C:\WINDOWS\system32\RPCRT4.dll
0x00007ffeb8e00000 - 0x00007ffeb8f56000 	C:\WINDOWS\system32\USER32.dll
0x00007ffeb6a90000 - 0x00007ffeb6c16000 	C:\WINDOWS\system32\GDI32.dll
0x00007ffea8cb0000 - 0x00007ffea8f24000 	C:\WINDOWS\WinSxS\amd64_microsoft.windows.common-controls_6595b64144ccf1df_6.0.10586.0_none_8c15ae12515e1c22\COMCTL32.dll
0x00007ffeb6c80000 - 0x00007ffeb6efd000 	C:\WINDOWS\system32\combase.dll
0x00007ffeb58b0000 - 0x00007ffeb591a000 	C:\WINDOWS\system32\bcryptPrimitives.dll
0x00007ffeb8f60000 - 0x00007ffeb8f9b000 	C:\WINDOWS\system32\IMM32.DLL
0x00000000574d0000 - 0x00000000575a2000 	D:\ProgramFiles\Java\jdk1.8.0_05\jre\bin\msvcr100.dll
0x0000000057a40000 - 0x000000005826a000 	D:\ProgramFiles\Java\jdk1.8.0_05\jre\bin\server\jvm.dll
0x00007ffeb9160000 - 0x00007ffeb9168000 	C:\WINDOWS\system32\PSAPI.DLL
0x00007ffeae570000 - 0x00007ffeae579000 	C:\WINDOWS\SYSTEM32\WSOCK32.dll
0x00007ffeb71b0000 - 0x00007ffeb721b000 	C:\WINDOWS\system32\WS2_32.dll
0x00007ffeb39b0000 - 0x00007ffeb39d3000 	C:\WINDOWS\SYSTEM32\WINMM.dll
0x00007ffeb29e0000 - 0x00007ffeb2a0c000 	C:\WINDOWS\SYSTEM32\WINMMBASE.dll
0x00007ffeb5eb0000 - 0x00007ffeb5ef3000 	C:\WINDOWS\system32\cfgmgr32.dll
0x0000000057950000 - 0x000000005795f000 	D:\ProgramFiles\Java\jdk1.8.0_05\jre\bin\verify.dll
0x0000000057920000 - 0x0000000057948000 	D:\ProgramFiles\Java\jdk1.8.0_05\jre\bin\java.dll
0x0000000057900000 - 0x0000000057916000 	D:\ProgramFiles\Java\jdk1.8.0_05\jre\bin\zip.dll
0x00007ffeb7220000 - 0x00007ffeb877c000 	C:\WINDOWS\system32\SHELL32.dll
0x00007ffeb5f00000 - 0x00007ffeb6544000 	C:\WINDOWS\system32\windows.storage.dll
0x00007ffeb8da0000 - 0x00007ffeb8df2000 	C:\WINDOWS\system32\shlwapi.dll
0x00007ffeb57f0000 - 0x00007ffeb57ff000 	C:\WINDOWS\system32\kernel.appcore.dll
0x00007ffeb5d40000 - 0x00007ffeb5df5000 	C:\WINDOWS\system32\shcore.dll
0x00007ffeb57a0000 - 0x00007ffeb57eb000 	C:\WINDOWS\system32\powrprof.dll
0x00007ffeb5800000 - 0x00007ffeb5814000 	C:\WINDOWS\system32\profapi.dll

VM Arguments:
jvm_args: -Djava.awt.headless=true -Xmx1024M -Dfile.encoding=GBK -Duser.country=CN -Duser.language=zh -Duser.variant 
java_command: com.android.dx.command.Main --dex --force-jumbo --num-threads=4 --multi-dex --output D:\java\StudioProjects\HolleKeiTi\app\build\intermediates\transforms\dex\debug\folders\1000\5\slice_0 D:\java\StudioProjects\HolleKeiTi\app\build\intermediates\transforms\instantRunSlicer\debug\folders\1\5\slice_0
java_class_path (initial): D:\ProgramFiles\Android\jdk\build-tools\23.0.3\lib\dx.jar
Launcher Type: SUN_STANDARD

Environment Variables:
JAVA_HOME=D:\ProgramFiles\Java\jdk1.8.0_05
PATH=C:\WINDOWS\system32;C:\WINDOWS;C:\WINDOWS\System32\Wbem;C:\WINDOWS\System32\WindowsPowerShell\v1.0\;D:\ProgramFiles\TortoiseSVN\bin;D:\ProgramFiles\Java\jdk1.8.0_05\bin
USERNAME=Administrator
OS=Windows_NT
PROCESSOR_IDENTIFIER=Intel64 Family 6 Model 60 Stepping 3, GenuineIntel



---------------  S Y S T E M  ---------------

OS: Windows 8.1 , 64 bit Build 9600 

CPU:total 2 (2 cores per cpu, 1 threads per core) family 6 model 60 stepping 3, cmov, cx8, fxsr, mmx, sse, sse2, sse3, ssse3, sse4.1, sse4.2, popcnt, clmul, erms, tsc, tscinvbit

Memory: 4k page, physical 8286416k(866548k free), swap 8286416k(5188k free)

vm_info: Java HotSpot(TM) 64-Bit Server VM (25.5-b02) for windows-amd64 JRE (1.8.0_05-b13), built on Mar 18 2014 01:08:39 by "java_re" with MS VC++ 10.0 (VS2010)

time: Fri May 13 12:00:41 2016
elapsed time: 0 seconds

