#
# There is insufficient memory for the Java Runtime Environment to continue.
# Native memory allocation (malloc) failed to allocate 32744 bytes for ChunkPool::allocate
# Possible reasons:
#   The system is out of physical RAM or swap space
#   In 32 bit mode, the process size limit was hit
# Possible solutions:
#   Reduce memory load on the system
#   Increase physical memory or swap space
#   Check if swap backing store is full
#   Use 64 bit Java on a 64 bit OS
#   Decrease Java heap size (-Xmx/-Xms)
#   Decrease number of Java threads
#   Decrease Java thread stack sizes (-Xss)
#   Set larger code cache with -XX:ReservedCodeCacheSize=
# This output file may be truncated or incomplete.
#
#  Out of Memory Error (allocation.cpp:271), pid=8428, tid=8608
#
# JRE version: Java(TM) SE Runtime Environment (8.0_05-b13) (build 1.8.0_05-b13)
# Java VM: Java HotSpot(TM) 64-Bit Server VM (25.5-b02 mixed mode windows-amd64 compressed oops)
# Failed to write core dump. Minidumps are not enabled by default on client versions of Windows
#

---------------  T H R E A D  ---------------

Current thread (0x00000000149fc800):  JavaThread "C2 CompilerThread0" daemon [_thread_in_native, id=8608, stack(0x00000000158f0000,0x00000000159f0000)]

Stack: [0x00000000158f0000,0x00000000159f0000]
Native frames: (J=compiled Java code, j=interpreted, Vv=VM code, C=native code)
V  [jvm.dll+0x308dea]


Current CompileTask:
C2:   1901 1379   !   4       com.android.dx.cf.cst.ConstantPoolParser::parse0 (731 bytes)


---------------  P R O C E S S  ---------------

Java Threads: ( => current thread )
  0x0000000015d3e000 JavaThread "pool-1-thread-4" [_thread_blocked, id=8648, stack(0x00000000164f0000,0x00000000165f0000)]
  0x0000000015d32000 JavaThread "pool-1-thread-3" [_thread_in_Java, id=8644, stack(0x00000000163f0000,0x00000000164f0000)]
  0x0000000015cb0800 JavaThread "pool-1-thread-2" [_thread_in_vm, id=8640, stack(0x00000000162f0000,0x00000000163f0000)]
  0x0000000015c10800 JavaThread "pool-2-thread-1" [_thread_blocked, id=8636, stack(0x00000000161f0000,0x00000000162f0000)]
  0x0000000015c0f000 JavaThread "pool-1-thread-1" [_thread_in_Java, id=8632, stack(0x00000000160f0000,0x00000000161f0000)]
  0x0000000014a3e800 JavaThread "Service Thread" daemon [_thread_blocked, id=8624, stack(0x0000000015ef0000,0x0000000015ff0000)]
  0x00000000149fe800 JavaThread "C1 CompilerThread1" daemon [_thread_blocked, id=8620, stack(0x00000000159f0000,0x0000000015af0000)]
=>0x00000000149fc800 JavaThread "C2 CompilerThread0" daemon [_thread_in_native, id=8608, stack(0x00000000158f0000,0x00000000159f0000)]
  0x00000000149ae800 JavaThread "Attach Listener" daemon [_thread_blocked, id=8604, stack(0x00000000157f0000,0x00000000158f0000)]
  0x00000000149ad000 JavaThread "Signal Dispatcher" daemon [_thread_blocked, id=8600, stack(0x00000000156f0000,0x00000000157f0000)]
  0x0000000014959000 JavaThread "Finalizer" daemon [_thread_blocked, id=8572, stack(0x00000000155f0000,0x00000000156f0000)]
  0x000000001494e800 JavaThread "Reference Handler" daemon [_thread_blocked, id=8568, stack(0x00000000154f0000,0x00000000155f0000)]
  0x0000000002410800 JavaThread "main" [_thread_in_Java, id=8524, stack(0x00000000021c0000,0x00000000022c0000)]

Other Threads:
  0x000000001494a000 VMThread [stack: 0x00000000153f0000,0x00000000154f0000] [id=8564]
  0x0000000015b01800 WatcherThread [stack: 0x0000000015ff0000,0x00000000160f0000] [id=8628]

VM state:synchronizing (normal execution)

VM Mutex/Monitor currently owned by a thread:  ([mutex/lock_event])
[0x000000000230ba30] Safepoint_lock - owner thread: 0x000000001494a000
[0x000000000230c7b0] Threads_lock - owner thread: 0x000000001494a000
[0x000000000230c530] Heap_lock - owner thread: 0x0000000015cb0800

Heap:
 PSYoungGen      total 32768K, used 30921K [0x00000000eab00000, 0x00000000ed500000, 0x0000000100000000)
  eden space 24064K, 100% used [0x00000000eab00000,0x00000000ec280000,0x00000000ec280000)
  from space 8704K, 78% used [0x00000000ecb80000,0x00000000ed232428,0x00000000ed400000)
  to   space 9216K, 0% used [0x00000000ec280000,0x00000000ec280000,0x00000000ecb80000)
 ParOldGen       total 129536K, used 22521K [0x00000000c0000000, 0x00000000c7e80000, 0x00000000eab00000)
  object space 129536K, 17% used [0x00000000c0000000,0x00000000c15fe688,0x00000000c7e80000)
 Metaspace       used 5775K, capacity 6832K, committed 7040K, reserved 1056768K
  class space    used 587K, capacity 616K, committed 640K, reserved 1048576K

Card table byte_map: [0x00000000118d0000,0x0000000011ae0000] byte_map_base: 0x00000000112d0000

Marking Bits: (ParMarkBitMap*) 0x0000000063e713b0
 Begin Bits: [0x0000000011e40000, 0x0000000012e40000)
 End Bits:   [0x0000000012e40000, 0x0000000013e40000)

Polling page: 0x0000000000400000

CodeCache: size=245760Kb used=5614Kb max_used=5614Kb free=240145Kb
 bounds [0x0000000002510000, 0x0000000002a90000, 0x0000000011510000]
 total_blobs=1699 nmethods=1434 adapters=180
 compilation: enabled

Compilation events (10 events):
Event: 1.833 Thread 0x00000000149fe800 1443 %     3       com.android.dx.ssa.SsaConverter::edgeSplitSuccessors @ 45 (98 bytes)
Event: 1.834 Thread 0x00000000149fe800 nmethod 1443% 0x0000000002a88c50 code [0x0000000002a88ee0, 0x0000000002a89dc8]
Event: 1.834 Thread 0x00000000149fe800 1444       3       com.android.dx.ssa.SsaConverter::edgeSplitSuccessors (98 bytes)
Event: 1.835 Thread 0x00000000149fe800 nmethod 1444 0x0000000002a8a790 code [0x0000000002a8aa00, 0x0000000002a8b7c8]
Event: 1.836 Thread 0x00000000149fe800 1445 %     3       com.android.dx.ssa.LocalVariableExtractor::doit @ 18 (59 bytes)
Event: 1.837 Thread 0x00000000149fe800 nmethod 1445% 0x0000000002a8c0d0 code [0x0000000002a8c280, 0x0000000002a8c788]
Event: 1.837 Thread 0x00000000149fe800 1446       3       com.android.dx.ssa.LocalVariableExtractor::doit (59 bytes)
Event: 1.837 Thread 0x00000000149fe800 nmethod 1446 0x0000000002a8c990 code [0x0000000002a8cb40, 0x0000000002a8d008]
Event: 1.837 Thread 0x00000000149fe800 1447       3       com.android.dx.rop.code.RegisterSpecSet::intersect (117 bytes)
Event: 1.838 Thread 0x00000000149fe800 nmethod 1447 0x0000000002a8d210 code [0x0000000002a8d400, 0x0000000002a8ddb8]

GC Heap History (10 events):
Event: 0.971 GC heap before
{Heap before GC invocations=10 (full 0):
 PSYoungGen      total 9216K, used 9216K [0x00000000eab00000, 0x00000000ebb80000, 0x0000000100000000)
  eden space 7168K, 100% used [0x00000000eab00000,0x00000000eb200000,0x00000000eb200000)
  from space 2048K, 100% used [0x00000000eb200000,0x00000000eb400000,0x00000000eb400000)
  to   space 2560K, 0% used [0x00000000eb900000,0x00000000eb900000,0x00000000ebb80000)
 ParOldGen       total 129536K, used 2843K [0x00000000c0000000, 0x00000000c7e80000, 0x00000000eab00000)
  object space 129536K, 2% used [0x00000000c0000000,0x00000000c02c6dc8,0x00000000c7e80000)
 Metaspace       used 5635K, capacity 6704K, committed 6784K, reserved 1056768K
  class space    used 581K, capacity 616K, committed 640K, reserved 1048576K
Event: 0.976 GC heap after
Heap after GC invocations=10 (full 0):
 PSYoungGen      total 13312K, used 2549K [0x00000000eab00000, 0x00000000ebd80000, 0x0000000100000000)
  eden space 10752K, 0% used [0x00000000eab00000,0x00000000eab00000,0x00000000eb580000)
  from space 2560K, 99% used [0x00000000eb900000,0x00000000ebb7d5d8,0x00000000ebb80000)
  to   space 3584K, 0% used [0x00000000eb580000,0x00000000eb580000,0x00000000eb900000)
 ParOldGen       total 129536K, used 3679K [0x00000000c0000000, 0x00000000c7e80000, 0x00000000eab00000)
  object space 129536K, 2% used [0x00000000c0000000,0x00000000c0397dd8,0x00000000c7e80000)
 Metaspace       used 5635K, capacity 6704K, committed 6784K, reserved 1056768K
  class space    used 581K, capacity 616K, committed 640K, reserved 1048576K
}
Event: 1.349 GC heap before
{Heap before GC invocations=11 (full 0):
 PSYoungGen      total 13312K, used 13301K [0x00000000eab00000, 0x00000000ebd80000, 0x0000000100000000)
  eden space 10752K, 100% used [0x00000000eab00000,0x00000000eb580000,0x00000000eb580000)
  from space 2560K, 99% used [0x00000000eb900000,0x00000000ebb7d5d8,0x00000000ebb80000)
  to   space 3584K, 0% used [0x00000000eb580000,0x00000000eb580000,0x00000000eb900000)
 ParOldGen       total 129536K, used 3679K [0x00000000c0000000, 0x00000000c7e80000, 0x00000000eab00000)
  object space 129536K, 2% used [0x00000000c0000000,0x00000000c0397dd8,0x00000000c7e80000)
 Metaspace       used 5700K, capacity 6768K, committed 7040K, reserved 1056768K
  class space    used 585K, capacity 616K, committed 640K, reserved 1048576K
Event: 1.358 GC heap after
Heap after GC invocations=11 (full 0):
 PSYoungGen      total 14336K, used 3574K [0x00000000eab00000, 0x00000000ec600000, 0x0000000100000000)
  eden space 10752K, 0% used [0x00000000eab00000,0x00000000eab00000,0x00000000eb580000)
  from space 3584K, 99% used [0x00000000eb580000,0x00000000eb8fd9e8,0x00000000eb900000)
  to   space 5120K, 0% used [0x00000000ec100000,0x00000000ec100000,0x00000000ec600000)
 ParOldGen       total 129536K, used 6691K [0x00000000c0000000, 0x00000000c7e80000, 0x00000000eab00000)
  object space 129536K, 5% used [0x00000000c0000000,0x00000000c0688e40,0x00000000c7e80000)
 Metaspace       used 5700K, capacity 6768K, committed 7040K, reserved 1056768K
  class space    used 585K, capacity 616K, committed 640K, reserved 1048576K
}
Event: 1.401 GC heap before
{Heap before GC invocations=12 (full 0):
 PSYoungGen      total 14336K, used 14326K [0x00000000eab00000, 0x00000000ec600000, 0x0000000100000000)
  eden space 10752K, 100% used [0x00000000eab00000,0x00000000eb580000,0x00000000eb580000)
  from space 3584K, 99% used [0x00000000eb580000,0x00000000eb8fd9e8,0x00000000eb900000)
  to   space 5120K, 0% used [0x00000000ec100000,0x00000000ec100000,0x00000000ec600000)
 ParOldGen       total 129536K, used 6691K [0x00000000c0000000, 0x00000000c7e80000, 0x00000000eab00000)
  object space 129536K, 5% used [0x00000000c0000000,0x00000000c0688e40,0x00000000c7e80000)
 Metaspace       used 5712K, capacity 6768K, committed 7040K, reserved 1056768K
  class space    used 585K, capacity 616K, committed 640K, reserved 1048576K
Event: 1.411 GC heap after
Heap after GC invocations=12 (full 0):
 PSYoungGen      total 20480K, used 5097K [0x00000000eab00000, 0x00000000eca00000, 0x0000000100000000)
  eden space 15360K, 0% used [0x00000000eab00000,0x00000000eab00000,0x00000000eba00000)
  from space 5120K, 99% used [0x00000000ec100000,0x00000000ec5fa548,0x00000000ec600000)
  to   space 7168K, 0% used [0x00000000eba00000,0x00000000eba00000,0x00000000ec100000)
 ParOldGen       total 129536K, used 10341K [0x00000000c0000000, 0x00000000c7e80000, 0x00000000eab00000)
  object space 129536K, 7% used [0x00000000c0000000,0x00000000c0a197f0,0x00000000c7e80000)
 Metaspace       used 5712K, capacity 6768K, committed 7040K, reserved 1056768K
  class space    used 585K, capacity 616K, committed 640K, reserved 1048576K
}
Event: 1.442 GC heap before
{Heap before GC invocations=13 (full 0):
 PSYoungGen      total 20480K, used 20457K [0x00000000eab00000, 0x00000000eca00000, 0x0000000100000000)
  eden space 15360K, 100% used [0x00000000eab00000,0x00000000eba00000,0x00000000eba00000)
  from space 5120K, 99% used [0x00000000ec100000,0x00000000ec5fa548,0x00000000ec600000)
  to   space 7168K, 0% used [0x00000000eba00000,0x00000000eba00000,0x00000000ec100000)
 ParOldGen       total 129536K, used 10341K [0x00000000c0000000, 0x00000000c7e80000, 0x00000000eab00000)
  object space 129536K, 7% used [0x00000000c0000000,0x00000000c0a197f0,0x00000000c7e80000)
 Metaspace       used 5721K, capacity 6768K, committed 7040K, reserved 1056768K
  class space    used 586K, capacity 616K, committed 640K, reserved 1048576K
Event: 1.452 GC heap after
Heap after GC invocations=13 (full 0):
 PSYoungGen      total 22528K, used 6966K [0x00000000eab00000, 0x00000000ed400000, 0x0000000100000000)
  eden space 15360K, 0% used [0x00000000eab00000,0x00000000eab00000,0x00000000eba00000)
  from space 7168K, 97% used [0x00000000eba00000,0x00000000ec0cdb18,0x00000000ec100000)
  to   space 8704K, 0% used [0x00000000ecb80000,0x00000000ecb80000,0x00000000ed400000)
 ParOldGen       total 129536K, used 15519K [0x00000000c0000000, 0x00000000c7e80000, 0x00000000eab00000)
  object space 129536K, 11% used [0x00000000c0000000,0x00000000c0f27e20,0x00000000c7e80000)
 Metaspace       used 5721K, capacity 6768K, committed 7040K, reserved 1056768K
  class space    used 586K, capacity 616K, committed 640K, reserved 1048576K
}
Event: 1.663 GC heap before
{Heap before GC invocations=14 (full 0):
 PSYoungGen      total 22528K, used 22326K [0x00000000eab00000, 0x00000000ed400000, 0x0000000100000000)
  eden space 15360K, 100% used [0x00000000eab00000,0x00000000eba00000,0x00000000eba00000)
  from space 7168K, 97% used [0x00000000eba00000,0x00000000ec0cdb18,0x00000000ec100000)
  to   space 8704K, 0% used [0x00000000ecb80000,0x00000000ecb80000,0x00000000ed400000)
 ParOldGen       total 129536K, used 15519K [0x00000000c0000000, 0x00000000c7e80000, 0x00000000eab00000)
  object space 129536K, 11% used [0x00000000c0000000,0x00000000c0f27e20,0x00000000c7e80000)
 Metaspace       used 5774K, capacity 6832K, committed 7040K, reserved 1056768K
  class space    used 587K, capacity 616K, committed 640K, reserved 1048576K
Event: 1.684 GC heap after
Heap after GC invocations=14 (full 0):
 PSYoungGen      total 32768K, used 6857K [0x00000000eab00000, 0x00000000ed500000, 0x0000000100000000)
  eden space 24064K, 0% used [0x00000000eab00000,0x00000000eab00000,0x00000000ec280000)
  from space 8704K, 78% used [0x00000000ecb80000,0x00000000ed232428,0x00000000ed400000)
  to   space 9216K, 0% used [0x00000000ec280000,0x00000000ec280000,0x00000000ecb80000)
 ParOldGen       total 129536K, used 22521K [0x00000000c0000000, 0x00000000c7e80000, 0x00000000eab00000)
  object space 129536K, 17% used [0x00000000c0000000,0x00000000c15fe688,0x00000000c7e80000)
 Metaspace       used 5774K, capacity 6832K, committed 7040K, reserved 1056768K
  class space    used 587K, capacity 616K, committed 640K, reserved 1048576K
}

Deoptimization events (10 events):
Event: 1.038 Thread 0x0000000002410800 Uncommon trap: reason=unloaded action=reinterpret pc=0x00000000026cc090 method=com.android.dx.cf.cst.ConstantPoolParser.parse0(ILjava/util/BitSet;)Lcom/android/dx/rop/cst/Constant; @ 176
Event: 1.043 Thread 0x0000000015d32000 Uncommon trap: reason=unreached action=reinterpret pc=0x00000000027cad3c method=com.android.dx.rop.code.RegisterSpec.equals(ILcom/android/dx/rop/type/TypeBearer;Lcom/android/dx/rop/code/LocalItem;)Z @ 24
Event: 1.044 Thread 0x0000000015d32000 Uncommon trap: reason=unloaded action=reinterpret pc=0x0000000002831f80 method=com.android.dx.ssa.SsaRenamer$BlockRenamer.visitMoveInsn(Lcom/android/dx/ssa/NormalSsaInsn;)V @ 208
Event: 1.045 Thread 0x0000000015d32000 Uncommon trap: reason=unreached action=reinterpret pc=0x000000000294063c method=java.util.HashMap.putVal(ILjava/lang/Object;Ljava/lang/Object;ZZ)Ljava/lang/Object; @ 193
Event: 1.048 Thread 0x0000000015d32000 Uncommon trap: reason=unreached action=reinterpret pc=0x000000000284f1f0 method=com.android.dx.rop.code.RegisterSpec.equals(ILcom/android/dx/rop/type/TypeBearer;Lcom/android/dx/rop/code/LocalItem;)Z @ 24
Event: 1.057 Thread 0x0000000015d32000 Uncommon trap: reason=class_check action=maybe_recompile pc=0x00000000028551f0 method=com.android.dx.rop.type.Type.equals(Ljava/lang/Object;)Z @ 8
Event: 1.057 Thread 0x0000000015d32000 Uncommon trap: reason=class_check action=maybe_recompile pc=0x00000000028551f0 method=com.android.dx.rop.type.Type.equals(Ljava/lang/Object;)Z @ 8
Event: 1.059 Thread 0x0000000015d32000 Uncommon trap: reason=class_check action=maybe_recompile pc=0x00000000028551f0 method=com.android.dx.rop.type.Type.equals(Ljava/lang/Object;)Z @ 8
Event: 1.399 Thread 0x0000000002410800 Uncommon trap: reason=class_check action=maybe_recompile pc=0x00000000028551f0 method=com.android.dx.rop.type.Type.equals(Ljava/lang/Object;)Z @ 8
Event: 1.524 Thread 0x0000000002410800 Uncommon trap: reason=null_check action=make_not_entrant pc=0x0000000002a1b1a8 method=com.android.dx.ssa.SsaRenamer.getLocalForNewReg(I)Lcom/android/dx/rop/code/LocalItem; @ 19

Internal exceptions (10 events):
Event: 1.109 Thread 0x0000000002410800 Exception <a 'java/security/PrivilegedActionException'> (0x00000000eb4d9288) thrown at [D:\re\workspace\8-2-build-windows-amd64-cygwin\jdk8u5\2488\hotspot\src\share\vm\prims\jvm.cpp, line 1248]
Event: 1.109 Thread 0x0000000002410800 Exception <a 'java/security/PrivilegedActionException'> (0x00000000eb4dd658) thrown at [D:\re\workspace\8-2-build-windows-amd64-cygwin\jdk8u5\2488\hotspot\src\share\vm\prims\jvm.cpp, line 1248]
Event: 1.110 Thread 0x0000000002410800 Exception <a 'java/security/PrivilegedActionException'> (0x00000000eb4e7800) thrown at [D:\re\workspace\8-2-build-windows-amd64-cygwin\jdk8u5\2488\hotspot\src\share\vm\prims\jvm.cpp, line 1248]
Event: 1.110 Thread 0x0000000002410800 Exception <a 'java/security/PrivilegedActionException'> (0x00000000eb4e9e18) thrown at [D:\re\workspace\8-2-build-windows-amd64-cygwin\jdk8u5\2488\hotspot\src\share\vm\prims\jvm.cpp, line 1248]
Event: 1.112 Thread 0x0000000002410800 Exception <a 'java/security/PrivilegedActionException'> (0x00000000eb5084a0) thrown at [D:\re\workspace\8-2-build-windows-amd64-cygwin\jdk8u5\2488\hotspot\src\share\vm\prims\jvm.cpp, line 1248]
Event: 1.114 Thread 0x0000000015cb0800 Exception <a 'java/security/PrivilegedActionException'> (0x00000000eb5110a0) thrown at [D:\re\workspace\8-2-build-windows-amd64-cygwin\jdk8u5\2488\hotspot\src\share\vm\prims\jvm.cpp, line 1248]
Event: 1.415 Thread 0x0000000015d32000 Exception <a 'java/security/PrivilegedActionException'> (0x00000000eab32f58) thrown at [D:\re\workspace\8-2-build-windows-amd64-cygwin\jdk8u5\2488\hotspot\src\share\vm\prims\jvm.cpp, line 1248]
Event: 1.420 Thread 0x0000000015cb0800 Exception <a 'java/security/PrivilegedActionException'> (0x00000000eac6e6d8) thrown at [D:\re\workspace\8-2-build-windows-amd64-cygwin\jdk8u5\2488\hotspot\src\share\vm\prims\jvm.cpp, line 1248]
Event: 1.524 Thread 0x0000000002410800 Implicit null exception at 0x0000000002a18edd to 0x0000000002a1b185
Event: 1.565 Thread 0x0000000015d32000 Exception <a 'java/security/PrivilegedActionException'> (0x00000000eb4db398) thrown at [D:\re\workspace\8-2-build-windows-amd64-cygwin\jdk8u5\2488\hotspot\src\share\vm\prims\jvm.cpp, line 1248]

Events (10 events):
Event: 1.829 Thread 0x0000000002410800 DEOPT UNPACKING pc=0x0000000002557204 sp=0x00000000022bdd88 mode 0
Event: 1.832 Thread 0x0000000015cb0800 DEOPT PACKING pc=0x00000000029a1ec4 sp=0x00000000163ef060
Event: 1.832 Thread 0x0000000015cb0800 DEOPT UNPACKING pc=0x0000000002557204 sp=0x00000000163eedc8 mode 0
Event: 1.832 Thread 0x0000000015cb0800 DEOPT PACKING pc=0x0000000002945665 sp=0x00000000163eeff0
Event: 1.832 Thread 0x0000000015cb0800 DEOPT UNPACKING pc=0x0000000002557204 sp=0x00000000163eece8 mode 0
Event: 1.835 Thread 0x0000000015cb0800 DEOPT PACKING pc=0x00000000029b6c1c sp=0x00000000163ef040
Event: 1.835 Thread 0x0000000015cb0800 DEOPT UNPACKING pc=0x0000000002557204 sp=0x00000000163eedb0 mode 0
Event: 1.837 Thread 0x0000000015cb0800 DEOPT PACKING pc=0x00000000029a48fb sp=0x00000000163ef090
Event: 1.837 Thread 0x0000000015cb0800 DEOPT UNPACKING pc=0x0000000002557204 sp=0x00000000163eedd8 mode 0
Event: 1.845 Executing VM operation: ParallelGCFailedAllocation


Dynamic libraries:
0x00007ff6d0080000 - 0x00007ff6d00b4000 	D:\ProgramFiles\Java\jdk1.8.0_05\bin\java.exe
0x00007ffacf870000 - 0x00007ffacfa31000 	C:\WINDOWS\SYSTEM32\ntdll.dll
0x00007ffacdbf0000 - 0x00007ffacdc9d000 	C:\WINDOWS\system32\KERNEL32.DLL
0x00007ffacc9d0000 - 0x00007ffaccbb8000 	C:\WINDOWS\system32\KERNELBASE.dll
0x00007ffacd650000 - 0x00007ffacd6f7000 	C:\WINDOWS\system32\ADVAPI32.dll
0x00007ffacf270000 - 0x00007ffacf30d000 	C:\WINDOWS\system32\msvcrt.dll
0x00007ffaccc70000 - 0x00007ffaccccb000 	C:\WINDOWS\system32\sechost.dll
0x00007ffacdad0000 - 0x00007ffacdbec000 	C:\WINDOWS\system32\RPCRT4.dll
0x00007ffaccf50000 - 0x00007ffacd0a6000 	C:\WINDOWS\system32\USER32.dll
0x00007ffaccdc0000 - 0x00007ffaccf46000 	C:\WINDOWS\system32\GDI32.dll
0x00007ffac0380000 - 0x00007ffac05f4000 	C:\WINDOWS\WinSxS\amd64_microsoft.windows.common-controls_6595b64144ccf1df_6.0.10586.0_none_8c15ae12515e1c22\COMCTL32.dll
0x00007ffacf430000 - 0x00007ffacf6ad000 	C:\WINDOWS\system32\combase.dll
0x00007ffacbf80000 - 0x00007ffacbfea000 	C:\WINDOWS\system32\bcryptPrimitives.dll
0x00007ffacf320000 - 0x00007ffacf35b000 	C:\WINDOWS\system32\IMM32.DLL
0x0000000063150000 - 0x0000000063222000 	D:\ProgramFiles\Java\jdk1.8.0_05\jre\bin\msvcr100.dll
0x00000000636c0000 - 0x0000000063eea000 	D:\ProgramFiles\Java\jdk1.8.0_05\jre\bin\server\jvm.dll
0x00007ffacd4e0000 - 0x00007ffacd4e8000 	C:\WINDOWS\system32\PSAPI.DLL
0x00007ffac19e0000 - 0x00007ffac19e9000 	C:\WINDOWS\SYSTEM32\WSOCK32.dll
0x00007ffacdca0000 - 0x00007ffacdd0b000 	C:\WINDOWS\system32\WS2_32.dll
0x00007ffaca120000 - 0x00007ffaca143000 	C:\WINDOWS\SYSTEM32\WINMM.dll
0x00007ffaca0c0000 - 0x00007ffaca0ec000 	C:\WINDOWS\SYSTEM32\WINMMBASE.dll
0x00007ffacc980000 - 0x00007ffacc9c3000 	C:\WINDOWS\system32\cfgmgr32.dll
0x00000000635d0000 - 0x00000000635df000 	D:\ProgramFiles\Java\jdk1.8.0_05\jre\bin\verify.dll
0x00000000635a0000 - 0x00000000635c8000 	D:\ProgramFiles\Java\jdk1.8.0_05\jre\bin\java.dll
0x0000000063580000 - 0x0000000063596000 	D:\ProgramFiles\Java\jdk1.8.0_05\jre\bin\zip.dll
0x00007ffacdd10000 - 0x00007ffacf26c000 	C:\WINDOWS\system32\SHELL32.dll
0x00007ffacc310000 - 0x00007ffacc955000 	C:\WINDOWS\system32\windows.storage.dll
0x00007ffacf3d0000 - 0x00007ffacf422000 	C:\WINDOWS\system32\shlwapi.dll
0x00007ffacbe90000 - 0x00007ffacbe9f000 	C:\WINDOWS\system32\kernel.appcore.dll
0x00007ffacbff0000 - 0x00007ffacc0a5000 	C:\WINDOWS\system32\shcore.dll
0x00007ffacbeb0000 - 0x00007ffacbefb000 	C:\WINDOWS\system32\powrprof.dll
0x00007ffacbf00000 - 0x00007ffacbf14000 	C:\WINDOWS\system32\profapi.dll

VM Arguments:
jvm_args: -Djava.awt.headless=true -Xmx1024M -Dfile.encoding=GBK -Duser.country=CN -Duser.language=zh -Duser.variant 
java_command: com.android.dx.command.Main --dex --force-jumbo --num-threads=4 --output D:\java\StudioProjects\HolleKeiTi\app\build\intermediates\pre-dexed\debug\main_acc4c65a2f9da52a3d245f0ef59a7e220d07fc60.jar D:\java\StudioProjects\HolleKeiTi\app\build\intermediates\transforms\instantRun\debug\folders\1\5\main
java_class_path (initial): D:\ProgramFiles\Android\jdk\build-tools\23.0.3\lib\dx.jar
Launcher Type: SUN_STANDARD

Environment Variables:
JAVA_HOME=D:\ProgramFiles\Java\jdk1.8.0_05
PATH=C:\WINDOWS\system32;C:\WINDOWS;C:\WINDOWS\System32\Wbem;C:\WINDOWS\System32\WindowsPowerShell\v1.0\;D:\ProgramFiles\TortoiseSVN\bin;D:\ProgramFiles\Java\jdk1.8.0_05\bin
USERNAME=Administrator
OS=Windows_NT
PROCESSOR_IDENTIFIER=Intel64 Family 6 Model 60 Stepping 3, GenuineIntel



---------------  S Y S T E M  ---------------

OS: Windows 8.1 , 64 bit Build 9600 

CPU:total 2 (2 cores per cpu, 1 threads per core) family 6 model 60 stepping 3, cmov, cx8, fxsr, mmx, sse, sse2, sse3, ssse3, sse4.1, sse4.2, popcnt, clmul, erms, tsc, tscinvbit

Memory: 4k page, physical 8286416k(1680128k free), swap 8286416k(4140k free)

vm_info: Java HotSpot(TM) 64-Bit Server VM (25.5-b02) for windows-amd64 JRE (1.8.0_05-b13), built on Mar 18 2014 01:08:39 by "java_re" with MS VC++ 10.0 (VS2010)

time: Wed May 11 19:01:32 2016
elapsed time: 1 seconds

