JvmtiExport can_access_local_variables 0
JvmtiExport can_hotswap_or_post_breakpoint 0
JvmtiExport can_post_on_exceptions 0
# 314 ciObject found
ciMethod java/lang/Object <init> ()V 4097 1 1817899 0 0
ciMethod java/lang/System arraycopy (Ljava/lang/Object;ILjava/lang/Object;II)V 7169 1 896 0 -1
ciMethod java/util/ArrayList <init> ()V 121 1 185336 0 -1
ciMethod java/util/ArrayList add (Ljava/lang/Object;)Z 641 1 500918 0 -1
ciMethodData java/lang/Object <init> ()V 2 1817913 orig 144 152 11 198 99 0 0 0 0 136 4 24 20 0 0 0 0 168 0 0 0 0 0 0 0 0 0 0 0 0 0 0 0 0 0 0 0 0 0 0 0 0 0 0 0 0 0 0 0 0 0 0 0 0 0 0 0 0 0 0 0 0 0 0 0 1 0 0 0 0 0 0 0 1 0 0 0 0 0 0 0 1 0 0 0 0 0 0 0 0 0 0 0 0 0 0 0 0 2 0 0 201 217 221 0 1 0 0 0 0 0 0 0 0 0 0 0 0 0 3 0 3 0 0 0 0 0 0 0 255 255 255 255 0 0 0 0 0 0 0 0 0 0 0 0 data 0 oops 0
ciMethod com/android/dx/rop/cst/ConstantPool get (I)Lcom/android/dx/rop/cst/Constant; 0 0 1 0 -1
ciMethod com/android/dx/util/ByteArray getByte (I)I 3433 1 679 0 -1
ciMethod com/android/dx/util/ByteArray getShort (I)I 24897 1 3881 0 0
ciMethod com/android/dx/util/ByteArray getInt (I)I 1409 1 11533 0 0
ciMethod com/android/dx/util/ByteArray getUnsignedByte (I)I 2049 1 103554 0 160
ciMethod com/android/dx/util/ByteArray getUnsignedShort (I)I 2049 1 104254 0 224
ciMethod com/android/dx/util/ByteArray checkOffsets (II)V 2049 1 5415 0 96
ciMethod com/android/dx/util/ByteArray getByte0 (I)I 2049 1 14259 0 0
ciMethod com/android/dx/util/ByteArray getUnsignedByte0 (I)I 2049 1 355368 0 96
ciMethod com/android/dx/cf/code/BytecodeArray$Visitor visitInvalid (III)V 0 0 1 0 -1
ciMethod com/android/dx/cf/code/BytecodeArray$Visitor visitNoArgs (IIILcom/android/dx/rop/type/Type;)V 0 0 1 0 -1
ciMethod com/android/dx/cf/code/BytecodeArray$Visitor visitLocal (IIIILcom/android/dx/rop/type/Type;I)V 0 0 1 0 -1
ciMethod com/android/dx/cf/code/BytecodeArray$Visitor visitConstant (IIILcom/android/dx/rop/cst/Constant;I)V 0 0 1 0 -1
ciMethod com/android/dx/cf/code/BytecodeArray$Visitor visitBranch (IIII)V 0 0 1 0 -1
ciMethod com/android/dx/cf/code/BytecodeArray$Visitor visitSwitch (IIILcom/android/dx/cf/code/SwitchList;I)V 0 0 1 0 -1
ciMethod com/android/dx/cf/code/BytecodeArray$Visitor visitNewarray (IILcom/android/dx/rop/cst/CstType;Ljava/util/ArrayList;)V 0 0 1 0 -1
ciMethod com/android/dx/cf/code/BytecodeArray$Visitor getPreviousOffset ()I 0 0 1 0 -1
ciMethod com/android/dx/rop/cst/CstInteger make (I)Lcom/android/dx/rop/cst/CstInteger; 113 1 5527 0 -1
ciMethod com/android/dx/rop/cst/CstInteger <init> (I)V 257 1 181 0 -1
ciMethod com/android/dx/rop/cst/CstInteger getValue ()I 4097 1 15107 0 -1
ciMethod com/android/dx/rop/cst/CstLiteral32 getIntBits ()I 1161 1 145 0 -1
ciMethod com/android/dx/rop/cst/CstFieldRef getType ()Lcom/android/dx/rop/type/Type; 1417 1 7171 0 -1
ciMethod com/android/dx/rop/cst/CstBaseMethodRef getPrototype (Z)Lcom/android/dx/rop/type/Prototype; 2329 1 7901 0 -1
ciMethod com/android/dx/rop/cst/CstInterfaceMethodRef toMethodRef ()Lcom/android/dx/rop/cst/CstMethodRef; 193 1 917 0 -1
ciMethod com/android/dx/rop/cst/StdConstantPool get (I)Lcom/android/dx/rop/cst/Constant; 2097 1 40770 0 128
ciMethod com/android/dx/rop/cst/StdConstantPool throwInvalid (I)Lcom/android/dx/rop/cst/Constant; 0 0 1 0 -1
ciMethod com/android/dx/util/MutabilityControl <init> (Z)V 2049 1 70480 0 0
ciMethod com/android/dx/util/MutabilityControl setImmutable ()V 2049 1 317372 0 0
ciMethod com/android/dx/util/MutabilityControl throwIfImmutable ()V 2049 1 526037 0 64
ciMethodData com/android/dx/util/ByteArray getUnsignedByte0 (I)I 2 355368 orig 144 152 11 198 99 0 0 0 0 152 148 91 20 0 0 0 0 176 0 0 0 0 0 0 0 0 0 0 0 0 0 0 0 0 0 0 0 0 0 0 0 0 0 0 0 0 0 0 0 0 0 0 0 0 0 0 0 0 0 0 0 0 0 0 0 1 0 0 0 0 0 0 0 0 0 0 0 0 0 0 0 1 0 0 0 0 0 0 0 0 0 0 0 0 0 0 0 0 1 0 0 65 89 43 0 1 0 0 0 0 0 0 0 0 0 0 0 0 0 3 0 4 0 0 0 0 0 0 0 255 255 255 255 0 0 0 0 0 0 0 0 0 0 0 0 data 0 oops 0
ciMethodData com/android/dx/util/ByteArray checkOffsets (II)V 2 5415 orig 144 152 11 198 99 0 0 0 0 16 147 91 20 0 0 0 0 136 2 0 0 64 0 0 0 0 0 0 0 0 0 0 0 0 0 0 0 0 0 0 0 0 0 0 0 0 0 0 0 0 0 0 0 0 0 0 0 0 0 0 0 0 0 0 0 25 0 0 0 0 0 0 0 0 0 0 0 0 0 0 0 1 0 0 0 0 0 0 0 0 0 0 0 0 0 0 0 0 1 0 0 57 161 0 0 1 0 0 0 0 0 0 0 0 0 0 0 0 0 10 0 4 0 1 0 208 1 0 0 255 255 255 255 0 0 0 0 7 0 1 0 0 0 0 0 data 58 0x10007 0x0 0x60 0x1427 0x60007 0x0 0x40 0x1427 0xe0007 0x1427 0x190 0x0 0x190002 0x0 0x1e0005 0x0 0x0 0x0 0x0 0x0 0x220005 0x0 0x0 0x0 0x0 0x0 0x270005 0x0 0x0 0x0 0x0 0x0 0x2b0005 0x0 0x0 0x0 0x0 0x0 0x300005 0x0 0x0 0x0 0x0 0x0 0x370005 0x0 0x0 0x0 0x0 0x0 0x3a0005 0x0 0x0 0x0 0x0 0x0 0x3d0002 0x0 oops 0
ciMethod com/android/dx/rop/type/Type getBasicFrameType ()I 2105 1 1318 0 -1
ciMethod com/android/dx/rop/type/Type isCategory1 ()Z 81 1 188 0 -1
ciMethod com/android/dx/rop/type/Type isCategory2 ()Z 4097 1 2157 0 -1
ciMethod com/android/dx/rop/type/Type isArrayOrKnownNull ()Z 0 0 10 0 -1
ciMethod com/android/dx/rop/type/Type getComponentType ()Lcom/android/dx/rop/type/Type; 1937 1 423 0 -1
ciMethod com/android/dx/rop/type/Prototype internInts (Lcom/android/dx/rop/type/Type;I)Lcom/android/dx/rop/type/Prototype; 0 0 1 0 -1
ciMethod com/android/dx/util/FixedSizeList <init> (I)V 2049 1 8569 0 256
ciMethod com/android/dx/util/FixedSizeList size ()I 2049 1 791937 0 0
ciMethod com/android/dx/util/FixedSizeList get0 (I)Ljava/lang/Object; 2129 1 5529 0 128
ciMethod com/android/dx/util/FixedSizeList set0 (ILjava/lang/Object;)V 2185 1 297313 0 192
ciMethod com/android/dx/util/FixedSizeList throwIndex (I)Ljava/lang/Object; 0 0 1 0 -1
ciMethodData com/android/dx/util/ByteArray getUnsignedByte (I)I 2 103554 orig 144 152 11 198 99 0 0 0 0 80 144 91 20 0 0 0 0 208 0 0 0 0 0 0 0 0 0 0 0 0 0 0 0 0 0 0 0 0 0 0 0 0 0 0 0 0 0 0 0 0 0 0 0 0 0 0 0 0 0 0 0 0 0 0 0 17 0 0 0 0 0 0 0 0 0 0 0 0 0 0 0 1 0 0 0 0 0 0 0 0 0 0 0 0 0 0 0 0 1 0 0 17 156 12 0 1 0 0 0 0 0 0 0 0 0 0 0 0 0 3 0 4 0 1 0 32 0 0 0 255 255 255 255 0 0 0 0 2 0 5 0 0 0 0 0 data 4 0x50002 0x19382 0xa0002 0x19381 oops 0
ciMethodData com/android/dx/util/ByteArray getUnsignedShort (I)I 2 104254 orig 144 152 11 198 99 0 0 0 0 24 145 91 20 0 0 0 0 224 0 0 0 0 0 0 0 0 0 0 0 0 0 0 0 0 0 0 0 0 0 0 0 0 0 0 0 0 0 0 0 0 0 0 0 0 0 0 0 0 0 0 0 0 0 0 0 17 0 0 0 0 0 0 0 0 0 0 0 0 0 0 0 1 0 0 0 0 0 0 0 0 0 0 0 0 0 0 0 0 1 0 0 241 177 12 0 1 0 0 0 0 0 0 0 0 0 0 0 0 0 3 0 4 0 1 0 48 0 0 0 255 255 255 255 0 0 0 0 2 0 5 0 0 0 0 0 data 6 0x50002 0x1963e 0xa0002 0x1963e 0x140002 0x1963e oops 0
ciMethodData com/android/dx/util/MutabilityControl throwIfImmutable ()V 2 526037 orig 144 152 11 198 99 0 0 0 0 240 117 92 20 0 0 0 0 216 0 0 0 0 0 0 0 0 0 0 0 0 0 0 0 0 0 0 0 0 0 0 0 0 0 0 0 0 0 0 0 0 0 0 0 0 0 0 0 0 0 0 0 0 0 0 0 25 0 0 0 0 0 0 0 0 0 0 0 0 0 0 0 1 0 0 0 0 0 0 0 0 0 0 0 0 0 0 0 0 1 0 0 169 46 64 0 1 0 0 0 0 0 0 0 0 0 0 0 0 0 5 0 4 0 1 0 48 0 0 0 255 255 255 255 0 0 0 0 7 0 4 0 0 0 0 0 data 6 0x40007 0x805da 0x30 0x0 0xd0002 0x0 oops 0
ciMethod com/android/dx/cf/code/BytecodeArray parseInstruction (ILcom/android/dx/cf/code/BytecodeArray$Visitor;)I 4097 1 47260 0 -1
ciMethod com/android/dx/cf/code/BytecodeArray parseTableswitch (ILcom/android/dx/cf/code/BytecodeArray$Visitor;)I 1 1 20 0 -1
ciMethod com/android/dx/cf/code/BytecodeArray parseLookupswitch (ILcom/android/dx/cf/code/BytecodeArray$Visitor;)I 1 1 38 0 -1
ciMethod com/android/dx/cf/code/BytecodeArray parseNewarray (ILcom/android/dx/cf/code/BytecodeArray$Visitor;)I 17 17 66 0 0
ciMethod com/android/dx/cf/code/BytecodeArray parseWide (ILcom/android/dx/cf/code/BytecodeArray$Visitor;)I 0 0 1 0 0
ciMethod com/android/dx/cf/code/ByteCatchList <init> (I)V 297 1 551 0 0
ciMethod com/android/dx/cf/code/ByteCatchList get (I)Lcom/android/dx/cf/code/ByteCatchList$Item; 1337 1 5604 0 0
ciMethod com/android/dx/cf/code/ByteCatchList set (ILcom/android/dx/cf/code/ByteCatchList$Item;)V 281 1 719 0 0
ciMethod com/android/dx/cf/code/ByteCatchList listFor (I)Lcom/android/dx/cf/code/ByteCatchList; 4097 761 12551 0 0
ciMethod com/android/dx/cf/code/ByteCatchList typeNotFound (Lcom/android/dx/cf/code/ByteCatchList$Item;[Lcom/android/dx/cf/code/ByteCatchList$Item;I)Z 4345 2145 719 0 0
ciMethod com/android/dx/cf/code/ByteCatchList toTargetList (I)Lcom/android/dx/util/IntList; 4097 265 12551 0 0
ciMethod com/android/dx/cf/code/LocalVariableList pcAndIndexToLocal (II)Lcom/android/dx/cf/code/LocalVariableList$Item; 4097 4665 18523 0 -1
ciMethod com/android/dx/cf/code/LocalVariableList$Item getLocalItem ()Lcom/android/dx/rop/code/LocalItem; 2065 1 5890 0 -1
ciMethod com/android/dx/cf/code/LocalVariableList$Item getType ()Lcom/android/dx/rop/type/Type; 3953 1 13873 0 -1
ciMethod com/android/dx/cf/attrib/AttCode getCatches ()Lcom/android/dx/cf/code/ByteCatchList; 1033 1 129 0 0
ciMethodData com/android/dx/util/FixedSizeList set0 (ILjava/lang/Object;)V 2 297313 orig 144 152 11 198 99 0 0 0 0 0 49 93 20 0 0 0 0 64 1 0 0 0 0 0 0 0 0 0 0 0 0 0 0 0 0 0 0 0 0 0 0 0 0 0 0 0 0 0 0 0 0 0 0 0 0 0 0 0 0 0 0 0 0 0 0 17 0 0 0 0 0 0 0 0 0 0 0 0 0 0 0 0 0 0 0 0 0 0 0 0 0 0 0 0 0 0 0 15 1 0 0 129 66 36 0 1 0 0 0 0 0 0 0 0 0 0 0 0 0 11 0 4 0 1 0 136 0 0 0 255 255 255 255 0 0 0 0 5 0 1 0 0 0 0 0 data 17 0x10005 0x452f2 0x174f05c0 0x1530 0x174f0670 0x202e 0xa0104 0x0 0x174f0720 0x8f6 0x174f07d0 0xc 0xb0003 0x48851 0x28 0x110002 0x0 oops 4 2 com/android/dx/cf/code/LocalVariableList 4 com/android/dx/cf/iface/StdAttributeList 8 com/android/dx/cf/iface/StdMethod 10 com/android/dx/cf/attrib/AttDeprecated
ciMethodData com/android/dx/rop/cst/StdConstantPool get (I)Lcom/android/dx/rop/cst/Constant; 2 40770 orig 144 152 11 198 99 0 0 0 0 232 108 92 20 0 0 0 0 240 0 0 0 32 0 0 0 0 0 0 0 0 0 0 0 0 0 0 0 0 0 0 0 0 0 0 0 0 0 0 0 0 0 0 0 0 0 0 0 0 0 0 0 0 0 0 0 17 0 0 0 0 0 0 0 0 0 0 0 0 0 0 0 1 0 0 0 0 0 0 0 0 0 0 0 0 0 0 0 6 1 0 0 225 241 4 0 1 0 0 0 0 0 0 0 0 0 0 0 0 0 7 0 4 0 1 0 64 0 0 0 255 255 255 255 0 0 0 0 7 0 8 0 0 0 0 0 data 8 0x80007 0x9e3c 0x30 0x0 0xc0002 0x0 0x140002 0x0 oops 0
ciMethodData com/android/dx/util/MutabilityControl <init> (Z)V 2 70480 orig 144 152 11 198 99 0 0 0 0 56 115 92 20 0 0 0 0 192 0 0 0 0 0 0 0 0 0 0 0 0 0 0 0 0 0 0 0 0 0 0 0 0 0 0 0 0 0 0 0 0 0 0 0 0 0 0 0 0 0 0 0 0 0 0 0 0 0 0 0 0 0 0 0 0 0 0 0 0 0 0 0 0 0 0 0 0 0 0 0 0 0 0 0 0 0 0 0 0 1 0 0 129 146 8 0 1 0 0 0 0 0 0 0 0 0 0 0 0 0 3 0 3 0 1 0 16 0 0 0 255 255 255 255 0 0 0 0 2 0 1 0 0 0 0 0 data 2 0x10002 0x11250 oops 0
ciMethodData com/android/dx/util/FixedSizeList <init> (I)V 2 8569 orig 144 152 11 198 99 0 0 0 0 0 39 93 20 0 0 0 0 32 1 0 0 56 0 0 0 0 0 0 0 0 0 0 0 0 0 0 0 0 0 0 0 0 0 0 0 0 0 0 0 0 0 0 0 0 0 0 0 0 0 0 0 0 0 0 0 0 0 0 0 0 0 0 0 0 0 0 0 0 0 0 0 0 0 0 0 0 0 0 0 0 0 0 0 0 0 0 0 0 1 0 0 201 3 1 0 1 0 0 0 0 0 0 0 0 0 0 0 0 0 10 0 4 0 1 0 112 0 0 0 255 255 255 255 0 0 0 0 7 0 2 0 0 0 0 0 data 14 0x20007 0xb00 0x38 0x157b 0x60003 0x157b 0x18 0xa0002 0x207a 0x150003 0x207b 0x28 0x1f0002 0x0 oops 0
ciMethodData com/android/dx/util/FixedSizeList size ()I 2 791977 orig 144 152 11 198 99 0 0 0 0 176 44 93 20 0 0 0 0 168 0 0 0 0 0 0 0 0 0 0 0 0 0 0 0 0 0 0 0 0 0 0 0 0 0 0 0 0 0 0 0 0 0 0 0 0 0 0 0 0 0 0 0 0 0 0 0 1 0 0 0 0 0 0 0 0 0 0 0 0 0 0 0 1 0 0 0 0 0 0 0 0 0 0 0 0 0 0 0 0 1 0 0 73 165 96 0 1 0 0 0 0 0 0 0 0 0 0 0 0 0 3 0 3 0 0 0 0 0 0 0 255 255 255 255 0 0 0 0 0 0 0 0 0 0 0 0 data 0 oops 0
ciMethodData com/android/dx/util/MutabilityControl setImmutable ()V 2 317497 orig 144 152 11 198 99 0 0 0 0 224 115 92 20 0 0 0 0 168 0 0 0 0 0 0 0 0 0 0 0 0 0 0 0 0 0 0 0 0 0 0 0 0 0 0 0 0 0 0 0 0 0 0 0 0 0 0 0 0 0 0 0 0 0 0 0 0 0 0 0 0 0 0 0 0 0 0 0 0 0 0 0 0 0 0 0 0 0 0 0 0 0 0 0 0 0 0 0 0 1 0 0 201 185 38 0 1 0 0 0 0 0 0 0 0 0 0 0 0 0 3 0 3 0 0 0 0 0 0 0 255 255 255 255 0 0 0 0 0 0 0 0 0 0 0 0 data 0 oops 0
ciMethodData com/android/dx/util/ByteArray getInt (I)I 2 11831 orig 144 152 11 198 99 0 0 0 0 104 142 91 20 0 0 0 0 0 1 0 0 0 0 0 0 0 0 0 0 0 0 0 0 0 0 0 0 0 0 0 0 0 0 0 0 0 0 0 0 0 0 0 0 0 0 0 0 0 0 0 0 0 0 0 0 17 0 0 0 0 0 0 0 0 0 0 0 0 0 0 0 1 0 0 0 0 0 0 0 0 0 0 0 0 0 0 0 176 0 0 0 57 108 1 0 1 0 0 0 0 0 0 0 0 0 0 0 0 0 3 0 3 0 1 0 80 0 0 0 255 255 255 255 0 0 0 0 2 0 5 0 0 0 0 0 data 10 0x50002 0x2d87 0xa0002 0x2d87 0x140002 0x2d87 0x1f0002 0x2d87 0x2a0002 0x2d87 oops 0
ciMethodData com/android/dx/rop/cst/CstInteger make (I)Lcom/android/dx/rop/cst/CstInteger; 2 5651 orig 144 152 11 198 99 0 0 0 0 80 243 91 20 0 0 0 0 88 1 0 0 80 0 0 0 0 0 0 0 0 0 0 0 0 0 0 0 0 0 0 0 0 0 0 0 0 0 0 0 0 0 0 0 0 0 0 0 0 0 0 0 0 0 0 0 25 0 0 0 0 0 0 0 0 0 0 0 0 0 0 0 0 0 0 0 0 0 0 0 0 0 0 0 0 0 0 0 14 0 0 0 41 176 0 0 1 0 0 0 0 0 0 0 0 0 0 0 0 0 8 0 3 0 1 0 176 0 0 0 255 255 255 255 0 0 0 0 7 0 17 0 0 0 0 0 data 22 0x110007 0x50 0x70 0x15b5 0x150005 0xee 0x17107de0 0x14c7 0x0 0x0 0x190007 0x62 0x20 0x1553 0x230002 0xb2 0x2c0004 0x0 0x17107de0 0xb2 0x0 0x0 oops 2 6 com/android/dx/rop/cst/CstInteger 18 com/android/dx/rop/cst/CstInteger
ciMethodData com/android/dx/util/ByteArray getByte0 (I)I 2 14259 orig 144 152 11 198 99 0 0 0 0 224 147 91 20 0 0 0 0 176 0 0 0 0 0 0 0 0 0 0 0 0 0 0 0 0 0 0 0 0 0 0 0 0 0 0 0 0 0 0 0 0 0 0 0 0 0 0 0 0 0 0 0 0 0 0 0 1 0 0 0 0 0 0 0 0 0 0 0 0 0 0 0 1 0 0 0 0 0 0 0 0 0 0 0 0 0 0 0 0 1 0 0 153 181 1 0 1 0 0 0 0 0 0 0 0 0 0 0 0 0 3 0 3 0 0 0 0 0 0 0 255 255 255 255 0 0 0 0 0 0 0 0 0 0 0 0 data 0 oops 0
ciMethod com/android/dx/cf/code/ConcreteMethod getCatches ()Lcom/android/dx/cf/code/ByteCatchList; 4097 1 24454 0 0
ciMethod com/android/dx/cf/code/Machine clearArgs ()V 0 0 1 0 -1
ciMethod com/android/dx/cf/code/Machine popArgs (Lcom/android/dx/cf/code/Frame;I)V 0 0 1 0 -1
ciMethod com/android/dx/cf/code/Machine popArgs (Lcom/android/dx/cf/code/Frame;Lcom/android/dx/rop/type/Prototype;)V 0 0 1 0 -1
ciMethod com/android/dx/cf/code/Machine popArgs (Lcom/android/dx/cf/code/Frame;Lcom/android/dx/rop/type/Type;)V 0 0 1 0 -1
ciMethod com/android/dx/cf/code/Machine popArgs (Lcom/android/dx/cf/code/Frame;Lcom/android/dx/rop/type/Type;Lcom/android/dx/rop/type/Type;)V 0 0 1 0 -1
ciMethod com/android/dx/cf/code/Machine popArgs (Lcom/android/dx/cf/code/Frame;Lcom/android/dx/rop/type/Type;Lcom/android/dx/rop/type/Type;Lcom/android/dx/rop/type/Type;)V 0 0 1 0 -1
ciMethod com/android/dx/cf/code/Machine localArg (Lcom/android/dx/cf/code/Frame;I)V 0 0 1 0 -1
ciMethod com/android/dx/cf/code/Machine localInfo (Z)V 0 0 1 0 -1
ciMethod com/android/dx/cf/code/Machine auxType (Lcom/android/dx/rop/type/Type;)V 0 0 1 0 -1
ciMethod com/android/dx/cf/code/Machine auxIntArg (I)V 0 0 1 0 -1
ciMethod com/android/dx/cf/code/Machine auxCstArg (Lcom/android/dx/rop/cst/Constant;)V 0 0 1 0 -1
ciMethod com/android/dx/cf/code/Machine auxTargetArg (I)V 0 0 1 0 -1
ciMethod com/android/dx/cf/code/Machine localTarget (ILcom/android/dx/rop/type/Type;Lcom/android/dx/rop/code/LocalItem;)V 0 0 1 0 -1
ciMethod com/android/dx/cf/code/Machine run (Lcom/android/dx/cf/code/Frame;II)V 0 0 1 0 -1
ciMethod com/android/dx/cf/code/BasicBlocker visitNoArgs (IIILcom/android/dx/rop/type/Type;)V 2049 1 3061 0 0
ciMethod com/android/dx/cf/code/BasicBlocker visitLocal (IIIILcom/android/dx/rop/type/Type;I)V 4097 1 14111 0 -1
ciMethod com/android/dx/cf/code/BasicBlocker visitConstant (IIILcom/android/dx/rop/cst/Constant;I)V 4097 1 14894 0 0
ciMethod com/android/dx/cf/code/BasicBlocker visitBranch (IIII)V 2049 1 1926 0 0
ciMethod com/android/dx/cf/code/BasicBlocker addWorkIfNecessary (IZ)V 5121 1 40945 0 256
ciMethod com/android/dx/cf/code/BasicBlocker visitCommon (IIZ)V 4097 1 34018 0 0
ciMethod com/android/dx/cf/code/BasicBlocker visitThrowing (IIZ)V 3313 1 12541 0 0
ciMethod com/android/dx/util/Bits get ([II)Z 2049 1 142871 0 0
ciMethod com/android/dx/util/Bits set ([II)V 3945 1 167626 0 128
ciMethod com/android/dx/util/IntList makeImmutable (I)Lcom/android/dx/util/IntList; 4097 1 26509 0 0
ciMethod com/android/dx/util/IntList makeImmutable (II)Lcom/android/dx/util/IntList; 1457 1 1463 0 0
ciMethod com/android/dx/util/IntList <init> (I)V 2049 1 8631 0 256
ciMethod com/android/dx/util/IntList add (I)V 2129 1 8322 0 768
ciMethod com/android/dx/util/IntList growIfNeeded ()V 2121 1 7893 0 576
ciMethod com/android/dx/cf/code/ByteOps opInfo (I)I 4097 1 27136 0 0
ciMethod com/android/dx/cf/code/ByteCatchList$Item getHandlerPc ()I 609 1 76 0 0
ciMethod com/android/dx/cf/code/ByteCatchList$Item getExceptionClass ()Lcom/android/dx/rop/cst/CstType; 2561 1 1760 0 0
ciMethod com/android/dx/cf/code/ByteCatchList$Item covers (I)Z 497 1 3531 0 0
ciMethod com/android/dx/cf/code/BaseMachine throwLocalMismatch (Lcom/android/dx/rop/type/TypeBearer;Lcom/android/dx/rop/type/TypeBearer;)V 0 0 1 0 -1
ciMethod com/android/dx/cf/code/Simulator access$100 ()Lcom/android/dx/cf/code/SimException; 0 0 1 0 -1
ciMethod com/android/dx/cf/code/Simulator access$200 (Lcom/android/dx/rop/type/Type;Lcom/android/dx/rop/type/Type;)Lcom/android/dx/rop/type/Type; 89 1 174 0 -1
ciMethod com/android/dx/cf/code/Simulator access$300 (Lcom/android/dx/cf/code/Simulator;)Lcom/android/dx/cf/code/LocalVariableList; 1545 1 193 0 -1
ciMethod com/android/dx/cf/code/Simulator$SimVisitor visitInvalid (III)V 0 0 1 0 -1
ciMethod com/android/dx/cf/code/Simulator$SimVisitor visitNoArgs (IIILcom/android/dx/rop/type/Type;)V 2049 1 4280 0 0
ciMethod com/android/dx/cf/code/Simulator$SimVisitor checkReturnType (Lcom/android/dx/rop/type/Type;)V 1377 1 2482 0 -1
ciMethod com/android/dx/cf/code/Simulator$SimVisitor visitLocal (IIIILcom/android/dx/rop/type/Type;I)V 4097 1 14166 0 -1
ciMethod com/android/dx/cf/code/Simulator$SimVisitor visitConstant (IIILcom/android/dx/rop/cst/Constant;I)V 4097 1 15087 0 -1
ciMethod com/android/dx/cf/code/Simulator$SimVisitor visitBranch (IIII)V 2049 1 3026 0 -1
ciMethod com/android/dx/cf/code/Frame getStack ()Lcom/android/dx/cf/code/ExecutionStack; 1145 1 143 0 -1
ciMethod com/android/dx/cf/code/ExecutionStack peekLocal (I)Z 81 1 152 0 -1
ciMethod com/android/dx/cf/code/ExecutionStack peekType (I)Lcom/android/dx/rop/type/Type; 737 1 1755 0 -1
ciMethodData com/android/dx/util/FixedSizeList get0 (I)Ljava/lang/Object; 2 5529 orig 144 152 11 198 99 0 0 0 0 72 47 93 20 0 0 0 0 144 1 0 0 192 0 0 0 0 0 0 0 0 0 0 0 0 0 0 0 0 0 0 0 0 0 0 0 0 0 0 0 0 0 0 0 0 0 0 0 0 0 0 0 0 0 0 0 25 0 0 0 0 0 0 0 0 0 0 0 0 0 0 0 1 0 0 0 0 0 0 0 0 0 0 0 0 0 0 0 8 1 0 0 121 164 0 0 1 0 0 0 0 0 0 0 0 0 0 0 0 0 9 0 4 0 1 0 224 0 0 0 255 255 255 255 0 0 0 0 7 0 8 0 0 0 0 0 data 28 0x80007 0x148e 0xd0 0x0 0x130002 0x0 0x180005 0x0 0x0 0x0 0x0 0x0 0x1c0005 0x0 0x0 0x0 0x0 0x0 0x1f0005 0x0 0x0 0x0 0x0 0x0 0x220002 0x0 0x2b0002 0x0 oops 0
ciMethodData com/android/dx/util/IntList add (I)V 2 8322 orig 144 152 11 198 99 0 0 0 0 64 104 100 20 0 0 0 0 104 1 0 0 0 0 0 0 0 0 0 0 0 0 0 0 0 0 0 0 0 0 0 0 0 0 0 0 0 0 0 0 0 0 0 0 0 0 0 0 0 0 0 0 0 0 0 0 17 0 0 0 0 0 0 0 0 0 0 0 0 0 0 0 1 0 0 0 0 0 0 0 0 0 0 0 0 0 0 0 10 1 0 0 193 251 0 0 1 0 0 0 0 0 0 0 0 0 0 0 0 0 14 0 4 0 1 0 184 0 0 0 255 255 255 255 0 0 0 0 5 0 1 0 0 0 0 0 data 23 0x10005 0x0 0x15d784a0 0x1f78 0x0 0x0 0x50002 0x1f79 0x1d0007 0xac6 0x78 0x14b6 0x250007 0xbf9 0x58 0x8bd 0x350007 0x2d 0x38 0x890 0x390003 0x890 0x18 oops 1 2 com/android/dx/util/IntList
ciMethodData com/android/dx/util/IntList growIfNeeded ()V 2 7893 orig 144 152 11 198 99 0 0 0 0 144 107 100 20 0 0 0 0 216 0 0 0 0 0 0 0 0 0 0 0 0 0 0 0 0 0 0 0 0 0 0 0 0 0 0 0 0 0 0 0 0 0 0 0 0 0 0 0 0 0 0 0 0 0 0 0 25 0 0 0 0 0 0 0 0 0 0 0 0 0 0 0 1 0 0 0 0 0 0 0 0 0 0 0 0 0 0 0 9 1 0 0 97 238 0 0 1 0 0 0 0 0 0 0 0 0 0 0 0 0 6 0 4 0 1 0 48 0 0 0 255 255 255 255 0 0 0 0 7 0 9 0 0 0 0 0 data 6 0x90007 0x1cf1 0x30 0xdb 0x250002 0xdb oops 0
ciMethodData com/android/dx/util/IntList <init> (I)V 2 8631 orig 144 152 11 198 99 0 0 0 0 24 97 100 20 0 0 0 0 232 0 0 0 0 0 0 0 0 0 0 0 0 0 0 0 0 0 0 0 0 0 0 0 0 0 0 0 0 0 0 0 0 0 0 0 0 0 0 0 0 0 0 0 0 0 0 0 0 0 0 0 0 0 0 0 0 0 0 0 0 0 0 0 0 0 0 0 0 0 0 0 0 0 0 0 0 0 0 0 0 1 0 0 185 5 1 0 1 0 0 0 0 0 0 0 0 0 0 0 0 0 7 0 4 0 1 0 56 0 0 0 255 255 255 255 0 0 0 0 2 0 2 0 0 0 0 0 data 7 0x20002 0x20b7 0xc0003 0x20b6 0x28 0x160002 0x0 oops 0
ciMethodData com/android/dx/util/Bits set ([II)V 2 167626 orig 144 152 11 198 99 0 0 0 0 112 77 100 20 0 0 0 0 176 0 0 0 0 0 0 0 0 0 0 0 0 0 0 0 0 0 0 0 0 0 0 0 0 0 0 0 0 0 0 0 0 0 0 0 0 0 0 0 0 0 0 0 0 0 0 0 0 0 0 0 0 0 0 0 0 0 0 0 0 0 0 0 0 0 0 0 0 0 0 0 0 0 0 0 0 0 0 0 237 1 0 0 233 102 20 0 1 0 0 0 0 0 0 0 0 0 0 0 0 0 3 0 4 0 0 0 0 0 0 0 255 255 255 255 0 0 0 0 0 0 0 0 0 0 0 0 data 0 oops 0
ciMethodData com/android/dx/util/Bits get ([II)Z 2 142871 orig 144 152 11 198 99 0 0 0 0 112 75 100 20 0 0 0 0 232 0 0 0 0 0 0 0 0 0 0 0 0 0 0 0 0 0 0 0 0 0 0 0 0 0 0 0 0 0 0 0 0 0 0 0 0 0 0 0 0 0 0 0 0 0 0 0 0 0 0 0 0 0 0 0 0 0 0 0 0 0 0 0 0 0 0 0 0 0 0 0 0 0 0 0 0 0 0 0 0 1 0 0 185 104 17 0 1 0 0 0 0 0 0 0 0 0 0 0 0 0 6 0 3 0 1 0 56 0 0 0 255 255 255 255 0 0 0 0 7 0 16 0 0 0 0 0 data 7 0x100007 0x15f98 0x38 0xcd7f 0x140003 0xcd7f 0x18 oops 0
ciMethodData com/android/dx/cf/code/BytecodeArray parseInstruction (ILcom/android/dx/cf/code/BytecodeArray$Visitor;)I 2 47260 orig 144 152 11 198 99 0 0 0 0 232 250 93 20 0 0 0 0 136 39 0 0 96 16 0 0 2 0 0 0 0 0 0 0 0 0 0 0 0 0 0 0 0 0 0 0 1 0 0 6 0 0 0 0 0 0 0 0 0 0 0 0 0 0 0 0 0 0 0 0 0 0 0 0 0 0 0 0 0 0 0 0 0 0 0 0 0 0 0 0 0 0 0 0 0 0 0 0 0 2 0 0 225 180 5 0 1 0 0 0 0 0 0 0 0 0 0 0 0 0 239 0 4 0 1 0 40 38 0 0 255 255 255 255 0 0 0 0 7 0 1 0 0 0 0 0 data 1221 0x10007 0xb69c 0x20 0x0 0xd0005 0x528a 0x17107b20 0x6412 0x0 0x0 0x120002 0xb69c 0x1f0008 0x196 0x0 0x23c8 0x0 0xcc0 0xc9 0xcf0 0x28 0xd20 0x28f 0xd50 0x170 0xd80 0x50 0xdb0 0x36 0xde0 0x28 0xe10 0xc 0xe40 0x2 0xe70 0x0 0xea0 0x4 0xed0 0x0 0xf00 0x0 0xf30 0x0 0xf60 0x0 0xf90 0xae 0xfc0 0x6 0x1030 0xc9 0x10a0 0xa 0x11f8 0xd 0x1350 0x19a 0x13e0 0x0 0x1440 0x6 0x14a0 0x0 0x1500 0x2b1 0x1560 0xe 0x15c0 0x19f 0x15c0 0xd4 0x15c0 0xd2 0x15c0 0x0 0x15f0 0x2 0x15f0 0x0 0x15f0 0x0 0x15f0 0x4 0x1620 0x8 0x1620 0x2 0x1620 0x3 0x1620 0x0 0x1650 0x0 0x1650 0x0 0x1650 0x0 0x1650 0xdc7 0x1680 0x39f 0x1680 0x207 0x1680 0x10c 0x1680 0x9 0x16b0 0x0 0x16e0 0x0 0x1710 0x0 0x1740 0x4 0x1770 0x0 0x17a0 0x8 0x17d0 0x0 0x1800 0xb5 0x1830 0x0 0x1890 0x6 0x18f0 0x0 0x1950 0x109 0x19b0 0x0 0x1a10 0x18 0x1a10 0x38 0x1a10 0x46 0x1a10 0x0 0x1a40 0x0 0x1a40 0x0 0x1a40 0x0 0x1a40 0x0 0x1a70 0x0 0x1a70 0x0 0x1a70 0x1 0x1a70 0x0 0x1aa0 0x0 0x1aa0 0x0 0x1aa0 0x0 0x1aa0 0x4 0x1ad0 0x38 0x1ad0 0x78 0x1ad0 0x5e 0x1ad0 0x81 0x1b00 0x0 0x1b30 0x0 0x1b60 0x0 0x1b90 0x49 0x1bc0 0x0 0x1bf0 0x0 0x1c20 0x0 0x1c50 0xa7 0x1c80 0x0 0x1c80 0x142 0x1c80 0x6 0x1c80 0x0 0x1c80 0x0 0x1c80 0x0 0x1c80 0x0 0x1c80 0x0 0x1c80 0x14 0x1cb0 0x0 0x1ce0 0x4 0x1d10 0x0 0x1d40 0x1a 0x1cb0 0x0 0x1ce0 0x3 0x1d10 0x0 0x1d40 0x6 0x1cb0 0x0 0x1ce0 0x8 0x1d10 0x0 0x1d40 0x8 0x1cb0 0x0 0x1ce0 0x4 0x1d10 0x0 0x1d40 0x0 0x1cb0 0x0 0x1ce0 0x0 0x1d10 0x0 0x1d40 0x0 0x1cb0 0x0 0x1ce0 0x0 0x1d10 0x0 0x1d40 0x2 0x1cb0 0x0 0x1ce0 0x2 0x1cb0 0x0 0x1ce0 0x0 0x1cb0 0x0 0x1ce0 0x50 0x1cb0 0x0 0x1ce0 0x22 0x1cb0 0x0 0x1ce0 0x0 0x1cb0 0x0 0x1ce0 0x6c 0x1d70 0x2 0x1e00 0xd 0x1e30 0x0 0x1e60 0x0 0x1e90 0x0 0x1e30 0x0 0x1e60 0x6 0x1e90 0x0 0x1e00 0x0 0x1e60 0x0 0x1e90 0x0 0x1e00 0x2 0x1e30 0x0 0x1e90 0x0 0x1e90 0x0 0x1e90 0x2 0x1e90 0x4 0x1e90 0x0 0x1e90 0x0 0x1e90 0x0 0x1e90 0x187 0x1ec0 0x82 0x1ec0 0x12 0x1ec0 0x6 0x1ec0 0x2 0x1ec0 0x12 0x1ec0 0x34 0x1ec0 0x4e 0x1ec0 0x14 0x1ec0 0x3e 0x1ec0 0x4 0x1ec0 0x4 0x1ec0 0x8 0x1ec0 0x12 0x1ec0 0x1b8 0x1ec0 0x0 0x1ec0 0x0 0x1f20 0x4 0x1f80 0xa 0x1f90 0x18d 0x1fa0 0x2 0x1fd0 0x8 0x2000 0x0 0x2030 0x1d6 0x2060 0x2dc 0x2090 0x1a7 0x20c0 0x2c 0x20c0 0x765 0x20c0 0x2a5 0x20c0 0x762 0x20c0 0x257 0x20c0 0x144 0x20c0 0x157 0x2150 0x0 0x2240 0xda 0x20c0 0x2a 0x2250 0x1e 0x20c0 0x2 0x1e90 0x32 0x2090 0xbe 0x20c0 0x20 0x20c0 0x0 0x2090 0x0 0x2090 0x0 0x2260 0x0 0x2270 0x184 0x1ec0 0x6a 0x1ec0 0x0 0x2330 0x0 0x2330 0x35b0005 0x0 0x0 0x0 0x0 0x0 0x36b0005 0x0 0x17107bd0 0xdf 0x17107c80 0xe0 0x37b0005 0x0 0x17107bd0 0x3a 0x17107c80 0x3a 0x38b0005 0x27 0x17107c80 0x270 0x17107bd0 0x26e 0x39b0005 0x19 0x17107bd0 0x1bf 0x17107c80 0x1c0 0x3abf005 0x14 0x17107bd0 0x39 0x17107c80 0x39 0x3bb0005 0x14 0x17107bd0 0x16 0x17107c80 0x16 0x3cb0005 0xa 0x17107bd0 0x1e 0x17107c80 0x1e 0x3db0005 0x6 0x17107bd0 0x8 0x17107c80 0x8 0x3eb0005 0x0 0x17107bd0 0x3 0x17107c80 0x3 0x3fb0005 0x0 0x0 0x0 0x0 0x0 0x40b0005 0x0 0x17107bd0 0x15 0x17107c80 0x15 0x41b0005 0x0 0x17107bd0 0x6 0x17107c80 0x6 0x42b0005 0x0 0x17107bd0 0x6 0x17107c80 0x6 0x43b0005 0x0 0x0 0x0 0x0 0x0 0x44b0005 0x0 0x17107bd0 0x1 0x17107c80 0x1 0x4590005 0xae 0x17107b20 0xf6 0x0 0x0 0x4650002 0x1a4 0x46af005 0xe 0x17107bd0 0xcd 0x17107c80 0xcb 0x4780005 0x6 0x17107b20 0xa 0x0 0x0 0x4840002 0x10 0x4890005 0x0 0x17107bd0 0x8 0x17107c80 0x8 0x4970005 0xc9 0x17107b20 0x100 0x0 0x0 0x4a20005 0x0 0x17107d30 0x1c9 0x0 0x0 0x4ab0004 0xfffffffffffffeae 0x17107de0 0x77 0x17107e90 0x72 0x4ae0007 0x152 0x98 0x77 0x4b30004 0x0 0x17107de0 0x77 0x0 0x0 0x4b60005 0x3d 0x17107de0 0x3a 0x0 0x0 0x4b90003 0x77 0x18 0x4c80005 0x24 0x17107c80 0xd3 0x17107bd0 0xd2 0x4d60005 0xa 0x17107b20 0x28 0x0 0x0 0x4e10005 0x0 0x17107d30 0x32 0x0 0x0 0x4ea0004 0xffffffffffffffd0 0x17107de0 0x2 0x17107f40 0xa 0x4ed0007 0x30 0x98 0x2 0x4f20004 0x0 0x17107de0 0x2 0x0 0x0 0x4f50005 0x0 0x17107de0 0x2 0x0 0x0 0x4f80003 0x2 0x18 0x5070005 0x0 0x17107bd0 0x19 0x17107c80 0x19 0x5150005 0xd 0x17107b20 0x3c 0x0 0x0 0x5200005 0x0 0x17107d30 0x49 0x0 0x0 0x52f0005 0x0 0x17107bd0 0x24 0x17107c80 0x25 0x53d0005 0x19a 0x17107b20 0x100 0x0 0x0 0x54d0005 0x0 0x17107bd0 0x147 0x17107c80 0x153 0x55b0005 0x0 0x17107b20 0x30 0x0 0x0 0x56b0005 0x0 0x17107bd0 0x18 0x17107c80 0x18 0x5790005 0x6 0x17107b20 0x44 0x0 0x0 0x5890005 0x0 0x17107bd0 0x25 0x17107c80 0x25 0x5970005 0x0 0x17107b20 0x1e 0x0 0x0 0x5a70005 0x0 0x17107bd0 0xf 0x17107c80 0xf 0x5b50005 0x2b1 0x17107b20 0x2ce 0x0 0x0 0x5c50005 0x0 0x17107bd0 0x2b7 0x17107c80 0x2c8 0x5dd0005 0x0 0x17107c80 0x30a 0x17107bd0 0x305 0x5f50005 0x0 0x17107bd0 0xb 0x17107c80 0xb 0x60d0005 0x0 0x17107bd0 0x17 0x17107c80 0x1a 0x6250005 0x0 0x17107bd0 0x1 0x17107c80 0x1 0x63d0005 0x0 0x17107c80 0x1757 0x17107bd0 0x1748 0x64c0005 0x0 0x17107bd0 0x5 0x17107c80 0x6 0x65b0005 0x0 0x0 0x0 0x0 0x0 0x66a0005 0x0 0x0 0x0 0x0 0x0 0x6790005 0x0 0x0 0x0 0x0 0x0 0x6880005 0x0 0x17107bd0 0x6 0x17107c80 0x6 0x6970005 0x0 0x17107bd0 0x1 0x17107c80 0x1 0x6a60005 0x0 0x17107bd0 0x4 0x17107c80 0x4 0x6b50005 0x0 0x0 0x0 0x0 0x0 0x6c30005 0xb5 0x17107b20 0xa2 0x0 0x0 0x6d30005 0x0 0x17107bd0 0xab 0x17107c80 0xac 0x6e10005 0x0 0x17107b20 0x14 0x0 0x0 0x6f10005 0x0 0x17107bd0 0xa 0x17107c80 0xa 0x6ff0005 0x6 0x17107b20 0x24 0x0 0x0 0x70f0005 0x0 0x17107bd0 0x15 0x17107c80 0x15 0x71d0005 0x0 0x17107b20 0xe 0x0 0x0 0x72d0005 0x0 0x17107bd0 0x7 0x17107c80 0x7 0x73b0005 0x109 0x17107b20 0xee 0x0 0x0 0x74b0005 0x0 0x17107bd0 0xfa 0x17107c80 0xfd 0x7630005 0x0 0x17107bd0 0x7b 0x17107c80 0x79 0x77b0005 0x0 0x17107bd0 0x1 0x17107c80 0x1 0x7934005 0x0 0x17107c80 0x1 0x17107bd0 0x1 0x7ab0005 0x0 0x0 0x0 0x0 0x0 0x7c30005 0x0 0x17107bd0 0x141 0x17107c80 0x141 0x7d20005 0x0 0x17107bd0 0x41 0x17107c80 0x48 0x7e10005 0x0 0x0 0x0 0x0 0x0 0x7f00005 0x0 0x0 0x0 0x0 0x0 0x7ff0005 0x0 0x0 0x0 0x0 0x0 0x80e0005 0x0 0x17107bd0 0x3b 0x17107c80 0x42 0x81d0005 0x0 0x17107bd0 0x1 0x17107c80 0x1 0x82c0005 0x0 0x0 0x0 0x0 0x0 0x83b0005 0x0 0x0 0x0 0x0 0x0 0x8490005 0x0 0x17107bd0 0x229 0x17107c80 0x22e 0x8570005 0x0 0x17107bd0 0x83 0x17107c80 0x81 0x8670005 0x0 0x17107bd0 0xc 0x17107c80 0xc 0x8770005 0x0 0x17107bd0 0x21 0x17107c80 0x22 0x8870005 0x0 0x17107bd0 0x22 0x17107c80 0x22 0x8950005 0x6c 0x17107b20 0x12 0x0 0x0 0x8a10005 0x6c 0x17107b20 0x12 0x0 0x0 0x8b10005 0x0 0x17107bd0 0x3c 0x17107c80 0x42 0x8bf0005 0x0 0x17107bd0 0x3 0x17107c80 0x3 0x8cd0005 0x0 0x17107bd0 0x19 0x17107c80 0x1a 0x8db0005 0x0 0x17107bd0 0x13 0x17107c80 0x13 0x8e90005 0x0 0x17107bd0 0x20 0x17107c80 0x20 0x8f80005 0x6d1 0x17107b20 0x80a 0x0 0x0 0x9040005 0x0 0x17107bd0 0x76d 0x17107c80 0x76e 0x9120005 0x0 0x0 0x0 0x0 0x0 0x9210005 0x0 0x0 0x0 0x0 0x0 0x92b0002 0x14 0x9320002 0x1e 0x93f0005 0x0 0x17107bd0 0x190 0x17107c80 0x18f 0x94f0005 0x0 0x17107bd0 0x2 0x17107c80 0x2 0x95f0005 0x0 0x17107bd0 0xb 0x17107c80 0xb 0x96f0005 0x0 0x0 0x0 0x0 0x0 0x97f0005 0x0 0x17107c80 0x1be 0x17107bd0 0x1bc 0x98d0005 0x0 0x17107c80 0x36d 0x17107bd0 0x36b 0x99b0005 0x18b0 0x17107b20 0x2128 0x0 0x0 0x9a60005 0x0 0x17107d30 0x39d8 0x0 0x0 0x9b40005 0xe 0x17107c80 0x1cf1 0x17107bd0 0x1cd9 0x9c20005 0x157 0x17107b20 0x178 0x0 0x0 0x9ce0005 0x157 0x17107b20 0x178 0x0 0x0 0x9da0005 0x157 0x17107b20 0x178 0x0 0x0 0x9e50005 0x0 0x17107d30 0x2cf 0x0 0x0 0x9fa0005 0x0 0x17107bd0 0x167 0x17107c80 0x168 0xa070002 0x0 0xa0e0002 0x32 0xa150002 0x0 0xa200005 0x0 0x0 0x0 0x0 0x0 0xa2c0005 0x0 0x0 0x0 0x0 0x0 0xa370005 0x0 0x0 0x0 0x0 0x0 0xa460005 0x0 0x0 0x0 0x0 0x0 0xa550005 0x0 0x0 0x0 0x0 0x0 0xa5f0007 0x0 0x38 0x0 0xa650003 0x0 0x18 0xa740005 0x0 0x0 0x0 0x0 0x0 0xa7f0005 0x0 0x0 0x0 0x0 0x0 0xa8c0002 0x0 0xa910005 0x0 0x0 0x0 0x0 0x0 0xa950002 0x0 0xa980005 0x0 0x0 0x0 0x0 0x0 0xa9b0005 0x0 0x0 0x0 0x0 0x0 0xa9e0005 0x0 0x0 0x0 0x0 0x0 0xaa90002 0x0 0xab40002 0x0 0xab90005 0x0 0x0 0x0 0x0 0x0 0xabd0002 0x0 0xac00005 0x0 0x0 0x0 0x0 0x0 0xac30005 0x0 0x0 0x0 0x0 0x0 0xac60005 0x0 0x0 0x0 0x0 0x0